TN:
SF:app/routes/app.settings.return-settings.tsx
FN:16,(anonymous_0)
FN:54,(anonymous_1)
FN:61,(anonymous_2)
FN:65,(anonymous_3)
FN:74,(anonymous_4)
FN:92,(anonymous_5)
FN:130,(anonymous_6)
FN:139,(anonymous_7)
FN:256,ReturnSettings
FN:310,(anonymous_9)
FN:315,(anonymous_10)
FN:343,(anonymous_11)
FN:351,(anonymous_12)
FN:351,(anonymous_13)
FN:353,(anonymous_14)
FN:370,(anonymous_15)
FN:377,(anonymous_16)
FN:381,(anonymous_17)
FN:410,(anonymous_18)
FN:454,(anonymous_19)
FN:455,(anonymous_20)
FN:461,(anonymous_21)
FN:464,(anonymous_22)
FN:496,(anonymous_23)
FN:505,(anonymous_24)
FN:518,(anonymous_25)
FN:534,(anonymous_26)
FN:544,(anonymous_27)
FN:562,(anonymous_28)
FN:576,(anonymous_29)
FN:579,(anonymous_30)
FN:603,(anonymous_31)
FN:805,(anonymous_32)
FN:834,(anonymous_33)
FN:864,(anonymous_34)
FN:897,(anonymous_35)
FN:914,(anonymous_36)
FN:931,(anonymous_37)
FN:955,(anonymous_38)
FN:998,(anonymous_39)
FN:1008,(anonymous_40)
FN:1028,(anonymous_41)
FN:1030,(anonymous_42)
FN:1030,(anonymous_43)
FN:1053,(anonymous_44)
FN:1079,(anonymous_45)
FN:1085,(anonymous_46)
FN:1087,(anonymous_47)
FN:1114,(anonymous_48)
FN:1152,(anonymous_49)
FN:1157,(anonymous_50)
FN:1159,(anonymous_51)
FN:1178,(anonymous_52)
FN:1183,(anonymous_53)
FN:1185,(anonymous_54)
FN:1228,(anonymous_55)
FN:1263,(anonymous_56)
FN:1278,(anonymous_57)
FN:1301,(anonymous_58)
FN:1310,(anonymous_59)
FN:1325,(anonymous_60)
FN:1330,(anonymous_61)
FN:1332,(anonymous_62)
FN:1343,(anonymous_63)
FN:1348,(anonymous_64)
FN:1350,(anonymous_65)
FN:1361,(anonymous_66)
FN:1366,(anonymous_67)
FN:1368,(anonymous_68)
FN:1410,(anonymous_69)
FN:1424,(anonymous_70)
FN:1426,(anonymous_71)
FN:1455,(anonymous_72)
FN:1476,(anonymous_73)
FN:1487,(anonymous_74)
FN:1506,(anonymous_75)
FN:1518,(anonymous_76)
FN:1529,(anonymous_77)
FN:1531,(anonymous_78)
FN:1541,(anonymous_79)
FN:1549,(anonymous_80)
FNF:81
FNH:81
FNDA:5,(anonymous_0)
FNDA:5,(anonymous_1)
FNDA:5,(anonymous_2)
FNDA:5,(anonymous_3)
FNDA:5,(anonymous_4)
FNDA:20,(anonymous_5)
FNDA:3,(anonymous_6)
FNDA:3,(anonymous_7)
FNDA:222,ReturnSettings
FNDA:81,(anonymous_9)
FNDA:72,(anonymous_10)
FNDA:3,(anonymous_11)
FNDA:1,(anonymous_12)
FNDA:1,(anonymous_13)
FNDA:4,(anonymous_14)
FNDA:7,(anonymous_15)
FNDA:1,(anonymous_16)
FNDA:1,(anonymous_17)
FNDA:12,(anonymous_18)
FNDA:3,(anonymous_19)
FNDA:2,(anonymous_20)
FNDA:9,(anonymous_21)
FNDA:1,(anonymous_22)
FNDA:1,(anonymous_23)
FNDA:1,(anonymous_24)
FNDA:1,(anonymous_25)
FNDA:888,(anonymous_26)
FNDA:4,(anonymous_27)
FNDA:1,(anonymous_28)
FNDA:1,(anonymous_29)
FNDA:30,(anonymous_30)
FNDA:2,(anonymous_31)
FNDA:1,(anonymous_32)
FNDA:1,(anonymous_33)
FNDA:1,(anonymous_34)
FNDA:1,(anonymous_35)
FNDA:1,(anonymous_36)
FNDA:1,(anonymous_37)
FNDA:1,(anonymous_38)
FNDA:1,(anonymous_39)
FNDA:1,(anonymous_40)
FNDA:2,(anonymous_41)
FNDA:17,(anonymous_42)
FNDA:16,(anonymous_43)
FNDA:2,(anonymous_44)
FNDA:1332,(anonymous_45)
FNDA:2,(anonymous_46)
FNDA:3,(anonymous_47)
FNDA:3,(anonymous_48)
FNDA:135,(anonymous_49)
FNDA:2,(anonymous_50)
FNDA:2,(anonymous_51)
FNDA:45,(anonymous_52)
FNDA:3,(anonymous_53)
FNDA:3,(anonymous_54)
FNDA:8,(anonymous_55)
FNDA:220,(anonymous_56)
FNDA:4,(anonymous_57)
FNDA:19,(anonymous_58)
FNDA:238,(anonymous_59)
FNDA:72,(anonymous_60)
FNDA:6,(anonymous_61)
FNDA:6,(anonymous_62)
FNDA:504,(anonymous_63)
FNDA:4,(anonymous_64)
FNDA:3,(anonymous_65)
FNDA:288,(anonymous_66)
FNDA:4,(anonymous_67)
FNDA:3,(anonymous_68)
FNDA:4,(anonymous_69)
FNDA:60,(anonymous_70)
FNDA:5,(anonymous_71)
FNDA:2,(anonymous_72)
FNDA:2,(anonymous_73)
FNDA:1,(anonymous_74)
FNDA:2,(anonymous_75)
FNDA:3,(anonymous_76)
FNDA:1,(anonymous_77)
FNDA:91,(anonymous_78)
FNDA:2,(anonymous_79)
FNDA:1,(anonymous_80)
DA:16,6
DA:17,5
DA:18,5
DA:19,5
DA:20,5
DA:21,5
DA:22,5
DA:23,5
DA:26,5
DA:27,5
DA:28,5
DA:29,5
DA:31,5
DA:32,5
DA:33,5
DA:35,5
DA:55,5
DA:56,1
DA:62,5
DA:63,1
DA:67,5
DA:69,4
DA:70,4
DA:71,5
DA:72,1
DA:75,5
DA:76,1
DA:92,6
DA:93,20
DA:94,20
DA:95,20
DA:96,20
DA:97,20
DA:98,20
DA:99,20
DA:100,20
DA:101,20
DA:102,20
DA:103,20
DA:104,20
DA:105,20
DA:106,20
DA:107,20
DA:108,20
DA:109,20
DA:110,20
DA:111,20
DA:112,20
DA:113,20
DA:116,20
DA:117,20
DA:118,20
DA:122,20
DA:124,20
DA:125,16
DA:126,4
DA:128,2
DA:129,2
DA:130,3
DA:134,2
DA:135,2
DA:137,20
DA:138,20
DA:139,3
DA:143,20
DA:146,20
DA:147,20
DA:148,20
DA:149,20
DA:152,20
DA:155,20
DA:156,20
DA:158,20
DA:161,20
DA:162,20
DA:163,3
DA:164,3
DA:170,20
DA:171,20
DA:173,20
DA:174,1
DA:177,19
DA:178,19
DA:250,17
DA:252,2
DA:257,222
DA:258,222
DA:259,222
DA:260,222
DA:261,222
DA:262,222
DA:269,222
DA:272,222
DA:273,222
DA:274,222
DA:275,222
DA:279,222
DA:280,222
DA:281,222
DA:282,222
DA:283,222
DA:284,222
DA:285,222
DA:286,222
DA:287,222
DA:288,222
DA:289,222
DA:292,222
DA:293,222
DA:294,222
DA:295,222
DA:297,222
DA:299,222
DA:300,222
DA:303,222
DA:304,222
DA:305,222
DA:306,222
DA:307,222
DA:308,222
DA:310,222
DA:315,222
DA:316,72
DA:317,72
DA:318,72
DA:319,72
DA:320,72
DA:321,72
DA:322,72
DA:323,72
DA:324,72
DA:325,72
DA:326,72
DA:327,72
DA:328,72
DA:329,72
DA:330,72
DA:331,72
DA:332,72
DA:333,72
DA:334,72
DA:335,72
DA:336,72
DA:337,72
DA:338,72
DA:339,72
DA:340,72
DA:343,222
DA:344,3
DA:345,3
DA:346,1
DA:347,1
DA:351,222
DA:353,222
DA:354,4
DA:355,4
DA:356,4
DA:357,4
DA:358,4
DA:359,4
DA:360,4
DA:361,4
DA:362,4
DA:363,4
DA:364,4
DA:367,4
DA:368,4
DA:369,4
DA:370,7
DA:371,4
DA:372,4
DA:373,4
DA:374,4
DA:375,4
DA:376,4
DA:377,1
DA:379,4
DA:380,4
DA:381,1
DA:383,4
DA:387,4
DA:390,222
DA:410,12
DA:454,3
DA:455,2
DA:462,9
DA:464,1
DA:496,1
DA:505,1
DA:518,1
DA:535,888
DA:544,4
DA:562,1
DA:576,1
DA:580,30
DA:603,2
DA:805,1
DA:834,1
DA:864,1
DA:897,1
DA:914,1
DA:931,1
DA:955,1
DA:998,1
DA:1008,1
DA:1028,2
DA:1030,17
DA:1031,16
DA:1053,2
DA:1080,1332
DA:1081,1332
DA:1082,1332
DA:1086,2
DA:1087,3
DA:1115,3
DA:1116,3
DA:1153,135
DA:1154,135
DA:1158,2
DA:1159,2
DA:1179,45
DA:1180,45
DA:1184,3
DA:1185,3
DA:1229,8
DA:1230,8
DA:1231,4
DA:1232,4
DA:1233,4
DA:1234,4
DA:1235,4
DA:1236,4
DA:1264,220
DA:1265,220
DA:1266,220
DA:1267,220
DA:1279,4
DA:1280,4
DA:1281,3
DA:1282,3
DA:1302,19
DA:1303,19
DA:1304,19
DA:1311,238
DA:1326,72
DA:1327,72
DA:1331,6
DA:1332,6
DA:1344,504
DA:1345,504
DA:1349,4
DA:1350,3
DA:1362,288
DA:1363,288
DA:1367,4
DA:1368,3
DA:1410,4
DA:1425,60
DA:1426,5
DA:1455,2
DA:1476,2
DA:1487,1
DA:1506,2
DA:1518,3
DA:1529,1
DA:1532,91
DA:1541,2
DA:1549,1
LF:268
LH:268
BRDA:20,0,0,5
BRDA:20,0,1,4
BRDA:26,1,0,5
BRDA:26,1,1,4
BRDA:27,2,0,5
BRDA:27,2,1,4
BRDA:28,3,0,5
BRDA:28,3,1,4
BRDA:29,4,0,5
BRDA:29,4,1,4
BRDA:31,5,0,5
BRDA:31,5,1,4
BRDA:32,6,0,5
BRDA:32,6,1,4
BRDA:33,7,0,5
BRDA:33,7,1,4
BRDA:36,8,0,5
BRDA:36,8,1,4
BRDA:37,9,0,1
BRDA:37,9,1,4
BRDA:38,10,0,1
BRDA:38,10,1,4
BRDA:40,11,0,5
BRDA:40,11,1,4
BRDA:41,12,0,1
BRDA:41,12,1,4
BRDA:42,13,0,5
BRDA:42,13,1,4
BRDA:43,14,0,5
BRDA:43,14,1,4
BRDA:44,15,0,5
BRDA:44,15,1,4
BRDA:53,16,0,5
BRDA:53,16,1,4
BRDA:55,17,0,2
BRDA:55,17,1,3
BRDA:58,18,0,5
BRDA:58,18,1,4
BRDA:59,19,0,5
BRDA:59,19,1,4
BRDA:60,20,0,5
BRDA:60,20,1,4
BRDA:62,21,0,2
BRDA:62,21,1,3
BRDA:67,22,0,1
BRDA:67,22,1,4
BRDA:70,23,0,1
BRDA:70,23,1,3
BRDA:75,24,0,2
BRDA:75,24,1,3
BRDA:80,25,0,5
BRDA:80,25,1,4
BRDA:81,26,0,5
BRDA:81,26,1,4
BRDA:82,27,0,5
BRDA:82,27,1,4
BRDA:83,28,0,5
BRDA:83,28,1,4
BRDA:85,29,0,5
BRDA:85,29,1,4
BRDA:87,30,0,5
BRDA:87,30,1,4
BRDA:88,31,0,5
BRDA:88,31,1,4
BRDA:100,32,0,20
BRDA:100,32,1,18
BRDA:100,33,0,20
BRDA:100,33,1,18
BRDA:101,34,0,20
BRDA:101,34,1,0
BRDA:101,35,0,20
BRDA:101,35,1,20
BRDA:104,36,0,20
BRDA:104,36,1,20
BRDA:105,37,0,20
BRDA:105,37,1,20
BRDA:106,38,0,20
BRDA:106,38,1,20
BRDA:107,39,0,20
BRDA:107,39,1,0
BRDA:107,40,0,20
BRDA:107,40,1,18
BRDA:109,41,0,20
BRDA:109,41,1,20
BRDA:110,42,0,20
BRDA:110,42,1,0
BRDA:110,43,0,20
BRDA:110,43,1,20
BRDA:113,44,0,1
BRDA:113,44,1,19
BRDA:118,45,0,19
BRDA:118,45,1,1
BRDA:118,46,0,20
BRDA:118,46,1,18
BRDA:122,47,0,20
BRDA:122,47,1,15
BRDA:124,48,0,16
BRDA:124,48,1,4
BRDA:126,49,0,2
BRDA:126,49,1,2
BRDA:129,50,0,1
BRDA:129,50,1,1
BRDA:135,51,0,1
BRDA:135,51,1,1
BRDA:138,52,0,1
BRDA:138,52,1,19
BRDA:143,53,0,20
BRDA:143,53,1,20
BRDA:147,54,0,20
BRDA:147,54,1,20
BRDA:148,55,0,20
BRDA:148,55,1,0
BRDA:148,56,0,20
BRDA:148,56,1,19
BRDA:149,57,0,20
BRDA:149,57,1,20
BRDA:156,58,0,20
BRDA:156,58,1,20
BRDA:156,59,0,20
BRDA:156,59,1,20
BRDA:162,60,0,3
BRDA:162,60,1,17
BRDA:164,61,0,1
BRDA:164,61,1,1
BRDA:170,62,0,2
BRDA:170,62,1,18
BRDA:170,63,0,20
BRDA:170,63,1,2
BRDA:170,63,2,2
BRDA:171,64,0,2
BRDA:171,64,1,18
BRDA:171,65,0,20
BRDA:171,65,1,2
BRDA:171,65,2,2
BRDA:173,66,0,1
BRDA:173,66,1,19
BRDA:173,67,0,20
BRDA:173,67,1,2
BRDA:173,67,2,2
BRDA:219,68,0,19
BRDA:219,68,1,18
BRDA:252,69,0,1
BRDA:252,69,1,1
BRDA:261,70,0,4
BRDA:261,70,1,218
BRDA:262,71,0,222
BRDA:262,71,1,215
BRDA:270,72,0,221
BRDA:270,72,1,1
BRDA:272,73,0,222
BRDA:272,73,1,0
BRDA:286,74,0,222
BRDA:286,74,1,59
BRDA:287,75,0,222
BRDA:287,75,1,0
BRDA:317,76,0,2
BRDA:317,76,1,70
BRDA:318,77,0,72
BRDA:318,77,1,69
BRDA:319,78,0,71
BRDA:319,78,1,1
BRDA:320,79,0,72
BRDA:320,79,1,0
BRDA:331,80,0,72
BRDA:331,80,1,0
BRDA:332,81,0,72
BRDA:332,81,1,20
BRDA:345,82,0,1
BRDA:345,82,1,2
BRDA:345,83,0,3
BRDA:345,83,1,2
BRDA:358,84,0,1
BRDA:358,84,1,3
BRDA:359,85,0,1
BRDA:359,85,1,3
BRDA:360,86,0,1
BRDA:360,86,1,3
BRDA:368,87,0,1
BRDA:368,87,1,3
BRDA:371,88,0,1
BRDA:371,88,1,3
BRDA:372,89,0,1
BRDA:372,89,1,3
BRDA:374,90,0,1
BRDA:374,90,1,3
BRDA:376,91,0,1
BRDA:376,91,1,3
BRDA:376,92,0,4
BRDA:376,92,1,1
BRDA:380,93,0,1
BRDA:380,93,1,3
BRDA:393,94,0,222
BRDA:393,94,1,0
BRDA:396,95,0,222
BRDA:396,95,1,0
BRDA:396,95,2,0
BRDA:397,96,0,0
BRDA:397,96,1,0
BRDA:413,97,0,10
BRDA:413,97,1,212
BRDA:455,98,0,2
BRDA:455,98,1,2
BRDA:537,99,0,222
BRDA:537,99,1,666
BRDA:538,100,0,222
BRDA:538,100,1,666
BRDA:554,101,0,222
BRDA:554,101,1,7
BRDA:554,101,2,216
BRDA:569,102,0,222
BRDA:569,102,1,217
BRDA:569,102,2,6
BRDA:580,103,0,6
BRDA:580,103,1,24
BRDA:597,104,0,4
BRDA:597,104,1,218
BRDA:598,105,0,4
BRDA:598,105,1,218
BRDA:605,106,0,4
BRDA:605,106,1,218
BRDA:606,107,0,4
BRDA:606,107,1,218
BRDA:614,108,0,4
BRDA:614,108,1,218
BRDA:615,109,0,4
BRDA:615,109,1,218
BRDA:616,110,0,4
BRDA:616,110,1,218
BRDA:619,111,0,4
BRDA:619,111,1,218
BRDA:799,112,0,5
BRDA:799,112,1,217
BRDA:800,113,0,5
BRDA:800,113,1,217
BRDA:807,114,0,5
BRDA:807,114,1,217
BRDA:808,115,0,5
BRDA:808,115,1,217
BRDA:816,116,0,5
BRDA:816,116,1,217
BRDA:817,117,0,5
BRDA:817,117,1,217
BRDA:818,118,0,5
BRDA:818,118,1,217
BRDA:821,119,0,5
BRDA:821,119,1,217
BRDA:828,120,0,3
BRDA:828,120,1,219
BRDA:829,121,0,3
BRDA:829,121,1,219
BRDA:836,122,0,3
BRDA:836,122,1,219
BRDA:837,123,0,3
BRDA:837,123,1,219
BRDA:846,124,0,3
BRDA:846,124,1,219
BRDA:847,125,0,3
BRDA:847,125,1,219
BRDA:848,126,0,3
BRDA:848,126,1,219
BRDA:851,127,0,3
BRDA:851,127,1,219
BRDA:858,128,0,4
BRDA:858,128,1,218
BRDA:859,129,0,4
BRDA:859,129,1,218
BRDA:866,130,0,4
BRDA:866,130,1,218
BRDA:867,131,0,4
BRDA:867,131,1,218
BRDA:876,132,0,4
BRDA:876,132,1,218
BRDA:877,133,0,4
BRDA:877,133,1,218
BRDA:878,134,0,4
BRDA:878,134,1,218
BRDA:881,135,0,4
BRDA:881,135,1,218
BRDA:890,136,0,5
BRDA:890,136,1,217
BRDA:893,137,0,213
BRDA:893,137,1,9
BRDA:894,138,0,213
BRDA:894,138,1,9
BRDA:910,139,0,4
BRDA:910,139,1,218
BRDA:911,140,0,4
BRDA:911,140,1,218
BRDA:927,141,0,5
BRDA:927,141,1,217
BRDA:928,142,0,5
BRDA:928,142,1,217
BRDA:943,143,0,222
BRDA:943,143,1,5
BRDA:975,144,0,222
BRDA:975,144,1,4
BRDA:997,145,0,218
BRDA:997,145,1,4
BRDA:997,146,0,218
BRDA:997,146,1,4
BRDA:1007,147,0,4
BRDA:1007,147,1,218
BRDA:1007,148,0,4
BRDA:1007,148,1,218
BRDA:1018,149,0,222
BRDA:1018,149,1,11
BRDA:1021,150,0,7
BRDA:1021,150,1,4
BRDA:1024,151,0,7
BRDA:1024,151,1,4
BRDA:1036,152,0,222
BRDA:1036,152,1,211
BRDA:1047,153,0,4
BRDA:1047,153,1,218
BRDA:1048,154,0,4
BRDA:1048,154,1,218
BRDA:1055,155,0,4
BRDA:1055,155,1,218
BRDA:1056,156,0,4
BRDA:1056,156,1,218
BRDA:1064,157,0,4
BRDA:1064,157,1,218
BRDA:1065,158,0,4
BRDA:1065,158,1,218
BRDA:1066,159,0,4
BRDA:1066,159,1,218
BRDA:1080,160,0,1332
BRDA:1080,160,1,1110
BRDA:1083,161,0,445
BRDA:1083,161,1,887
BRDA:1083,162,0,445
BRDA:1083,162,1,887
BRDA:1086,163,0,1
BRDA:1086,163,1,1
BRDA:1093,164,0,1332
BRDA:1093,164,1,444
BRDA:1108,165,0,15
BRDA:1108,165,1,207
BRDA:1109,166,0,15
BRDA:1109,166,1,207
BRDA:1116,167,0,2
BRDA:1116,167,1,1
BRDA:1119,168,0,15
BRDA:1119,168,1,207
BRDA:1120,169,0,15
BRDA:1120,169,1,207
BRDA:1127,170,0,222
BRDA:1127,170,1,207
BRDA:1133,171,0,222
BRDA:1133,171,1,15
BRDA:1155,172,0,2
BRDA:1155,172,1,133
BRDA:1155,173,0,2
BRDA:1155,173,1,133
BRDA:1158,174,0,1
BRDA:1158,174,1,1
BRDA:1181,175,0,14
BRDA:1181,175,1,31
BRDA:1181,176,0,14
BRDA:1181,176,1,31
BRDA:1184,177,0,1
BRDA:1184,177,1,2
BRDA:1198,178,0,15
BRDA:1198,178,1,4
BRDA:1208,179,0,222
BRDA:1208,179,1,15
BRDA:1208,179,2,11
BRDA:1212,180,0,5
BRDA:1212,180,1,6
BRDA:1222,181,0,55
BRDA:1222,181,1,167
BRDA:1223,182,0,55
BRDA:1223,182,1,167
BRDA:1230,183,0,4
BRDA:1230,183,1,4
BRDA:1233,184,0,4
BRDA:1233,184,1,0
BRDA:1236,185,0,4
BRDA:1236,185,1,0
BRDA:1240,186,0,55
BRDA:1240,186,1,167
BRDA:1241,187,0,55
BRDA:1241,187,1,167
BRDA:1248,188,0,222
BRDA:1248,188,1,167
BRDA:1254,189,0,222
BRDA:1254,189,1,55
BRDA:1271,190,0,55
BRDA:1271,190,1,165
BRDA:1272,191,0,55
BRDA:1272,191,1,165
BRDA:1280,192,0,3
BRDA:1280,192,1,1
BRDA:1282,193,0,3
BRDA:1282,193,1,0
BRDA:1290,194,0,220
BRDA:1290,194,1,55
BRDA:1291,195,0,220
BRDA:1291,195,1,55
BRDA:1301,196,0,55
BRDA:1301,196,1,19
BRDA:1303,197,0,0
BRDA:1303,197,1,19
BRDA:1319,198,0,55
BRDA:1319,198,1,36
BRDA:1328,199,0,14
BRDA:1328,199,1,58
BRDA:1328,200,0,14
BRDA:1328,200,1,58
BRDA:1331,201,0,2
BRDA:1331,201,1,4
BRDA:1346,202,0,11
BRDA:1346,202,1,493
BRDA:1346,203,0,11
BRDA:1346,203,1,493
BRDA:1349,204,0,2
BRDA:1349,204,1,2
BRDA:1364,205,0,16
BRDA:1364,205,1,272
BRDA:1364,206,0,16
BRDA:1364,206,1,272
BRDA:1367,207,0,2
BRDA:1367,207,1,2
BRDA:1377,208,0,36
BRDA:1377,208,1,10
BRDA:1390,209,0,222
BRDA:1390,209,1,55
BRDA:1390,209,2,55
BRDA:1394,210,0,55
BRDA:1394,210,1,0
BRDA:1404,211,0,15
BRDA:1404,211,1,207
BRDA:1405,212,0,15
BRDA:1405,212,1,207
BRDA:1412,213,0,15
BRDA:1412,213,1,207
BRDA:1413,214,0,15
BRDA:1413,214,1,207
BRDA:1420,215,0,222
BRDA:1420,215,1,15
BRDA:1425,216,0,15
BRDA:1425,216,1,45
BRDA:1425,217,0,15
BRDA:1425,217,1,45
BRDA:1427,218,0,15
BRDA:1427,218,1,45
BRDA:1428,219,0,15
BRDA:1428,219,1,45
BRDA:1429,220,0,60
BRDA:1429,220,1,15
BRDA:1437,221,0,15
BRDA:1437,221,1,207
BRDA:1438,222,0,15
BRDA:1438,222,1,207
BRDA:1439,223,0,15
BRDA:1439,223,1,207
BRDA:1457,224,0,4
BRDA:1457,224,1,218
BRDA:1458,225,0,4
BRDA:1458,225,1,218
BRDA:1478,226,0,6
BRDA:1478,226,1,216
BRDA:1479,227,0,6
BRDA:1479,227,1,216
BRDA:1483,228,0,222
BRDA:1483,228,1,6
BRDA:1508,229,0,20
BRDA:1508,229,1,202
BRDA:1509,230,0,20
BRDA:1509,230,1,202
BRDA:1513,231,0,222
BRDA:1513,231,1,20
BRDA:1525,232,0,20
BRDA:1525,232,1,13
BRDA:1537,233,0,20
BRDA:1537,233,1,5
BRDA:1541,234,0,2
BRDA:1541,234,1,1
BRF:478
BRH:460
end_of_record
