{"/Users/farhankhan/Shopify_Returns/returnpromax-1/app/routes/api.portal.create-return.ts": {"path":"/Users/farhankhan/Shopify_Returns/returnpromax-1/app/routes/api.portal.create-return.ts","statementMap":{"0":{"start":{"line":31,"column":2},"end":{"line":31,"column":null}},"1":{"start":{"line":31,"column":38},"end":{"line":31,"column":null}},"2":{"start":{"line":32,"column":20},"end":{"line":32,"column":null}},"3":{"start":{"line":32,"column":43},"end":{"line":32,"column":58}},"4":{"start":{"line":33,"column":2},"end":{"line":37,"column":null}},"5":{"start":{"line":34,"column":24},"end":{"line":34,"column":null}},"6":{"start":{"line":35,"column":21},"end":{"line":35,"column":null}},"7":{"start":{"line":36,"column":4},"end":{"line":36,"column":null}},"8":{"start":{"line":36,"column":33},"end":{"line":36,"column":null}},"9":{"start":{"line":38,"column":2},"end":{"line":38,"column":null}},"10":{"start":{"line":46,"column":15},"end":{"line":46,"column":null}},"11":{"start":{"line":47,"column":23},"end":{"line":47,"column":null}},"12":{"start":{"line":48,"column":17},"end":{"line":48,"column":null}},"13":{"start":{"line":49,"column":2},"end":{"line":49,"column":null}},"14":{"start":{"line":51,"column":19},"end":{"line":51,"column":null}},"15":{"start":{"line":60,"column":20},"end":{"line":76,"column":null}},"16":{"start":{"line":78,"column":2},"end":{"line":95,"column":null}},"17":{"start":{"line":79,"column":16},"end":{"line":79,"column":null}},"18":{"start":{"line":80,"column":18},"end":{"line":80,"column":null}},"19":{"start":{"line":88,"column":19},"end":{"line":88,"column":70}},"20":{"start":{"line":89,"column":4},"end":{"line":91,"column":null}},"21":{"start":{"line":90,"column":6},"end":{"line":90,"column":null}},"22":{"start":{"line":90,"column":50},"end":{"line":90,"column":59}},"23":{"start":{"line":92,"column":4},"end":{"line":92,"column":null}},"24":{"start":{"line":94,"column":4},"end":{"line":94,"column":null}},"25":{"start":{"line":98,"column":30},"end":{"line":98,"column":null}},"26":{"start":{"line":100,"column":22},"end":{"line":105,"column":null}},"27":{"start":{"line":101,"column":2},"end":{"line":103,"column":null}},"28":{"start":{"line":102,"column":4},"end":{"line":102,"column":null}},"29":{"start":{"line":104,"column":2},"end":{"line":104,"column":null}},"30":{"start":{"line":107,"column":22},"end":{"line":1409,"column":null}},"31":{"start":{"line":108,"column":2},"end":{"line":110,"column":null}},"32":{"start":{"line":109,"column":4},"end":{"line":109,"column":null}},"33":{"start":{"line":112,"column":13},"end":{"line":112,"column":null}},"34":{"start":{"line":113,"column":2},"end":{"line":113,"column":null}},"35":{"start":{"line":113,"column":19},"end":{"line":113,"column":null}},"36":{"start":{"line":115,"column":2},"end":{"line":1408,"column":null}},"37":{"start":{"line":116,"column":17},"end":{"line":116,"column":null}},"38":{"start":{"line":117,"column":17},"end":{"line":117,"column":null}},"39":{"start":{"line":124,"column":25},"end":{"line":124,"column":null}},"40":{"start":{"line":125,"column":4},"end":{"line":134,"column":null}},"41":{"start":{"line":126,"column":27},"end":{"line":126,"column":null}},"42":{"start":{"line":127,"column":12},"end":{"line":127,"column":null}},"43":{"start":{"line":128,"column":6},"end":{"line":133,"column":null}},"44":{"start":{"line":129,"column":8},"end":{"line":132,"column":null}},"45":{"start":{"line":136,"column":20},"end":{"line":136,"column":null}},"46":{"start":{"line":137,"column":33},"end":{"line":137,"column":null}},"47":{"start":{"line":138,"column":29},"end":{"line":142,"column":null}},"48":{"start":{"line":143,"column":27},"end":{"line":143,"column":null}},"49":{"start":{"line":144,"column":27},"end":{"line":144,"column":null}},"50":{"start":{"line":145,"column":26},"end":{"line":145,"column":null}},"51":{"start":{"line":146,"column":26},"end":{"line":146,"column":null}},"52":{"start":{"line":147,"column":29},"end":{"line":147,"column":null}},"53":{"start":{"line":148,"column":30},"end":{"line":148,"column":null}},"54":{"start":{"line":149,"column":30},"end":{"line":149,"column":null}},"55":{"start":{"line":150,"column":30},"end":{"line":150,"column":null}},"56":{"start":{"line":151,"column":25},"end":{"line":151,"column":null}},"57":{"start":{"line":152,"column":30},"end":{"line":152,"column":null}},"58":{"start":{"line":153,"column":18},"end":{"line":153,"column":null}},"59":{"start":{"line":160,"column":23},"end":{"line":160,"column":null}},"60":{"start":{"line":161,"column":35},"end":{"line":161,"column":null}},"61":{"start":{"line":162,"column":27},"end":{"line":162,"column":null}},"62":{"start":{"line":163,"column":29},"end":{"line":163,"column":null}},"63":{"start":{"line":164,"column":26},"end":{"line":164,"column":null}},"64":{"start":{"line":165,"column":31},"end":{"line":165,"column":null}},"65":{"start":{"line":167,"column":6},"end":{"line":169,"column":null}},"66":{"start":{"line":170,"column":31},"end":{"line":172,"column":null}},"67":{"start":{"line":180,"column":32},"end":{"line":180,"column":null}},"68":{"start":{"line":183,"column":38},"end":{"line":193,"column":9}},"69":{"start":{"line":186,"column":25},"end":{"line":186,"column":90}},"70":{"start":{"line":187,"column":23},"end":{"line":192,"column":12}},"71":{"start":{"line":195,"column":4},"end":{"line":200,"column":null}},"72":{"start":{"line":196,"column":6},"end":{"line":199,"column":null}},"73":{"start":{"line":201,"column":27},"end":{"line":201,"column":null}},"74":{"start":{"line":202,"column":4},"end":{"line":207,"column":null}},"75":{"start":{"line":203,"column":6},"end":{"line":206,"column":null}},"76":{"start":{"line":208,"column":4},"end":{"line":213,"column":null}},"77":{"start":{"line":209,"column":6},"end":{"line":212,"column":null}},"78":{"start":{"line":215,"column":23},"end":{"line":215,"column":null}},"79":{"start":{"line":216,"column":23},"end":{"line":219,"column":null}},"80":{"start":{"line":220,"column":4},"end":{"line":222,"column":null}},"81":{"start":{"line":221,"column":6},"end":{"line":221,"column":null}},"82":{"start":{"line":224,"column":21},"end":{"line":224,"column":null}},"83":{"start":{"line":225,"column":29},"end":{"line":225,"column":null}},"84":{"start":{"line":227,"column":24},"end":{"line":227,"column":null}},"85":{"start":{"line":228,"column":28},"end":{"line":228,"column":null}},"86":{"start":{"line":231,"column":4},"end":{"line":253,"column":null}},"87":{"start":{"line":232,"column":61},"end":{"line":232,"column":62}},"88":{"start":{"line":233,"column":6},"end":{"line":233,"column":null}},"89":{"start":{"line":233,"column":25},"end":{"line":233,"column":null}},"90":{"start":{"line":234,"column":6},"end":{"line":234,"column":null}},"91":{"start":{"line":234,"column":25},"end":{"line":234,"column":null}},"92":{"start":{"line":235,"column":6},"end":{"line":235,"column":null}},"93":{"start":{"line":235,"column":28},"end":{"line":235,"column":null}},"94":{"start":{"line":237,"column":6},"end":{"line":252,"column":null}},"95":{"start":{"line":238,"column":24},"end":{"line":243,"column":null}},"96":{"start":{"line":241,"column":40},"end":{"line":241,"column":73}},"97":{"start":{"line":244,"column":8},"end":{"line":251,"column":null}},"98":{"start":{"line":245,"column":10},"end":{"line":250,"column":null}},"99":{"start":{"line":256,"column":24},"end":{"line":256,"column":null}},"100":{"start":{"line":257,"column":4},"end":{"line":290,"column":null}},"101":{"start":{"line":258,"column":6},"end":{"line":260,"column":null}},"102":{"start":{"line":259,"column":8},"end":{"line":259,"column":null}},"103":{"start":{"line":261,"column":12},"end":{"line":261,"column":null}},"104":{"start":{"line":262,"column":31},"end":{"line":262,"column":null}},"105":{"start":{"line":263,"column":12},"end":{"line":263,"column":null}},"106":{"start":{"line":263,"column":109},"end":{"line":263,"column":129}},"107":{"start":{"line":264,"column":27},"end":{"line":264,"column":null}},"108":{"start":{"line":265,"column":6},"end":{"line":267,"column":null}},"109":{"start":{"line":266,"column":8},"end":{"line":266,"column":null}},"110":{"start":{"line":268,"column":6},"end":{"line":289,"column":null}},"111":{"start":{"line":269,"column":36},"end":{"line":269,"column":null}},"112":{"start":{"line":270,"column":14},"end":{"line":270,"column":null}},"113":{"start":{"line":271,"column":31},"end":{"line":271,"column":null}},"114":{"start":{"line":272,"column":8},"end":{"line":274,"column":null}},"115":{"start":{"line":273,"column":10},"end":{"line":273,"column":null}},"116":{"start":{"line":275,"column":8},"end":{"line":285,"column":null}},"117":{"start":{"line":287,"column":8},"end":{"line":287,"column":null}},"118":{"start":{"line":288,"column":8},"end":{"line":288,"column":null}},"119":{"start":{"line":292,"column":27},"end":{"line":292,"column":null}},"120":{"start":{"line":297,"column":4},"end":{"line":367,"column":null}},"121":{"start":{"line":298,"column":6},"end":{"line":319,"column":null}},"122":{"start":{"line":299,"column":36},"end":{"line":299,"column":null}},"123":{"start":{"line":300,"column":14},"end":{"line":300,"column":null}},"124":{"start":{"line":301,"column":25},"end":{"line":301,"column":null}},"125":{"start":{"line":302,"column":25},"end":{"line":302,"column":null}},"126":{"start":{"line":303,"column":8},"end":{"line":316,"column":null}},"127":{"start":{"line":304,"column":10},"end":{"line":304,"column":null}},"128":{"start":{"line":308,"column":10},"end":{"line":314,"column":null}},"129":{"start":{"line":309,"column":12},"end":{"line":313,"column":null}},"130":{"start":{"line":315,"column":10},"end":{"line":315,"column":null}},"131":{"start":{"line":318,"column":8},"end":{"line":318,"column":null}},"132":{"start":{"line":323,"column":6},"end":{"line":342,"column":null}},"133":{"start":{"line":324,"column":8},"end":{"line":341,"column":null}},"134":{"start":{"line":325,"column":26},"end":{"line":334,"column":null}},"135":{"start":{"line":335,"column":10},"end":{"line":338,"column":null}},"136":{"start":{"line":336,"column":12},"end":{"line":336,"column":null}},"137":{"start":{"line":337,"column":12},"end":{"line":337,"column":null}},"138":{"start":{"line":346,"column":6},"end":{"line":366,"column":null}},"139":{"start":{"line":347,"column":8},"end":{"line":365,"column":null}},"140":{"start":{"line":348,"column":39},"end":{"line":348,"column":null}},"141":{"start":{"line":349,"column":16},"end":{"line":349,"column":null}},"142":{"start":{"line":350,"column":29},"end":{"line":350,"column":null}},"143":{"start":{"line":351,"column":10},"end":{"line":362,"column":null}},"144":{"start":{"line":352,"column":12},"end":{"line":352,"column":null}},"145":{"start":{"line":353,"column":12},"end":{"line":353,"column":null}},"146":{"start":{"line":355,"column":12},"end":{"line":361,"column":null}},"147":{"start":{"line":356,"column":14},"end":{"line":360,"column":null}},"148":{"start":{"line":382,"column":9},"end":{"line":382,"column":10}},"149":{"start":{"line":384,"column":24},"end":{"line":384,"column":null}},"150":{"start":{"line":385,"column":4},"end":{"line":483,"column":null}},"151":{"start":{"line":386,"column":6},"end":{"line":391,"column":null}},"152":{"start":{"line":387,"column":8},"end":{"line":390,"column":null}},"153":{"start":{"line":392,"column":6},"end":{"line":397,"column":null}},"154":{"start":{"line":393,"column":8},"end":{"line":396,"column":null}},"155":{"start":{"line":398,"column":6},"end":{"line":403,"column":null}},"156":{"start":{"line":399,"column":8},"end":{"line":402,"column":null}},"157":{"start":{"line":404,"column":6},"end":{"line":409,"column":null}},"158":{"start":{"line":405,"column":8},"end":{"line":408,"column":null}},"159":{"start":{"line":410,"column":6},"end":{"line":410,"column":null}},"160":{"start":{"line":413,"column":6},"end":{"line":439,"column":null}},"161":{"start":{"line":414,"column":36},"end":{"line":414,"column":null}},"162":{"start":{"line":415,"column":14},"end":{"line":415,"column":null}},"163":{"start":{"line":416,"column":34},"end":{"line":416,"column":null}},"164":{"start":{"line":417,"column":8},"end":{"line":436,"column":null}},"165":{"start":{"line":418,"column":16},"end":{"line":418,"column":null}},"166":{"start":{"line":419,"column":16},"end":{"line":419,"column":null}},"167":{"start":{"line":420,"column":10},"end":{"line":427,"column":null}},"168":{"start":{"line":421,"column":12},"end":{"line":426,"column":null}},"169":{"start":{"line":428,"column":10},"end":{"line":435,"column":null}},"170":{"start":{"line":429,"column":12},"end":{"line":434,"column":null}},"171":{"start":{"line":441,"column":6},"end":{"line":446,"column":null}},"172":{"start":{"line":442,"column":8},"end":{"line":445,"column":null}},"173":{"start":{"line":447,"column":6},"end":{"line":460,"column":null}},"174":{"start":{"line":448,"column":8},"end":{"line":453,"column":null}},"175":{"start":{"line":449,"column":10},"end":{"line":452,"column":null}},"176":{"start":{"line":454,"column":8},"end":{"line":459,"column":null}},"177":{"start":{"line":455,"column":10},"end":{"line":458,"column":null}},"178":{"start":{"line":461,"column":6},"end":{"line":466,"column":null}},"179":{"start":{"line":462,"column":8},"end":{"line":465,"column":null}},"180":{"start":{"line":467,"column":6},"end":{"line":482,"column":null}},"181":{"start":{"line":467,"column":41},"end":{"line":482,"column":8}},"182":{"start":{"line":490,"column":33},"end":{"line":490,"column":null}},"183":{"start":{"line":491,"column":30},"end":{"line":491,"column":null}},"184":{"start":{"line":492,"column":47},"end":{"line":492,"column":null}},"185":{"start":{"line":493,"column":4},"end":{"line":569,"column":null}},"186":{"start":{"line":494,"column":33},"end":{"line":496,"column":null}},"187":{"start":{"line":495,"column":16},"end":{"line":495,"column":null}},"188":{"start":{"line":497,"column":6},"end":{"line":568,"column":null}},"189":{"start":{"line":498,"column":8},"end":{"line":567,"column":null}},"190":{"start":{"line":499,"column":38},"end":{"line":499,"column":null}},"191":{"start":{"line":500,"column":16},"end":{"line":500,"column":null}},"192":{"start":{"line":502,"column":29},"end":{"line":504,"column":null}},"193":{"start":{"line":506,"column":10},"end":{"line":517,"column":null}},"194":{"start":{"line":507,"column":29},"end":{"line":507,"column":null}},"195":{"start":{"line":508,"column":29},"end":{"line":508,"column":null}},"196":{"start":{"line":509,"column":12},"end":{"line":516,"column":null}},"197":{"start":{"line":510,"column":14},"end":{"line":510,"column":null}},"198":{"start":{"line":512,"column":14},"end":{"line":515,"column":null}},"199":{"start":{"line":513,"column":16},"end":{"line":513,"column":null}},"200":{"start":{"line":514,"column":16},"end":{"line":514,"column":null}},"201":{"start":{"line":518,"column":10},"end":{"line":520,"column":null}},"202":{"start":{"line":519,"column":12},"end":{"line":519,"column":null}},"203":{"start":{"line":521,"column":10},"end":{"line":563,"column":null}},"204":{"start":{"line":522,"column":37},"end":{"line":522,"column":null}},"205":{"start":{"line":524,"column":28},"end":{"line":524,"column":null}},"206":{"start":{"line":525,"column":26},"end":{"line":525,"column":null}},"207":{"start":{"line":526,"column":12},"end":{"line":529,"column":null}},"208":{"start":{"line":527,"column":14},"end":{"line":527,"column":null}},"209":{"start":{"line":527,"column":29},"end":{"line":527,"column":null}},"210":{"start":{"line":528,"column":14},"end":{"line":528,"column":null}},"211":{"start":{"line":528,"column":27},"end":{"line":528,"column":null}},"212":{"start":{"line":532,"column":35},"end":{"line":532,"column":null}},"213":{"start":{"line":533,"column":43},"end":{"line":533,"column":71}},"214":{"start":{"line":536,"column":12},"end":{"line":538,"column":null}},"215":{"start":{"line":537,"column":14},"end":{"line":537,"column":null}},"216":{"start":{"line":540,"column":12},"end":{"line":562,"column":null}},"217":{"start":{"line":541,"column":14},"end":{"line":541,"column":null}},"218":{"start":{"line":541,"column":101},"end":{"line":541,"column":null}},"219":{"start":{"line":542,"column":33},"end":{"line":542,"column":null}},"220":{"start":{"line":544,"column":33},"end":{"line":544,"column":null}},"221":{"start":{"line":545,"column":35},"end":{"line":545,"column":null}},"222":{"start":{"line":546,"column":33},"end":{"line":546,"column":null}},"223":{"start":{"line":550,"column":14},"end":{"line":550,"column":null}},"224":{"start":{"line":550,"column":30},"end":{"line":550,"column":null}},"225":{"start":{"line":552,"column":14},"end":{"line":552,"column":null}},"226":{"start":{"line":552,"column":44},"end":{"line":552,"column":null}},"227":{"start":{"line":554,"column":14},"end":{"line":554,"column":null}},"228":{"start":{"line":554,"column":61},"end":{"line":554,"column":null}},"229":{"start":{"line":556,"column":14},"end":{"line":561,"column":null}},"230":{"start":{"line":557,"column":16},"end":{"line":557,"column":null}},"231":{"start":{"line":558,"column":16},"end":{"line":558,"column":null}},"232":{"start":{"line":559,"column":16},"end":{"line":559,"column":null}},"233":{"start":{"line":560,"column":16},"end":{"line":560,"column":null}},"234":{"start":{"line":560,"column":33},"end":{"line":560,"column":null}},"235":{"start":{"line":565,"column":10},"end":{"line":565,"column":null}},"236":{"start":{"line":582,"column":4},"end":{"line":693,"column":null}},"237":{"start":{"line":583,"column":34},"end":{"line":583,"column":null}},"238":{"start":{"line":583,"column":60},"end":{"line":583,"column":73}},"239":{"start":{"line":583,"column":90},"end":{"line":583,"column":105}},"240":{"start":{"line":584,"column":29},"end":{"line":584,"column":null}},"241":{"start":{"line":584,"column":55},"end":{"line":584,"column":67}},"242":{"start":{"line":585,"column":34},"end":{"line":585,"column":null}},"243":{"start":{"line":585,"column":72},"end":{"line":585,"column":89}},"244":{"start":{"line":587,"column":6},"end":{"line":692,"column":null}},"245":{"start":{"line":588,"column":58},"end":{"line":588,"column":59}},"246":{"start":{"line":589,"column":8},"end":{"line":591,"column":null}},"247":{"start":{"line":590,"column":10},"end":{"line":590,"column":null}},"248":{"start":{"line":592,"column":8},"end":{"line":594,"column":null}},"249":{"start":{"line":593,"column":10},"end":{"line":593,"column":null}},"250":{"start":{"line":595,"column":8},"end":{"line":597,"column":null}},"251":{"start":{"line":596,"column":10},"end":{"line":596,"column":null}},"252":{"start":{"line":598,"column":36},"end":{"line":614,"column":null}},"253":{"start":{"line":616,"column":62},"end":{"line":616,"column":null}},"254":{"start":{"line":618,"column":62},"end":{"line":618,"column":null}},"255":{"start":{"line":621,"column":70},"end":{"line":621,"column":null}},"256":{"start":{"line":622,"column":8},"end":{"line":634,"column":null}},"257":{"start":{"line":623,"column":10},"end":{"line":625,"column":null}},"258":{"start":{"line":624,"column":12},"end":{"line":624,"column":null}},"259":{"start":{"line":626,"column":10},"end":{"line":629,"column":null}},"260":{"start":{"line":627,"column":22},"end":{"line":627,"column":null}},"261":{"start":{"line":628,"column":12},"end":{"line":628,"column":null}},"262":{"start":{"line":630,"column":10},"end":{"line":633,"column":null}},"263":{"start":{"line":631,"column":22},"end":{"line":631,"column":null}},"264":{"start":{"line":632,"column":12},"end":{"line":632,"column":null}},"265":{"start":{"line":636,"column":35},"end":{"line":636,"column":62}},"266":{"start":{"line":639,"column":56},"end":{"line":639,"column":null}},"267":{"start":{"line":640,"column":8},"end":{"line":691,"column":null}},"268":{"start":{"line":641,"column":10},"end":{"line":641,"column":null}},"269":{"start":{"line":641,"column":43},"end":{"line":641,"column":null}},"270":{"start":{"line":642,"column":26},"end":{"line":643,"column":null}},"271":{"start":{"line":643,"column":26},"end":{"line":643,"column":49}},"272":{"start":{"line":644,"column":28},"end":{"line":644,"column":null}},"273":{"start":{"line":647,"column":10},"end":{"line":675,"column":null}},"274":{"start":{"line":648,"column":27},"end":{"line":648,"column":null}},"275":{"start":{"line":649,"column":32},"end":{"line":651,"column":null}},"276":{"start":{"line":652,"column":32},"end":{"line":652,"column":null}},"277":{"start":{"line":653,"column":12},"end":{"line":653,"column":null}},"278":{"start":{"line":654,"column":12},"end":{"line":661,"column":null}},"279":{"start":{"line":655,"column":14},"end":{"line":660,"column":null}},"280":{"start":{"line":662,"column":10},"end":{"line":675,"column":null}},"281":{"start":{"line":664,"column":27},"end":{"line":664,"column":null}},"282":{"start":{"line":665,"column":32},"end":{"line":665,"column":null}},"283":{"start":{"line":666,"column":24},"end":{"line":666,"column":null}},"284":{"start":{"line":667,"column":12},"end":{"line":674,"column":null}},"285":{"start":{"line":668,"column":14},"end":{"line":673,"column":null}},"286":{"start":{"line":679,"column":34},"end":{"line":679,"column":null}},"287":{"start":{"line":680,"column":30},"end":{"line":682,"column":null}},"288":{"start":{"line":683,"column":10},"end":{"line":690,"column":null}},"289":{"start":{"line":684,"column":12},"end":{"line":689,"column":null}},"290":{"start":{"line":696,"column":4},"end":{"line":726,"column":null}},"291":{"start":{"line":697,"column":6},"end":{"line":725,"column":null}},"292":{"start":{"line":698,"column":36},"end":{"line":698,"column":null}},"293":{"start":{"line":699,"column":14},"end":{"line":699,"column":null}},"294":{"start":{"line":700,"column":26},"end":{"line":700,"column":null}},"295":{"start":{"line":701,"column":8},"end":{"line":721,"column":null}},"296":{"start":{"line":702,"column":16},"end":{"line":702,"column":null}},"297":{"start":{"line":703,"column":16},"end":{"line":703,"column":null}},"298":{"start":{"line":705,"column":10},"end":{"line":712,"column":null}},"299":{"start":{"line":706,"column":12},"end":{"line":711,"column":null}},"300":{"start":{"line":713,"column":10},"end":{"line":720,"column":null}},"301":{"start":{"line":714,"column":12},"end":{"line":719,"column":null}},"302":{"start":{"line":723,"column":8},"end":{"line":723,"column":null}},"303":{"start":{"line":731,"column":43},"end":{"line":737,"column":null}},"304":{"start":{"line":739,"column":4},"end":{"line":832,"column":null}},"305":{"start":{"line":740,"column":6},"end":{"line":831,"column":null}},"306":{"start":{"line":741,"column":28},"end":{"line":749,"column":null}},"307":{"start":{"line":750,"column":8},"end":{"line":828,"column":null}},"308":{"start":{"line":751,"column":48},"end":{"line":751,"column":49}},"309":{"start":{"line":752,"column":10},"end":{"line":760,"column":null}},"310":{"start":{"line":753,"column":24},"end":{"line":753,"column":null}},"311":{"start":{"line":754,"column":12},"end":{"line":759,"column":null}},"312":{"start":{"line":755,"column":29},"end":{"line":755,"column":null}},"313":{"start":{"line":756,"column":14},"end":{"line":758,"column":null}},"314":{"start":{"line":757,"column":16},"end":{"line":757,"column":null}},"315":{"start":{"line":757,"column":67},"end":{"line":757,"column":97}},"316":{"start":{"line":763,"column":49},"end":{"line":763,"column":null}},"317":{"start":{"line":766,"column":28},"end":{"line":773,"column":null}},"318":{"start":{"line":774,"column":10},"end":{"line":776,"column":null}},"319":{"start":{"line":775,"column":12},"end":{"line":775,"column":null}},"320":{"start":{"line":779,"column":10},"end":{"line":792,"column":null}},"321":{"start":{"line":780,"column":33},"end":{"line":788,"column":null}},"322":{"start":{"line":789,"column":12},"end":{"line":791,"column":null}},"323":{"start":{"line":790,"column":14},"end":{"line":790,"column":null}},"324":{"start":{"line":795,"column":10},"end":{"line":807,"column":null}},"325":{"start":{"line":796,"column":32},"end":{"line":803,"column":null}},"326":{"start":{"line":804,"column":12},"end":{"line":806,"column":null}},"327":{"start":{"line":805,"column":14},"end":{"line":805,"column":null}},"328":{"start":{"line":809,"column":10},"end":{"line":826,"column":null}},"329":{"start":{"line":811,"column":32},"end":{"line":811,"column":null}},"330":{"start":{"line":813,"column":38},"end":{"line":816,"column":null}},"331":{"start":{"line":814,"column":27},"end":{"line":814,"column":null}},"332":{"start":{"line":815,"column":14},"end":{"line":815,"column":null}},"333":{"start":{"line":817,"column":12},"end":{"line":825,"column":null}},"334":{"start":{"line":818,"column":31},"end":{"line":818,"column":null}},"335":{"start":{"line":818,"column":92},"end":{"line":818,"column":107}},"336":{"start":{"line":819,"column":14},"end":{"line":824,"column":null}},"337":{"start":{"line":830,"column":8},"end":{"line":830,"column":null}},"338":{"start":{"line":834,"column":4},"end":{"line":886,"column":null}},"339":{"start":{"line":835,"column":29},"end":{"line":835,"column":null}},"340":{"start":{"line":836,"column":24},"end":{"line":836,"column":null}},"341":{"start":{"line":837,"column":24},"end":{"line":837,"column":null}},"342":{"start":{"line":838,"column":6},"end":{"line":838,"column":null}},"343":{"start":{"line":839,"column":6},"end":{"line":846,"column":null}},"344":{"start":{"line":840,"column":8},"end":{"line":845,"column":null}},"345":{"start":{"line":848,"column":6},"end":{"line":848,"column":null}},"346":{"start":{"line":856,"column":27},"end":{"line":856,"column":null}},"347":{"start":{"line":856,"column":65},"end":{"line":856,"column":69}},"348":{"start":{"line":857,"column":6},"end":{"line":885,"column":null}},"349":{"start":{"line":858,"column":8},"end":{"line":858,"column":null}},"350":{"start":{"line":858,"column":41},"end":{"line":858,"column":null}},"351":{"start":{"line":861,"column":33},"end":{"line":861,"column":null}},"352":{"start":{"line":862,"column":8},"end":{"line":867,"column":null}},"353":{"start":{"line":863,"column":10},"end":{"line":866,"column":null}},"354":{"start":{"line":868,"column":19},"end":{"line":868,"column":null}},"355":{"start":{"line":868,"column":50},"end":{"line":868,"column":102}},"356":{"start":{"line":869,"column":22},"end":{"line":869,"column":null}},"357":{"start":{"line":870,"column":21},"end":{"line":870,"column":41}},"358":{"start":{"line":871,"column":14},"end":{"line":878,"column":null}},"359":{"start":{"line":879,"column":8},"end":{"line":884,"column":null}},"360":{"start":{"line":880,"column":10},"end":{"line":883,"column":null}},"361":{"start":{"line":889,"column":28},"end":{"line":889,"column":null}},"362":{"start":{"line":890,"column":27},"end":{"line":890,"column":null}},"363":{"start":{"line":891,"column":35},"end":{"line":893,"column":null}},"364":{"start":{"line":895,"column":43},"end":{"line":895,"column":null}},"365":{"start":{"line":896,"column":4},"end":{"line":914,"column":null}},"366":{"start":{"line":897,"column":25},"end":{"line":910,"column":null}},"367":{"start":{"line":900,"column":10},"end":{"line":900,"column":null}},"368":{"start":{"line":900,"column":60},"end":{"line":900,"column":null}},"369":{"start":{"line":901,"column":10},"end":{"line":901,"column":null}},"370":{"start":{"line":901,"column":50},"end":{"line":901,"column":74}},"371":{"start":{"line":901,"column":77},"end":{"line":901,"column":null}},"372":{"start":{"line":902,"column":31},"end":{"line":902,"column":null}},"373":{"start":{"line":903,"column":10},"end":{"line":903,"column":null}},"374":{"start":{"line":903,"column":45},"end":{"line":903,"column":null}},"375":{"start":{"line":904,"column":10},"end":{"line":904,"column":null}},"376":{"start":{"line":906,"column":21},"end":{"line":910,"column":10}},"377":{"start":{"line":911,"column":6},"end":{"line":913,"column":null}},"378":{"start":{"line":912,"column":8},"end":{"line":912,"column":null}},"379":{"start":{"line":918,"column":4},"end":{"line":959,"column":null}},"380":{"start":{"line":919,"column":12},"end":{"line":919,"column":null}},"381":{"start":{"line":920,"column":6},"end":{"line":956,"column":null}},"382":{"start":{"line":923,"column":8},"end":{"line":928,"column":null}},"383":{"start":{"line":924,"column":10},"end":{"line":927,"column":null}},"384":{"start":{"line":925,"column":22},"end":{"line":925,"column":null}},"385":{"start":{"line":926,"column":12},"end":{"line":926,"column":null}},"386":{"start":{"line":929,"column":32},"end":{"line":929,"column":null}},"387":{"start":{"line":930,"column":24},"end":{"line":930,"column":null}},"388":{"start":{"line":930,"column":59},"end":{"line":930,"column":79}},"389":{"start":{"line":933,"column":8},"end":{"line":937,"column":null}},"390":{"start":{"line":934,"column":10},"end":{"line":936,"column":null}},"391":{"start":{"line":939,"column":14},"end":{"line":945,"column":null}},"392":{"start":{"line":947,"column":8},"end":{"line":953,"column":null}},"393":{"start":{"line":948,"column":10},"end":{"line":948,"column":null}},"394":{"start":{"line":949,"column":8},"end":{"line":953,"column":null}},"395":{"start":{"line":950,"column":10},"end":{"line":950,"column":null}},"396":{"start":{"line":952,"column":10},"end":{"line":952,"column":null}},"397":{"start":{"line":955,"column":8},"end":{"line":955,"column":null}},"398":{"start":{"line":958,"column":6},"end":{"line":958,"column":null}},"399":{"start":{"line":962,"column":34},"end":{"line":962,"column":null}},"400":{"start":{"line":963,"column":4},"end":{"line":988,"column":null}},"401":{"start":{"line":964,"column":29},"end":{"line":964,"column":null}},"402":{"start":{"line":965,"column":35},"end":{"line":965,"column":36}},"403":{"start":{"line":966,"column":6},"end":{"line":970,"column":null}},"404":{"start":{"line":967,"column":8},"end":{"line":969,"column":null}},"405":{"start":{"line":968,"column":10},"end":{"line":968,"column":null}},"406":{"start":{"line":972,"column":29},"end":{"line":977,"column":null}},"407":{"start":{"line":973,"column":29},"end":{"line":973,"column":null}},"408":{"start":{"line":973,"column":56},"end":{"line":973,"column":79}},"409":{"start":{"line":974,"column":8},"end":{"line":974,"column":null}},"410":{"start":{"line":974,"column":27},"end":{"line":974,"column":null}},"411":{"start":{"line":975,"column":18},"end":{"line":975,"column":null}},"412":{"start":{"line":976,"column":8},"end":{"line":976,"column":null}},"413":{"start":{"line":979,"column":29},"end":{"line":979,"column":null}},"414":{"start":{"line":981,"column":26},"end":{"line":984,"column":null}},"415":{"start":{"line":982,"column":24},"end":{"line":982,"column":75}},"416":{"start":{"line":982,"column":51},"end":{"line":982,"column":74}},"417":{"start":{"line":983,"column":25},"end":{"line":983,"column":45}},"418":{"start":{"line":984,"column":20},"end":{"line":984,"column":35}},"419":{"start":{"line":985,"column":24},"end":{"line":985,"column":null}},"420":{"start":{"line":985,"column":77},"end":{"line":985,"column":115}},"421":{"start":{"line":987,"column":6},"end":{"line":987,"column":null}},"422":{"start":{"line":996,"column":4},"end":{"line":1053,"column":null}},"423":{"start":{"line":997,"column":22},"end":{"line":1000,"column":null}},"424":{"start":{"line":1001,"column":6},"end":{"line":1049,"column":null}},"425":{"start":{"line":1002,"column":28},"end":{"line":1002,"column":null}},"426":{"start":{"line":1003,"column":8},"end":{"line":1006,"column":null}},"427":{"start":{"line":1004,"column":10},"end":{"line":1004,"column":null}},"428":{"start":{"line":1004,"column":48},"end":{"line":1004,"column":null}},"429":{"start":{"line":1005,"column":10},"end":{"line":1005,"column":null}},"430":{"start":{"line":1007,"column":89},"end":{"line":1007,"column":90}},"431":{"start":{"line":1009,"column":8},"end":{"line":1039,"column":null}},"432":{"start":{"line":1010,"column":10},"end":{"line":1038,"column":null}},"433":{"start":{"line":1011,"column":36},"end":{"line":1011,"column":null}},"434":{"start":{"line":1012,"column":36},"end":{"line":1012,"column":null}},"435":{"start":{"line":1014,"column":25},"end":{"line":1014,"column":null}},"436":{"start":{"line":1015,"column":26},"end":{"line":1015,"column":null}},"437":{"start":{"line":1015,"column":43},"end":{"line":1015,"column":57}},"438":{"start":{"line":1017,"column":12},"end":{"line":1027,"column":null}},"439":{"start":{"line":1018,"column":14},"end":{"line":1024,"column":null}},"440":{"start":{"line":1026,"column":14},"end":{"line":1026,"column":null}},"441":{"start":{"line":1028,"column":12},"end":{"line":1031,"column":null}},"442":{"start":{"line":1029,"column":14},"end":{"line":1029,"column":null}},"443":{"start":{"line":1030,"column":14},"end":{"line":1030,"column":null}},"444":{"start":{"line":1032,"column":26},"end":{"line":1032,"column":null}},"445":{"start":{"line":1033,"column":29},"end":{"line":1033,"column":56}},"446":{"start":{"line":1034,"column":26},"end":{"line":1034,"column":null}},"447":{"start":{"line":1034,"column":47},"end":{"line":1034,"column":79}},"448":{"start":{"line":1035,"column":12},"end":{"line":1035,"column":null}},"449":{"start":{"line":1035,"column":24},"end":{"line":1035,"column":null}},"450":{"start":{"line":1037,"column":12},"end":{"line":1037,"column":null}},"451":{"start":{"line":1040,"column":8},"end":{"line":1048,"column":null}},"452":{"start":{"line":1041,"column":10},"end":{"line":1047,"column":null}},"453":{"start":{"line":1056,"column":33},"end":{"line":1056,"column":60}},"454":{"start":{"line":1058,"column":4},"end":{"line":1276,"column":null}},"455":{"start":{"line":1059,"column":6},"end":{"line":1264,"column":null}},"456":{"start":{"line":1061,"column":8},"end":{"line":1122,"column":null}},"457":{"start":{"line":1062,"column":39},"end":{"line":1062,"column":null}},"458":{"start":{"line":1062,"column":65},"end":{"line":1062,"column":78}},"459":{"start":{"line":1062,"column":95},"end":{"line":1062,"column":110}},"460":{"start":{"line":1063,"column":38},"end":{"line":1073,"column":null}},"461":{"start":{"line":1074,"column":61},"end":{"line":1074,"column":null}},"462":{"start":{"line":1075,"column":10},"end":{"line":1079,"column":null}},"463":{"start":{"line":1076,"column":12},"end":{"line":1078,"column":null}},"464":{"start":{"line":1077,"column":14},"end":{"line":1077,"column":null}},"465":{"start":{"line":1081,"column":34},"end":{"line":1083,"column":null}},"466":{"start":{"line":1082,"column":25},"end":{"line":1082,"column":161}},"467":{"start":{"line":1082,"column":100},"end":{"line":1082,"column":122}},"468":{"start":{"line":1084,"column":10},"end":{"line":1109,"column":null}},"469":{"start":{"line":1085,"column":12},"end":{"line":1108,"column":null}},"470":{"start":{"line":1086,"column":31},"end":{"line":1096,"column":null}},"471":{"start":{"line":1097,"column":14},"end":{"line":1107,"column":null}},"472":{"start":{"line":1098,"column":16},"end":{"line":1098,"column":null}},"473":{"start":{"line":1098,"column":29},"end":{"line":1098,"column":null}},"474":{"start":{"line":1099,"column":37},"end":{"line":1103,"column":null}},"475":{"start":{"line":1100,"column":32},"end":{"line":1101,"column":null}},"476":{"start":{"line":1101,"column":55},"end":{"line":1101,"column":77}},"477":{"start":{"line":1102,"column":18},"end":{"line":1102,"column":null}},"478":{"start":{"line":1104,"column":16},"end":{"line":1106,"column":null}},"479":{"start":{"line":1105,"column":18},"end":{"line":1105,"column":null}},"480":{"start":{"line":1110,"column":10},"end":{"line":1121,"column":null}},"481":{"start":{"line":1111,"column":12},"end":{"line":1111,"column":null}},"482":{"start":{"line":1111,"column":45},"end":{"line":1111,"column":null}},"483":{"start":{"line":1112,"column":36},"end":{"line":1112,"column":null}},"484":{"start":{"line":1113,"column":27},"end":{"line":1113,"column":null}},"485":{"start":{"line":1113,"column":58},"end":{"line":1113,"column":81}},"486":{"start":{"line":1114,"column":32},"end":{"line":1117,"column":null}},"487":{"start":{"line":1118,"column":12},"end":{"line":1120,"column":null}},"488":{"start":{"line":1119,"column":14},"end":{"line":1119,"column":null}},"489":{"start":{"line":1124,"column":36},"end":{"line":1128,"column":null}},"490":{"start":{"line":1130,"column":19},"end":{"line":1219,"column":null}},"491":{"start":{"line":1154,"column":33},"end":{"line":1157,"column":null}},"492":{"start":{"line":1155,"column":28},"end":{"line":1155,"column":57}},"493":{"start":{"line":1158,"column":28},"end":{"line":1158,"column":null}},"494":{"start":{"line":1158,"column":75},"end":{"line":1158,"column":107}},"495":{"start":{"line":1159,"column":29},"end":{"line":1159,"column":null}},"496":{"start":{"line":1160,"column":14},"end":{"line":1160,"column":null}},"497":{"start":{"line":1172,"column":20},"end":{"line":1172,"column":null}},"498":{"start":{"line":1172,"column":62},"end":{"line":1172,"column":79}},"499":{"start":{"line":1173,"column":14},"end":{"line":1173,"column":null}},"500":{"start":{"line":1173,"column":40},"end":{"line":1173,"column":null}},"501":{"start":{"line":1174,"column":29},"end":{"line":1174,"column":null}},"502":{"start":{"line":1175,"column":14},"end":{"line":1175,"column":null}},"503":{"start":{"line":1181,"column":41},"end":{"line":1181,"column":null}},"504":{"start":{"line":1182,"column":31},"end":{"line":1182,"column":null}},"505":{"start":{"line":1182,"column":63},"end":{"line":1182,"column":114}},"506":{"start":{"line":1183,"column":36},"end":{"line":1183,"column":null}},"507":{"start":{"line":1184,"column":16},"end":{"line":1214,"column":null}},"508":{"start":{"line":1190,"column":32},"end":{"line":1190,"column":null}},"509":{"start":{"line":1191,"column":20},"end":{"line":1191,"column":null}},"510":{"start":{"line":1191,"column":30},"end":{"line":1191,"column":null}},"511":{"start":{"line":1192,"column":20},"end":{"line":1196,"column":null}},"512":{"start":{"line":1193,"column":34},"end":{"line":1193,"column":null}},"513":{"start":{"line":1194,"column":32},"end":{"line":1194,"column":null}},"514":{"start":{"line":1195,"column":22},"end":{"line":1195,"column":null}},"515":{"start":{"line":1197,"column":20},"end":{"line":1197,"column":null}},"516":{"start":{"line":1221,"column":14},"end":{"line":1221,"column":null}},"517":{"start":{"line":1223,"column":8},"end":{"line":1225,"column":null}},"518":{"start":{"line":1224,"column":10},"end":{"line":1224,"column":null}},"519":{"start":{"line":1226,"column":14},"end":{"line":1226,"column":null}},"520":{"start":{"line":1227,"column":8},"end":{"line":1230,"column":null}},"521":{"start":{"line":1232,"column":8},"end":{"line":1248,"column":null}},"522":{"start":{"line":1250,"column":8},"end":{"line":1261,"column":null}},"523":{"start":{"line":1251,"column":10},"end":{"line":1260,"column":null}},"524":{"start":{"line":1263,"column":8},"end":{"line":1263,"column":null}},"525":{"start":{"line":1266,"column":6},"end":{"line":1274,"column":null}},"526":{"start":{"line":1267,"column":26},"end":{"line":1267,"column":null}},"527":{"start":{"line":1268,"column":8},"end":{"line":1273,"column":null}},"528":{"start":{"line":1275,"column":6},"end":{"line":1275,"column":null}},"529":{"start":{"line":1279,"column":4},"end":{"line":1288,"column":null}},"530":{"start":{"line":1287,"column":6},"end":{"line":1287,"column":null}},"531":{"start":{"line":1291,"column":4},"end":{"line":1350,"column":null}},"532":{"start":{"line":1292,"column":6},"end":{"line":1349,"column":null}},"533":{"start":{"line":1293,"column":36},"end":{"line":1293,"column":null}},"534":{"start":{"line":1294,"column":14},"end":{"line":1294,"column":null}},"535":{"start":{"line":1295,"column":22},"end":{"line":1295,"column":null}},"536":{"start":{"line":1296,"column":33},"end":{"line":1296,"column":null}},"537":{"start":{"line":1297,"column":29},"end":{"line":1297,"column":null}},"538":{"start":{"line":1298,"column":27},"end":{"line":1300,"column":null}},"539":{"start":{"line":1301,"column":8},"end":{"line":1340,"column":null}},"540":{"start":{"line":1303,"column":30},"end":{"line":1306,"column":null}},"541":{"start":{"line":1307,"column":10},"end":{"line":1307,"column":null}},"542":{"start":{"line":1307,"column":28},"end":{"line":1307,"column":null}},"543":{"start":{"line":1308,"column":27},"end":{"line":1311,"column":null}},"544":{"start":{"line":1312,"column":10},"end":{"line":1339,"column":null}},"545":{"start":{"line":1313,"column":12},"end":{"line":1326,"column":null}},"546":{"start":{"line":1327,"column":12},"end":{"line":1338,"column":null}},"547":{"start":{"line":1342,"column":23},"end":{"line":1342,"column":null}},"548":{"start":{"line":1343,"column":8},"end":{"line":1343,"column":null}},"549":{"start":{"line":1345,"column":8},"end":{"line":1348,"column":null}},"550":{"start":{"line":1346,"column":36},"end":{"line":1346,"column":null}},"551":{"start":{"line":1347,"column":10},"end":{"line":1347,"column":null}},"552":{"start":{"line":1352,"column":26},"end":{"line":1358,"column":null}},"553":{"start":{"line":1353,"column":6},"end":{"line":1355,"column":null}},"554":{"start":{"line":1354,"column":8},"end":{"line":1354,"column":null}},"555":{"start":{"line":1356,"column":17},"end":{"line":1356,"column":null}},"556":{"start":{"line":1356,"column":48},"end":{"line":1356,"column":70}},"557":{"start":{"line":1357,"column":6},"end":{"line":1357,"column":null}},"558":{"start":{"line":1361,"column":6},"end":{"line":1363,"column":null}},"559":{"start":{"line":1365,"column":4},"end":{"line":1385,"column":null}},"560":{"start":{"line":1387,"column":4},"end":{"line":1387,"column":null}},"561":{"start":{"line":1389,"column":26},"end":{"line":1398,"column":null}},"562":{"start":{"line":1400,"column":19},"end":{"line":1400,"column":null}},"563":{"start":{"line":1401,"column":19},"end":{"line":1401,"column":null}},"564":{"start":{"line":1401,"column":45},"end":{"line":1401,"column":59}},"565":{"start":{"line":1402,"column":4},"end":{"line":1407,"column":null}}},"fnMap":{"0":{"name":"matchReturnOffers","decl":{"start":{"line":26,"column":9},"end":{"line":26,"column":null}},"loc":{"start":{"line":30,"column":22},"end":{"line":39,"column":null}},"line":30},"1":{"name":"(anonymous_1)","decl":{"start":{"line":32,"column":37},"end":{"line":32,"column":43}},"loc":{"start":{"line":32,"column":43},"end":{"line":32,"column":58}},"line":32},"2":{"name":"createDiscountCode","decl":{"start":{"line":41,"column":15},"end":{"line":41,"column":null}},"loc":{"start":{"line":45,"column":45},"end":{"line":96,"column":null}},"line":45},"3":{"name":"(anonymous_3)","decl":{"start":{"line":90,"column":44},"end":{"line":90,"column":50}},"loc":{"start":{"line":90,"column":50},"end":{"line":90,"column":59}},"line":90},"4":{"name":"(anonymous_4)","decl":{"start":{"line":100,"column":22},"end":{"line":100,"column":29}},"loc":{"start":{"line":100,"column":65},"end":{"line":105,"column":null}},"line":100},"5":{"name":"(anonymous_5)","decl":{"start":{"line":107,"column":22},"end":{"line":107,"column":29}},"loc":{"start":{"line":107,"column":65},"end":{"line":1409,"column":null}},"line":107},"6":{"name":"(anonymous_6)","decl":{"start":{"line":186,"column":19},"end":{"line":186,"column":25}},"loc":{"start":{"line":186,"column":25},"end":{"line":186,"column":90}},"line":186},"7":{"name":"(anonymous_7)","decl":{"start":{"line":187,"column":16},"end":{"line":187,"column":23}},"loc":{"start":{"line":187,"column":23},"end":{"line":192,"column":12}},"line":187},"8":{"name":"(anonymous_8)","decl":{"start":{"line":241,"column":33},"end":{"line":241,"column":40}},"loc":{"start":{"line":241,"column":40},"end":{"line":241,"column":73}},"line":241},"9":{"name":"(anonymous_9)","decl":{"start":{"line":263,"column":102},"end":{"line":263,"column":109}},"loc":{"start":{"line":263,"column":109},"end":{"line":263,"column":129}},"line":263},"10":{"name":"(anonymous_10)","decl":{"start":{"line":313,"column":21},"end":{"line":313,"column":27}},"loc":{"start":{"line":313,"column":27},"end":{"line":313,"column":29}},"line":313},"11":{"name":"(anonymous_11)","decl":{"start":{"line":360,"column":23},"end":{"line":360,"column":29}},"loc":{"start":{"line":360,"column":29},"end":{"line":360,"column":31}},"line":360},"12":{"name":"(anonymous_12)","decl":{"start":{"line":467,"column":33},"end":{"line":467,"column":41}},"loc":{"start":{"line":467,"column":41},"end":{"line":482,"column":8}},"line":467},"13":{"name":"(anonymous_13)","decl":{"start":{"line":495,"column":9},"end":{"line":495,"column":16}},"loc":{"start":{"line":495,"column":16},"end":{"line":495,"column":null}},"line":495},"14":{"name":"(anonymous_14)","decl":{"start":{"line":583,"column":53},"end":{"line":583,"column":60}},"loc":{"start":{"line":583,"column":60},"end":{"line":583,"column":73}},"line":583},"15":{"name":"(anonymous_15)","decl":{"start":{"line":583,"column":83},"end":{"line":583,"column":90}},"loc":{"start":{"line":583,"column":90},"end":{"line":583,"column":105}},"line":583},"16":{"name":"(anonymous_16)","decl":{"start":{"line":584,"column":48},"end":{"line":584,"column":55}},"loc":{"start":{"line":584,"column":55},"end":{"line":584,"column":67}},"line":584},"17":{"name":"(anonymous_17)","decl":{"start":{"line":585,"column":65},"end":{"line":585,"column":72}},"loc":{"start":{"line":585,"column":72},"end":{"line":585,"column":89}},"line":585},"18":{"name":"(anonymous_18)","decl":{"start":{"line":643,"column":20},"end":{"line":643,"column":26}},"loc":{"start":{"line":643,"column":26},"end":{"line":643,"column":49}},"line":643},"19":{"name":"(anonymous_19)","decl":{"start":{"line":757,"column":52},"end":{"line":757,"column":67}},"loc":{"start":{"line":757,"column":67},"end":{"line":757,"column":97}},"line":757},"20":{"name":"(anonymous_20)","decl":{"start":{"line":813,"column":102},"end":{"line":813,"column":108}},"loc":{"start":{"line":813,"column":108},"end":{"line":816,"column":13}},"line":813},"21":{"name":"(anonymous_21)","decl":{"start":{"line":818,"column":86},"end":{"line":818,"column":92}},"loc":{"start":{"line":818,"column":92},"end":{"line":818,"column":107}},"line":818},"22":{"name":"(anonymous_22)","decl":{"start":{"line":856,"column":59},"end":{"line":856,"column":65}},"loc":{"start":{"line":856,"column":65},"end":{"line":856,"column":69}},"line":856},"23":{"name":"(anonymous_23)","decl":{"start":{"line":868,"column":44},"end":{"line":868,"column":50}},"loc":{"start":{"line":868,"column":50},"end":{"line":868,"column":102}},"line":868},"24":{"name":"(anonymous_24)","decl":{"start":{"line":899,"column":17},"end":{"line":899,"column":23}},"loc":{"start":{"line":899,"column":23},"end":{"line":905,"column":9}},"line":899},"25":{"name":"(anonymous_25)","decl":{"start":{"line":901,"column":44},"end":{"line":901,"column":50}},"loc":{"start":{"line":901,"column":50},"end":{"line":901,"column":74}},"line":901},"26":{"name":"(anonymous_26)","decl":{"start":{"line":906,"column":14},"end":{"line":906,"column":21}},"loc":{"start":{"line":906,"column":21},"end":{"line":910,"column":10}},"line":906},"27":{"name":"(anonymous_27)","decl":{"start":{"line":924,"column":49},"end":{"line":924,"column":50}},"loc":{"start":{"line":924,"column":62},"end":{"line":927,"column":13}},"line":924},"28":{"name":"(anonymous_28)","decl":{"start":{"line":930,"column":52},"end":{"line":930,"column":59}},"loc":{"start":{"line":930,"column":59},"end":{"line":930,"column":79}},"line":930},"29":{"name":"(anonymous_29)","decl":{"start":{"line":972,"column":55},"end":{"line":972,"column":56}},"loc":{"start":{"line":972,"column":68},"end":{"line":977,"column":9}},"line":972},"30":{"name":"(anonymous_30)","decl":{"start":{"line":973,"column":49},"end":{"line":973,"column":56}},"loc":{"start":{"line":973,"column":56},"end":{"line":973,"column":79}},"line":973},"31":{"name":"(anonymous_31)","decl":{"start":{"line":982,"column":17},"end":{"line":982,"column":24}},"loc":{"start":{"line":982,"column":24},"end":{"line":982,"column":75}},"line":982},"32":{"name":"(anonymous_32)","decl":{"start":{"line":982,"column":44},"end":{"line":982,"column":51}},"loc":{"start":{"line":982,"column":51},"end":{"line":982,"column":74}},"line":982},"33":{"name":"(anonymous_33)","decl":{"start":{"line":983,"column":18},"end":{"line":983,"column":25}},"loc":{"start":{"line":983,"column":25},"end":{"line":983,"column":45}},"line":983},"34":{"name":"(anonymous_34)","decl":{"start":{"line":984,"column":14},"end":{"line":984,"column":20}},"loc":{"start":{"line":984,"column":20},"end":{"line":984,"column":35}},"line":984},"35":{"name":"(anonymous_35)","decl":{"start":{"line":985,"column":70},"end":{"line":985,"column":77}},"loc":{"start":{"line":985,"column":77},"end":{"line":985,"column":115}},"line":985},"36":{"name":"(anonymous_36)","decl":{"start":{"line":1015,"column":37},"end":{"line":1015,"column":43}},"loc":{"start":{"line":1015,"column":43},"end":{"line":1015,"column":57}},"line":1015},"37":{"name":"(anonymous_37)","decl":{"start":{"line":1034,"column":41},"end":{"line":1034,"column":47}},"loc":{"start":{"line":1034,"column":47},"end":{"line":1034,"column":79}},"line":1034},"38":{"name":"(anonymous_38)","decl":{"start":{"line":1059,"column":45},"end":{"line":1059,"column":52}},"loc":{"start":{"line":1059,"column":59},"end":{"line":1264,"column":7}},"line":1059},"39":{"name":"(anonymous_39)","decl":{"start":{"line":1062,"column":58},"end":{"line":1062,"column":65}},"loc":{"start":{"line":1062,"column":65},"end":{"line":1062,"column":78}},"line":1062},"40":{"name":"(anonymous_40)","decl":{"start":{"line":1062,"column":88},"end":{"line":1062,"column":95}},"loc":{"start":{"line":1062,"column":95},"end":{"line":1062,"column":110}},"line":1062},"41":{"name":"(anonymous_41)","decl":{"start":{"line":1082,"column":18},"end":{"line":1082,"column":25}},"loc":{"start":{"line":1082,"column":25},"end":{"line":1082,"column":161}},"line":1082},"42":{"name":"(anonymous_42)","decl":{"start":{"line":1082,"column":94},"end":{"line":1082,"column":100}},"loc":{"start":{"line":1082,"column":100},"end":{"line":1082,"column":122}},"line":1082},"43":{"name":"(anonymous_43)","decl":{"start":{"line":1099,"column":57},"end":{"line":1099,"column":64}},"loc":{"start":{"line":1099,"column":64},"end":{"line":1103,"column":17}},"line":1099},"44":{"name":"(anonymous_44)","decl":{"start":{"line":1101,"column":49},"end":{"line":1101,"column":55}},"loc":{"start":{"line":1101,"column":55},"end":{"line":1101,"column":77}},"line":1101},"45":{"name":"(anonymous_45)","decl":{"start":{"line":1113,"column":52},"end":{"line":1113,"column":58}},"loc":{"start":{"line":1113,"column":58},"end":{"line":1113,"column":81}},"line":1113},"46":{"name":"(anonymous_46)","decl":{"start":{"line":1153,"column":33},"end":{"line":1153,"column":39}},"loc":{"start":{"line":1153,"column":39},"end":{"line":1161,"column":15}},"line":1153},"47":{"name":"(anonymous_47)","decl":{"start":{"line":1155,"column":22},"end":{"line":1155,"column":28}},"loc":{"start":{"line":1155,"column":28},"end":{"line":1155,"column":57}},"line":1155},"48":{"name":"(anonymous_48)","decl":{"start":{"line":1158,"column":69},"end":{"line":1158,"column":75}},"loc":{"start":{"line":1158,"column":75},"end":{"line":1158,"column":107}},"line":1158},"49":{"name":"(anonymous_49)","decl":{"start":{"line":1171,"column":29},"end":{"line":1171,"column":35}},"loc":{"start":{"line":1171,"column":35},"end":{"line":1176,"column":15}},"line":1171},"50":{"name":"(anonymous_50)","decl":{"start":{"line":1172,"column":56},"end":{"line":1172,"column":62}},"loc":{"start":{"line":1172,"column":62},"end":{"line":1172,"column":79}},"line":1172},"51":{"name":"(anonymous_51)","decl":{"start":{"line":1178,"column":41},"end":{"line":1178,"column":48}},"loc":{"start":{"line":1178,"column":48},"end":{"line":1215,"column":15}},"line":1178},"52":{"name":"(anonymous_52)","decl":{"start":{"line":1182,"column":57},"end":{"line":1182,"column":63}},"loc":{"start":{"line":1182,"column":63},"end":{"line":1182,"column":114}},"line":1182},"53":{"name":"(anonymous_53)","decl":{"start":{"line":1189,"column":26},"end":{"line":1189,"column":32}},"loc":{"start":{"line":1189,"column":32},"end":{"line":1198,"column":21}},"line":1189},"54":{"name":"(anonymous_54)","decl":{"start":{"line":1286,"column":14},"end":{"line":1286,"column":28}},"loc":{"start":{"line":1286,"column":28},"end":{"line":1288,"column":5}},"line":1286},"55":{"name":"(anonymous_55)","decl":{"start":{"line":1352,"column":45},"end":{"line":1352,"column":52}},"loc":{"start":{"line":1352,"column":52},"end":{"line":1358,"column":5}},"line":1352},"56":{"name":"(anonymous_56)","decl":{"start":{"line":1356,"column":42},"end":{"line":1356,"column":48}},"loc":{"start":{"line":1356,"column":48},"end":{"line":1356,"column":70}},"line":1356},"57":{"name":"(anonymous_57)","decl":{"start":{"line":1401,"column":39},"end":{"line":1401,"column":45}},"loc":{"start":{"line":1401,"column":45},"end":{"line":1401,"column":59}},"line":1401}},"branchMap":{"0":{"loc":{"start":{"line":31,"column":2},"end":{"line":31,"column":null}},"type":"if","locations":[{"start":{"line":31,"column":2},"end":{"line":31,"column":null}},{"start":{},"end":{}}],"line":31},"1":{"loc":{"start":{"line":31,"column":6},"end":{"line":31,"column":38}},"type":"binary-expr","locations":[{"start":{"line":31,"column":6},"end":{"line":31,"column":17}},{"start":{"line":31,"column":17},"end":{"line":31,"column":38}}],"line":31},"2":{"loc":{"start":{"line":34,"column":24},"end":{"line":34,"column":null}},"type":"binary-expr","locations":[{"start":{"line":34,"column":24},"end":{"line":34,"column":45}},{"start":{"line":34,"column":45},"end":{"line":34,"column":null}}],"line":34},"3":{"loc":{"start":{"line":35,"column":21},"end":{"line":35,"column":null}},"type":"binary-expr","locations":[{"start":{"line":35,"column":21},"end":{"line":35,"column":35}},{"start":{"line":35,"column":35},"end":{"line":35,"column":null}}],"line":35},"4":{"loc":{"start":{"line":36,"column":4},"end":{"line":36,"column":null}},"type":"if","locations":[{"start":{"line":36,"column":4},"end":{"line":36,"column":null}},{"start":{},"end":{}}],"line":36},"5":{"loc":{"start":{"line":36,"column":8},"end":{"line":36,"column":33}},"type":"binary-expr","locations":[{"start":{"line":36,"column":8},"end":{"line":36,"column":23}},{"start":{"line":36,"column":23},"end":{"line":36,"column":33}}],"line":36},"6":{"loc":{"start":{"line":70,"column":15},"end":{"line":72,"column":null}},"type":"cond-expr","locations":[{"start":{"line":71,"column":12},"end":{"line":71,"column":null}},{"start":{"line":72,"column":12},"end":{"line":72,"column":null}}],"line":70},"7":{"loc":{"start":{"line":88,"column":19},"end":{"line":88,"column":70}},"type":"binary-expr","locations":[{"start":{"line":88,"column":19},"end":{"line":88,"column":69}},{"start":{"line":88,"column":69},"end":{"line":88,"column":70}}],"line":88},"8":{"loc":{"start":{"line":89,"column":4},"end":{"line":91,"column":null}},"type":"if","locations":[{"start":{"line":89,"column":4},"end":{"line":91,"column":null}},{"start":{},"end":{}}],"line":89},"9":{"loc":{"start":{"line":94,"column":30},"end":{"line":94,"column":100}},"type":"cond-expr","locations":[{"start":{"line":94,"column":53},"end":{"line":94,"column":67}},{"start":{"line":94,"column":67},"end":{"line":94,"column":100}}],"line":94},"10":{"loc":{"start":{"line":101,"column":2},"end":{"line":103,"column":null}},"type":"if","locations":[{"start":{"line":101,"column":2},"end":{"line":103,"column":null}},{"start":{},"end":{}}],"line":101},"11":{"loc":{"start":{"line":108,"column":2},"end":{"line":110,"column":null}},"type":"if","locations":[{"start":{"line":108,"column":2},"end":{"line":110,"column":null}},{"start":{},"end":{}}],"line":108},"12":{"loc":{"start":{"line":113,"column":2},"end":{"line":113,"column":null}},"type":"if","locations":[{"start":{"line":113,"column":2},"end":{"line":113,"column":null}},{"start":{},"end":{}}],"line":113},"13":{"loc":{"start":{"line":124,"column":32},"end":{"line":124,"column":74}},"type":"binary-expr","locations":[{"start":{"line":124,"column":32},"end":{"line":124,"column":68}},{"start":{"line":124,"column":68},"end":{"line":124,"column":74}}],"line":124},"14":{"loc":{"start":{"line":125,"column":4},"end":{"line":134,"column":null}},"type":"if","locations":[{"start":{"line":125,"column":4},"end":{"line":134,"column":null}},{"start":{},"end":{}}],"line":125},"15":{"loc":{"start":{"line":125,"column":8},"end":{"line":125,"column":46}},"type":"binary-expr","locations":[{"start":{"line":125,"column":8},"end":{"line":125,"column":24}},{"start":{"line":125,"column":24},"end":{"line":125,"column":46}}],"line":125},"16":{"loc":{"start":{"line":126,"column":27},"end":{"line":126,"column":null}},"type":"cond-expr","locations":[{"start":{"line":126,"column":49},"end":{"line":126,"column":56}},{"start":{"line":126,"column":56},"end":{"line":126,"column":null}}],"line":126},"17":{"loc":{"start":{"line":128,"column":6},"end":{"line":133,"column":null}},"type":"if","locations":[{"start":{"line":128,"column":6},"end":{"line":133,"column":null}},{"start":{},"end":{}}],"line":128},"18":{"loc":{"start":{"line":138,"column":29},"end":{"line":142,"column":null}},"type":"cond-expr","locations":[{"start":{"line":139,"column":8},"end":{"line":139,"column":null}},{"start":{"line":140,"column":8},"end":{"line":142,"column":null}}],"line":138},"19":{"loc":{"start":{"line":140,"column":8},"end":{"line":142,"column":null}},"type":"cond-expr","locations":[{"start":{"line":141,"column":10},"end":{"line":141,"column":null}},{"start":{"line":142,"column":10},"end":{"line":142,"column":null}}],"line":140},"20":{"loc":{"start":{"line":144,"column":27},"end":{"line":144,"column":null}},"type":"binary-expr","locations":[{"start":{"line":144,"column":27},"end":{"line":144,"column":103}},{"start":{"line":144,"column":103},"end":{"line":144,"column":null}}],"line":144},"21":{"loc":{"start":{"line":145,"column":26},"end":{"line":145,"column":null}},"type":"binary-expr","locations":[{"start":{"line":145,"column":26},"end":{"line":145,"column":78}},{"start":{"line":145,"column":78},"end":{"line":145,"column":null}}],"line":145},"22":{"loc":{"start":{"line":146,"column":26},"end":{"line":146,"column":null}},"type":"binary-expr","locations":[{"start":{"line":146,"column":26},"end":{"line":146,"column":78}},{"start":{"line":146,"column":78},"end":{"line":146,"column":null}}],"line":146},"23":{"loc":{"start":{"line":147,"column":29},"end":{"line":147,"column":null}},"type":"binary-expr","locations":[{"start":{"line":147,"column":29},"end":{"line":147,"column":84}},{"start":{"line":147,"column":84},"end":{"line":147,"column":null}}],"line":147},"24":{"loc":{"start":{"line":148,"column":30},"end":{"line":148,"column":null}},"type":"binary-expr","locations":[{"start":{"line":148,"column":30},"end":{"line":148,"column":100}},{"start":{"line":148,"column":100},"end":{"line":148,"column":null}}],"line":148},"25":{"loc":{"start":{"line":149,"column":30},"end":{"line":149,"column":null}},"type":"binary-expr","locations":[{"start":{"line":149,"column":30},"end":{"line":149,"column":100}},{"start":{"line":149,"column":100},"end":{"line":149,"column":null}}],"line":149},"26":{"loc":{"start":{"line":150,"column":30},"end":{"line":150,"column":null}},"type":"binary-expr","locations":[{"start":{"line":150,"column":30},"end":{"line":150,"column":100}},{"start":{"line":150,"column":100},"end":{"line":150,"column":null}}],"line":150},"27":{"loc":{"start":{"line":151,"column":25},"end":{"line":151,"column":null}},"type":"binary-expr","locations":[{"start":{"line":151,"column":25},"end":{"line":151,"column":89}},{"start":{"line":151,"column":89},"end":{"line":151,"column":null}}],"line":151},"28":{"loc":{"start":{"line":152,"column":30},"end":{"line":152,"column":null}},"type":"binary-expr","locations":[{"start":{"line":152,"column":30},"end":{"line":152,"column":100}},{"start":{"line":152,"column":100},"end":{"line":152,"column":null}}],"line":152},"29":{"loc":{"start":{"line":164,"column":26},"end":{"line":164,"column":null}},"type":"binary-expr","locations":[{"start":{"line":164,"column":26},"end":{"line":164,"column":101}},{"start":{"line":164,"column":101},"end":{"line":164,"column":null}}],"line":164},"30":{"loc":{"start":{"line":167,"column":6},"end":{"line":169,"column":null}},"type":"cond-expr","locations":[{"start":{"line":168,"column":10},"end":{"line":168,"column":null}},{"start":{"line":169,"column":10},"end":{"line":169,"column":null}}],"line":167},"31":{"loc":{"start":{"line":167,"column":6},"end":{"line":167,"column":null}},"type":"binary-expr","locations":[{"start":{"line":167,"column":6},"end":{"line":167,"column":42}},{"start":{"line":167,"column":42},"end":{"line":167,"column":81}},{"start":{"line":167,"column":81},"end":{"line":167,"column":null}}],"line":167},"32":{"loc":{"start":{"line":170,"column":31},"end":{"line":172,"column":null}},"type":"cond-expr","locations":[{"start":{"line":171,"column":9},"end":{"line":171,"column":null}},{"start":{"line":172,"column":8},"end":{"line":172,"column":null}}],"line":170},"33":{"loc":{"start":{"line":170,"column":31},"end":{"line":170,"column":null}},"type":"binary-expr","locations":[{"start":{"line":170,"column":31},"end":{"line":170,"column":64}},{"start":{"line":170,"column":64},"end":{"line":170,"column":null}}],"line":170},"34":{"loc":{"start":{"line":171,"column":9},"end":{"line":171,"column":null}},"type":"binary-expr","locations":[{"start":{"line":171,"column":9},"end":{"line":171,"column":81}},{"start":{"line":171,"column":81},"end":{"line":171,"column":null}}],"line":171},"35":{"loc":{"start":{"line":183,"column":38},"end":{"line":193,"column":9}},"type":"cond-expr","locations":[{"start":{"line":184,"column":8},"end":{"line":192,"column":null}},{"start":{"line":193,"column":8},"end":{"line":193,"column":9}}],"line":183},"36":{"loc":{"start":{"line":183,"column":38},"end":{"line":183,"column":null}},"type":"binary-expr","locations":[{"start":{"line":183,"column":38},"end":{"line":183,"column":71}},{"start":{"line":183,"column":71},"end":{"line":183,"column":null}}],"line":183},"37":{"loc":{"start":{"line":186,"column":25},"end":{"line":186,"column":90}},"type":"binary-expr","locations":[{"start":{"line":186,"column":25},"end":{"line":186,"column":61}},{"start":{"line":186,"column":61},"end":{"line":186,"column":90}}],"line":186},"38":{"loc":{"start":{"line":188,"column":31},"end":{"line":188,"column":49}},"type":"binary-expr","locations":[{"start":{"line":188,"column":31},"end":{"line":188,"column":47}},{"start":{"line":188,"column":47},"end":{"line":188,"column":49}}],"line":188},"39":{"loc":{"start":{"line":189,"column":30},"end":{"line":189,"column":47}},"type":"binary-expr","locations":[{"start":{"line":189,"column":30},"end":{"line":189,"column":45}},{"start":{"line":189,"column":45},"end":{"line":189,"column":47}}],"line":189},"40":{"loc":{"start":{"line":191,"column":26},"end":{"line":191,"column":null}},"type":"cond-expr","locations":[{"start":{"line":191,"column":63},"end":{"line":191,"column":94}},{"start":{"line":191,"column":94},"end":{"line":191,"column":null}}],"line":191},"41":{"loc":{"start":{"line":195,"column":4},"end":{"line":200,"column":null}},"type":"if","locations":[{"start":{"line":195,"column":4},"end":{"line":200,"column":null}},{"start":{},"end":{}}],"line":195},"42":{"loc":{"start":{"line":195,"column":8},"end":{"line":195,"column":36}},"type":"binary-expr","locations":[{"start":{"line":195,"column":8},"end":{"line":195,"column":17}},{"start":{"line":195,"column":17},"end":{"line":195,"column":36}}],"line":195},"43":{"loc":{"start":{"line":202,"column":4},"end":{"line":207,"column":null}},"type":"if","locations":[{"start":{"line":202,"column":4},"end":{"line":207,"column":null}},{"start":{},"end":{}}],"line":202},"44":{"loc":{"start":{"line":202,"column":8},"end":{"line":202,"column":55}},"type":"binary-expr","locations":[{"start":{"line":202,"column":8},"end":{"line":202,"column":27}},{"start":{"line":202,"column":27},"end":{"line":202,"column":55}}],"line":202},"45":{"loc":{"start":{"line":208,"column":4},"end":{"line":213,"column":null}},"type":"if","locations":[{"start":{"line":208,"column":4},"end":{"line":213,"column":null}},{"start":{},"end":{}}],"line":208},"46":{"loc":{"start":{"line":208,"column":8},"end":{"line":208,"column":33}},"type":"binary-expr","locations":[{"start":{"line":208,"column":8},"end":{"line":208,"column":23}},{"start":{"line":208,"column":23},"end":{"line":208,"column":33}}],"line":208},"47":{"loc":{"start":{"line":215,"column":23},"end":{"line":215,"column":null}},"type":"cond-expr","locations":[{"start":{"line":215,"column":44},"end":{"line":215,"column":51}},{"start":{"line":215,"column":51},"end":{"line":215,"column":null}}],"line":215},"48":{"loc":{"start":{"line":220,"column":4},"end":{"line":222,"column":null}},"type":"if","locations":[{"start":{"line":220,"column":4},"end":{"line":222,"column":null}},{"start":{},"end":{}}],"line":220},"49":{"loc":{"start":{"line":225,"column":29},"end":{"line":225,"column":null}},"type":"binary-expr","locations":[{"start":{"line":225,"column":29},"end":{"line":225,"column":59}},{"start":{"line":225,"column":59},"end":{"line":225,"column":null}}],"line":225},"50":{"loc":{"start":{"line":228,"column":28},"end":{"line":228,"column":null}},"type":"binary-expr","locations":[{"start":{"line":228,"column":28},"end":{"line":228,"column":56}},{"start":{"line":228,"column":56},"end":{"line":228,"column":null}}],"line":228},"51":{"loc":{"start":{"line":231,"column":4},"end":{"line":253,"column":null}},"type":"if","locations":[{"start":{"line":231,"column":4},"end":{"line":253,"column":null}},{"start":{},"end":{}}],"line":231},"52":{"loc":{"start":{"line":231,"column":8},"end":{"line":231,"column":51}},"type":"binary-expr","locations":[{"start":{"line":231,"column":8},"end":{"line":231,"column":38}},{"start":{"line":231,"column":38},"end":{"line":231,"column":51}}],"line":231},"53":{"loc":{"start":{"line":233,"column":6},"end":{"line":233,"column":null}},"type":"if","locations":[{"start":{"line":233,"column":6},"end":{"line":233,"column":null}},{"start":{},"end":{}}],"line":233},"54":{"loc":{"start":{"line":234,"column":6},"end":{"line":234,"column":null}},"type":"if","locations":[{"start":{"line":234,"column":6},"end":{"line":234,"column":null}},{"start":{},"end":{}}],"line":234},"55":{"loc":{"start":{"line":235,"column":6},"end":{"line":235,"column":null}},"type":"if","locations":[{"start":{"line":235,"column":6},"end":{"line":235,"column":null}},{"start":{},"end":{}}],"line":235},"56":{"loc":{"start":{"line":237,"column":6},"end":{"line":252,"column":null}},"type":"if","locations":[{"start":{"line":237,"column":6},"end":{"line":252,"column":null}},{"start":{},"end":{}}],"line":237},"57":{"loc":{"start":{"line":244,"column":8},"end":{"line":251,"column":null}},"type":"if","locations":[{"start":{"line":244,"column":8},"end":{"line":251,"column":null}},{"start":{},"end":{}}],"line":244},"58":{"loc":{"start":{"line":257,"column":4},"end":{"line":290,"column":null}},"type":"if","locations":[{"start":{"line":257,"column":4},"end":{"line":290,"column":null}},{"start":{},"end":{}}],"line":257},"59":{"loc":{"start":{"line":257,"column":8},"end":{"line":257,"column":36}},"type":"binary-expr","locations":[{"start":{"line":257,"column":8},"end":{"line":257,"column":23}},{"start":{"line":257,"column":23},"end":{"line":257,"column":36}}],"line":257},"60":{"loc":{"start":{"line":258,"column":6},"end":{"line":260,"column":null}},"type":"if","locations":[{"start":{"line":258,"column":6},"end":{"line":260,"column":null}},{"start":{},"end":{}}],"line":258},"61":{"loc":{"start":{"line":261,"column":52},"end":{"line":261,"column":87}},"type":"binary-expr","locations":[{"start":{"line":261,"column":52},"end":{"line":261,"column":81}},{"start":{"line":261,"column":81},"end":{"line":261,"column":87}}],"line":261},"62":{"loc":{"start":{"line":263,"column":24},"end":{"line":263,"column":52}},"type":"binary-expr","locations":[{"start":{"line":263,"column":24},"end":{"line":263,"column":51}},{"start":{"line":263,"column":51},"end":{"line":263,"column":52}}],"line":263},"63":{"loc":{"start":{"line":263,"column":109},"end":{"line":263,"column":129}},"type":"binary-expr","locations":[{"start":{"line":263,"column":109},"end":{"line":263,"column":127}},{"start":{"line":263,"column":127},"end":{"line":263,"column":129}}],"line":263},"64":{"loc":{"start":{"line":265,"column":6},"end":{"line":267,"column":null}},"type":"if","locations":[{"start":{"line":265,"column":6},"end":{"line":267,"column":null}},{"start":{},"end":{}}],"line":265},"65":{"loc":{"start":{"line":272,"column":8},"end":{"line":274,"column":null}},"type":"if","locations":[{"start":{"line":272,"column":8},"end":{"line":274,"column":null}},{"start":{},"end":{}}],"line":272},"66":{"loc":{"start":{"line":272,"column":12},"end":{"line":272,"column":58}},"type":"binary-expr","locations":[{"start":{"line":272,"column":12},"end":{"line":272,"column":36}},{"start":{"line":272,"column":36},"end":{"line":272,"column":58}}],"line":272},"67":{"loc":{"start":{"line":273,"column":49},"end":{"line":273,"column":108}},"type":"binary-expr","locations":[{"start":{"line":273,"column":49},"end":{"line":273,"column":73}},{"start":{"line":273,"column":73},"end":{"line":273,"column":108}}],"line":273},"68":{"loc":{"start":{"line":292,"column":27},"end":{"line":292,"column":null}},"type":"cond-expr","locations":[{"start":{"line":292,"column":40},"end":{"line":292,"column":71}},{"start":{"line":292,"column":71},"end":{"line":292,"column":null}}],"line":292},"69":{"loc":{"start":{"line":297,"column":4},"end":{"line":367,"column":null}},"type":"if","locations":[{"start":{"line":297,"column":4},"end":{"line":367,"column":null}},{"start":{},"end":{}}],"line":297},"70":{"loc":{"start":{"line":297,"column":8},"end":{"line":297,"column":118}},"type":"binary-expr","locations":[{"start":{"line":297,"column":8},"end":{"line":297,"column":23}},{"start":{"line":297,"column":23},"end":{"line":297,"column":43}},{"start":{"line":297,"column":43},"end":{"line":297,"column":85}},{"start":{"line":297,"column":85},"end":{"line":297,"column":118}}],"line":297},"71":{"loc":{"start":{"line":303,"column":8},"end":{"line":316,"column":null}},"type":"if","locations":[{"start":{"line":303,"column":8},"end":{"line":316,"column":null}},{"start":{},"end":{}}],"line":303},"72":{"loc":{"start":{"line":308,"column":10},"end":{"line":314,"column":null}},"type":"if","locations":[{"start":{"line":308,"column":10},"end":{"line":314,"column":null}},{"start":{},"end":{}}],"line":308},"73":{"loc":{"start":{"line":308,"column":14},"end":{"line":308,"column":68}},"type":"binary-expr","locations":[{"start":{"line":308,"column":14},"end":{"line":308,"column":50}},{"start":{"line":308,"column":50},"end":{"line":308,"column":68}}],"line":308},"74":{"loc":{"start":{"line":323,"column":6},"end":{"line":342,"column":null}},"type":"if","locations":[{"start":{"line":323,"column":6},"end":{"line":342,"column":null}},{"start":{},"end":{}}],"line":323},"75":{"loc":{"start":{"line":335,"column":10},"end":{"line":338,"column":null}},"type":"if","locations":[{"start":{"line":335,"column":10},"end":{"line":338,"column":null}},{"start":{},"end":{}}],"line":335},"76":{"loc":{"start":{"line":346,"column":6},"end":{"line":366,"column":null}},"type":"if","locations":[{"start":{"line":346,"column":6},"end":{"line":366,"column":null}},{"start":{},"end":{}}],"line":346},"77":{"loc":{"start":{"line":346,"column":10},"end":{"line":346,"column":103}},"type":"binary-expr","locations":[{"start":{"line":346,"column":10},"end":{"line":346,"column":52}},{"start":{"line":346,"column":52},"end":{"line":346,"column":103}}],"line":346},"78":{"loc":{"start":{"line":351,"column":10},"end":{"line":362,"column":null}},"type":"if","locations":[{"start":{"line":351,"column":10},"end":{"line":362,"column":null}},{"start":{},"end":{}}],"line":351},"79":{"loc":{"start":{"line":355,"column":12},"end":{"line":361,"column":null}},"type":"if","locations":[{"start":{"line":355,"column":12},"end":{"line":361,"column":null}},{"start":{},"end":{}}],"line":355},"80":{"loc":{"start":{"line":385,"column":4},"end":{"line":483,"column":null}},"type":"if","locations":[{"start":{"line":385,"column":4},"end":{"line":483,"column":null}},{"start":{"line":440,"column":11},"end":{"line":483,"column":null}}],"line":385},"81":{"loc":{"start":{"line":386,"column":6},"end":{"line":391,"column":null}},"type":"if","locations":[{"start":{"line":386,"column":6},"end":{"line":391,"column":null}},{"start":{},"end":{}}],"line":386},"82":{"loc":{"start":{"line":392,"column":6},"end":{"line":397,"column":null}},"type":"if","locations":[{"start":{"line":392,"column":6},"end":{"line":397,"column":null}},{"start":{},"end":{}}],"line":392},"83":{"loc":{"start":{"line":398,"column":6},"end":{"line":403,"column":null}},"type":"if","locations":[{"start":{"line":398,"column":6},"end":{"line":403,"column":null}},{"start":{},"end":{}}],"line":398},"84":{"loc":{"start":{"line":398,"column":10},"end":{"line":398,"column":70}},"type":"binary-expr","locations":[{"start":{"line":398,"column":10},"end":{"line":398,"column":36}},{"start":{"line":398,"column":36},"end":{"line":398,"column":70}}],"line":398},"85":{"loc":{"start":{"line":404,"column":6},"end":{"line":409,"column":null}},"type":"if","locations":[{"start":{"line":404,"column":6},"end":{"line":409,"column":null}},{"start":{},"end":{}}],"line":404},"86":{"loc":{"start":{"line":410,"column":67},"end":{"line":410,"column":95}},"type":"binary-expr","locations":[{"start":{"line":410,"column":67},"end":{"line":410,"column":86}},{"start":{"line":410,"column":86},"end":{"line":410,"column":95}}],"line":410},"87":{"loc":{"start":{"line":417,"column":8},"end":{"line":436,"column":null}},"type":"if","locations":[{"start":{"line":417,"column":8},"end":{"line":436,"column":null}},{"start":{},"end":{}}],"line":417},"88":{"loc":{"start":{"line":418,"column":33},"end":{"line":418,"column":83}},"type":"binary-expr","locations":[{"start":{"line":418,"column":33},"end":{"line":418,"column":79}},{"start":{"line":418,"column":79},"end":{"line":418,"column":83}}],"line":418},"89":{"loc":{"start":{"line":419,"column":35},"end":{"line":419,"column":83}},"type":"binary-expr","locations":[{"start":{"line":419,"column":35},"end":{"line":419,"column":79}},{"start":{"line":419,"column":79},"end":{"line":419,"column":83}}],"line":419},"90":{"loc":{"start":{"line":420,"column":10},"end":{"line":427,"column":null}},"type":"if","locations":[{"start":{"line":420,"column":10},"end":{"line":427,"column":null}},{"start":{},"end":{}}],"line":420},"91":{"loc":{"start":{"line":420,"column":14},"end":{"line":420,"column":135}},"type":"binary-expr","locations":[{"start":{"line":420,"column":14},"end":{"line":420,"column":49}},{"start":{"line":420,"column":49},"end":{"line":420,"column":73}},{"start":{"line":420,"column":73},"end":{"line":420,"column":106}},{"start":{"line":420,"column":106},"end":{"line":420,"column":135}}],"line":420},"92":{"loc":{"start":{"line":428,"column":10},"end":{"line":435,"column":null}},"type":"if","locations":[{"start":{"line":428,"column":10},"end":{"line":435,"column":null}},{"start":{},"end":{}}],"line":428},"93":{"loc":{"start":{"line":428,"column":14},"end":{"line":428,"column":78}},"type":"binary-expr","locations":[{"start":{"line":428,"column":14},"end":{"line":428,"column":48}},{"start":{"line":428,"column":48},"end":{"line":428,"column":78}}],"line":428},"94":{"loc":{"start":{"line":441,"column":6},"end":{"line":446,"column":null}},"type":"if","locations":[{"start":{"line":441,"column":6},"end":{"line":446,"column":null}},{"start":{},"end":{}}],"line":441},"95":{"loc":{"start":{"line":441,"column":10},"end":{"line":441,"column":65}},"type":"binary-expr","locations":[{"start":{"line":441,"column":10},"end":{"line":441,"column":20}},{"start":{"line":441,"column":20},"end":{"line":441,"column":45}},{"start":{"line":441,"column":45},"end":{"line":441,"column":65}}],"line":441},"96":{"loc":{"start":{"line":448,"column":8},"end":{"line":453,"column":null}},"type":"if","locations":[{"start":{"line":448,"column":8},"end":{"line":453,"column":null}},{"start":{},"end":{}}],"line":448},"97":{"loc":{"start":{"line":448,"column":12},"end":{"line":448,"column":73}},"type":"binary-expr","locations":[{"start":{"line":448,"column":12},"end":{"line":448,"column":31}},{"start":{"line":448,"column":31},"end":{"line":448,"column":61}},{"start":{"line":448,"column":61},"end":{"line":448,"column":73}}],"line":448},"98":{"loc":{"start":{"line":454,"column":8},"end":{"line":459,"column":null}},"type":"if","locations":[{"start":{"line":454,"column":8},"end":{"line":459,"column":null}},{"start":{},"end":{}}],"line":454},"99":{"loc":{"start":{"line":461,"column":6},"end":{"line":466,"column":null}},"type":"if","locations":[{"start":{"line":461,"column":6},"end":{"line":466,"column":null}},{"start":{},"end":{}}],"line":461},"100":{"loc":{"start":{"line":470,"column":20},"end":{"line":470,"column":null}},"type":"cond-expr","locations":[{"start":{"line":470,"column":36},"end":{"line":470,"column":74}},{"start":{"line":470,"column":74},"end":{"line":470,"column":null}}],"line":470},"101":{"loc":{"start":{"line":471,"column":19},"end":{"line":471,"column":null}},"type":"cond-expr","locations":[{"start":{"line":471,"column":34},"end":{"line":471,"column":70}},{"start":{"line":471,"column":70},"end":{"line":471,"column":null}}],"line":471},"102":{"loc":{"start":{"line":472,"column":24},"end":{"line":472,"column":null}},"type":"cond-expr","locations":[{"start":{"line":472,"column":44},"end":{"line":472,"column":86}},{"start":{"line":472,"column":86},"end":{"line":472,"column":null}}],"line":472},"103":{"loc":{"start":{"line":473,"column":19},"end":{"line":473,"column":null}},"type":"cond-expr","locations":[{"start":{"line":473,"column":34},"end":{"line":473,"column":71}},{"start":{"line":473,"column":71},"end":{"line":473,"column":null}}],"line":473},"104":{"loc":{"start":{"line":474,"column":23},"end":{"line":474,"column":null}},"type":"cond-expr","locations":[{"start":{"line":474,"column":42},"end":{"line":474,"column":83}},{"start":{"line":474,"column":83},"end":{"line":474,"column":null}}],"line":474},"105":{"loc":{"start":{"line":475,"column":29},"end":{"line":475,"column":null}},"type":"cond-expr","locations":[{"start":{"line":475,"column":54},"end":{"line":475,"column":101}},{"start":{"line":475,"column":101},"end":{"line":475,"column":null}}],"line":475},"106":{"loc":{"start":{"line":476,"column":30},"end":{"line":476,"column":null}},"type":"cond-expr","locations":[{"start":{"line":476,"column":56},"end":{"line":476,"column":104}},{"start":{"line":476,"column":104},"end":{"line":476,"column":null}}],"line":476},"107":{"loc":{"start":{"line":477,"column":20},"end":{"line":477,"column":null}},"type":"cond-expr","locations":[{"start":{"line":477,"column":36},"end":{"line":477,"column":74}},{"start":{"line":477,"column":74},"end":{"line":477,"column":null}}],"line":477},"108":{"loc":{"start":{"line":478,"column":31},"end":{"line":478,"column":null}},"type":"cond-expr","locations":[{"start":{"line":478,"column":78},"end":{"line":478,"column":105}},{"start":{"line":478,"column":105},"end":{"line":478,"column":null}}],"line":478},"109":{"loc":{"start":{"line":479,"column":28},"end":{"line":479,"column":null}},"type":"cond-expr","locations":[{"start":{"line":479,"column":52},"end":{"line":479,"column":97}},{"start":{"line":479,"column":97},"end":{"line":479,"column":null}}],"line":479},"110":{"loc":{"start":{"line":480,"column":18},"end":{"line":480,"column":null}},"type":"cond-expr","locations":[{"start":{"line":480,"column":32},"end":{"line":480,"column":67}},{"start":{"line":480,"column":67},"end":{"line":480,"column":null}}],"line":480},"111":{"loc":{"start":{"line":481,"column":24},"end":{"line":481,"column":null}},"typ
[...]
:630:35:630:35:630:43":149,"s:631:22:631:Infinity":263,"s:632:12:632:Infinity":264,"b:632:48:632:84:632:84:632:89":150,"s:636:35:636:62":265,"b:636:35:636:61:636:61:636:62":151,"s:639:56:639:Infinity":266,"s:640:8:691:Infinity":267,"b:641:10:641:Infinity:undefined:undefined:undefined:undefined":152,"s:641:10:641:Infinity":268,"s:641:43:641:Infinity":269,"s:642:26:643:Infinity":270,"f:643:20:643:26":18,"s:643:26:643:49":271,"s:644:28:644:Infinity":272,"b:644:28:644:45:644:45:644:Infinity":153,"b:647:10:675:Infinity:662:10:675:Infinity":154,"s:647:10:675:Infinity":273,"b:647:14:647:36:647:36:647:51":155,"s:648:27:648:Infinity":274,"s:649:32:651:Infinity":275,"b:650:16:650:Infinity:651:17:651:Infinity":156,"b:649:32:649:81:649:81:649:Infinity":157,"b:651:17:651:37:651:37:651:Infinity":158,"s:652:32:652:Infinity":276,"b:652:32:652:65:652:65:652:Infinity":159,"s:653:12:653:Infinity":277,"b:653:39:653:66:653:66:653:71":160,"b:654:12:661:Infinity:undefined:undefined:undefined:undefined":161,"s:654:12:661:Infinity":278,"s:655:14:660:Infinity":279,"b:662:10:675:Infinity:undefined:undefined:undefined:undefined":162,"s:662:10:675:Infinity":280,"b:662:21:662:43:662:43:662:56":163,"s:664:27:664:Infinity":281,"s:665:32:665:Infinity":282,"b:665:32:665:73:665:73:665:Infinity":164,"s:666:24:666:Infinity":283,"b:666:24:666:43:666:43:666:Infinity":165,"b:667:12:674:Infinity:undefined:undefined:undefined:undefined":166,"s:667:12:674:Infinity":284,"s:668:14:673:Infinity":285,"s:679:34:679:Infinity":286,"b:679:34:679:75:679:75:679:Infinity":167,"s:680:30:682:Infinity":287,"b:680:30:680:Infinity:681:15:681:Infinity:682:15:682:Infinity":168,"b:683:10:690:Infinity:undefined:undefined:undefined:undefined":169,"s:683:10:690:Infinity":288,"s:684:12:689:Infinity":289,"b:696:4:726:Infinity:undefined:undefined:undefined:undefined":170,"s:696:4:726:Infinity":290,"b:696:8:696:23:696:23:696:32":171,"s:697:6:725:Infinity":291,"s:698:36:698:Infinity":292,"s:699:14:699:Infinity":293,"s:700:26:700:Infinity":294,"b:701:8:721:Infinity:undefined:undefined:undefined:undefined":172,"s:701:8:721:Infinity":295,"s:702:16:702:Infinity":296,"b:702:33:702:71:702:71:702:75":173,"s:703:16:703:Infinity":297,"b:703:29:703:65:703:65:703:69":174,"b:705:10:712:Infinity:undefined:undefined:undefined:undefined":175,"s:705:10:712:Infinity":298,"b:705:14:705:49:705:49:705:73:705:73:705:106:705:106:705:135":176,"s:706:12:711:Infinity":299,"b:713:10:720:Infinity:undefined:undefined:undefined:undefined":177,"s:713:10:720:Infinity":300,"b:713:14:713:42:713:42:713:66":178,"s:714:12:719:Infinity":301,"s:723:8:723:Infinity":302,"s:731:43:737:Infinity":303,"b:739:4:832:Infinity:undefined:undefined:undefined:undefined":179,"s:739:4:832:Infinity":304,"b:739:8:739:23:739:23:739:34:739:34:739:66":180,"s:740:6:831:Infinity":305,"s:741:28:749:Infinity":306,"b:750:8:828:Infinity:undefined:undefined:undefined:undefined":181,"s:750:8:828:Infinity":307,"s:751:48:751:49":308,"s:752:10:760:Infinity":309,"s:753:24:753:Infinity":310,"b:754:12:759:Infinity:undefined:undefined:undefined:undefined":182,"s:754:12:759:Infinity":311,"s:755:29:755:Infinity":312,"b:756:14:758:Infinity:undefined:undefined:undefined:undefined":183,"s:756:14:758:Infinity":313,"b:756:18:756:43:756:43:756:62":184,"s:757:16:757:Infinity":314,"f:757:52:757:67":19,"s:757:67:757:97":315,"s:763:49:763:Infinity":316,"s:766:28:773:Infinity":317,"b:774:10:776:Infinity:undefined:undefined:undefined:undefined":185,"s:774:10:776:Infinity":318,"s:775:12:775:Infinity":319,"b:779:10:792:Infinity:undefined:undefined:undefined:undefined":186,"s:779:10:792:Infinity":320,"s:780:33:788:Infinity":321,"b:789:12:791:Infinity:undefined:undefined:undefined:undefined":187,"s:789:12:791:Infinity":322,"s:790:14:790:Infinity":323,"b:795:10:807:Infinity:undefined:undefined:undefined:undefined":188,"s:795:10:807:Infinity":324,"b:795:14:795:36:795:36:795:64":189,"s:796:32:803:Infinity":325,"b:804:12:806:Infinity:undefined:undefined:undefined:undefined":190,"s:804:12:806:Infinity":326,"s:805:14:805:Infinity":327,"b:809:10:826:Infinity:undefined:undefined:undefined:undefined":191,"s:809:10:826:Infinity":328,"s:811:32:811:Infinity":329,"s:813:38:816:Infinity":330,"b:813:38:813:74:813:74:816:Infinity":192,"f:813:102:813:108":20,"s:814:27:814:Infinity":331,"s:815:14:815:Infinity":332,"b:815:21:815:51:815:51:815:Infinity":193,"b:817:12:825:Infinity:undefined:undefined:undefined:undefined":194,"s:817:12:825:Infinity":333,"b:817:16:817:32:817:32:817:52":195,"s:818:31:818:Infinity":334,"f:818:86:818:92":21,"s:818:92:818:107":335,"s:819:14:824:Infinity":336,"s:830:8:830:Infinity":337,"b:834:4:886:Infinity:undefined:undefined:undefined:undefined":196,"s:834:4:886:Infinity":338,"s:835:29:835:Infinity":339,"s:836:24:836:Infinity":340,"b:836:41:836:68:836:68:836:Infinity":197,"s:837:24:837:Infinity":341,"s:838:6:838:Infinity":342,"b:839:6:846:Infinity:undefined:undefined:undefined:undefined":198,"s:839:6:846:Infinity":343,"s:840:8:845:Infinity":344,"s:848:6:848:Infinity":345,"b:848:28:848:55:848:55:848:56":199,"s:856:27:856:Infinity":346,"f:856:59:856:65":22,"s:856:65:856:69":347,"s:857:6:885:Infinity":348,"b:858:8:858:Infinity:undefined:undefined:undefined:undefined":200,"s:858:8:858:Infinity":349,"s:858:41:858:Infinity":350,"s:861:33:861:Infinity":351,"b:862:8:867:Infinity:undefined:undefined:undefined:undefined":201,"s:862:8:867:Infinity":352,"b:862:12:862:50:862:50:862:71:862:71:862:109":202,"s:863:10:866:Infinity":353,"s:868:19:868:Infinity":354,"f:868:44:868:50":23,"s:868:50:868:102":355,"b:868:50:868:77:868:77:868:102":203,"s:869:22:869:Infinity":356,"b:869:34:869:57:869:57:869:Infinity":204,"s:870:21:870:41":357,"b:870:21:870:40:870:40:870:41":205,"s:871:14:878:Infinity":358,"b:872:38:872:65:872:65:872:Infinity":206,"b:874:37:874:44:874:44:874:Infinity":207,"b:879:8:884:Infinity:undefined:undefined:undefined:undefined":208,"s:879:8:884:Infinity":359,"s:880:10:883:Infinity":360,"b:881:35:881:57:881:57:881:88":209,"s:889:28:889:Infinity":361,"s:890:27:890:Infinity":362,"s:891:35:893:Infinity":363,"s:895:43:895:Infinity":364,"b:896:4:914:Infinity:undefined:undefined:undefined:undefined":210,"s:896:4:914:Infinity":365,"b:896:8:896:43:896:43:896:72":211,"s:897:25:910:Infinity":366,"f:899:17:899:23":24,"b:900:10:900:Infinity:undefined:undefined:undefined:undefined":212,"s:900:10:900:Infinity":367,"b:900:14:900:29:900:29:900:60":213,"s:900:60:900:Infinity":368,"b:901:10:901:Infinity:undefined:undefined:undefined:undefined":214,"s:901:10:901:Infinity":369,"f:901:44:901:50":25,"s:901:50:901:74":370,"s:901:77:901:Infinity":371,"s:902:31:902:Infinity":372,"b:903:10:903:Infinity:undefined:undefined:undefined:undefined":215,"s:903:10:903:Infinity":373,"s:903:45:903:Infinity":374,"s:904:10:904:Infinity":375,"f:906:14:906:21":26,"s:906:21:910:10":376,"b:907:23:907:33:907:33:907:41":216,"b:908:27:908:41:908:41:908:53":217,"b:911:6:913:Infinity:undefined:undefined:undefined:undefined":218,"s:911:6:913:Infinity":377,"s:912:8:912:Infinity":378,"b:918:4:959:Infinity:957:11:959:Infinity":219,"s:918:4:959:Infinity":379,"s:919:12:919:Infinity":380,"b:920:6:956:Infinity:954:13:956:Infinity":220,"s:920:6:956:Infinity":381,"b:923:8:928:Infinity:undefined:undefined:undefined:undefined":221,"s:923:8:928:Infinity":382,"b:923:12:923:27:923:27:923:58":222,"s:924:10:927:Infinity":383,"f:924:49:924:50":27,"s:925:22:925:Infinity":384,"b:925:33:925:56:925:56:925:Infinity":223,"s:926:12:926:Infinity":385,"b:926:47:926:51:926:51:926:Infinity":224,"s:929:32:929:Infinity":386,"s:930:24:930:Infinity":387,"f:930:52:930:59":28,"s:930:59:930:79":388,"b:930:59:930:77:930:77:930:79":225,"b:933:8:937:Infinity:undefined:undefined:undefined:undefined":226,"s:933:8:937:Infinity":389,"s:934:10:936:Infinity":390,"s:939:14:945:Infinity":391,"b:942:44:942:54:942:54:942:Infinity":227,"b:943:25:943:42:943:42:943:Infinity":228,"b:947:8:953:Infinity:949:8:953:Infinity":229,"s:947:8:953:Infinity":392,"s:948:10:948:Infinity":393,"b:949:8:953:Infinity:951:15:953:Infinity":230,"s:949:8:953:Infinity":394,"s:950:10:950:Infinity":395,"s:952:10:952:Infinity":396,"s:955:8:955:Infinity":397,"s:958:6:958:Infinity":398,"s:962:34:962:Infinity":399,"b:963:4:988:Infinity:undefined:undefined:undefined:undefined":231,"s:963:4:988:Infinity":400,"b:963:8:963:41:963:41:963:54":232,"s:964:29:964:Infinity":401,"b:964:62:964:115:964:115:964:Infinity":233,"s:965:35:965:36":402,"s:966:6:970:Infinity":403,"b:967:8:969:Infinity:undefined:undefined:undefined:undefined":234,"s:967:8:969:Infinity":404,"s:968:10:968:Infinity":405,"s:972:29:977:Infinity":406,"f:972:55:972:56":29,"s:973:29:973:Infinity":407,"f:973:49:973:56":30,"s:973:56:973:79":408,"b:974:8:974:Infinity:undefined:undefined:undefined:undefined":235,"s:974:8:974:Infinity":409,"s:974:27:974:Infinity":410,"s:975:18:975:Infinity":411,"b:975:29:975:52:975:52:975:Infinity":236,"s:976:8:976:Infinity":412,"b:976:43:976:66:976:66:976:Infinity":237,"s:979:29:979:Infinity":413,"b:979:29:979:55:979:55:979:77:979:77:979:99:979:99:979:Infinity":238,"s:981:26:984:Infinity":414,"f:982:17:982:24":31,"s:982:24:982:75":415,"f:982:44:982:51":32,"s:982:51:982:74":416,"f:983:18:983:25":33,"s:983:25:983:45":417,"b:983:25:983:43:983:43:983:45":239,"f:984:14:984:20":34,"s:984:20:984:35":418,"s:985:24:985:Infinity":419,"b:985:24:985:51:985:51:985:Infinity":240,"f:985:70:985:77":35,"s:985:77:985:115":420,"s:987:6:987:Infinity":421,"b:987:32:987:50:987:50:987:Infinity":241,"b:996:4:1053:Infinity:undefined:undefined:undefined:undefined":242,"s:996:4:1053:Infinity":422,"s:997:22:1000:Infinity":423,"b:1001:6:1049:Infinity:undefined:undefined:undefined:undefined":243,"s:1001:6:1049:Infinity":424,"s:1002:28:1002:Infinity":425,"s:1003:8:1006:Infinity":426,"b:1004:10:1004:Infinity:undefined:undefined:undefined:undefined":244,"s:1004:10:1004:Infinity":427,"b:1004:14:1004:32:1004:32:1004:48":245,"s:1004:48:1004:Infinity":428,"s:1005:10:1005:Infinity":429,"s:1007:89:1007:90":430,"s:1009:8:1039:Infinity":431,"s:1010:10:1038:Infinity":432,"s:1011:36:1011:Infinity":433,"s:1012:36:1012:Infinity":434,"s:1014:25:1014:Infinity":435,"s:1015:26:1015:Infinity":436,"f:1015:37:1015:43":36,"s:1015:43:1015:57":437,"s:1017:12:1027:Infinity":438,"s:1018:14:1024:Infinity":439,"s:1026:14:1026:Infinity":440,"b:1028:12:1031:Infinity:undefined:undefined:undefined:undefined":246,"s:1028:12:1031:Infinity":441,"s:1029:14:1029:Infinity":442,"s:1030:14:1030:Infinity":443,"s:1032:26:1032:Infinity":444,"s:1033:29:1033:56":445,"b:1033:29:1033:55:1033:55:1033:56":247,"s:1034:26:1034:Infinity":446,"f:1034:41:1034:47":37,"s:1034:47:1034:79":447,"b:1035:12:1035:Infinity:undefined:undefined:undefined:undefined":248,"s:1035:12:1035:Infinity":448,"s:1035:24:1035:Infinity":449,"s:1037:12:1037:Infinity":450,"b:1037:67:1037:81:1037:81:1037:95":249,"b:1040:8:1048:Infinity:undefined:undefined:undefined:undefined":250,"s:1040:8:1048:Infinity":451,"s:1041:10:1047:Infinity":452,"s:1056:33:1056:60":453,"b:1056:33:1056:59:1056:59:1056:60":251,"s:1058:4:1276:Infinity":454,"s:1059:6:1264:Infinity":455,"f:1059:45:1059:52":38,"b:1061:8:1122:Infinity:undefined:undefined:undefined:undefined":252,"s:1061:8:1122:Infinity":456,"b:1061:12:1061:27:1061:27:1061:55:1061:55:1061:75:1061:75:1061:116":253,"s:1062:39:1062:Infinity":457,"f:1062:58:1062:65":39,"s:1062:65:1062:78":458,"f:1062:88:1062:95":40,"s:1062:95:1062:110":459,"s:1063:38:1073:Infinity":460,"s:1074:61:1074:Infinity":461,"s:1075:10:1079:Infinity":462,"b:1076:12:1078:Infinity:undefined:undefined:undefined:undefined":254,"s:1076:12:1078:Infinity":463,"s:1077:14:1077:Infinity":464,"b:1077:58:1077:102:1077:102:1077:107":255,"s:1081:34:1083:Infinity":465,"f:1082:18:1082:25":41,"s:1082:25:1082:161":466,"b:1082:25:1082:69:1082:69:1082:161":256,"f:1082:94:1082:100":42,"s:1082:100:1082:122":467,"b:1084:10:1109:Infinity:undefined:undefined:undefined:undefined":257,"s:1084:10:1109:Infinity":468,"s:1085:12:1108:Infinity":469,"s:1086:31:1096:Infinity":470,"s:1097:14:1107:Infinity":471,"b:1098:16:1098:Infinity:undefined:undefined:undefined:undefined":258,"s:1098:16:1098:Infinity":472,"s:1098:29:1098:Infinity":473,"s:1099:37:1103:Infinity":474,"f:1099:57:1099:64":43,"s:1100:32:1101:Infinity":475,"b:1100:32:1100:Infinity:1101:24:1101:Infinity":259,"f:1101:49:1101:55":44,"s:1101:55:1101:77":476,"s:1102:18:1102:Infinity":477,"b:1104:16:1106:Infinity:undefined:undefined:undefined:undefined":260,"s:1104:16:1106:Infinity":478,"b:1104:20:1104:36:1104:36:1104:88":261,"s:1105:18:1105:Infinity":479,"b:1105:65:1105:112:1105:112:1105:117":262,"s:1110:10:1121:Infinity":480,"b:1111:12:1111:Infinity:undefined:undefined:undefined:undefined":263,"s:1111:12:1111:Infinity":481,"s:1111:45:1111:Infinity":482,"s:1112:36:1112:Infinity":483,"b:1112:36:1112:74:1112:74:1112:Infinity":264,"s:1113:27:1113:Infinity":484,"f:1113:52:1113:58":45,"s:1113:58:1113:81":485,"s:1114:32:1117:Infinity":486,"b:1114:32:1114:Infinity:1115:18:1116:Infinity:1117:17:1117:Infinity":265,"b:1118:12:1120:Infinity:undefined:undefined:undefined:undefined":266,"s:1118:12:1120:Infinity":487,"s:1119:14:1119:Infinity":488,"b:1119:51:1119:68:1119:68:1119:82":267,"s:1124:36:1128:Infinity":489,"b:1125:12:1125:Infinity:1126:12:1128:Infinity":268,"b:1127:14:1127:Infinity:1128:14:1128:Infinity":269,"s:1130:19:1219:Infinity":490,"b:1135:31:1135:48:1135:48:1135:Infinity":270,"b:1136:31:1136:48:1136:48:1136:Infinity":271,"b:1137:26:1137:42:1137:42:1137:Infinity":272,"b:1138:26:1138:42:1138:42:1138:Infinity":273,"b:1139:29:1139:48:1139:48:1139:Infinity":274,"b:1140:30:1140:50:1140:50:1140:Infinity":275,"b:1141:30:1141:50:1141:50:1141:Infinity":276,"b:1142:30:1142:50:1142:50:1142:Infinity":277,"b:1143:25:1143:40:1143:40:1143:Infinity":278,"b:1144:30:1144:50:1144:50:1144:Infinity":279,"b:1145:27:1145:44:1145:44:1145:Infinity":280,"f:1153:33:1153:39":46,"s:1154:33:1157:Infinity":491,"f:1155:22:1155:28":47,"s:1155:28:1155:57":492,"b:1155:28:1155:46:1155:46:1155:57":281,"s:1158:28:1158:Infinity":493,"f:1158:69:1158:75":48,"s:1158:75:1158:107":494,"b:1158:75:1158:80:1158:80:1158:107":282,"s:1159:29:1159:Infinity":495,"s:1160:14:1160:Infinity":496,"b:1160:30:1160:54:1160:54:1160:Infinity":283,"b:1162:31:1162:67:1162:67:1162:Infinity":284,"b:1164:29:1164:63:1164:63:1164:Infinity":285,"b:1165:26:1165:57:1165:57:1165:Infinity":286,"b:1166:23:1166:51:1166:51:1166:Infinity":287,"b:1168:80:1168:92:1168:92:1168:Infinity":288,"b:1168:28:1168:53:1168:53:1168:80":289,"f:1171:29:1171:35":49,"s:1172:20:1172:Infinity":497,"b:1172:31:1172:48:1172:48:1172:49":290,"f:1172:56:1172:62":50,"s:1172:62:1172:79":498,"b:1173:14:1173:Infinity:undefined:undefined:undefined:undefined":291,"s:1173:14:1173:Infinity":499,"s:1173:40:1173:Infinity":500,"s:1174:29:1174:Infinity":501,"s:1175:14:1175:Infinity":502,"b:1175:43:1175:55:1175:55:1175:Infinity":292,"f:1178:41:1178:48":51,"s:1181:41:1181:Infinity":503,"b:1181:41:1181:81:1181:81:1181:Infinity":293,"s:1182:31:1182:Infinity":504,"f:1182:57:1182:63":52,"s:1182:63:1182:114":505,"b:1182:63:1182:89:1182:89:1182:114":294,"s:1183:36:1183:Infinity":506,"s:1184:16:1214:Infinity":507,"b:1186:25:1186:42:1186:42:1186:54:1186:54:1186:Infinity":295,"b:1187:32:1187:56:1187:56:1187:Infinity":296,"b:1188:23:1188:39:1188:39:1188:87:1188:87:1188:Infinity":297,"f:1189:26:1189:32":53,"s:1190:32:1190:Infinity":508,"b:1191:20:1191:Infinity:undefined:undefined:undefined:undefined":298,"s:1191:20:1191:Infinity":509,"s:1191:30:1191:Infinity":510,"b:1192:20:1196:Infinity:undefined:undefined:undefined:undefined":299,"s:1192:20:1196:Infinity":511,"s:1193:34:1193:Infinity":512,"s:1194:32:1194:Infinity":513,"b:1194:32:1194:46:1194:46:1194:59:1194:59:1194:76:1194:76:1194:98:1194:98:1194:Infinity":300,"s:1195:22:1195:Infinity":514,"b:1195:41:1195:53:1195:53:1195:Infinity":301,"s:1197:20:1197:Infinity":515,"b:1199:28:1199:48:1199:48:1199:Infinity":302,"b:1201:30:1201:47:1201:47:1201:Infinity":303,"b:1202:25:1202:37:1202:37:1202:Infinity":304,"b:1203:29:1203:45:1203:45:1203:Infinity":305,"b:1204:34:1204:55:1204:55:1204:Infinity":306,"b:1205:29:1205:45:1205:45:1205:Infinity":307,"b:1206:33:1206:53:1206:53:1206:Infinity":308,"b:1207:39:1207:65:1207:65:1207:Infinity":309,"b:1208:40:1208:67:1208:67:1208:Infinity":310,"b:1209:30:1209:47:1209:47:1209:Infinity":311,"b:1210:41:1210:69:1210:69:1210:Infinity":312,"b:1211:38:1211:63:1211:63:1211:Infinity":313,"b:1212:28:1212:43:1212:43:1212:Infinity":314,"b:1213:34:1213:55:1213:55:1213:Infinity":315,"s:1221:14:1221:Infinity":516,"b:1223:8:1225:Infinity:undefined:undefined:undefined:undefined":316,"s:1223:8:1225:Infinity":517,"b:1223:12:1223:50:1223:50:1223:91":317,"s:1224:10:1224:Infinity":518,"s:1226:14:1226:Infinity":519,"s:1227:8:1230:Infinity":520,"s:1232:8:1248:Infinity":521,"b:1236:47:1236:65:1236:65:1236:Infinity":318,"b:1238:29:1238:46:1238:46:1238:Infinity":319,"b:1239:29:1239:46:1239:46:1239:Infinity":320,"b:1240:28:1240:44:1240:44:1240:Infinity":321,"b:1244:57:1244:107:1244:107:1244:Infinity":322,"b:1245:44:1245:68:1245:68:1245:Infinity":323,"b:1250:8:1261:Infinity:undefined:undefined:undefined:undefined":324,"s:1250:8:1261:Infinity":522,"s:1251:10:1260:Infinity":523,"s:1263:8:1263:Infinity":524,"b:1266:6:1274:Infinity:undefined:undefined:undefined:undefined":325,"s:1266:6:1274:Infinity":525,"b:1266:10:1266:36:1266:36:1266:84":326,"s:1267:26:1267:Infinity":526,"s:1268:8:1273:Infinity":527,"s:1275:6:1275:Infinity":528,"s:1279:4:1288:Infinity":529,"b:1282:21:1282:38:1282:38:1282:Infinity":327,"b:1284:23:1284:53:1284:53:1284:Infinity":328,"f:1286:14:1286:28":54,"s:1287:6:1287:Infinity":530,"b:1291:4:1350:Infinity:undefined:undefined:undefined:undefined":329,"s:1291:4:1350:Infinity":531,"b:1291:8:1291:33:1291:33:1291:48:1291:48:1291:59:1291:59:1291:85":330,"s:1292:6:1349:Infinity":532,"s:1293:36:1293:Infinity":533,"s:1294:14:1294:Infinity":534,"s:1295:22:1295:Infinity":535,"s:1296:33:1296:Infinity":536,"b:1296:33:1296:60:1296:60:1296:Infinity":331,"s:1297:29:1297:Infinity":537,"s:1298:27:1300:Infinity":538,"b:1299:12:1299:Infinity:1300:12:1300:Infinity":332,"b:1301:8:1340:Infinity:undefined:undefined:undefined:undefined":333,"s:1301:8:1340:Infinity":539,"b:1301:12:1301:29:1301:29:1301:66":334,"s:1303:30:1306:Infinity":540,"b:1307:10:1307:Infinity:undefined:undefined:undefined:undefined":335,"s:1307:10:1307:Infinity":541,"s:1307:28:1307:Infinity":542,"s:1308:27:1311:Infinity":543,"b:1310:30:1310:60:1310:60:1310:Infinity":336,"b:1312:10:1339:Infinity:undefined:undefined:undefined:undefined":337,"s:1312:10:1339:Infinity":544,"b:1312:14:1312:35:1312:35:1312:60:1312:60:1312:87:1312:87:1312:112":338,"s:1313:12:1326:Infinity":545,"b:1318:20:1318:45:1318:45:1318:Infinity":339,"b:1319:20:1319:45:1319:45:1319:Infinity":340,"b:1320:20:1320:44:1320:44:1320:Infinity":341,"b:1321:20:1321:47:1321:47:1321:Infinity":342,"b:1322:20:1322:52:1322:52:1324:Infinity":343,"s:1327:12:1338:Infinity":546,"b:1335:33:1335:59:1335:59:1335:Infinity":344,"s:1342:23:1342:Infinity":547,"b:1342:50:1342:68:1342:68:1342:Infinity":345,"s:1343:8:1343:Infinity":548,"s:1345:8:1348:Infinity":549,"s:1346:36:1346:Infinity":550,"s:1347:10:1347:Infinity":551,"s:1352:26:1358:Infinity":552,"f:1352:45:1352:52":55,"b:1353:6:1355:Infinity:undefined:undefined:undefined:undefined":346,"s:1353:6:1355:Infinity":553,"s:1354:8:1354:Infinity":554,"b:1354:24:1354:36:1354:36:1354:53":347,"s:1356:17:1356:Infinity":555,"f:1356:42:1356:48":56,"s:1356:48:1356:70":556,"s:1357:6:1357:Infinity":557,"b:1357:22:1357:35:1357:35:1357:43":348,"s:1361:6:1363:Infinity":558,"b:1362:10:1362:Infinity:1363:10:1363:Infinity":349,"s:1365:4:1385:Infinity":559,"b:1369:25:1369:55:1369:36:1369:Infinity":350,"b:1373:14:1373:Infinity:1374:14:1374:Infinity":351,"s:1387:4:1387:Infinity":560,"s:1389:26:1398:Infinity":561,"s:1400:19:1400:Infinity":562,"b:1400:42:1400:56:1400:56:1400:Infinity":352,"s:1401:19:1401:Infinity":563,"f:1401:39:1401:45":57,"s:1401:45:1401:59":564,"s:1402:4:1407:Infinity":565,"b:1404:24:1404:33:1404:33:1404:Infinity":353}}}
}
