{"/Users/farhankhan/Shopify_Returns/returnpromax-1/app/lib/shopify-admin.server.ts": {"path":"/Users/farhankhan/Shopify_Returns/returnpromax-1/app/lib/shopify-admin.server.ts","statementMap":{"0":{"start":{"line":12,"column":20},"end":{"line":12,"column":null}},"1":{"start":{"line":18,"column":33},"end":{"line":18,"column":null}},"2":{"start":{"line":21,"column":21},"end":{"line":21,"column":null}},"3":{"start":{"line":22,"column":16},"end":{"line":22,"column":null}},"4":{"start":{"line":22,"column":33},"end":{"line":22,"column":53}},"5":{"start":{"line":23,"column":2},"end":{"line":27,"column":null}},"6":{"start":{"line":24,"column":4},"end":{"line":24,"column":null}},"7":{"start":{"line":26,"column":4},"end":{"line":26,"column":null}},"8":{"start":{"line":32,"column":15},"end":{"line":32,"column":null}},"9":{"start":{"line":33,"column":14},"end":{"line":33,"column":null}},"10":{"start":{"line":34,"column":2},"end":{"line":45,"column":null}},"11":{"start":{"line":36,"column":6},"end":{"line":43,"column":null}},"12":{"start":{"line":48,"column":21},"end":{"line":48,"column":null}},"13":{"start":{"line":106,"column":30},"end":{"line":106,"column":null}},"14":{"start":{"line":161,"column":29},"end":{"line":165,"column":null}},"15":{"start":{"line":172,"column":31},"end":{"line":172,"column":null}},"16":{"start":{"line":187,"column":34},"end":{"line":190,"column":null}},"17":{"start":{"line":200,"column":36},"end":{"line":200,"column":null}},"18":{"start":{"line":222,"column":39},"end":{"line":222,"column":null}},"19":{"start":{"line":246,"column":24},"end":{"line":246,"column":null}},"20":{"start":{"line":349,"column":4},"end":{"line":349,"column":null}},"21":{"start":{"line":347,"column":20},"end":{"line":347,"column":49}},"22":{"start":{"line":350,"column":4},"end":{"line":350,"column":null}},"23":{"start":{"line":362,"column":2},"end":{"line":362,"column":null}},"24":{"start":{"line":362,"column":41},"end":{"line":362,"column":null}},"25":{"start":{"line":363,"column":2},"end":{"line":380,"column":null}},"26":{"start":{"line":364,"column":16},"end":{"line":364,"column":null}},"27":{"start":{"line":365,"column":18},"end":{"line":365,"column":null}},"28":{"start":{"line":369,"column":19},"end":{"line":369,"column":null}},"29":{"start":{"line":370,"column":4},"end":{"line":372,"column":null}},"30":{"start":{"line":371,"column":6},"end":{"line":371,"column":null}},"31":{"start":{"line":373,"column":4},"end":{"line":373,"column":null}},"32":{"start":{"line":373,"column":29},"end":{"line":373,"column":null}},"33":{"start":{"line":374,"column":17},"end":{"line":374,"column":null}},"34":{"start":{"line":375,"column":4},"end":{"line":375,"column":null}},"35":{"start":{"line":375,"column":36},"end":{"line":375,"column":null}},"36":{"start":{"line":376,"column":4},"end":{"line":376,"column":null}},"37":{"start":{"line":378,"column":4},"end":{"line":378,"column":null}},"38":{"start":{"line":378,"column":41},"end":{"line":378,"column":null}},"39":{"start":{"line":379,"column":4},"end":{"line":379,"column":null}},"40":{"start":{"line":400,"column":16},"end":{"line":400,"column":null}},"41":{"start":{"line":402,"column":2},"end":{"line":408,"column":null}},"42":{"start":{"line":403,"column":4},"end":{"line":403,"column":null}},"43":{"start":{"line":405,"column":4},"end":{"line":405,"column":null}},"44":{"start":{"line":406,"column":4},"end":{"line":406,"column":null}},"45":{"start":{"line":406,"column":22},"end":{"line":406,"column":null}},"46":{"start":{"line":407,"column":4},"end":{"line":407,"column":null}},"47":{"start":{"line":413,"column":2},"end":{"line":422,"column":null}},"48":{"start":{"line":414,"column":4},"end":{"line":414,"column":null}},"49":{"start":{"line":419,"column":4},"end":{"line":419,"column":null}},"50":{"start":{"line":420,"column":4},"end":{"line":420,"column":null}},"51":{"start":{"line":420,"column":22},"end":{"line":420,"column":null}},"52":{"start":{"line":421,"column":4},"end":{"line":421,"column":null}},"53":{"start":{"line":423,"column":17},"end":{"line":423,"column":null}},"54":{"start":{"line":424,"column":2},"end":{"line":426,"column":null}},"55":{"start":{"line":425,"column":4},"end":{"line":425,"column":null}},"56":{"start":{"line":427,"column":2},"end":{"line":430,"column":null}},"57":{"start":{"line":428,"column":4},"end":{"line":428,"column":null}},"58":{"start":{"line":428,"column":23},"end":{"line":428,"column":null}},"59":{"start":{"line":429,"column":4},"end":{"line":429,"column":null}},"60":{"start":{"line":431,"column":16},"end":{"line":431,"column":null}},"61":{"start":{"line":432,"column":2},"end":{"line":435,"column":null}},"62":{"start":{"line":433,"column":4},"end":{"line":433,"column":null}},"63":{"start":{"line":434,"column":4},"end":{"line":434,"column":null}},"64":{"start":{"line":437,"column":2},"end":{"line":449,"column":null}},"65":{"start":{"line":438,"column":17},"end":{"line":438,"column":null}},"66":{"start":{"line":439,"column":27},"end":{"line":439,"column":null}},"67":{"start":{"line":439,"column":44},"end":{"line":439,"column":85}},"68":{"start":{"line":440,"column":4},"end":{"line":440,"column":null}},"69":{"start":{"line":441,"column":18},"end":{"line":444,"column":null}},"70":{"start":{"line":442,"column":19},"end":{"line":442,"column":null}},"71":{"start":{"line":443,"column":6},"end":{"line":443,"column":null}},"72":{"start":{"line":445,"column":4},"end":{"line":447,"column":null}},"73":{"start":{"line":446,"column":6},"end":{"line":446,"column":null}},"74":{"start":{"line":448,"column":4},"end":{"line":448,"column":null}},"75":{"start":{"line":451,"column":16},"end":{"line":451,"column":null}},"76":{"start":{"line":452,"column":2},"end":{"line":452,"column":null}},"77":{"start":{"line":480,"column":16},"end":{"line":480,"column":null}},"78":{"start":{"line":481,"column":2},"end":{"line":481,"column":null}},"79":{"start":{"line":481,"column":14},"end":{"line":481,"column":null}},"80":{"start":{"line":483,"column":15},"end":{"line":483,"column":null}},"81":{"start":{"line":485,"column":2},"end":{"line":510,"column":null}},"82":{"start":{"line":486,"column":4},"end":{"line":509,"column":null}},"83":{"start":{"line":487,"column":18},"end":{"line":487,"column":null}},"84":{"start":{"line":488,"column":18},"end":{"line":490,"column":null}},"85":{"start":{"line":491,"column":6},"end":{"line":494,"column":null}},"86":{"start":{"line":492,"column":8},"end":{"line":492,"column":null}},"87":{"start":{"line":493,"column":8},"end":{"line":493,"column":null}},"88":{"start":{"line":495,"column":20},"end":{"line":495,"column":null}},"89":{"start":{"line":496,"column":21},"end":{"line":496,"column":null}},"90":{"start":{"line":498,"column":19},"end":{"line":498,"column":null}},"91":{"start":{"line":499,"column":20},"end":{"line":502,"column":null}},"92":{"start":{"line":500,"column":14},"end":{"line":500,"column":null}},"93":{"start":{"line":501,"column":8},"end":{"line":501,"column":null}},"94":{"start":{"line":503,"column":6},"end":{"line":506,"column":null}},"95":{"start":{"line":504,"column":8},"end":{"line":504,"column":null}},"96":{"start":{"line":505,"column":8},"end":{"line":505,"column":null}},"97":{"start":{"line":508,"column":6},"end":{"line":508,"column":null}},"98":{"start":{"line":511,"column":2},"end":{"line":511,"column":null}},"99":{"start":{"line":516,"column":2},"end":{"line":516,"column":null}},"100":{"start":{"line":531,"column":15},"end":{"line":531,"column":null}},"101":{"start":{"line":532,"column":14},"end":{"line":532,"column":null}},"102":{"start":{"line":533,"column":16},"end":{"line":533,"column":null}},"103":{"start":{"line":534,"column":19},"end":{"line":536,"column":null}},"104":{"start":{"line":540,"column":2},"end":{"line":552,"column":null}},"105":{"start":{"line":541,"column":4},"end":{"line":548,"column":null}},"106":{"start":{"line":550,"column":4},"end":{"line":550,"column":null}},"107":{"start":{"line":551,"column":4},"end":{"line":551,"column":null}},"108":{"start":{"line":553,"column":2},"end":{"line":556,"column":null}},"109":{"start":{"line":554,"column":4},"end":{"line":554,"column":null}},"110":{"start":{"line":555,"column":4},"end":{"line":555,"column":null}},"111":{"start":{"line":561,"column":2},"end":{"line":566,"column":null}},"112":{"start":{"line":562,"column":4},"end":{"line":562,"column":null}},"113":{"start":{"line":564,"column":4},"end":{"line":564,"column":null}},"114":{"start":{"line":565,"column":4},"end":{"line":565,"column":null}},"115":{"start":{"line":567,"column":2},"end":{"line":570,"column":null}},"116":{"start":{"line":568,"column":4},"end":{"line":568,"column":null}},"117":{"start":{"line":569,"column":4},"end":{"line":569,"column":null}},"118":{"start":{"line":571,"column":16},"end":{"line":571,"column":null}},"119":{"start":{"line":572,"column":2},"end":{"line":572,"column":null}},"120":{"start":{"line":572,"column":26},"end":{"line":572,"column":null}},"121":{"start":{"line":574,"column":2},"end":{"line":582,"column":null}},"122":{"start":{"line":575,"column":17},"end":{"line":575,"column":null}},"123":{"start":{"line":576,"column":18},"end":{"line":579,"column":null}},"124":{"start":{"line":577,"column":19},"end":{"line":577,"column":null}},"125":{"start":{"line":578,"column":6},"end":{"line":578,"column":null}},"126":{"start":{"line":580,"column":4},"end":{"line":580,"column":null}},"127":{"start":{"line":580,"column":16},"end":{"line":580,"column":null}},"128":{"start":{"line":581,"column":4},"end":{"line":581,"column":null}},"129":{"start":{"line":583,"column":2},"end":{"line":583,"column":null}},"130":{"start":{"line":590,"column":16},"end":{"line":590,"column":null}},"131":{"start":{"line":591,"column":2},"end":{"line":591,"column":null}},"132":{"start":{"line":591,"column":14},"end":{"line":591,"column":null}},"133":{"start":{"line":594,"column":2},"end":{"line":596,"column":null}},"134":{"start":{"line":595,"column":4},"end":{"line":595,"column":null}},"135":{"start":{"line":599,"column":23},"end":{"line":599,"column":null}},"136":{"start":{"line":600,"column":2},"end":{"line":600,"column":null}},"137":{"start":{"line":601,"column":2},"end":{"line":627,"column":null}},"138":{"start":{"line":602,"column":40},"end":{"line":602,"column":null}},"139":{"start":{"line":604,"column":4},"end":{"line":614,"column":null}},"140":{"start":{"line":605,"column":6},"end":{"line":613,"column":null}},"141":{"start":{"line":606,"column":22},"end":{"line":606,"column":null}},"142":{"start":{"line":607,"column":8},"end":{"line":610,"column":null}},"143":{"start":{"line":608,"column":10},"end":{"line":608,"column":null}},"144":{"start":{"line":609,"column":10},"end":{"line":609,"column":null}},"145":{"start":{"line":612,"column":8},"end":{"line":612,"column":null}},"146":{"start":{"line":616,"column":4},"end":{"line":624,"column":null}},"147":{"start":{"line":617,"column":18},"end":{"line":617,"column":null}},"148":{"start":{"line":618,"column":6},"end":{"line":621,"column":null}},"149":{"start":{"line":619,"column":8},"end":{"line":619,"column":null}},"150":{"start":{"line":620,"column":8},"end":{"line":620,"column":null}},"151":{"start":{"line":623,"column":6},"end":{"line":623,"column":null}},"152":{"start":{"line":626,"column":4},"end":{"line":626,"column":null}},"153":{"start":{"line":630,"column":2},"end":{"line":642,"column":null}},"154":{"start":{"line":631,"column":4},"end":{"line":641,"column":null}},"155":{"start":{"line":632,"column":6},"end":{"line":632,"column":null}},"156":{"start":{"line":633,"column":19},"end":{"line":633,"column":null}},"157":{"start":{"line":634,"column":6},"end":{"line":637,"column":null}},"158":{"start":{"line":635,"column":8},"end":{"line":635,"column":null}},"159":{"start":{"line":636,"column":8},"end":{"line":636,"column":null}},"160":{"start":{"line":639,"column":6},"end":{"line":639,"column":null}},"161":{"start":{"line":639,"column":43},"end":{"line":639,"column":null}},"162":{"start":{"line":640,"column":6},"end":{"line":640,"column":null}},"163":{"start":{"line":645,"column":2},"end":{"line":645,"column":null}},"164":{"start":{"line":645,"column":27},"end":{"line":645,"column":null}},"165":{"start":{"line":648,"column":2},"end":{"line":653,"column":null}},"166":{"start":{"line":649,"column":17},"end":{"line":649,"column":null}},"167":{"start":{"line":650,"column":4},"end":{"line":650,"column":null}},"168":{"start":{"line":650,"column":14},"end":{"line":650,"column":null}},"169":{"start":{"line":652,"column":4},"end":{"line":652,"column":null}},"170":{"start":{"line":652,"column":41},"end":{"line":652,"column":null}},"171":{"start":{"line":655,"column":2},"end":{"line":655,"column":null}},"172":{"start":{"line":669,"column":2},"end":{"line":669,"column":null}},"173":{"start":{"line":669,"column":25},"end":{"line":669,"column":null}},"174":{"start":{"line":670,"column":16},"end":{"line":670,"column":null}},"175":{"start":{"line":671,"column":2},"end":{"line":671,"column":null}},"176":{"start":{"line":671,"column":14},"end":{"line":671,"column":null}},"177":{"start":{"line":673,"column":29},"end":{"line":673,"column":null}},"178":{"start":{"line":675,"column":2},"end":{"line":675,"column":null}},"179":{"start":{"line":678,"column":25},"end":{"line":682,"column":null}},"180":{"start":{"line":684,"column":2},"end":{"line":696,"column":null}},"181":{"start":{"line":685,"column":4},"end":{"line":695,"column":null}},"182":{"start":{"line":686,"column":23},"end":{"line":686,"column":null}},"183":{"start":{"line":687,"column":6},"end":{"line":694,"column":null}},"184":{"start":{"line":688,"column":8},"end":{"line":688,"column":null}},"185":{"start":{"line":690,"column":25},"end":{"line":690,"column":null}},"186":{"start":{"line":691,"column":8},"end":{"line":693,"column":null}},"187":{"start":{"line":692,"column":10},"end":{"line":692,"column":null}},"188":{"start":{"line":702,"column":2},"end":{"line":702,"column":null}},"189":{"start":{"line":713,"column":19},"end":{"line":713,"column":null}},"190":{"start":{"line":714,"column":20},"end":{"line":714,"column":null}},"191":{"start":{"line":715,"column":21},"end":{"line":715,"column":null}},"192":{"start":{"line":716,"column":2},"end":{"line":728,"column":null}},"193":{"start":{"line":717,"column":4},"end":{"line":720,"column":null}},"194":{"start":{"line":718,"column":6},"end":{"line":718,"column":null}},"195":{"start":{"line":719,"column":6},"end":{"line":719,"column":null}},"196":{"start":{"line":721,"column":4},"end":{"line":727,"column":null}},"197":{"start":{"line":722,"column":20},"end":{"line":722,"column":null}},"198":{"start":{"line":723,"column":6},"end":{"line":723,"column":null}},"199":{"start":{"line":723,"column":17},"end":{"line":723,"column":null}},"200":{"start":{"line":725,"column":6},"end":{"line":725,"column":null}},"201":{"start":{"line":725,"column":43},"end":{"line":725,"column":null}},"202":{"start":{"line":729,"column":2},"end":{"line":729,"column":null}},"203":{"start":{"line":788,"column":12},"end":{"line":788,"column":null}},"204":{"start":{"line":789,"column":27},"end":{"line":789,"column":null}},"205":{"start":{"line":790,"column":8},"end":{"line":804,"column":null}},"206":{"start":{"line":790,"column":87},"end":{"line":804,"column":4}},"207":{"start":{"line":805,"column":2},"end":{"line":847,"column":null}},"208":{"start":{"line":830,"column":53},"end":{"line":846,"column":6}},"209":{"start":{"line":841,"column":56},"end":{"line":845,"column":8}},"210":{"start":{"line":893,"column":12},"end":{"line":893,"column":null}},"211":{"start":{"line":894,"column":2},"end":{"line":894,"column":null}},"212":{"start":{"line":894,"column":10},"end":{"line":894,"column":null}},"213":{"start":{"line":895,"column":19},"end":{"line":899,"column":null}},"214":{"start":{"line":904,"column":2},"end":{"line":920,"column":null}},"215":{"start":{"line":905,"column":16},"end":{"line":905,"column":null}},"216":{"start":{"line":906,"column":18},"end":{"line":906,"column":null}},"217":{"start":{"line":910,"column":4},"end":{"line":913,"column":null}},"218":{"start":{"line":911,"column":6},"end":{"line":911,"column":null}},"219":{"start":{"line":911,"column":57},"end":{"line":911,"column":66}},"220":{"start":{"line":912,"column":6},"end":{"line":912,"column":null}},"221":{"start":{"line":914,"column":4},"end":{"line":916,"column":null}},"222":{"start":{"line":915,"column":51},"end":{"line":915,"column":94}},"223":{"start":{"line":918,"column":4},"end":{"line":918,"column":null}},"224":{"start":{"line":919,"column":4},"end":{"line":919,"column":null}},"225":{"start":{"line":927,"column":18},"end":{"line":927,"column":null}},"226":{"start":{"line":928,"column":2},"end":{"line":928,"column":null}},"227":{"start":{"line":928,"column":16},"end":{"line":928,"column":null}},"228":{"start":{"line":929,"column":2},"end":{"line":929,"column":null}},"229":{"start":{"line":933,"column":32},"end":{"line":941,"column":null}},"230":{"start":{"line":946,"column":2},"end":{"line":946,"column":null}},"231":{"start":{"line":946,"column":33},"end":{"line":946,"column":null}},"232":{"start":{"line":947,"column":17},"end":{"line":947,"column":null}},"233":{"start":{"line":947,"column":53},"end":{"line":947,"column":91}},"234":{"start":{"line":948,"column":2},"end":{"line":951,"column":null}},"235":{"start":{"line":949,"column":14},"end":{"line":949,"column":null}},"236":{"start":{"line":950,"column":4},"end":{"line":950,"column":null}},"237":{"start":{"line":950,"column":27},"end":{"line":950,"column":null}},"238":{"start":{"line":952,"column":2},"end":{"line":952,"column":null}},"239":{"start":{"line":959,"column":14},"end":{"line":959,"column":null}},"240":{"start":{"line":961,"column":2},"end":{"line":966,"column":null}},"241":{"start":{"line":962,"column":4},"end":{"line":962,"column":null}},"242":{"start":{"line":964,"column":4},"end":{"line":964,"column":null}},"243":{"start":{"line":965,"column":4},"end":{"line":965,"column":null}},"244":{"start":{"line":968,"column":2},"end":{"line":973,"column":null}},"245":{"start":{"line":969,"column":4},"end":{"line":969,"column":null}},"246":{"start":{"line":971,"column":4},"end":{"line":971,"column":null}},"247":{"start":{"line":972,"column":4},"end":{"line":972,"column":null}},"248":{"start":{"line":974,"column":2},"end":{"line":976,"column":null}},"249":{"start":{"line":975,"column":4},"end":{"line":975,"column":null}},"250":{"start":{"line":975,"column":58},"end":{"line":975,"column":67}},"251":{"start":{"line":977,"column":15},"end":{"line":977,"column":null}},"252":{"start":{"line":978,"column":2},"end":{"line":978,"column":null}},"253":{"start":{"line":978,"column":62},"end":{"line":978,"column":null}},"254":{"start":{"line":979,"column":16},"end":{"line":979,"column":null}},"255":{"start":{"line":1029,"column":27},"end":{"line":1029,"column":null}},"256":{"start":{"line":1030,"column":8},"end":{"line":1041,"column":null}},"257":{"start":{"line":1030,"column":91},"end":{"line":1041,"column":4}},"258":{"start":{"line":1042,"column":2},"end":{"line":1081,"column":null}},"259":{"start":{"line":1065,"column":57},"end":{"line":1080,"column":6}},"260":{"start":{"line":1075,"column":56},"end":{"line":1079,"column":8}},"261":{"start":{"line":1093,"column":14},"end":{"line":1093,"column":null}},"262":{"start":{"line":1096,"column":2},"end":{"line":1112,"column":null}},"263":{"start":{"line":1097,"column":16},"end":{"line":1097,"column":null}},"264":{"start":{"line":1098,"column":18},"end":{"line":1098,"column":null}},"265":{"start":{"line":1099,"column":4},"end":{"line":1101,"column":null}},"266":{"start":{"line":1100,"column":6},"end":{"line":1100,"column":null}},"267":{"start":{"line":1102,"column":17},"end":{"line":1102,"column":null}},"268":{"start":{"line":1103,"column":4},"end":{"line":1109,"column":null}},"269":{"start":{"line":1104,"column":6},"end":{"line":1108,"column":null}},"270":{"start":{"line":1107,"column":53},"end":{"line":1107,"column":128}},"271":{"start":{"line":1111,"column":4},"end":{"line":1111,"column":null}},"272":{"start":{"line":1114,"column":2},"end":{"line":1114,"column":null}},"273":{"start":{"line":1125,"column":16},"end":{"line":1125,"column":null}},"274":{"start":{"line":1126,"column":2},"end":{"line":1126,"column":null}},"275":{"start":{"line":1126,"column":14},"end":{"line":1126,"column":null}},"276":{"start":{"line":1128,"column":2},"end":{"line":1153,"column":null}},"277":{"start":{"line":1129,"column":4},"end":{"line":1152,"column":null}},"278":{"start":{"line":1130,"column":18},"end":{"line":1130,"column":null}},"279":{"start":{"line":1131,"column":20},"end":{"line":1131,"column":null}},"280":{"start":{"line":1135,"column":6},"end":{"line":1138,"column":null}},"281":{"start":{"line":1136,"column":8},"end":{"line":1136,"column":null}},"282":{"start":{"line":1137,"column":8},"end":{"line":1137,"column":null}},"283":{"start":{"line":1139,"column":20},"end":{"line":1139,"column":null}},"284":{"start":{"line":1141,"column":19},"end":{"line":1141,"column":null}},"285":{"start":{"line":1142,"column":20},"end":{"line":1142,"column":null}},"286":{"start":{"line":1142,"column":38},"end":{"line":1142,"column":85}},"287":{"start":{"line":1143,"column":6},"end":{"line":1149,"column":null}},"288":{"start":{"line":1144,"column":8},"end":{"line":1148,"column":null}},"289":{"start":{"line":1147,"column":56},"end":{"line":1147,"column":131}},"290":{"start":{"line":1151,"column":6},"end":{"line":1151,"column":null}},"291":{"start":{"line":1156,"column":2},"end":{"line":1194,"column":null}},"292":{"start":{"line":1157,"column":40},"end":{"line":1157,"column":null}},"293":{"start":{"line":1158,"column":17},"end":{"line":1158,"column":null}},"294":{"start":{"line":1159,"column":16},"end":{"line":1159,"column":null}},"295":{"start":{"line":1160,"column":4},"end":{"line":1193,"column":null}},"296":{"start":{"line":1161,"column":6},"end":{"line":1192,"column":null}},"297":{"start":{"line":1162,"column":25},"end":{"line":1162,"column":null}},"298":{"start":{"line":1173,"column":20},"end":{"line":1177,"column":null}},"299":{"start":{"line":1178,"column":8},"end":{"line":1178,"column":null}},"300":{"start":{"line":1178,"column":21},"end":{"line":1178,"column":null}},"301":{"start":{"line":1179,"column":22},"end":{"line":1179,"column":null}},"302":{"start":{"line":1180,"column":22},"end":{"line":1180,"column":null}},"303":{"start":{"line":1181,"column":22},"end":{"line":1181,"column":null}},"304":{"start":{"line":1182,"column":22},"end":{"line":1182,"column":null}},"305":{"start":{"line":1182,"column":40},"end":{"line":1182,"column":88}},"306":{"start":{"line":1183,"column":8},"end":{"line":1189,"column":null}},"307":{"start":{"line":1184,"column":10},"end":{"line":1188,"column":null}},"308":{"start":{"line":1187,"column":58},"end":{"line":1187,"column":133}},"309":{"start":{"line":1191,"column":8},"end":{"line":1191,"column":null}},"310":{"start":{"line":1196,"column":2},"end":{"line":1196,"column":null}},"311":{"start":{"line":1199,"column":28},"end":{"line":1199,"column":null}},"312":{"start":{"line":1210,"column":2},"end":{"line":1231,"column":null}},"313":{"start":{"line":1211,"column":16},"end":{"line":1211,"column":null}},"314":{"start":{"line":1212,"column":18},"end":{"line":1212,"column":null}},"315":{"start":{"line":1216,"column":4},"end":{"line":1218,"column":null}},"316":{"start":{"line":1217,"column":6},"end":{"line":1217,"column":null}},"317":{"start":{"line":1217,"column":56},"end":{"line":1217,"column":65}},"318":{"start":{"line":1219,"column":18},"end":{"line":1219,"column":null}},"319":{"start":{"line":1220,"column":4},"end":{"line":1222,"column":null}},"320":{"start":{"line":1221,"column":6},"end":{"line":1221,"column":null}},"321":{"start":{"line":1223,"column":4},"end":{"line":1227,"column":null}},"322":{"start":{"line":1223,"column":29},"end":{"line":1227,"column":6}},"323":{"start":{"line":1229,"column":4},"end":{"line":1229,"column":null}},"324":{"start":{"line":1230,"column":4},"end":{"line":1230,"column":null}},"325":{"start":{"line":1235,"column":20},"end":{"line":1235,"column":null}},"326":{"start":{"line":1236,"column":2},"end":{"line":1236,"column":null}},"327":{"start":{"line":1300,"column":29},"end":{"line":1300,"column":null}},"328":{"start":{"line":1313,"column":20},"end":{"line":1313,"column":null}},"329":{"start":{"line":1314,"column":2},"end":{"line":1316,"column":null}},"330":{"start":{"line":1315,"column":4},"end":{"line":1315,"column":null}},"331":{"start":{"line":1315,"column":57},"end":{"line":1315,"column":85}},"332":{"start":{"line":1317,"column":21},"end":{"line":1317,"column":null}},"333":{"start":{"line":1318,"column":2},"end":{"line":1320,"column":null}},"334":{"start":{"line":1319,"column":4},"end":{"line":1319,"column":null}},"335":{"start":{"line":1319,"column":58},"end":{"line":1319,"column":67}},"336":{"start":{"line":1321,"column":17},"end":{"line":1321,"column":null}},"337":{"start":{"line":1322,"column":16},"end":{"line":1322,"column":null}},"338":{"start":{"line":1323,"column":2},"end":{"line":1329,"column":null}},"339":{"start":{"line":1341,"column":14},"end":{"line":1341,"column":null}},"340":{"start":{"line":1342,"column":17},"end":{"line":1342,"column":null}},"341":{"start":{"line":1343,"column":2},"end":{"line":1603,"column":null}},"342":{"start":{"line":1344,"column":8},"end":{"line":1344,"column":null}},"343":{"start":{"line":1345,"column":2},"end":{"line":1602,"column":null}},"344":{"start":{"line":1346,"column":23},"end":{"line":1349,"column":null}},"345":{"start":{"line":1347,"column":6},"end":{"line":1347,"column":null}},"346":{"start":{"line":1347,"column":36},"end":{"line":1347,"column":null}},"347":{"start":{"line":1348,"column":6},"end":{"line":1348,"column":null}},"348":{"start":{"line":1351,"column":25},"end":{"line":1351,"column":null}},"349":{"start":{"line":1352,"column":4},"end":{"line":1354,"column":null}},"350":{"start":{"line":1353,"column":6},"end":{"line":1353,"column":null}},"351":{"start":{"line":1356,"column":25},"end":{"line":1356,"column":null}},"352":{"start":{"line":1357,"column":28},"end":{"line":1357,"column":null}},"353":{"start":{"line":1358,"column":4},"end":{"line":1360,"column":null}},"354":{"start":{"line":1359,"column":6},"end":{"line":1359,"column":null}},"355":{"start":{"line":1364,"column":28},"end":{"line":1373,"column":null}},"356":{"start":{"line":1367,"column":28},"end":{"line":1367,"column":45}},"357":{"start":{"line":1368,"column":26},"end":{"line":1373,"column":12}},"358":{"start":{"line":1375,"column":27},"end":{"line":1375,"column":null}},"359":{"start":{"line":1377,"column":49},"end":{"line":1381,"column":null}},"360":{"start":{"line":1383,"column":4},"end":{"line":1536,"column":null}},"361":{"start":{"line":1384,"column":25},"end":{"line":1392,"column":null}},"362":{"start":{"line":1387,"column":53},"end":{"line":1390,"column":12}},"363":{"start":{"line":1393,"column":27},"end":{"line":1393,"column":null}},"364":{"start":{"line":1409,"column":24},"end":{"line":1409,"column":null}},"365":{"start":{"line":1410,"column":26},"end":{"line":1410,"column":null}},"366":{"start":{"line":1411,"column":23},"end":{"line":1411,"column":null}},"367":{"start":{"line":1413,"column":26},"end":{"line":1413,"column":null}},"368":{"start":{"line":1415,"column":6},"end":{"line":1482,"column":null}},"369":{"start":{"line":1416,"column":8},"end":{"line":1463,"column":null}},"370":{"start":{"line":1417,"column":35},"end":{"line":1417,"column":null}},"371":{"start":{"line":1418,"column":10},"end":{"line":1418,"column":null}},"372":{"start":{"line":1419,"column":10},"end":{"line":1423,"column":null}},"373":{"start":{"line":1424,"column":8},"end":{"line":1463,"column":null}},"374":{"start":{"line":1428,"column":10},"end":{"line":1441,"column":null}},"375":{"start":{"line":1429,"column":35},"end":{"line":1429,"column":null}},"376":{"start":{"line":1430,"column":12},"end":{"line":1435,"column":null}},"377":{"start":{"line":1431,"column":14},"end":{"line":1434,"column":null}},"378":{"start":{"line":1436,"column":12},"end":{"line":1436,"column":null}},"379":{"start":{"line":1437,"column":12},"end":{"line":1437,"column":null}},"380":{"start":{"line":1439,"column":12},"end":{"line":1439,"column":null}},"381":{"start":{"line":1440,"column":12},"end":{"line":1440,"column":null}},"382":{"start":{"line":1443,"column":10},"end":{"line":1454,"column":null}},"383":{"start":{"line":1444,"column":24},"end":{"line":1444,"column":null}},"384":{"start":{"line":1445,"column":12},"end":{"line":1451,"column":null}},"385":{"start":{"line":1453,"column":12},"end":{"line":1453,"column":null}},"386":{"start":{"line":1456,"column":10},"end":{"line":1462,"column":null}},"387":{"start":{"line":1457,"column":12},"end":{"line":1461,"column":null}},"388":{"start":{"line":1467,"column":8},"end":{"line":1472,"column":null}},"389":{"start":{"line":1468,"column":10},"end":{"line":1471,"column":null}},"390":{"start":{"line":1473,"column":8},"end":{"line":1481,"column":null}},"391":{"start":{"line":1474,"column":10},"end":{"line":1480,"column":null}},"392":{"start":{"line":1474,"column":81},"end":{"line":1480,"column":12}},"393":{"start":{"line":1484,"column":25},"end":{"line":1492,"column":null}},"394":{"start":{"line":1487,"column":53},"end":{"line":1490,"column":12}},"395":{"start":{"line":1493,"column":27},"end":{"line":1493,"column":null}},"396":{"start":{"line":1507,"column":24},"end":{"line":1507,"column":null}},"397":{"start":{"line":1508,"column":6},"end":{"line":1535,"column":null}},"398":{"start":{"line":1514,"column":8},"end":{"line":1534,"column":null}},"399":{"start":{"line":1515,"column":22},"end":{"line":1515,"column":null}},"400":{"start":{"line":1516,"column":22},"end":{"line":1516,"column":null}},"401":{"start":{"line":1517,"column":10},"end":{"line":1523,"column":null}},"402":{"start":{"line":1525,"column":10},"end":{"line":1525,"column":null}},"403":{"start":{"line":1527,"column":10},"end":{"line":1533,"column":null}},"404":{"start":{"line":1527,"column":81},"end":{"line":1533,"column":12}},"405":{"start":{"line":1540,"column":4},"end":{"line":1547,"column":null}},"406":{"start":{"line":1543,"column":6},"end":{"line":1546,"column":null}},"407":{"start":{"line":1549,"column":16},"end":{"line":1549,"column":null}},"408":{"start":{"line":1549,"column":58},"end":{"line":1549,"column":127}},"409":{"start":{"line":1551,"column":4},"end":{"line":1554,"column":null}},"410":{"start":{"line":1551,"column":10},"end":{"line":1551,"column":51}},"411":{"start":{"line":1552,"column":6},"end":{"line":1552,"column":null}},"412":{"start":{"line":1553,"column":6},"end":{"line":1553,"column":null}},"413":{"start":{"line":1556,"column":4},"end":{"line":1559,"column":null}},"414":{"start":{"line":1557,"column":6},"end":{"line":1557,"column":null}},"415":{"start":{"line":1558,"column":6},"end":{"line":1558,"column":null}},"416":{"start":{"line":1561,"column":19},"end":{"line":1561,"column":null}},"417":{"start":{"line":1562,"column":4},"end":{"line":1592,"column":null}},"418":{"start":{"line":1563,"column":30},"end":{"line":1563,"column":null}},"419":{"start":{"line":1564,"column":6},"end":{"line":1588,"column":null}},"420":{"start":{"line":1565,"column":56},"end":{"line":1572,"column":null}},"421":{"start":{"line":1567,"column":53},"end":{"line":1571,"column":12}},"422":{"start":{"line":1573,"column":25},"end":{"line":1573,"column":null}},"423":{"start":{"line":1575,"column":8},"end":{"line":1578,"column":null}},"424":{"start":{"line":1575,"column":14},"end":{"line":1575,"column":65}},"425":{"start":{"line":1576,"column":10},"end":{"line":1576,"column":null}},"426":{"start":{"line":1577,"column":10},"end":{"line":1577,"column":null}},"427":{"start":{"line":1579,"column":28},"end":{"line":1579,"column":null}},"428":{"start":{"line":1580,"column":8},"end":{"line":1586,"column":null}},"429":{"start":{"line":1581,"column":10},"end":{"line":1581,"column":null}},"430":{"start":{"line":1582,"column":10},"end":{"line":1582,"column":null}},"431":{"start":{"line":1583,"column":10},"end":{"line":1583,"column":null}},"432":{"start":{"line":1585,"column":10},"end":{"line":1585,"column":null}},"433":{"start":{"line":1587,"column":8},"end":{"line":1587,"column":null}},"434":{"start":{"line":1589,"column":6},"end":{"line":1589,"column":null}},"435":{"start":{"line":1590,"column":6},"end":{"line":1590,"column":null}},"436":{"start":{"line":1591,"column":6},"end":{"line":1591,"column":null}},"437":{"start":{"line":1594,"column":4},"end":{"line":1594,"column":null}},"438":{"start":{"line":1595,"column":4},"end":{"line":1595,"column":null}},"439":{"start":{"line":1596,"column":4},"end":{"line":1596,"column":null}},"440":{"start":{"line":1597,"column":4},"end":{"line":1597,"column":null}},"441":{"start":{"line":1599,"column":16},"end":{"line":1599,"column":null}},"442":{"start":{"line":1600,"column":4},"end":{"line":1600,"column":null}},"443":{"start":{"line":1601,"column":4},"end":{"line":1601,"column":null}},"444":{"start":{"line":1608,"column":38},"end":{"line":1608,"column":null}},"445":{"start":{"line":1654,"column":31},"end":{"line":1654,"column":null}},"446":{"start":{"line":1670,"column":2},"end":{"line":1670,"column":null}},"447":{"start":{"line":1670,"column":19},"end":{"line":1670,"column":null}},"448":{"start":{"line":1671,"column":16},"end":{"line":1671,"column":null}},"449":{"start":{"line":1672,"column":2},"end":{"line":1672,"column":null}},"450":{"start":{"line":1672,"column":67},"end":{"line":1672,"column":null}},"451":{"start":{"line":1673,"column":2},"end":{"line":1673,"column":null}},"452":{"start":{"line":1673,"column":77},"end":{"line":1673,"column":null}},"453":{"start":{"line":1674,"column":2},"end":{"line":1674,"column":null}},"454":{"start":{"line":1674,"column":52},"end":{"line":1674,"column":null}},"455":{"start":{"line":1675,"column":2},"end":{"line":1675,"column":null}},"456":{"start":{"line":1675,"column":53},"end":{"line":1675,"column":null}},"457":{"start":{"line":1676,"column":2},"end":{"line":1676,"column":null}},"458":{"start":{"line":1676,"column":36},"end":{"line":1676,"column":null}},"459":{"start":{"line":1677,"column":2},"end":{"line":1677,"column":null}},"460":{"start":{"line":1677,"column":51},"end":{"line":1677,"column":null}},"461":{"start":{"line":1678,"column":2},"end":{"line":1678,"column":null}},"462":{"start":{"line":1678,"column":79},"end":{"line":1678,"column":null}},"463":{"start":{"line":1679,"column":2},"end":{"line":1679,"column":null}},"464":{"start":{"line":1711,"column":19},"end":{"line":1711,"column":null}},"465":{"start":{"line":1712,"column":2},"end":{"line":1973,"column":null}},"466":{"start":{"line":1713,"column":8},"end":{"line":1713,"column":null}},"467":{"start":{"line":1714,"column":2},"end":{"line":1972,"column":null}},"468":{"start":{"line":1717,"column":28},"end":{"line":1719,"column":null}},"469":{"start":{"line":1720,"column":30},"end":{"line":1720,"column":null}},"470":{"start":{"line":1762,"column":4},"end":{"line":1768,"column":null}},"471":{"start":{"line":1763,"column":21},"end":{"line":1763,"column":null}},"472":{"start":{"line":1764,"column":6},"end":{"line":1766,"column":null}},"473":{"start":{"line":1765,"column":8},"end":{"line":1765,"column":null}},"474":{"start":{"line":1767,"column":6},"end":{"line":1767,"column":null}},"475":{"start":{"line":1777,"column":35},"end":{"line":1777,"column":null}},"476":{"start":{"line":1778,"column":19},"end":{"line":1778,"column":null}},"477":{"start":{"line":1780,"column":4},"end":{"line":1802,"column":null}},"478":{"start":{"line":1781,"column":6},"end":{"line":1801,"column":null}},"479":{"start":{"line":1782,"column":20},"end":{"line":1782,"column":null}},"480":{"start":{"line":1783,"column":8},"end":{"line":1783,"column":null}},"481":{"start":{"line":1783,"column":22},"end":{"line":1783,"column":null}},"482":{"start":{"line":1784,"column":23},"end":{"line":1784,"column":null}},"483":{"start":{"line":1785,"column":8},"end":{"line":1785,"column":null}},"484":{"start":{"line":1785,"column":25},"end":{"line":1785,"column":null}},"485":{"start":{"line":1786,"column":32},"end":{"line":1786,"column":null}},"486":{"start":{"line":1788,"column":8},"end":{"line":1792,"column":null}},"487":{"start":{"line":1789,"column":22},"end":{"line":1789,"column":null}},"488":{"start":{"line":1790,"column":10},"end":{"line":1790,"column":null}},"489":{"start":{"line":1791,"column":10},"end":{"line":1791,"column":null}},"490":{"start":{"line":1793,"column":8},"end":{"line":1800,"column":null}},"491":{"start":{"line":1794,"column":25},"end":{"line":1794,"column":null}},"492":{"start":{"line":1795,"column":10},"end":{"line":1799,"column":null}},"493":{"start":{"line":1796,"column":24},"end":{"line":1796,"column":null}},"494":{"start":{"line":1797,"column":12},"end":{"line":1797,"column":null}},"495":{"start":{"line":1798,"column":12},"end":{"line":1798,"column":null}},"496":{"start":{"line":1810,"column":41},"end":{"line":1810,"column":null}},"497":{"start":{"line":1811,"column":4},"end":{"line":1837,"column":null}},"498":{"start":{"line":1812,"column":18},"end":{"line":1812,"column":null}},"499":{"start":{"line":1813,"column":6},"end":{"line":1813,"column":null}},"500":{"start":{"line":1813,"column":16},"end":{"line":1813,"column":null}},"501":{"start":{"line":1814,"column":12},"end":{"line":1814,"column":null}},"502":{"start":{"line":1815,"column":6},"end":{"line":1815,"column":null}},"503":{"start":{"line":1815,"column":63},"end":{"line":1815,"column":null}},"504":{"start":{"line":1816,"column":6},"end":{"line":1836,"column":null}},"505":{"start":{"line":1817,"column":21},"end":{"line":1817,"column":null}},"506":{"start":{"line":1818,"column":8},"end":{"line":1818,"column":null}},"507":{"start":{"line":1818,"column":44},"end":{"line":1818,"column":null}},"508":{"start":{"line":1819,"column":30},"end":{"line":1819,"column":null}},"509":{"start":{"line":1820,"column":28},"end":{"line":1820,"column":null}},"510":{"start":{"line":1821,"column":8},"end":{"line":1821,"column":null}},"511":{"start":{"line":1821,"column":30},"end":{"line":1821,"column":null}},"512":{"start":{"line":1822,"column":26},"end":{"line":1829,"column":null}},"513":{"start":{"line":1823,"column":10},"end":{"line":1823,"column":null}},"514":{"start":{"line":1823,"column":24},"end":{"line":1823,"column":null}},"515":{"start":{"line":1824,"column":10},"end":{"line":1828,"column":null}},"516":{"start":{"line":1825,"column":12},"end":{"line":1827,"column":null}},"517":{"start":{"line":1826,"column":14},"end":{"line":1826,"column":null}},"518":{"start":{"line":1830,"column":8},"end":{"line":1832,"column":null}},"519":{"start":{"line":1831,"column":10},"end":{"line":1831,"column":null}},"520":{"start":{"line":1833,"column":8},"end":{"line":1835,"column":null}},"521":{"start":{"line":1834,"column":10},"end":{"line":1834,"column":null}},"522":{"start":{"line":1840,"column":21},"end":{"line":1843,"column":null}},"523":{"start":{"line":1841,"column":6},"end":{"line":1841,"column":null}},"524":{"start":{"line":1841,"column":44},"end":{"line":1841,"column":null}},"525":{"start":{"line":1842,"column":6},"end":{"line":1842,"column":null}},"526":{"start":{"line":1842,"column":44},"end":{"line":1842,"column":84}},"527":{"start":{"line":1845,"column":4},"end":{"line":1847,"column":null}},"528":{"start":{"line":1846,"column":6},"end":{"line":1846,"column":null}},"529":{"start":{"line":1849,"column":4},"end":{"line":1849,"column":null}},"530":{"start":{"line":1857,"column":9},"end":{"line":1857,"column":null}},"531":{"start":{"line":1859,"column":4},"end":{"line":1917,"column":null}},"532":{"start":{"line":1863,"column":6},"end":{"line":1865,"column":null}},"533":{"start":{"line":1864,"column":8},"end":{"line":1864,"column":null}},"534":{"start":{"line":1868,"column":6},"end":{"line":1871,"column":null}},"535":{"start":{"line":1869,"column":23},"end":{"line":1869,"column":null}},"536":{"start":{"line":1870,"column":8},"end":{"line":1870,"column":null}},"537":{"start":{"line":1873,"column":6},"end":{"line":1883,"column":null}},"538":{"start":{"line":1875,"column":25},"end":{"line":1877,"column":null}},"539":{"start":{"line":1878,"column":8},"end":{"line":1881,"column":null}},"540":{"start":{"line":1879,"column":10},"end":{"line":1879,"column":null}},"541":{"start":{"line":1880,"column":10},"end":{"line":1880,"column":null}},"542":{"start":{"line":1882,"column":8},"end":{"line":1882,"column":null}},"543":{"start":{"line":1885,"column":21},"end":{"line":1885,"column":null}},"544":{"start":{"line":1892,"column":25},"end":{"line":1892,"column":null}},"545":{"start":{"line":1893,"column":6},"end":{"line":1910,"column":null}},"546":{"start":{"line":1894,"column":8},"end":{"line":1894,"column":null}},"547":{"start":{"line":1894,"column":31},"end":{"line":1894,"column":null}},"548":{"start":{"line":1895,"column":8},"end":{"line":1895,"column":null}},"549":{"start":{"line":1895,"column":31},"end":{"line":1895,"column":null}},"550":{"start":{"line":1896,"column":21},"end":{"line":1896,"column":null}},"551":{"start":{"line":1897,"column":8},"end":{"line":1897,"column":null}},"552":{"start":{"line":1897,"column":23},"end":{"line":1897,"column":null}},"553":{"start":{"line":1898,"column":8},"end":{"line":1907,"column":null}},"554":{"start":{"line":1908,"column":8},"end":{"line":1908,"column":null}},"555":{"start":{"line":1909,"column":8},"end":{"line":1909,"column":null}},"556":{"start":{"line":1911,"column":6},"end":{"line":1916,"column":null}},"557":{"start":{"line":1912,"column":8},"end":{"line":1915,"column":null}},"558":{"start":{"line":1919,"column":4},"end":{"line":1921,"column":null}},"559":{"start":{"line":1920,"column":6},"end":{"line":1920,"column":null}},"560":{"start":{"line":1923,"column":4},"end":{"line":1923,"column":null}},"561":{"start":{"line":1926,"column":49},"end":{"line":1930,"column":null}},"562":{"start":{"line":1931,"column":4},"end":{"line":1933,"column":null}},"563":{"start":{"line":1932,"column":6},"end":{"line":1932,"column":null}},"564":{"start":{"line":1935,"column":22},"end":{"line":1937,"column":null}},"565":{"start":{"line":1938,"column":24},"end":{"line":1938,"column":null}},"566":{"start":{"line":1948,"column":4},"end":{"line":1950,"column":null}},"567":{"start":{"line":1949,"column":6},"end":{"line":1949,"column":null}},"568":{"start":{"line":1952,"column":23},"end":{"line":1952,"column":null}},"569":{"start":{"line":1953,"column":4},"end":{"line":1956,"column":null}},"570":{"start":{"line":1954,"column":21},"end":{"line":1954,"column":null}},"571":{"start":{"line":1954,"column":43},"end":{"line":1954,"column":52}},"572":{"start":{"line":1955,"column":6},"end":{"line":1955,"column":null}},"573":{"start":{"line":1958,"column":21},"end":{"line":1958,"column":null}},"574":{"start":{"line":1959,"column":4},"end":{"line":1961,"column":null}},"575":{"start":{"line":1960,"column":6},"end":{"line":1960,"column":null}},"576":{"start":{"line":1963,"column":4},"end":{"line":1963,"column":null}},"577":{"start":{"line":1964,"column":4},"end":{"line":1964,"column":null}},"578":{"start":{"line":1965,"column":4},"end":{"line":1965,"column":null}},"579":{"start":{"line":1966,"column":4},"end":{"line":1966,"column":null}},"580":{"start":{"line":1968,"column":16},"end":{"line":1968,"column":null}},"581":{"start":{"line":1969,"column":4},"end":{"line":1969,"column":null}},"582":{"start":{"line":1970,"column":4},"end":{"line":1970,"column":null}},"583":{"start":{"line":1971,"column":4},"end":{"line":1971,"column":null}},"584":{"start":{"line":1978,"column":30},"end":{"line":1978,"column":null}},"585":{"start":{"line":1987,"column":32},"end":{"line":1987,"column":null}},"586":{"start":{"line":2008,"column":14},"end":{"line":2010,"column":null}},"587":{"start":{"line":2011,"column":2},"end":{"line":2046,"column":null}},"588":{"start":{"line":2012,"column":2},"end":{"line":2045,"column":null}},"589":{"start":{"line":2013,"column":16},"end":{"line":2013,"column":null}},"590":{"start":{"line":2014,"column":18},"end":{"line":2014,"column":null}},"591":{"start":{"line":2019,"column":4},"end":{"line":2026,"column":null}},"592":{"start":{"line":2020,"column":18},"end":{"line":2020,"column":null}},"593":{"start":{"line":2021,"column":6},"end":{"line":2024,"column":null}},"594":{"start":{"line":2022,"column":8},"end":{"line":2022,"column":null}},"595":{"start":{"line":2023,"column":8},"end":{"line":2023,"column":null}},"596":{"start":{"line":2025,"column":6},"end":{"line":2025,"column":null}},"597":{"start":{"line":2028,"column":23},"end":{"line":2028,"column":null}},"598":{"start":{"line":2029,"column":4},"end":{"line":2036,"column":null}},"599":{"start":{"line":2030,"column":18},"end":{"line":2030,"column":null}},"600":{"start":{"line":2030,"column":40},"end":{"line":2030,"column":49}},"601":{"start":{"line":2031,"column":6},"end":{"line":2034,"column":null}},"602":{"start":{"line":2032,"column":8},"end":{"line":2032,"column":null}},"603":{"start":{"line":2033,"column":8},"end":{"line":2033,"column":null}},"604":{"start":{"line":2035,"column":6},"end":{"line":2035,"column":null}},"605":{"start":{"line":2038,"column":19},"end":{"line":2038,"column":null}},"606":{"start":{"line":2039,"column":4},"end":{"line":2039,"column":null}},"607":{"start":{"line":2040,"column":4},"end":{"line":2040,"column":null}},"608":{"start":{"line":2042,"column":16},"end":{"line":2042,"column":null}},"609":{"start":{"line":2043,"column":4},"end":{"line":2043,"column":null}},"610":{"start":{"line":2044,"column":4},"end":{"line":2044,"column":null}},"611":{"start":{"line":2055,"column":14},"end":{"line":2057,"column":null}},"612":{"start":{"line":2058,"column":2},"end":{"line":2095,"column":null}},"613":{"start":{"line":2059,"column":2},"end":{"line":2094,"column":null}},"614":{"start":{"line":2060,"column":16},"end":{"line":2062,"column":null}},"615":{"start":{"line":2063,"column":18},"end":{"line":2063,"column":null}},"616":{"start":{"line":2068,"column":4},"end":{"line":2075,"column":null}},"617":{"start":{"line":2069,"column":18},"end":{"line":2069,"column":null}},"618":{"start":{"line":2070,"column":6},"end":{"line":2073,"column":null}},"619":{"start":{"line":2071,"column":8},"end":{"line":2071,"column":null}},"620":{"start":{"line":2072,"column":8},"end":{"line":2072,"column":null}},"621":{"start":{"line":2074,"column":6},"end":{"line":2074,"column":null}},"622":{"start":{"line":2077,"column":23},"end":{"line":2077,"column":null}},"623":{"start":{"line":2078,"column":4},"end":{"line":2085,"column":null}},"624":{"start":{"line":2079,"column":18},"end":{"line":2079,"column":null}},"625":{"start":{"line":2079,"column":40},"end":{"line":2079,"column":49}},"626":{"start":{"line":2080,"column":6},"end":{"line":2083,"column":null}},"627":{"start":{"line":2081,"column":8},"end":{"line":2081,"column":null}},"628":{"start":{"line":2082,"column":8},"end":{"line":2082,"column":null}},"629":{"start":{"line":2084,"column":6},"end":{"line":2084,"column":null}},"630":{"start":{"line":2087,"column":19},"end":{"line":2087,"column":null}},"631":{"start":{"line":2088,"column":4},"end":{"line":2088,"column":null}},"632":{"start":{"line":2089,"column":4},"end":{"line":2089,"column":null}},"633":{"start":{"line":2091,"column":16},"end":{"line":2091,"column":null}},"634":{"start":{"line":2092,"column":4},"end":{"line":2092,"column":null}},"635":{"start":{"line":2093,"column":4},"end":{"line":2093,"column":null}},"636":{"start":{"line":2126,"column":2},"end":{"line":2178,"column":null}},"637":{"start":{"line":2127,"column":48},"end":{"line":2127,"column":null}},"638":{"start":{"line":2129,"column":4},"end":{"line":2136,"column":null}},"639":{"start":{"line":2130,"column":6},"end":{"line":2130,"column":null}},"640":{"start":{"line":2131,"column":6},"end":{"line":2134,"column":null}},"641":{"start":{"line":2135,"column":6},"end":{"line":2135,"column":null}},"642":{"start":{"line":2138,"column":4},"end":{"line":2145,"column":null}},"643":{"start":{"line":2139,"column":6},"end":{"line":2139,"column":null}},"644":{"start":{"line":2140,"column":6},"end":{"line":2143,"column":null}},"645":{"start":{"line":2144,"column":6},"end":{"line":2144,"column":null}},"646":{"start":{"line":2148,"column":4},"end":{"line":2152,"column":null}},"647":{"start":{"line":2149,"column":6},"end":{"line":2149,"column":null}},"648":{"start":{"line":2151,"column":6},"end":{"line":2151,"column":null}},"649":{"start":{"line":2154,"column":22},"end":{"line":2156,"column":null}},"650":{"start":{"line":2158,"column":4},"end":{"line":2167,"column":null}},"651":{"start":{"line":2169,"column":4},"end":{"line":2173,"column":null}},"652":{"start":{"line":2175,"column":19},"end":{"line":2175,"column":null}},"653":{"start":{"line":2176,"column":4},"end":{"line":2176,"column":null}},"654":{"start":{"line":2177,"column":4},"end":{"line":2177,"column":null}},"655":{"start":{"line":2183,"column":30},"end":{"line":2183,"column":null}},"656":{"start":{"line":2248,"column":2},"end":{"line":2342,"column":null}},"657":{"start":{"line":2249,"column":16},"end":{"line":2251,"column":null}},"658":{"start":{"line":2252,"column":4},"end":{"line":2252,"column":null}},"659":{"start":{"line":2252,"column":17},"end":{"line":2252,"column":null}},"660":{"start":{"line":2253,"column":18},"end":{"line":2253,"column":null}},"661":{"start":{"line":2304,"column":18},"end":{"line":2304,"column":null}},"662":{"start":{"line":2305,"column":4},"end":{"line":2338,"column":null}},"663":{"start":{"line":2306,"column":19},"end":{"line":2306,"column":null}},"664":{"start":{"line":2307,"column":19},"end":{"line":2307,"column":null}},"665":{"start":{"line":2308,"column":23},"end":{"line":2308,"column":null}},"666":{"start":{"line":2309,"column":24},"end":{"line":2309,"column":null}},"667":{"start":{"line":2310,"column":23},"end":{"line":2310,"column":null}},"668":{"start":{"line":2311,"column":26},"end":{"line":2311,"column":null}},"669":{"start":{"line":2312,"column":28},"end":{"line":2312,"column":null}},"670":{"start":{"line":2313,"column":25},"end":{"line":2313,"column":null}},"671":{"start":{"line":2315,"column":6},"end":{"line":2337,"column":null}},"672":{"start":{"line":2330,"column":47},"end":{"line":2336,"column":10}},"673":{"start":{"line":2340,"column":4},"end":{"line":2340,"column":null}},"674":{"start":{"line":2341,"column":4},"end":{"line":2341,"column":null}},"675":{"start":{"line":2371,"column":29},"end":{"line":2371,"column":null}},"676":{"start":{"line":2399,"column":14},"end":{"line":2399,"column":null}},"677":{"start":{"line":2400,"column":8},"end":{"line":2402,"column":null}},"678":{"start":{"line":2401,"column":20},"end":{"line":2401,"column":66}},"679":{"start":{"line":2402,"column":18},"end":{"line":2402,"column":107}},"680":{"start":{"line":2403,"column":2},"end":{"line":2403,"column":null}},"681":{"start":{"line":2403,"column":24},"end":{"line":2403,"column":null}},"682":{"start":{"line":2405,"column":2},"end":{"line":2457,"column":null}},"683":{"start":{"line":2406,"column":4},"end":{"line":2456,"column":null}},"684":{"start":{"line":2407,"column":18},"end":{"line":2407,"column":null}},"685":{"start":{"line":2408,"column":6},"end":{"line":2408,"column":null}},"686":{"start":{"line":2408,"column":19},"end":{"line":2408,"column":null}},"687":{"start":{"line":2409,"column":20},"end":{"line":2409,"column":null}},"688":{"start":{"line":2431,"column":6},"end":{"line":2433,"column":null}},"689":{"start":{"line":2432,"column":8},"end":{"line":2432,"column":null}},"690":{"start":{"line":2432,"column":59},"end":{"line":2432,"column":68}},"691":{"start":{"line":2434,"column":6},"end":{"line":2451,"column":null}},"692":{"start":{"line":2435,"column":8},"end":{"line":2435,"column":null}},"693":{"start":{"line":2435,"column":23},"end":{"line":2435,"column":null}},"694":{"start":{"line":2436,"column":24},"end":{"line":2436,"column":null}},"695":{"start":{"line":2437,"column":41},"end":{"line":2449,"column":null}},"696":{"start":{"line":2450,"column":8},"end":{"line":2450,"column":null}},"697":{"start":{"line":2452,"column":6},"end":{"line":2452,"column":null}},"698":{"start":{"line":2454,"column":6},"end":{"line":2454,"column":null}},"699":{"start":{"line":2455,"column":6},"end":{"line":2455,"column":null}},"700":{"start":{"line":2462,"column":42},"end":{"line":2462,"column":null}},"701":{"start":{"line":2489,"column":2},"end":{"line":2525,"column":null}},"702":{"start":{"line":2490,"column":4},"end":{"line":2524,"column":null}},"703":{"start":{"line":2491,"column":49},"end":{"line":2500,"column":null}},"704":{"start":{"line":2501,"column":18},"end":{"line":2501,"column":null}},"705":{"start":{"line":2502,"column":20},"end":{"line":2502,"column":null}},"706":{"start":{"line":2511,"column":6},"end":{"line":2513,"column":null}},"707":{"start":{"line":2512,"column":8},"end":{"line":2512,"column":null}},"708":{"start":{"line":2512,"column":63},"end":{"line":2512,"column":72}},"709":{"start":{"line":2514,"column":17},"end":{"line":2514,"column":null}},"710":{"start":{"line":2515,"column":6},"end":{"line":2517,"column":null}},"711":{"start":{"line":2516,"column":8},"end":{"line":2516,"column":null}},"712":{"start":{"line":2516,"column":54},"end":{"line":2516,"column":63}},"713":{"start":{"line":2518,"column":6},"end":{"line":2521,"column":null}},"714":{"start":{"line":2523,"column":6},"end":{"line":2523,"column":null}}},"fnMap":{"0":{"name":"shopifyFetch","decl":{"start":{"line":20,"column":15},"end":{"line":20,"column":28}},"loc":{"start":{"line":20,"column":117},"end":{"line":28,"column":null}},"line":20},"1":{"name":"(anonymous_1)","decl":{"start":{"line":22,"column":27},"end":{"line":22,"column":33}},"loc":{"start":{"line":22,"column":33},"end":{"line":22,"column":53}},"line":22},"2":{"name":"createAdminClient","decl":{"start":{"line":31,"column":16},"end":{"line":31,"column":34}},"loc":{"start":{"line":31,"column":89},"end":{"line":46,"column":null}},"line":31},"3":{"name":"(anonymous_3)","decl":{"start":{"line":35,"column":13},"end":{"line":35,"column":20}},"loc":{"start":{"line":35,"column":89},"end":{"line":44,"column":null}},"line":35},"4":{"name":"(anonymous_4)","decl":{"start":{"line":345,"column":2},"end":{"line":345,"column":null}},"loc":{"start":{"line":348,"column":4},"end":{"line":351,"column":null}},"line":348},"5":{"name":"fetchOrderByGid","decl":{"start":{"line":358,"column":22},"end":{"line":358,"column":null}},"loc":{"start":{"line":361,"column":34},"end":{"line":381,"column":null}},"line":361},"6":{"name":"searchOrders","decl":{"start":{"line":394,"column":15},"end":{"line":394,"column":null}},"loc":{"start":{"line":399,"column":27},"end":{"line":453,"column":null}},"line":399},"7":{"name":"(anonymous_7)","decl":{"start":{"line":439,"column":37},"end":{"line":439,"column":38}},"loc":{"start":{"line":439,"column":44},"end":{"line":439,"column":85}},"line":439},"8":{"name":"(anonymous_8)","decl":{"start":{"line":441,"column":29},"end":{"line":441,"column":30}},"loc":{"start":{"line":441,"column":36},"end":{"line":444,"column":5}},"line":441},"9":{"name":"restOrderLookupByName","decl":{"start":{"line":475,"column":15},"end":{"line":475,"column":null}},"loc":{"start":{"line":479,"column":26},"end":{"line":512,"column":null}},"line":479},"10":{"name":"(anonymous_10)","decl":{"start":{"line":499,"column":32},"end":{"line":499,"column":33}},"loc":{"start":{"line":499,"column":39},"end":{"line":502,"column":7}},"line":499},"11":{"name":"withRestCredentials","decl":{"start":{"line":515,"column":16},"end":{"line":515,"column":36}},"loc":{"start":{"line":515,"column":112},"end":{"line":517,"column":null}},"line":515},"12":{"name":"rawGraphQLSearch","decl":{"start":{"line":525,"column":15},"end":{"line":525,"column":null}},"loc":{"start":{"line":530,"column":34},"end":{"line":584,"column":null}},"line":530},"13":{"name":"(anonymous_13)","decl":{"start":{"line":576,"column":29},"end":{"line":576,"column":30}},"loc":{"start":{"line":576,"column":36},"end":{"line":579,"column":5}},"line":576},"14":{"name":"fetchOrderByOrderNumber","decl":{"start":{"line":586,"column":22},"end":{"line":586,"column":null}},"loc":{"start":{"line":589,"column":34},"end":{"line":656,"column":null}},"line":589},"15":{"name":"extractShopifyOrderNumberVariants","decl":{"start":{"line":668,"column":16},"end":{"line":668,"column":50}},"loc":{"start":{"line":668,"column":105},"end":{"line":703,"column":null}},"line":668},"16":{"name":"fetchOrderByFyndAffiliateId","decl":{"start":{"line":709,"column":22},"end":{"line":709,"column":null}},"loc":{"start":{"line":712,"column":34},"end":{"line":730,"column":null}},"line":712},"17":{"name":"parseOrderNode","decl":{"start":{"line":787,"column":9},"end":{"line":787,"column":24}},"loc":{"start":{"line":787,"column":55},"end":{"line":848,"column":null}},"line":787},"18":{"name":"(anonymous_18)","decl":{"start":{"line":790,"column":78},"end":{"line":790,"column":79}},"loc":{"start":{"line":790,"column":87},"end":{"line":804,"column":4}},"line":790},"19":{"name":"(anonymous_19)","decl":{"start":{"line":830,"column":45},"end":{"line":830,"column":46}},"loc":{"start":{"line":830,"column":53},"end":{"line":846,"column":6}},"line":830},"20":{"name":"(anonymous_20)","decl":{"start":{"line":841,"column":47},"end":{"line":841,"column":48}},"loc":{"start":{"line":841,"column":56},"end":{"line":845,"column":8}},"line":841},"21":{"name":"fetchOrdersByFilter","decl":{"start":{"line":888,"column":22},"end":{"line":888,"column":null}},"loc":{"start":{"line":892,"column":29},"end":{"line":921,"column":null}},"line":892},"22":{"name":"(anonymous_22)","decl":{"start":{"line":911,"column":50},"end":{"line":911,"column":51}},"loc":{"start":{"line":911,"column":57},"end":{"line":911,"column":66}},"line":911},"23":{"name":"(anonymous_23)","decl":{"start":{"line":915,"column":14},"end":{"line":915,"column":15}},"loc":{"start":{"line":915,"column":51},"end":{"line":915,"column":94}},"line":915},"24":{"name":"fetchOrdersByCustomer","decl":{"start":{"line":923,"column":22},"end":{"line":923,"column":null}},"loc":{"start":{"line":926,"column":36},"end":{"line":930,"column":null}},"line":926},"25":{"name":"extractAffiliateOrderId","decl":{"start":{"line":943,"column":16},"end":{"line":943,"column":null}},"loc":{"start":{"line":945,"column":17},"end":{"line":953,"column":null}},"line":945},"26":{"name":"(anonymous_26)","decl":{"start":{"line":947,"column":46},"end":{"line":947,"column":47}},"loc":{"start":{"line":947,"column":53},"end":{"line":947,"column":91}},"line":947},"27":{"name":"fetchOrder","decl":{"start":{"line":955,"column":22},"end":{"line":955,"column":null}},"loc":{"start":{"line":958,"column":34},"end":{"line":1082,"column":null}},"line":958},"28":{"name":"(anonymous_28)","decl":{"start":{"line":975,"column":53},"end":{"line":975,"column":58}},"loc":{"start":{"line":975,"column":58},"end":{"line":975,"column":67}},"line":975},"29":{"name":"(anonymous_29)","decl":{"start":{"line":1030,"column":82},"end":{"line":1030,"column":83}},"loc":{"start":{"line":1030,"column":91},"end":{"line":1041,"column":4}},"line":1030},"30":{"name":"(anonymous_30)","decl":{"start":{"line":1065,"column":49},"end":{"line":1065,"column":50}},"loc":{"start":{"line":1065,"column":57},"end":{"line":1080,"column":6}},"line":1065},"31":{"name":"(anonymous_31)","decl":{"start":{"line":1075,"column":47},"end":{"line":1075,"column":48}},"loc":{"start":{"line":1075,"column":56},"end":{"line":1079,"column":8}},"line":1075},"32":{"name":"fetchOrderLineItemsOnly","decl":{"start":{"line":1089,"column":22},"end":{"line":1089,"column":null}},"loc":{"start":{"line":1092,"column":135},"end":{"line":1115,"column":null}},"line":1092},"33":{"name":"(anonymous_33)","decl":{"start":{"line":1107,"column":44},"end":{"line":1107,"column":45}},"loc":{"start":{"line":1107,"column":53},"end":{"line":1107,"column":128}},"line":1107},"34":{"name":"fetchOrderLineItemsByName","decl":{"start":{"line":1121,"column":22},"end":{"line":1121,"column":null}},"loc":{"start":{"line":1124,"column":135},"end":{"line":1197,"column":null}},"line":1124},"35":{"name":"(anonymous_35)","decl":{"start":{"line":1142,"column":31},"end":{"line":1142,"column":32}},"loc":{"start":{"line":1142,"column":38},"end":{"line":1142,"column":85}},"line":1142},"36":{"name":"(anonymous_36)","decl":{"start":{"line":1147,"column":47},"end":{"line":1147,"column":48}},"loc":{"start":{"line":1147,"column":56},"end":{"line":1147,"column":131}},"line":1147},"37":{"name":"(anonymous_37)","decl":{"start":{"line":1182,"column":33},"end":{"line":1182,"column":34}},"loc":{"start":{"line":1182,"column":40},"end":{"line":1182,"column":88}},"line":1182},"38":{"name":"(anonymous_38)","decl":{"start":{"line":1187,"column":49},"end":{"line":1187,"column":50}},"loc":{"start":{"line":1187,"column":58},"end":{"line":1187,"column":133}},"line":1187},"39":{"name":"fetchAllLocations","decl":{"start":{"line":1209,"column":22},"end":{"line":1209,"column":40}},"loc":{"start":{"line":1209,"column":86},"end":{"line":1232,"column":null}},"line":1209},"40":{"name":"(anonymous_40)","decl":{"start":{"line":1217,"column":51},"end":{"line":1217,"column":56}},"loc":{"start":{"line":1217,"column":56},"end":{"line":1217,"column":65}},"line":1217},"41":{"name":"(anonymous_41)","decl":{"start":{"line":1223,"column":21},"end":{"line":1223,"column":22}},"loc":{"start":{"line":1223,"column":29},"end":{"line":1227,"column":6}},"line":1223},"42":{"name":"fetchPrimaryLocationId","decl":{"start":{"line":1234,"column":22},"end":{"line":1234,"column":45}},"loc":{"start":{"line":1234,"column":90},"end":{"line":1237,"column":null}},"line":1234},"43":{"name":"parseRefundResponse","decl":{"start":{"line":1312,"column":9},"end":{"line":1312,"column":29}},"loc":{"start":{"line":1312,"column":61},"end":{"line":1330,"column":null}},"line":1312},"44":{"name":"(anonymous_44)","decl":{"start":{"line":1315,"column":50},"end":{"line":1315,"column":51}},"loc":{"start":{"line":1315,"column":57},"end":{"line":1315,"column":85}},"line":1315},"45":{"name":"(anonymous_45)","decl":{"start":{"line":1319,"column":51},"end":{"line":1319,"column":52}},"loc":{"start":{"line":1319,"column":58},"end":{"line":1319,"column":67}},"line":1319},"46":{"name":"createRefund","decl":{"start":{"line":1332,"column":22},"end":{"line":1332,"column":null}},"loc":{"start":{"line":1340,"column":25},"end":{"line":1604,"column":null}},"line":1340},"47":{"name":"(anonymous_47)","decl":{"start":{"line":1343,"column":89},"end":{"line":1343,"column":101}},"loc":{"start":{"line":1343,"column":101},"end":{"line":1603,"column":3}},"line":1343},"48":{"name":"(anonymous_48)","decl":{"start":{"line":1346,"column":37},"end":{"line":1346,"column":38}},"loc":{"start":{"line":1346,"column":47},"end":{"line":1349,"column":5}},"line":1346},"49":{"name":"(anonymous_49)","decl":{"start":{"line":1367,"column":18},"end":{"line":1367,"column":19}},"loc":{"start":{"line":1367,"column":28},"end":{"line":1367,"column":45}},"line":1367},"50":{"name":"(anonymous_50)","decl":{"start":{"line":1368,"column":15},"end":{"line":1368,"column":16}},"loc":{"start":{"line":1368,"column":26},"end":{"line":1373,"column":12}},"line":1368},"51":{"name":"(anonymous_51)","decl":{"start":{"line":1387,"column":42},"end":{"line":1387,"column":43}},"loc":{"start":{"line":1387,"column":53},"end":{"line":1390,"column":12}},"line":1387},"52":{"name":"(anonymous_52)","decl":{"start":{"line":1474,"column":73},"end":{"line":1474,"column":74}},"loc":{"start":{"line":1474,"column":81},"end":{"line":1480,"column":12}},"line":1474},"53":{"name":"(anonymous_53)","decl":{"start":{"line":1487,"column":42},"end":{"line":1487,"column":43}},"loc":{"start":{"line":1487,"column":53},"end":{"line":1490,"column":12}},"line":1487},"54":{"name":"(anonymous_54)","decl":{"start":{"line":1527,"column":73},"end":{"line":1527,"column":74}},"loc":{"start":{"line":1527,"column":81},"end":{"line":1533,"column":12}},"line":1527},"55":{"name":"(anonymous_55)","decl":{"start":{"line":1549,"column":52},"end":{"line":1549,"column":58}},"loc":{"start":{"line":1549,"column":58},"end":{"line":1549,"column":127}},"line":1549},"56":{"name":"(anonymous_56)","decl":{"start":{"line":1567,"column":42},"end":{"line":1567,"column":43}},"loc":{"start":{"line":1567,"column":53},"end":{"line":1571,"column":12}},"line":1567},"57":{"name":"mapReturnReason","decl":{"start":{"line":1669,"column":9},"end":{"line":1669,"column":25}},"loc":{"start":{"line":1669,"column":61},"end":{"line":1680,"column":null}},"line":1669},"58":{"name":"createShopifyReturn","decl":{"start":{"line":1699,"column":22},"end":{"line":1699,"column":null}},"loc":{"start":{"line":1710,"column":32},"end":{"line":1974,"column":null}},"line":1710},"59":{"name":"(anonymous_59)","decl":{"start":{"line":1712,"column":69},"end":{"line":1712,"column":81}},"loc":{"start":{"line":1712,"column":81},"end":{"line":1973,"column":3}},"line":1712},"60":{"name":"(anonymous_60)","decl":{"start":{"line":1822,"column":26},"end":{"line":1822,"column":27}},"loc":{"start":{"line":1822,"column":52},"end":{"line":1829,"column":null}},"line":1822},"61":{"name":"(anonymous_61)","decl":{"start":{"line":1840,"column":21},"end":{"line":1840,"column":22}},"loc":{"start":{"line":1840,"column":69},"end":{"line":1843,"column":null}},"line":1840},"62":{"name":"(anonymous_62)","decl":{"start":{"line":1842,"column":28},"end":{"line":1842,"column":29}},"loc":{"start":{"line":1842,"column":44},"end":{"line":1842,"column":84}},"line":1842},"63":{"name":"(anonymous_63)","decl":{"start":{"line":1954,"column":36},"end":{"line":1954,"column":37}},"loc":{"start":{"line":1954,"column":43},"end":{"line":1954,"column":52}},"line":1954},"64":{"name":"closeShopifyReturn","decl":{"start":{"line":2004,"column":22},"end":{"line":2004,"column":null}},"loc":{"start":{"line":2007,"column":37},"end":{"line":2047,"column":null}},"line":2007},"65":{"name":"(anonymous_65)","decl":{"start":{"line":2011,"column":64},"end":{"line":2011,"column":76}},"loc":{"start":{"line":2011,"column":76},"end":{"line":2046,"column":3}},"line":2011},"66":{"name":"(anonymous_66)","decl":{"start":{"line":2030,"column":33},"end":{"line":2030,"column":34}},"loc":{"start":{"line":2030,"column":40},"end":{"line":2030,"column":49}},"line":2030},"67":{"name":"declineShopifyReturn","decl":{"start":{"line":2050,"column":22},"end":{"line":2050,"column":null}},"loc":{"start":{"line":2054,"column":37},"end":{"line":2096,"column":null}},"line":2054},"68":{"name":"(anonymous_68)","decl":{"start":{"line":2058,"column":66},"end":{"line":2058,"column":78}},"loc":{"start":{"line":2058,"column":78},"end":{"line":2095,"column":3}},"line":2058},"69":{"name":"(anonymous_69)","decl":{"start":{"line":2079,"column":33},"end":{"line":2079,"column":34}},"loc":{"start":{"line":2079,"column":40},"end":{"line":2079,"column":49}},"line":2079},"70":{"name":"closeShopifyReturnBestEffort","decl":{"start":{"line":2117,"column":22},"end":{"line":2117,"column":null}},"loc":{"start":{"line":2125,"column":47},"end":{"line":2179,"column":null}},"line":2125},"71":{"name":"(anonymous_71)","decl":{"start":{"line":2134,"column":15},"end":{"line":2134,"column":21}},"loc":{"start":{"line":2134,"column":21},"end":{"line":2134,"column":23}},"line":2134},"72":{"name":"(anonymous_72)","decl":{"start":{"line":2143,"column":15},"end":{"line":2143,"column":21}},"loc":{"start":{"line":2143,"column":21},"end":{"line":2143,"column":23}},"line":2143},"73":{"name":"(anonymous_73)","decl":{"start":{"line":2167,"column":13},"end":{"line":2167,"column":19}},"loc":{"start":{"line":2167,"column":19},"end":{"line":2167,"column":21}},"line":2167},"74":{"name":"fetchOrdersForCustomer","decl":{"start":{"line":2243,"column":22},"end":{"line":2243,"column":null}},"loc":{"start":{"line":2247,"column":32},"end":{"line":2343,"column":null}},"line":2247},"75":{"name":"(anonymous_75)","decl":{"start":{"line":2305,"column":21},"end":{"line":2305,"column":22}},"loc":{"start":{"line":2305,"column":28},"end":{"line":2338,"column":5}},"line":2305},"76":{"name":"(anonymous_76)","decl":{"start":{"line":2330,"column":39},"end":{"line":2330,"column":40}},"loc":{"start":{"line":2330,"column":47},"end":{"line":2336,"column":10}},"line":2330},"77":{"name":"fetchVariantInfo","decl":{"start":{"line":2395,"column":22},"end":{"line":2395,"column":null}},"loc":{"start":{"line":2398,"column":44},"end":{"line":2458,"column":null}},"line":2398},"78":{"name":"(anonymous_78)","decl":{"start":{"line":2401,"column":12},"end":{"line":2401,"column":13}},"loc":{"start":{"line":2401,"column":20},"end":{"line":2401,"column":66}},"line":2401},"79":{"name":"(anonymous_79)","decl":{"start":{"line":2402,"column":9},"end":{"line":2402,"column":10}},"loc":{"start":{"line":2402,"column":18},"end":{"line":2402,"column":107}},"line":2402},"80":{"name":"(anonymous_80)","decl":{"start":{"line":2405,"column":77},"end":{"line":2405,"column":89}},"loc":{"start":{"line":2405,"column":89},"end":{"line":2457,"column":3}},"line":2405},"81":{"name":"(anonymous_81)","decl":{"start":{"line":2432,"column":52},"end":{"line":2432,"column":53}},"loc":{"start":{"line":2432,"column":59},"end":{"line":2432,"column":68}},"line":2432},"82":{"name":"sendDraftOrderInvoice","decl":{"start":{"line":2482,"column":22},"end":{"line":2482,"column":null}},"loc":{"start":{"line":2488,"column":36},"end":{"line":2526,"column":null}},"line":2488},"83":{"name":"(anonymous_83)","decl":{"start":{"line":2489,"column":84},"end":{"line":2489,"column":96}},"loc":{"start":{"line":2489,"column":96},"end":{"line":2525,"column":3}},"line":2489},"84":{"name":"(anonymous_84)","decl":{"start":{"line":2512,"column":56},"end":{"line":2512,"column":57}},"loc":{"start":{"line":2512,"column":63},"end":{"line":2512,"column":72}},"line":2512},"85":{"name":"(anonymous_85)","decl":{"start":{"line":2516,"column":47},"end":{"line":2516,"column":48}},"loc":{"start":{"line":2516,"column":54},"end":{"line":2516,"column":63}},"line":2516}},"branchMap":{"0":{"loc":{"start":{"line":20,"column":60},"end":{"line":20,"column":117}},"type":"default-arg","locations":[{"start":{"line":20,"column":72},"end":{"line":20,"column":117}}],"line":20},"1":{"loc":{"start":{"line":32,"column":15},"end":{"line":32,"column":null}},"type":"cond-expr","locations":[{"start":{"line":32,"column":42},"end":{"line":32,"column":55}},{"start":{"line":32,"column":55},"end":{"line":32,"column":null}}],"line":32},"2":{"loc":{"start":{"line":42,"column":49},"end":{"line":42,"column":74}},"type":"binary-expr","locations":[{"start":{"line":42,"column":49},"end":{"line":42,"column":71}},{"start":{"line":42,"column":71},"end":{"line":42,"column":74}}],"line":42},"3":{"loc":{"start":{"line":347,"column":20},"end":{"line":347,"column":null}},"type":"default-arg","locations":[{"start":{"line":347,"column":49},"end":{"line":347,"column":null}}],"line":347},"4":{"loc":{"start":{"line":362,"column":2},"end":{"line":362,"column":null}},"type":"if","locations":[{"start":{"line":362,"column":2},"end":{"line":362,"column":null}},{"start":{},"end":{}}],"line":362},"5":{"loc":{"start":{"line":362,"column":6},"end":{"line":362,"column":41}},"type":"binary-expr","locations":[{"start":{"line":362,"column":6},"end":{"line":362,"column":14}},{"start":{"line":362,"column":14},"end":{"line":362,"column":41}}],"line":362},"6":{"loc":{"start":{"line":369,"column":19},"end":{"line":369,"column":null}},"type":"binary-expr","locations":[{"start":{"line":369,"column":19},"end":{"line":369,"column":48}},{"start":{"line":369,"column":48},"end":{"line":369,"column":null}}],"line":369},"7":{"loc":{"start":{"line":370,"column":4},"end":{"line":372,"column":null}},"type":"if","locations":[{"start":{"line":370,"column":4},"end":{"line":372,"column":null}},{"start":{},"end":{}}],"line":370},"8":{"loc":{"start":{"line":370,"column":8},"end":{"line":370,"column":108}},"type":"binary-expr","locations":[{"start":{"line":370,"column":8},"end":{"line":370,"column":43}},{"start":{"line":370,"column":43},"end":{"line":370,"column":78}},{"start":{"line":370,"column":78},"end":{"line":370,"column":108}}],"line":370},"9":{"loc":{"start":{"line":373,"column":4},"end":{"line":373,"column":null}},"type":"if","locations":[{"start":{"line":373,"column":4},"end":{"line":373,"column":null}},{"start":{},"end":{}}],"line":373},"10":{"loc":{"start":{"line":375,"column":4},"end":{"line":375,"column":null}},"type":"if","locations":[{"start":{"line":375,"column":4},"end":{"line":375,"column":null}},{"start":{},"end":{}}],"line":375},"11":{"loc":{"start":{"line":375,"column":8},"end":{"line":375,"column":36}},"type":"binary-expr","locations":[{"start":{"line":375,"column":8},"end":{"line":375,"column":17}},{"start":{"line":375,"column":17},"end":{"line":375,"column":36}}],"line":375},"12":{"loc":{"start":{"line":378,"column":4},"end":{"line":378,"column":null}},"type":"if","locations":[{"start":{"line":378,"column":4},"end":{"line":378,"column":null}},{"start":{},"end":{}}],"line":378},"13":{"loc":{"start":{"line":397,"column":2},"end":{"line":397,"column":null}},"type":"default-arg","locations":[{"start":{"line":397,"column":17},"end":{"line":397,"column":null}}],"line":397},"14":{"loc":{"start":{"line":400,"column":16},"end":{"line":400,"column":null}},"type":"cond-expr","locations":[{"start":{"line":400,"column":28},"end":{"line":400,"column":33}},{"start":{"line":400,"column":33},"end":{"line":400,"column":null}}],"line":400},"15":{"loc":{"start":{"line":405,"column":38},"end":{"line":405,"column":87}},"type":"cond-expr","locations":[{"start":{"line":405,"column":61},"end":{"line":405,"column":75}},{"start":{"line":405,"column":75},"end":{"line":405,"column":87}}],"line":405},"16":{"loc":{"start":{"line":406,"column":4},"end":{"line":406,"column":null}},"type":"if","locations":[{"start":{"line":406,"column":4},"end":{"line":406,"column":null}},{"start":{},"end":{}}],"line":406},"17":{"loc":{"start":{"line":419,"column":38},"end":{"line":419,"column":87}},"type":"cond-expr","locations":[{"start":{"line":419,"column":61},"end":{"line":419,"column":75}},{"start":{"line":419,"column":75},"end":{"line":419,"column":87}}],"line":419},"18":{"loc":{"start":{"line":420,"column":4},"end":{"line":420,"column":null}},"type":"if","locations":[{"start":{"line":420,"column":4},"end":{"line":420,"column":null}},{"start":{},"end":{}}],"line":420},"19":{"loc":{"start":{"line":423,"column":17},"end":{"line":423,"column":null}},"type":"binary-expr","locations":[{"start":{"line":423,"column":17},"end":{"line":423,"column":46}},{"start":{"line":423,"column":46},"end":{"line":423,"column":null}}],"line":423},"20":{"loc":{"start":{"line":424,"column":2},"end":{"line":426,"column":null}},"type":"if","locations":[{"start":{"line":424,"column":2},"end":{"line":426,"column":null}},{"start":{},"end":{}}],"line":424},"21":{"loc":{"start":{"line":424,"column":6},"end":{"line":424,"column":106}},"type":"binary-expr","locations":[{"start":{"line":424,"column":6},"end":{"line":424,"column":41}},{"start":{"line":424,"column":41},"end":{"line":424,"column":76}},{"start":{"line":424,"column":76},"end":{"line":424,"column":106}}],"line":424},"22":{"loc":{"start":{"line":427,"column":2},"end":{"line":430,"column":null}},"type":"if","locations":[{"start":{"line":427,"column":2},"end":{"line":430,"column":null}},{"start":{},"end":{}}],"line":427},"23":{"loc":{"start":{"line":428,"column":4},"end":{"line":428,"column":null}},"type":"if","locations":[{"start":{"line":428,"column":4},"end":{"line":428,"column":null}},{"start":{},"end":{}}],"line":428},"24":{"loc":{"start":{"line":429,"column":31},"end":{"line":429,"column":64}},"type":"binary-expr","locations":[{"start":{"line":429,"column":31},"end":{"line":429,"column":41}},{"start":{"line":429,"column":41},"end":{"line":429,"column":64}}],"line":429},"25":{"loc":{"start":{"line":431,"column":16},"end":{"line":431,"column":null}},"type":"binary-expr","locations":[{"start":{"line":431,"column":16},"end":{"line":431,"column":44}},{"start":{"line":431,"column":44},"end":{"line":431,"column":null}}],"line":431},"26":{"loc":{"start":{"line":432,"column":2},"end":{"line":435,"column":null}},"type":"if","locations":[{"start":{"line":432,"column":2},"end":{"line":435,"column":null}},{"start":{},"end":{}}],"line":432},"27":{"loc":{"start":{"line":437,"column":2},"end":{"line":449,"column":null}},"type":"if","locations":[{"start":{"line":437,"column":2},"end":{"line":449,"column":null}},{"start":{},"end":{}}],"line":437},"28":{"loc":{"start":{"line":439,"column":44},"end":{"line":439,"column":85}},"type":"cond-expr","locations":[{"start":{"line":439,"column":73},"end":{"line":439,"column":82}},{"start":{"line":439,"column":82},"end":{"line":439,"column":85}}],"line":439},"29":{"loc":{"start":{"line":442,"column":19},"end":{"line":442,"column":null}},"type":"cond-expr","locations":[{"start":{"line":442,"column":48},"end":{"line":442,"column":89}},{"start":{"line":442,"column":89},"end":{"line":442,"column":null}}],"line":442},"30":{"loc":{"start":{"line":445,"column":4},"end":{"line":447,"column":null}},"type":"if","locations":[{"start":{"line":445,"column":4},"end":{"line":447,"column":null}},{"start":{},"end":{}}],"line":445},"31":{"loc":{"start":{"line":448,"column":11},"end":{"line":448,"column":null}},"type":"cond-expr","locations":[{"start":{"line":448,"column":67},"end":{"line":448,"column":75}},{"start":{"line":448,"column":75},"end":{"line":448,"column":null}}],"line":448},"32":{"loc":{"start":{"line":448,"column":11},"end":{"line":448,"column":67}},"type":"binary-expr","locations":[{"start":{"line":448,"column":11},"end":{"line":448,"column":20}},{"start":{"line":448,"column":20},"end":{"line":448,"column":49}},{"start":{"line":448,"column":49},"end":{"line":448,"column":67}}],"line":448},"33":{"loc":{"start":{"line":452,"column":10},"end":{"line":452,"column":null}},"type":"cond-expr","locations":[{"start":{"line":452,"column":67},"end":{"line":452,"column":75}},{"start":{"line":452,"column":75},"end":{"line":452,"column":null}}],"line":452},"34":{"loc":{"start":{"line":452,"column":10},"end":{"line":452,"column":67}},"type":"binary-expr","locations":[{"start":{"line":452,"column":10},"end":{"line":452,"column":19}},{"start":{"line":452,"column":19},"end":{"line":452,"column":48}},{"start":{"line":452,"column":48},"end":{"line":452,"column":67}}],"line":452},"35":{"loc":{"start":{"line":481,"column":2},"end":{"line":481,"column":null}},"type":"if","locations":[{"start":{"line":481,"column":2},"end":{"line":481,"column":null}},{"start":{},"end":{}}],"line":481},"36":{"loc":{"start":{"line":483,"column":15},"end":{"line":483,"column":null}},"type":"cond-expr","locations":[{"start":{"line":483,"column":42},"end":{"line":483,"column":55}},{"start":{"line":483,"column":55},"end":{"line":483,"column":null}}],"line":483},"37":{"loc":{"start":{"line":491,"column":6},"end":{"line":494,"column":null}},"type":"if","locations":[{"start":{"line":491,"column":6},"end":{"line":494,"column":null}},{"start":{},"end":{}}],"line":491},"38":{"loc":{"start":{"line":496,"column":21},"end":{"line":496,"column":null}},"type":"binary-expr","locations":[{"start":{"line":496,"column":21},"end":{"line":496,"column":37}},{"start":{"line":496,"column":37},"end":{"line":496,"column":null}}],"line":496},"39":{"loc":{"start":{"line":500,"column":19},"end":{"line":500,"column":33}},"type":"binary-expr","locations":[{"start":{"line":500,"column":19},"end":{"line":500,"column":29}},{"start":{"line":500,"column":29},"end":{"line":500,"column":33}}],"line":500},"40":{"loc":{"start":{"line":503,"column":6},"end":{"line":506,"column":null}},"type":"if","locations":[{"start":{"line":503,"column":6},"end":{"line":506,"column":null}},{"start":{},"end":{}}],"line":503},"41":{"loc":{"start":{"line":508,"column":44},"end":{"line":508,"column":93}},"type":"cond-expr","locations":[{"start":{"line":508,"column":67},"end":{"line":508,"column":81}},{"s
[...]
ed:undefined":231,"s:1456:10:1462:Infinity":386,"s:1457:12:1461:Infinity":387,"b:1467:8:1472:Infinity:undefined:undefined:undefined:undefined":232,"s:1467:8:1472:Infinity":388,"b:1467:12:1467:41:1467:41:1467:60":233,"s:1468:10:1471:Infinity":389,"b:1473:8:1481:Infinity:undefined:undefined:undefined:undefined":234,"s:1473:8:1481:Infinity":390,"s:1474:10:1480:Infinity":391,"f:1474:73:1474:74":52,"s:1474:81:1480:12":392,"b:1477:21:1477:34:1477:34:1477:Infinity":235,"b:1478:31:1478:65:1478:65:1478:68":236,"b:1479:42:1479:81:1479:81:1479:Infinity":237,"s:1484:25:1492:Infinity":393,"f:1487:42:1487:43":53,"s:1487:53:1490:12":394,"b:1488:55:1488:65:1488:65:1488:Infinity":238,"s:1493:27:1493:Infinity":395,"s:1507:24:1507:Infinity":396,"b:1508:6:1535:Infinity:undefined:undefined:undefined:undefined":239,"s:1508:6:1535:Infinity":397,"b:1514:8:1534:Infinity:1526:15:1534:Infinity":240,"s:1514:8:1534:Infinity":398,"b:1514:12:1514:50:1514:50:1514:81":241,"s:1515:22:1515:Infinity":399,"s:1516:22:1516:Infinity":400,"s:1517:10:1523:Infinity":401,"b:1520:21:1520:36:1520:36:1520:Infinity":242,"b:1522:44:1522:85:1522:85:1522:Infinity":243,"s:1525:10:1525:Infinity":402,"s:1527:10:1533:Infinity":403,"f:1527:73:1527:74":54,"s:1527:81:1533:12":404,"b:1530:21:1530:34:1530:34:1530:Infinity":244,"b:1531:31:1531:65:1531:65:1531:68":245,"b:1532:42:1532:81:1532:81:1532:Infinity":246,"b:1540:4:1547:Infinity:undefined:undefined:undefined:undefined":247,"s:1540:4:1547:Infinity":405,"b:1540:9:1540:38:1540:38:1540:Infinity:1541:6:1541:Infinity:1542:7:1542:52:1542:52:1542:106":248,"s:1543:6:1546:Infinity":406,"s:1549:16:1549:Infinity":407,"f:1549:52:1549:58":55,"s:1549:58:1549:127":408,"s:1551:4:1554:Infinity":409,"s:1551:10:1551:51":410,"s:1552:6:1552:Infinity":411,"s:1553:6:1553:Infinity":412,"b:1556:4:1559:Infinity:undefined:undefined:undefined:undefined":249,"s:1556:4:1559:Infinity":413,"s:1557:6:1557:Infinity":414,"s:1558:6:1558:Infinity":415,"s:1561:19:1561:Infinity":416,"b:1562:4:1592:Infinity:undefined:undefined:undefined:undefined":250,"s:1562:4:1592:Infinity":417,"s:1563:30:1563:Infinity":418,"b:1563:55:1563:71:1563:71:1563:73":251,"b:1564:6:1588:Infinity:undefined:undefined:undefined:undefined":252,"s:1564:6:1588:Infinity":419,"s:1565:56:1572:Infinity":420,"f:1567:42:1567:43":56,"s:1567:53:1571:12":421,"b:1568:55:1568:65:1568:65:1568:Infinity":253,"s:1573:25:1573:Infinity":422,"s:1575:8:1578:Infinity":423,"s:1575:14:1575:65":424,"s:1576:10:1576:Infinity":425,"s:1577:10:1577:Infinity":426,"s:1579:28:1579:Infinity":427,"b:1580:8:1586:Infinity:1584:15:1586:Infinity":254,"s:1580:8:1586:Infinity":428,"s:1581:10:1581:Infinity":429,"s:1582:10:1582:Infinity":430,"s:1583:10:1583:Infinity":431,"b:1583:110:1583:134:1583:134:1583:138":255,"b:1583:155:1583:183:1583:183:1583:187":256,"s:1585:10:1585:Infinity":432,"s:1587:8:1587:Infinity":433,"s:1589:6:1589:Infinity":434,"s:1590:6:1590:Infinity":435,"s:1591:6:1591:Infinity":436,"s:1594:4:1594:Infinity":437,"s:1595:4:1595:Infinity":438,"s:1596:4:1596:Infinity":439,"b:1596:104:1596:123:1596:123:1596:127":257,"b:1596:144:1596:167:1596:167:1596:170":258,"s:1597:4:1597:Infinity":440,"s:1599:16:1599:Infinity":441,"b:1599:39:1599:53:1599:53:1599:Infinity":259,"s:1600:4:1600:Infinity":442,"s:1601:4:1601:Infinity":443,"s:1608:38:1608:Infinity":444,"s:1654:31:1654:Infinity":445,"f:1669:9:1669:25":57,"b:1670:2:1670:Infinity:undefined:undefined:undefined:undefined":260,"s:1670:2:1670:Infinity":446,"s:1670:19:1670:Infinity":447,"s:1671:16:1671:Infinity":448,"b:1672:2:1672:Infinity:undefined:undefined:undefined:undefined":261,"s:1672:2:1672:Infinity":449,"s:1672:67:1672:Infinity":450,"b:1673:2:1673:Infinity:undefined:undefined:undefined:undefined":262,"s:1673:2:1673:Infinity":451,"s:1673:77:1673:Infinity":452,"b:1674:2:1674:Infinity:undefined:undefined:undefined:undefined":263,"s:1674:2:1674:Infinity":453,"s:1674:52:1674:Infinity":454,"b:1675:2:1675:Infinity:undefined:undefined:undefined:undefined":264,"s:1675:2:1675:Infinity":455,"s:1675:53:1675:Infinity":456,"b:1676:2:1676:Infinity:undefined:undefined:undefined:undefined":265,"s:1676:2:1676:Infinity":457,"s:1676:36:1676:Infinity":458,"b:1677:2:1677:Infinity:undefined:undefined:undefined:undefined":266,"s:1677:2:1677:Infinity":459,"s:1677:51:1677:Infinity":460,"b:1678:2:1678:Infinity:undefined:undefined:undefined:undefined":267,"s:1678:2:1678:Infinity":461,"s:1678:79:1678:Infinity":462,"s:1679:2:1679:Infinity":463,"f:1699:22:1699:Infinity":58,"s:1711:19:1711:Infinity":464,"b:1711:50:1711:60:1711:60:1711:Infinity":268,"s:1712:2:1973:Infinity":465,"f:1712:69:1712:81":59,"s:1713:8:1713:Infinity":466,"s:1714:2:1972:Infinity":467,"s:1717:28:1719:Infinity":468,"s:1720:30:1720:Infinity":469,"b:1762:4:1768:Infinity:undefined:undefined:undefined:undefined":269,"s:1762:4:1768:Infinity":470,"s:1763:21:1763:Infinity":471,"b:1763:21:1763:60:1763:60:1763:Infinity":270,"b:1764:6:1766:Infinity:undefined:undefined:undefined:undefined":271,"s:1764:6:1766:Infinity":472,"s:1765:8:1765:Infinity":473,"s:1767:6:1767:Infinity":474,"s:1777:35:1777:Infinity":475,"s:1778:19:1778:Infinity":476,"s:1780:4:1802:Infinity":477,"b:1780:23:1780:79:1780:79:1780:83":272,"s:1781:6:1801:Infinity":478,"b:1781:29:1781:81:1781:81:1781:85":273,"s:1782:20:1782:Infinity":479,"b:1783:8:1783:Infinity:undefined:undefined:undefined:undefined":274,"s:1783:8:1783:Infinity":480,"s:1783:22:1783:Infinity":481,"s:1784:23:1784:Infinity":482,"b:1784:23:1784:50:1784:50:1784:Infinity":275,"b:1785:8:1785:Infinity:undefined:undefined:undefined:undefined":276,"s:1785:8:1785:Infinity":483,"s:1785:25:1785:Infinity":484,"s:1786:32:1786:Infinity":485,"b:1788:8:1792:Infinity:undefined:undefined:undefined:undefined":277,"s:1788:8:1792:Infinity":486,"s:1789:22:1789:Infinity":487,"b:1789:22:1789:69:1789:69:1789:Infinity":278,"s:1790:10:1790:Infinity":488,"s:1791:10:1791:Infinity":489,"b:1793:8:1800:Infinity:undefined:undefined:undefined:undefined":279,"s:1793:8:1800:Infinity":490,"s:1794:25:1794:Infinity":491,"b:1795:10:1799:Infinity:undefined:undefined:undefined:undefined":280,"s:1795:10:1799:Infinity":492,"s:1796:24:1796:Infinity":493,"b:1796:24:1796:46:1796:46:1796:Infinity":281,"s:1797:12:1797:Infinity":494,"s:1798:12:1798:Infinity":495,"s:1810:41:1810:Infinity":496,"s:1811:4:1837:Infinity":497,"b:1811:26:1811:67:1811:67:1811:71":282,"s:1812:18:1812:Infinity":498,"b:1813:6:1813:Infinity:undefined:undefined:undefined:undefined":283,"s:1813:6:1813:Infinity":499,"s:1813:16:1813:Infinity":500,"s:1814:12:1814:Infinity":501,"b:1814:22:1814:36:1814:36:1814:40":284,"b:1815:6:1815:Infinity:undefined:undefined:undefined:undefined":285,"s:1815:6:1815:Infinity":502,"b:1815:10:1815:20:1815:20:1815:63":286,"s:1815:63:1815:Infinity":503,"s:1816:6:1836:Infinity":504,"b:1816:29:1816:59:1816:59:1816:63":287,"s:1817:21:1817:Infinity":505,"b:1818:8:1818:Infinity:undefined:undefined:undefined:undefined":288,"s:1818:8:1818:Infinity":506,"s:1818:44:1818:Infinity":507,"s:1819:30:1819:Infinity":508,"s:1820:28:1820:Infinity":509,"b:1820:28:1820:45:1820:45:1820:Infinity":289,"b:1821:8:1821:Infinity:undefined:undefined:undefined:undefined":290,"s:1821:8:1821:Infinity":510,"s:1821:30:1821:Infinity":511,"s:1822:26:1829:Infinity":512,"f:1822:26:1822:27":60,"b:1823:10:1823:Infinity:undefined:undefined:undefined:undefined":291,"s:1823:10:1823:Infinity":513,"s:1823:24:1823:Infinity":514,"s:1824:10:1828:Infinity":515,"b:1825:12:1827:Infinity:undefined:undefined:undefined:undefined":292,"s:1825:12:1827:Infinity":516,"s:1826:14:1826:Infinity":517,"b:1830:8:1832:Infinity:undefined:undefined:undefined:undefined":293,"s:1830:8:1832:Infinity":518,"s:1831:10:1831:Infinity":519,"b:1833:8:1835:Infinity:undefined:undefined:undefined:undefined":294,"s:1833:8:1835:Infinity":520,"s:1834:10:1834:Infinity":521,"s:1840:21:1843:Infinity":522,"f:1840:21:1840:22":61,"b:1841:6:1841:Infinity:undefined:undefined:undefined:undefined":295,"s:1841:6:1841:Infinity":523,"b:1841:10:1841:22:1841:22:1841:44":296,"s:1841:44:1841:Infinity":524,"s:1842:6:1842:Infinity":525,"f:1842:28:1842:29":62,"s:1842:44:1842:84":526,"b:1842:71:1842:77:1842:77:1842:84":297,"b:1845:4:1847:Infinity:undefined:undefined:undefined:undefined":298,"s:1845:4:1847:Infinity":527,"b:1845:8:1845:45:1845:45:1845:64":299,"s:1846:6:1846:Infinity":528,"s:1849:4:1849:Infinity":529,"s:1857:9:1857:Infinity":530,"s:1859:4:1917:Infinity":531,"b:1863:6:1865:Infinity:undefined:undefined:undefined:undefined":300,"s:1863:6:1865:Infinity":532,"s:1864:8:1864:Infinity":533,"b:1868:6:1871:Infinity:undefined:undefined:undefined:undefined":301,"s:1868:6:1871:Infinity":534,"b:1868:11:1868:23:1868:23:1868:48:1868:48:1868:58":302,"s:1869:23:1869:Infinity":535,"s:1870:8:1870:Infinity":536,"b:1873:6:1883:Infinity:undefined:undefined:undefined:undefined":303,"s:1873:6:1883:Infinity":537,"b:1873:10:1873:22:1873:22:1873:44":304,"s:1875:25:1877:Infinity":538,"b:1876:12:1876:Infinity:1877:12:1877:76":305,"b:1877:23:1877:67:1877:67:1877:76":306,"b:1878:8:1881:Infinity:undefined:undefined:undefined:undefined":307,"s:1878:8:1881:Infinity":539,"s:1879:10:1879:Infinity":540,"s:1880:10:1880:Infinity":541,"s:1882:8:1882:Infinity":542,"s:1885:21:1885:Infinity":543,"s:1892:25:1892:Infinity":544,"s:1893:6:1910:Infinity":545,"b:1894:8:1894:Infinity:undefined:undefined:undefined:undefined":308,"s:1894:8:1894:Infinity":546,"s:1894:31:1894:Infinity":547,"b:1895:8:1895:Infinity:undefined:undefined:undefined:undefined":309,"s:1895:8:1895:Infinity":548,"s:1895:31:1895:Infinity":549,"s:1896:21:1896:Infinity":550,"b:1897:8:1897:Infinity:undefined:undefined:undefined:undefined":310,"s:1897:8:1897:Infinity":551,"s:1897:23:1897:Infinity":552,"s:1898:8:1907:Infinity":553,"b:1903:14:1903:Infinity:1904:14:1906:Infinity":311,"b:1905:16:1905:Infinity:1906:16:1906:Infinity":312,"b:1905:36:1905:55:1905:55:1905:81":313,"s:1908:8:1908:Infinity":554,"s:1909:8:1909:Infinity":555,"b:1911:6:1916:Infinity:undefined:undefined:undefined:undefined":314,"s:1911:6:1916:Infinity":556,"s:1912:8:1915:Infinity":557,"b:1919:4:1921:Infinity:undefined:undefined:undefined:undefined":315,"s:1919:4:1921:Infinity":558,"s:1920:6:1920:Infinity":559,"s:1923:4:1923:Infinity":560,"s:1926:49:1930:Infinity":561,"b:1929:22:1929:49:1929:49:1929:Infinity":316,"b:1931:4:1933:Infinity:undefined:undefined:undefined:undefined":317,"s:1931:4:1933:Infinity":562,"s:1932:6:1932:Infinity":563,"s:1935:22:1937:Infinity":564,"s:1938:24:1938:Infinity":565,"b:1948:4:1950:Infinity:undefined:undefined:undefined:undefined":318,"s:1948:4:1950:Infinity":566,"s:1949:6:1949:Infinity":567,"b:1949:60:1949:93:1949:93:1949:102":319,"s:1952:23:1952:Infinity":568,"b:1952:23:1952:68:1952:68:1952:Infinity":320,"b:1953:4:1956:Infinity:undefined:undefined:undefined:undefined":321,"s:1953:4:1956:Infinity":569,"s:1954:21:1954:Infinity":570,"f:1954:36:1954:37":63,"s:1954:43:1954:52":571,"s:1955:6:1955:Infinity":572,"s:1958:21:1958:Infinity":573,"b:1959:4:1961:Infinity:undefined:undefined:undefined:undefined":322,"s:1959:4:1961:Infinity":574,"s:1960:6:1960:Infinity":575,"s:1963:4:1963:Infinity":576,"s:1964:4:1964:Infinity":577,"s:1965:4:1965:Infinity":578,"s:1966:4:1966:Infinity":579,"s:1968:16:1968:Infinity":580,"b:1968:39:1968:53:1968:53:1968:Infinity":323,"s:1969:4:1969:Infinity":581,"b:1969:55:1969:69:1969:69:1969:81":324,"s:1970:4:1970:Infinity":582,"s:1971:4:1971:Infinity":583,"s:1978:30:1978:Infinity":584,"s:1987:32:1987:Infinity":585,"f:2004:22:2004:Infinity":64,"s:2008:14:2010:Infinity":586,"b:2009:6:2009:Infinity:2010:6:2010:Infinity":325,"s:2011:2:2046:Infinity":587,"f:2011:64:2011:76":65,"s:2012:2:2045:Infinity":588,"s:2013:16:2013:Infinity":589,"s:2014:18:2014:Infinity":590,"b:2019:4:2026:Infinity:undefined:undefined:undefined:undefined":326,"s:2019:4:2026:Infinity":591,"s:2020:18:2020:Infinity":592,"b:2020:18:2020:45:2020:45:2020:Infinity":327,"b:2021:6:2024:Infinity:undefined:undefined:undefined:undefined":328,"s:2021:6:2024:Infinity":593,"s:2022:8:2022:Infinity":594,"s:2023:8:2023:Infinity":595,"s:2025:6:2025:Infinity":596,"s:2028:23:2028:Infinity":597,"b:2028:23:2028:61:2028:61:2028:Infinity":329,"b:2029:4:2036:Infinity:undefined:undefined:undefined:undefined":330,"s:2029:4:2036:Infinity":598,"s:2030:18:2030:Infinity":599,"f:2030:33:2030:34":66,"s:2030:40:2030:49":600,"b:2031:6:2034:Infinity:undefined:undefined:undefined:undefined":331,"s:2031:6:2034:Infinity":601,"s:2032:8:2032:Infinity":602,"s:2033:8:2033:Infinity":603,"s:2035:6:2035:Infinity":604,"s:2038:19:2038:Infinity":605,"b:2038:19:2038:61:2038:61:2038:Infinity":332,"s:2039:4:2039:Infinity":606,"s:2040:4:2040:Infinity":607,"s:2042:16:2042:Infinity":608,"b:2042:39:2042:53:2042:53:2042:Infinity":333,"s:2043:4:2043:Infinity":609,"s:2044:4:2044:Infinity":610,"f:2050:22:2050:Infinity":67,"s:2055:14:2057:Infinity":611,"b:2056:6:2056:Infinity:2057:6:2057:Infinity":334,"s:2058:2:2095:Infinity":612,"f:2058:66:2058:78":68,"s:2059:2:2094:Infinity":613,"s:2060:16:2062:Infinity":614,"b:2061:52:2061:62:2061:62:2061:80":335,"s:2063:18:2063:Infinity":615,"b:2068:4:2075:Infinity:undefined:undefined:undefined:undefined":336,"s:2068:4:2075:Infinity":616,"s:2069:18:2069:Infinity":617,"b:2069:18:2069:45:2069:45:2069:Infinity":337,"b:2070:6:2073:Infinity:undefined:undefined:undefined:undefined":338,"s:2070:6:2073:Infinity":618,"s:2071:8:2071:Infinity":619,"s:2072:8:2072:Infinity":620,"s:2074:6:2074:Infinity":621,"s:2077:23:2077:Infinity":622,"b:2077:23:2077:63:2077:63:2077:Infinity":339,"b:2078:4:2085:Infinity:undefined:undefined:undefined:undefined":340,"s:2078:4:2085:Infinity":623,"s:2079:18:2079:Infinity":624,"f:2079:33:2079:34":69,"s:2079:40:2079:49":625,"b:2080:6:2083:Infinity:undefined:undefined:undefined:undefined":341,"s:2080:6:2083:Infinity":626,"s:2081:8:2081:Infinity":627,"s:2082:8:2082:Infinity":628,"s:2084:6:2084:Infinity":629,"s:2087:19:2087:Infinity":630,"b:2087:19:2087:63:2087:63:2087:Infinity":342,"s:2088:4:2088:Infinity":631,"s:2089:4:2089:Infinity":632,"s:2091:16:2091:Infinity":633,"b:2091:39:2091:53:2091:53:2091:Infinity":343,"s:2092:4:2092:Infinity":634,"s:2093:4:2093:Infinity":635,"f:2117:22:2117:Infinity":70,"s:2126:2:2178:Infinity":636,"s:2127:48:2127:Infinity":637,"b:2129:4:2136:Infinity:undefined:undefined:undefined:undefined":344,"s:2129:4:2136:Infinity":638,"s:2130:6:2130:Infinity":639,"s:2131:6:2134:Infinity":640,"f:2134:15:2134:21":71,"s:2135:6:2135:Infinity":641,"b:2138:4:2145:Infinity:undefined:undefined:undefined:undefined":345,"s:2138:4:2145:Infinity":642,"s:2139:6:2139:Infinity":643,"s:2140:6:2143:Infinity":644,"f:2143:15:2143:21":72,"s:2144:6:2144:Infinity":645,"b:2148:4:2152:Infinity:2150:11:2152:Infinity":346,"s:2148:4:2152:Infinity":646,"s:2149:6:2149:Infinity":647,"s:2151:6:2151:Infinity":648,"s:2154:22:2156:Infinity":649,"b:2155:9:2155:Infinity:2156:8:2156:Infinity":347,"b:2155:41:2155:69:2155:69:2155:Infinity":348,"s:2158:4:2167:Infinity":650,"f:2167:13:2167:19":73,"s:2169:4:2173:Infinity":651,"b:2171:21:2171:45:2171:45:2171:Infinity":349,"s:2175:19:2175:Infinity":652,"b:2175:42:2175:56:2175:56:2175:Infinity":350,"s:2176:4:2176:Infinity":653,"s:2177:4:2177:Infinity":654,"s:2183:30:2183:Infinity":655,"f:2243:22:2243:Infinity":74,"b:2246:14:2246:Infinity":351,"s:2248:2:2342:Infinity":656,"s:2249:16:2251:Infinity":657,"b:2252:4:2252:Infinity:undefined:undefined:undefined:undefined":352,"s:2252:4:2252:Infinity":658,"s:2252:17:2252:Infinity":659,"s:2253:18:2253:Infinity":660,"s:2304:18:2304:Infinity":661,"b:2304:18:2304:46:2304:46:2304:Infinity":353,"s:2305:4:2338:Infinity":662,"f:2305:21:2305:22":75,"s:2306:19:2306:Infinity":663,"s:2307:19:2307:Infinity":664,"s:2308:23:2308:Infinity":665,"b:2308:23:2308:86:2308:86:2308:100:2308:100:2308:Infinity":354,"s:2309:24:2309:Infinity":666,"b:2309:24:2309:39:2309:39:2309:70:2309:70:2309:85:2309:85:2309:96:2309:96:2309:Infinity":355,"s:2310:23:2310:Infinity":667,"b:2310:23:2310:53:2310:53:2310:67:2310:67:2310:Infinity":356,"s:2311:26:2311:Infinity":668,"b:2311:26:2311:59:2311:59:2311:76:2311:76:2311:Infinity":357,"s:2312:28:2312:Infinity":669,"s:2313:25:2313:Infinity":670,"s:2315:6:2337:Infinity":671,"b:2316:17:2316:25:2316:25:2316:Infinity":358,"b:2317:19:2317:29:2317:29:2317:Infinity":359,"b:2318:15:2318:26:2318:26:2318:41:2318:41:2318:Infinity":360,"b:2319:15:2319:26:2319:26:2319:Infinity":361,"b:2324:26:2324:67:2324:67:2324:Infinity":362,"b:2324:37:2324:59:2324:59:2324:62":363,"b:2325:29:2325:73:2325:73:2325:Infinity":364,"b:2325:40:2325:65:2325:65:2325:68":365,"b:2326:24:2326:55:2326:55:2326:83:2326:83:2326:Infinity":366,"b:2327:25:2327:53:2327:53:2327:Infinity":367,"b:2328:51:2328:87:2328:87:2328:Infinity":368,"b:2329:51:2329:89:2329:89:2329:Infinity":369,"b:2330:18:2330:31:2330:31:2330:35":370,"f:2330:39:2330:40":76,"s:2330:47:2336:10":672,"b:2331:14:2331:22:2331:22:2331:Infinity":371,"b:2332:18:2332:78:2332:78:2332:Infinity":372,"b:2332:29:2332:70:2332:70:2332:73":373,"b:2333:20:2333:67:2333:67:2333:Infinity":374,"b:2334:21:2334:36:2334:36:2334:Infinity":375,"b:2335:16:2335:26:2335:26:2335:Infinity":376,"s:2340:4:2340:Infinity":673,"b:2340:55:2340:69:2340:69:2340:81":377,"s:2341:4:2341:Infinity":674,"s:2371:29:2371:Infinity":675,"f:2395:22:2395:Infinity":77,"s:2399:14:2399:Infinity":676,"s:2400:8:2402:Infinity":677,"b:2400:15:2400:29:2400:29:2400:Infinity":378,"f:2401:12:2401:13":78,"s:2401:20:2401:66":678,"b:2401:20:2401:46:2401:46:2401:66":379,"f:2402:9:2402:10":79,"s:2402:18:2402:107":679,"b:2402:44:2402:49:2402:49:2402:107":380,"b:2403:2:2403:Infinity:undefined:undefined:undefined:undefined":381,"s:2403:2:2403:Infinity":680,"s:2403:24:2403:Infinity":681,"s:2405:2:2457:Infinity":682,"f:2405:77:2405:89":80,"s:2406:4:2456:Infinity":683,"s:2407:18:2407:Infinity":684,"b:2408:6:2408:Infinity:undefined:undefined:undefined:undefined":382,"s:2408:6:2408:Infinity":685,"s:2408:19:2408:Infinity":686,"s:2409:20:2409:Infinity":687,"b:2431:6:2433:Infinity:undefined:undefined:undefined:undefined":383,"s:2431:6:2433:Infinity":688,"b:2431:10:2431:40:2431:40:2431:64":384,"s:2432:8:2432:Infinity":689,"f:2432:52:2432:53":81,"s:2432:59:2432:68":690,"s:2434:6:2451:Infinity":691,"b:2434:25:2434:45:2434:45:2434:49":385,"b:2435:8:2435:Infinity:undefined:undefined:undefined:undefined":386,"s:2435:8:2435:Infinity":692,"s:2435:23:2435:Infinity":693,"s:2436:24:2436:Infinity":694,"b:2436:24:2436:55:2436:55:2436:Infinity":387,"s:2437:41:2449:Infinity":695,"b:2439:21:2439:41:2439:41:2439:Infinity":388,"b:2440:24:2440:47:2440:47:2440:Infinity":389,"b:2441:24:2441:38:2441:38:2441:Infinity":390,"b:2442:15:2442:27:2442:27:2442:Infinity":391,"b:2443:17:2443:31:2443:31:2443:Infinity":392,"b:2445:26:2445:49:2445:49:2445:Infinity":393,"b:2446:41:2446:72:2446:72:2446:Infinity":394,"b:2446:41:2446:67:2446:67:2446:72":395,"b:2447:28:2447:53:2447:53:2447:Infinity":396,"b:2448:20:2448:39:2448:39:2448:75:2448:75:2448:Infinity":397,"s:2450:8:2450:Infinity":696,"s:2452:6:2452:Infinity":697,"s:2454:6:2454:Infinity":698,"b:2454:54:2454:68:2454:68:2454:80":398,"s:2455:6:2455:Infinity":699,"s:2462:42:2462:Infinity":700,"f:2482:22:2482:Infinity":82,"s:2489:2:2525:Infinity":701,"f:2489:84:2489:96":83,"s:2490:4:2524:Infinity":702,"s:2491:49:2500:Infinity":703,"b:2494:12:2498:Infinity:2499:12:2499:Infinity":399,"b:2496:23:2496:34:2496:34:2496:Infinity":400,"b:2497:29:2497:44:2497:44:2497:Infinity":401,"s:2501:18:2501:Infinity":704,"s:2502:20:2502:Infinity":705,"b:2511:6:2513:Infinity:undefined:undefined:undefined:undefined":402,"s:2511:6:2513:Infinity":706,"b:2511:10:2511:40:2511:40:2511:64":403,"s:2512:8:2512:Infinity":707,"f:2512:56:2512:57":84,"s:2512:63:2512:72":708,"s:2514:17:2514:Infinity":709,"b:2514:17:2514:65:2514:65:2514:Infinity":404,"b:2515:6:2517:Infinity:undefined:undefined:undefined:undefined":405,"s:2515:6:2517:Infinity":710,"s:2516:8:2516:Infinity":711,"f:2516:47:2516:48":85,"s:2516:54:2516:63":712,"s:2518:6:2521:Infinity":713,"b:2520:20:2520:80:2520:80:2520:Infinity":406,"s:2523:6:2523:Infinity":714,"b:2523:61:2523:75:2523:75:2523:87":407}}}
}
