<?xml version="1.0" encoding="UTF-8"?>
<coverage generated="1778052912144" clover="3.2.0">
  <project timestamp="1778052912144" name="All files">
    <metrics statements="813" coveredstatements="443" conditionals="2150" coveredconditionals="1358" methods="146" coveredmethods="97" elements="3109" coveredelements="1898" complexity="0" loc="813" ncloc="813" packages="1" files="1" classes="1"/>
    <file name="app.returns.$id.tsx" path="/Users/farhankhan/Shopify_Returns/returnpromax-1/app/routes/app.returns.$id.tsx">
      <metrics statements="813" coveredstatements="443" conditionals="2150" coveredconditionals="1358" methods="146" coveredmethods="97"/>
      <line num="22" count="34" type="cond" truecount="2" falsecount="0"/>
      <line num="23" count="23" type="cond" truecount="1" falsecount="1"/>
      <line num="24" count="0" type="cond" truecount="0" falsecount="4"/>
      <line num="25" count="0" type="cond" truecount="0" falsecount="4"/>
      <line num="26" count="0" type="stmt"/>
      <line num="27" count="0" type="cond" truecount="0" falsecount="5"/>
      <line num="28" count="0" type="cond" truecount="0" falsecount="2"/>
      <line num="30" count="0" type="stmt"/>
      <line num="51" count="266" type="cond" truecount="1" falsecount="1"/>
      <line num="52" count="266" type="cond" truecount="2" falsecount="0"/>
      <line num="53" count="266" type="cond" truecount="2" falsecount="0"/>
      <line num="54" count="266" type="cond" truecount="1" falsecount="1"/>
      <line num="55" count="266" type="cond" truecount="1" falsecount="1"/>
      <line num="58" count="266" type="cond" truecount="2" falsecount="0"/>
      <line num="59" count="266" type="cond" truecount="2" falsecount="0"/>
      <line num="61" count="266" type="stmt"/>
      <line num="62" count="3399" type="cond" truecount="1" falsecount="1"/>
      <line num="64" count="266" type="cond" truecount="2" falsecount="0"/>
      <line num="68" count="266" type="stmt"/>
      <line num="69" count="232" type="stmt"/>
      <line num="70" count="266" type="stmt"/>
      <line num="71" count="3" type="stmt"/>
      <line num="72" count="266" type="stmt"/>
      <line num="73" count="21" type="stmt"/>
      <line num="74" count="266" type="stmt"/>
      <line num="75" count="0" type="stmt"/>
      <line num="76" count="266" type="stmt"/>
      <line num="77" count="7" type="stmt"/>
      <line num="78" count="266" type="stmt"/>
      <line num="79" count="3" type="stmt"/>
      <line num="81" count="266" type="cond" truecount="6" falsecount="1"/>
      <line num="85" count="263" type="cond" truecount="3" falsecount="1"/>
      <line num="86" count="0" type="cond" truecount="0" falsecount="2"/>
      <line num="87" count="0" type="stmt"/>
      <line num="95" count="263" type="stmt"/>
      <line num="96" count="263" type="cond" truecount="3" falsecount="3"/>
      <line num="97" count="263" type="cond" truecount="4" falsecount="1"/>
      <line num="98" count="263" type="cond" truecount="10" falsecount="1"/>
      <line num="99" count="0" type="stmt"/>
      <line num="100" count="263" type="cond" truecount="4" falsecount="1"/>
      <line num="101" count="263" type="cond" truecount="8" falsecount="0"/>
      <line num="102" count="3" type="stmt"/>
      <line num="103" count="260" type="cond" truecount="6" falsecount="1"/>
      <line num="104" count="0" type="stmt"/>
      <line num="105" count="260" type="cond" truecount="6" falsecount="0"/>
      <line num="106" count="1" type="stmt"/>
      <line num="107" count="259" type="cond" truecount="5" falsecount="1"/>
      <line num="108" count="0" type="stmt"/>
      <line num="109" count="259" type="cond" truecount="8" falsecount="0"/>
      <line num="110" count="6" type="stmt"/>
      <line num="111" count="253" type="cond" truecount="2" falsecount="0"/>
      <line num="112" count="249" type="cond" truecount="2" falsecount="0"/>
      <line num="113" count="246" type="cond" truecount="2" falsecount="0"/>
      <line num="114" count="244" type="cond" truecount="2" falsecount="0"/>
      <line num="115" count="20" type="cond" truecount="3" falsecount="1"/>
      <line num="116" count="0" type="cond" truecount="0" falsecount="2"/>
      <line num="120" count="345" type="cond" truecount="3" falsecount="3"/>
      <line num="121" count="345" type="stmt"/>
      <line num="122" count="345" type="stmt"/>
      <line num="123" count="345" type="stmt"/>
      <line num="124" count="345" type="cond" truecount="1" falsecount="1"/>
      <line num="125" count="1034" type="stmt"/>
      <line num="146" count="10" type="cond" truecount="1" falsecount="1"/>
      <line num="147" count="0" type="stmt"/>
      <line num="155" count="10" type="stmt"/>
      <line num="159" count="360" type="cond" truecount="3" falsecount="1"/>
      <line num="160" count="360" type="stmt"/>
      <line num="161" count="360" type="cond" truecount="1" falsecount="1"/>
      <line num="162" count="360" type="stmt"/>
      <line num="163" count="360" type="cond" truecount="1" falsecount="1"/>
      <line num="164" count="360" type="cond" truecount="1" falsecount="1"/>
      <line num="166" count="0" type="cond" truecount="0" falsecount="2"/>
      <line num="168" count="0" type="stmt"/>
      <line num="172" count="9" type="stmt"/>
      <line num="173" count="0" type="stmt"/>
      <line num="174" count="0" type="stmt"/>
      <line num="175" count="0" type="cond" truecount="0" falsecount="2"/>
      <line num="177" count="0" type="stmt"/>
      <line num="178" count="0" type="stmt"/>
      <line num="179" count="0" type="cond" truecount="0" falsecount="2"/>
      <line num="182" count="0" type="stmt"/>
      <line num="183" count="0" type="stmt"/>
      <line num="191" count="0" type="stmt"/>
      <line num="192" count="0" type="stmt"/>
      <line num="195" count="0" type="cond" truecount="0" falsecount="2"/>
      <line num="198" count="0" type="cond" truecount="0" falsecount="2"/>
      <line num="199" count="0" type="stmt"/>
      <line num="200" count="0" type="stmt"/>
      <line num="202" count="0" type="cond" truecount="0" falsecount="5"/>
      <line num="203" count="0" type="stmt"/>
      <line num="205" count="0" type="stmt"/>
      <line num="206" count="0" type="stmt"/>
      <line num="210" count="0" type="stmt"/>
      <line num="216" count="0" type="stmt"/>
      <line num="217" count="0" type="stmt"/>
      <line num="218" count="0" type="stmt"/>
      <line num="220" count="0" type="cond" truecount="0" falsecount="2"/>
      <line num="221" count="0" type="stmt"/>
      <line num="227" count="0" type="stmt"/>
      <line num="228" count="0" type="cond" truecount="0" falsecount="4"/>
      <line num="229" count="0" type="stmt"/>
      <line num="231" count="0" type="stmt"/>
      <line num="232" count="0" type="stmt"/>
      <line num="233" count="0" type="cond" truecount="0" falsecount="4"/>
      <line num="234" count="0" type="stmt"/>
      <line num="238" count="0" type="cond" truecount="0" falsecount="2"/>
      <line num="239" count="0" type="stmt"/>
      <line num="240" count="0" type="cond" truecount="0" falsecount="2"/>
      <line num="241" count="0" type="cond" truecount="0" falsecount="5"/>
      <line num="242" count="0" type="cond" truecount="0" falsecount="2"/>
      <line num="243" count="0" type="stmt"/>
      <line num="244" count="0" type="cond" truecount="0" falsecount="2"/>
      <line num="246" count="0" type="stmt"/>
      <line num="248" count="0" type="stmt"/>
      <line num="249" count="0" type="cond" truecount="0" falsecount="2"/>
      <line num="250" count="0" type="stmt"/>
      <line num="251" count="0" type="stmt"/>
      <line num="253" count="0" type="stmt"/>
      <line num="254" count="0" type="stmt"/>
      <line num="255" count="0" type="cond" truecount="0" falsecount="4"/>
      <line num="256" count="0" type="stmt"/>
      <line num="257" count="0" type="stmt"/>
      <line num="258" count="0" type="stmt"/>
      <line num="261" count="0" type="cond" truecount="0" falsecount="2"/>
      <line num="262" count="0" type="stmt"/>
      <line num="268" count="0" type="cond" truecount="0" falsecount="4"/>
      <line num="269" count="0" type="stmt"/>
      <line num="270" count="0" type="stmt"/>
      <line num="271" count="0" type="cond" truecount="0" falsecount="4"/>
      <line num="272" count="0" type="stmt"/>
      <line num="273" count="0" type="stmt"/>
      <line num="277" count="0" type="stmt"/>
      <line num="283" count="0" type="cond" truecount="0" falsecount="3"/>
      <line num="284" count="0" type="cond" truecount="0" falsecount="2"/>
      <line num="285" count="0" type="stmt"/>
      <line num="287" count="0" type="cond" truecount="0" falsecount="2"/>
      <line num="288" count="0" type="stmt"/>
      <line num="289" count="0" type="cond" truecount="0" falsecount="2"/>
      <line num="290" count="0" type="cond" truecount="0" falsecount="4"/>
      <line num="291" count="0" type="cond" truecount="0" falsecount="4"/>
      <line num="292" count="0" type="cond" truecount="0" falsecount="4"/>
      <line num="293" count="0" type="cond" truecount="0" falsecount="4"/>
      <line num="294" count="0" type="cond" truecount="0" falsecount="4"/>
      <line num="295" count="0" type="cond" truecount="0" falsecount="4"/>
      <line num="296" count="0" type="cond" truecount="0" falsecount="4"/>
      <line num="297" count="0" type="cond" truecount="0" falsecount="4"/>
      <line num="298" count="0" type="cond" truecount="0" falsecount="4"/>
      <line num="301" count="0" type="cond" truecount="0" falsecount="2"/>
      <line num="302" count="0" type="stmt"/>
      <line num="303" count="0" type="cond" truecount="0" falsecount="2"/>
      <line num="304" count="0" type="cond" truecount="0" falsecount="5"/>
      <line num="305" count="0" type="cond" truecount="0" falsecount="5"/>
      <line num="306" count="0" type="cond" truecount="0" falsecount="5"/>
      <line num="307" count="0" type="cond" truecount="0" falsecount="5"/>
      <line num="308" count="0" type="cond" truecount="0" falsecount="5"/>
      <line num="309" count="0" type="cond" truecount="0" falsecount="5"/>
      <line num="310" count="0" type="cond" truecount="0" falsecount="5"/>
      <line num="311" count="0" type="cond" truecount="0" falsecount="5"/>
      <line num="312" count="0" type="cond" truecount="0" falsecount="5"/>
      <line num="315" count="0" type="cond" truecount="0" falsecount="2"/>
      <line num="316" count="0" type="stmt"/>
      <line num="317" count="0" type="stmt"/>
      <line num="318" count="0" type="stmt"/>
      <line num="327" count="0" type="cond" truecount="0" falsecount="2"/>
      <line num="328" count="0" type="stmt"/>
      <line num="329" count="0" type="cond" truecount="0" falsecount="5"/>
      <line num="330" count="0" type="stmt"/>
      <line num="331" count="0" type="stmt"/>
      <line num="332" count="0" type="stmt"/>
      <line num="340" count="0" type="cond" truecount="0" falsecount="2"/>
      <line num="341" count="0" type="stmt"/>
      <line num="342" count="0" type="stmt"/>
      <line num="343" count="0" type="stmt"/>
      <line num="344" count="0" type="cond" truecount="0" falsecount="5"/>
      <line num="346" count="0" type="stmt"/>
      <line num="347" count="0" type="stmt"/>
      <line num="354" count="0" type="stmt"/>
      <line num="355" count="0" type="stmt"/>
      <line num="360" count="0" type="stmt"/>
      <line num="361" count="0" type="cond" truecount="0" falsecount="4"/>
      <line num="362" count="0" type="stmt"/>
      <line num="363" count="0" type="stmt"/>
      <line num="369" count="0" type="stmt"/>
      <line num="370" count="0" type="cond" truecount="0" falsecount="2"/>
      <line num="371" count="0" type="cond" truecount="0" falsecount="2"/>
      <line num="373" count="0" type="stmt"/>
      <line num="374" count="0" type="cond" truecount="0" falsecount="3"/>
      <line num="375" count="0" type="cond" truecount="0" falsecount="2"/>
      <line num="376" count="0" type="cond" truecount="0" falsecount="4"/>
      <line num="377" count="0" type="stmt"/>
      <line num="378" count="0" type="stmt"/>
      <line num="379" count="0" type="cond" truecount="0" falsecount="2"/>
      <line num="380" count="0" type="stmt"/>
      <line num="384" count="0" type="cond" truecount="0" falsecount="4"/>
      <line num="385" count="0" type="cond" truecount="0" falsecount="2"/>
      <line num="386" count="0" type="cond" truecount="0" falsecount="2"/>
      <line num="388" count="0" type="stmt"/>
      <line num="393" count="0" type="cond" truecount="0" falsecount="4"/>
      <line num="398" count="0" type="stmt"/>
      <line num="399" count="0" type="cond" truecount="0" falsecount="2"/>
      <line num="400" count="0" type="stmt"/>
      <line num="401" count="0" type="stmt"/>
      <line num="402" count="0" type="stmt"/>
      <line num="406" count="0" type="cond" truecount="0" falsecount="2"/>
      <line num="407" count="0" type="cond" truecount="0" falsecount="2"/>
      <line num="408" count="0" type="stmt"/>
      <line num="410" count="0" type="cond" truecount="0" falsecount="3"/>
      <line num="411" count="0" type="stmt"/>
      <line num="414" count="0" type="cond" truecount="0" falsecount="2"/>
      <line num="415" count="0" type="cond" truecount="0" falsecount="3"/>
      <line num="416" count="0" type="cond" truecount="0" falsecount="2"/>
      <line num="417" count="0" type="stmt"/>
      <line num="418" count="0" type="cond" truecount="0" falsecount="2"/>
      <line num="420" count="0" type="cond" truecount="0" falsecount="7"/>
      <line num="421" count="0" type="cond" truecount="0" falsecount="4"/>
      <line num="422" count="0" type="cond" truecount="0" falsecount="5"/>
      <line num="423" count="0" type="cond" truecount="0" falsecount="8"/>
      <line num="424" count="0" type="cond" truecount="0" falsecount="7"/>
      <line num="425" count="0" type="cond" truecount="0" falsecount="7"/>
      <line num="426" count="0" type="cond" truecount="0" falsecount="5"/>
      <line num="428" count="0" type="cond" truecount="0" falsecount="6"/>
      <line num="429" count="0" type="cond" truecount="0" falsecount="6"/>
      <line num="430" count="0" type="cond" truecount="0" falsecount="5"/>
      <line num="431" count="0" type="stmt"/>
      <line num="434" count="0" type="stmt"/>
      <line num="435" count="0" type="cond" truecount="0" falsecount="2"/>
      <line num="437" count="0" type="stmt"/>
      <line num="448" count="0" type="stmt"/>
      <line num="449" count="0" type="cond" truecount="0" falsecount="4"/>
      <line num="450" count="0" type="stmt"/>
      <line num="451" count="0" type="cond" truecount="0" falsecount="2"/>
      <line num="454" count="0" type="cond" truecount="0" falsecount="2"/>
      <line num="455" count="0" type="stmt"/>
      <line num="465" count="0" type="cond" truecount="0" falsecount="2"/>
      <line num="466" count="0" type="stmt"/>
      <line num="467" count="0" type="stmt"/>
      <line num="468" count="0" type="cond" truecount="0" falsecount="5"/>
      <line num="469" count="0" type="stmt"/>
      <line num="470" count="0" type="cond" truecount="0" falsecount="2"/>
      <line num="471" count="0" type="stmt"/>
      <line num="472" count="0" type="stmt"/>
      <line num="473" count="0" type="stmt"/>
      <line num="474" count="0" type="stmt"/>
      <line num="481" count="0" type="stmt"/>
      <line num="482" count="0" type="cond" truecount="0" falsecount="2"/>
      <line num="484" count="0" type="cond" truecount="0" falsecount="2"/>
      <line num="485" count="0" type="stmt"/>
      <line num="487" count="0" type="cond" truecount="0" falsecount="2"/>
      <line num="489" count="0" type="stmt"/>
      <line num="490" count="0" type="cond" truecount="0" falsecount="2"/>
      <line num="496" count="0" type="stmt"/>
      <line num="497" count="0" type="stmt"/>
      <line num="500" count="0" type="cond" truecount="0" falsecount="2"/>
      <line num="501" count="0" type="cond" truecount="0" falsecount="2"/>
      <line num="505" count="0" type="cond" truecount="0" falsecount="4"/>
      <line num="506" count="0" type="stmt"/>
      <line num="507" count="0" type="stmt"/>
      <line num="508" count="0" type="stmt"/>
      <line num="513" count="0" type="cond" truecount="0" falsecount="2"/>
      <line num="514" count="0" type="stmt"/>
      <line num="515" count="0" type="stmt"/>
      <line num="516" count="0" type="stmt"/>
      <line num="521" count="0" type="cond" truecount="0" falsecount="4"/>
      <line num="522" count="0" type="cond" truecount="0" falsecount="4"/>
      <line num="525" count="0" type="cond" truecount="0" falsecount="2"/>
      <line num="526" count="0" type="stmt"/>
      <line num="527" count="0" type="cond" truecount="0" falsecount="2"/>
      <line num="528" count="0" type="stmt"/>
      <line num="533" count="0" type="cond" truecount="0" falsecount="3"/>
      <line num="537" count="0" type="stmt"/>
      <line num="538" count="0" type="stmt"/>
      <line num="539" count="0" type="stmt"/>
      <line num="540" count="0" type="stmt"/>
      <line num="541" count="0" type="stmt"/>
      <line num="542" count="0" type="stmt"/>
      <line num="543" count="0" type="stmt"/>
      <line num="544" count="0" type="stmt"/>
      <line num="546" count="0" type="stmt"/>
      <line num="547" count="0" type="cond" truecount="0" falsecount="2"/>
      <line num="548" count="0" type="cond" truecount="0" falsecount="2"/>
      <line num="550" count="0" type="cond" truecount="0" falsecount="2"/>
      <line num="551" count="0" type="cond" truecount="0" falsecount="2"/>
      <line num="552" count="0" type="cond" truecount="0" falsecount="2"/>
      <line num="554" count="0" type="cond" truecount="0" falsecount="2"/>
      <line num="555" count="0" type="stmt"/>
      <line num="556" count="0" type="cond" truecount="0" falsecount="2"/>
      <line num="557" count="0" type="stmt"/>
      <line num="558" count="0" type="stmt"/>
      <line num="562" count="0" type="stmt"/>
      <line num="563" count="0" type="cond" truecount="0" falsecount="2"/>
      <line num="564" count="0" type="stmt"/>
      <line num="565" count="0" type="stmt"/>
      <line num="568" count="0" type="cond" truecount="0" falsecount="2"/>
      <line num="569" count="0" type="cond" truecount="0" falsecount="2"/>
      <line num="570" count="0" type="cond" truecount="0" falsecount="2"/>
      <line num="573" count="0" type="stmt"/>
      <line num="574" count="0" type="cond" truecount="0" falsecount="4"/>
      <line num="578" count="0" type="stmt"/>
      <line num="579" count="0" type="stmt"/>
      <line num="580" count="0" type="cond" truecount="0" falsecount="2"/>
      <line num="584" count="0" type="cond" truecount="0" falsecount="2"/>
      <line num="585" count="0" type="stmt"/>
      <line num="586" count="0" type="cond" truecount="0" falsecount="3"/>
      <line num="589" count="0" type="stmt"/>
      <line num="590" count="0" type="stmt"/>
      <line num="591" count="0" type="stmt"/>
      <line num="592" count="0" type="stmt"/>
      <line num="594" count="0" type="cond" truecount="0" falsecount="4"/>
      <line num="595" count="0" type="stmt"/>
      <line num="596" count="0" type="cond" truecount="0" falsecount="2"/>
      <line num="597" count="0" type="stmt"/>
      <line num="604" count="0" type="stmt"/>
      <line num="605" count="0" type="stmt"/>
      <line num="606" count="0" type="cond" truecount="0" falsecount="4"/>
      <line num="607" count="0" type="cond" truecount="0" falsecount="4"/>
      <line num="609" count="0" type="cond" truecount="0" falsecount="2"/>
      <line num="610" count="0" type="stmt"/>
      <line num="611" count="0" type="stmt"/>
      <line num="612" count="0" type="stmt"/>
      <line num="614" count="0" type="cond" truecount="0" falsecount="2"/>
      <line num="615" count="0" type="stmt"/>
      <line num="616" count="0" type="stmt"/>
      <line num="617" count="0" type="stmt"/>
      <line num="619" count="0" type="cond" truecount="0" falsecount="2"/>
      <line num="621" count="0" type="stmt"/>
      <line num="622" count="0" type="stmt"/>
      <line num="634" count="0" type="cond" truecount="0" falsecount="4"/>
      <line num="635" count="0" type="stmt"/>
      <line num="642" count="0" type="stmt"/>
      <line num="643" count="0" type="stmt"/>
      <line num="644" count="0" type="stmt"/>
      <line num="645" count="0" type="cond" truecount="0" falsecount="2"/>
      <line num="646" count="0" type="stmt"/>
      <line num="648" count="0" type="cond" truecount="0" falsecount="2"/>
      <line num="652" count="0" type="cond" truecount="0" falsecount="2"/>
      <line num="653" count="0" type="stmt"/>
      <line num="655" count="0" type="cond" truecount="0" falsecount="2"/>
      <line num="660" count="0" type="cond" truecount="0" falsecount="2"/>
      <line num="661" count="0" type="stmt"/>
      <line num="666" count="0" type="cond" truecount="0" falsecount="2"/>
      <line num="669" count="0" type="cond" truecount="0" falsecount="2"/>
      <line num="670" count="0" type="stmt"/>
      <line num="688" count="0" type="cond" truecount="0" falsecount="2"/>
      <line num="689" count="0" type="stmt"/>
      <line num="690" count="0" type="stmt"/>
      <line num="691" count="0" type="cond" truecount="0" falsecount="2"/>
      <line num="692" count="0" type="cond" truecount="0" falsecount="2"/>
      <line num="693" count="0" type="cond" truecount="0" falsecount="2"/>
      <line num="694" count="0" type="stmt"/>
      <line num="695" count="0" type="stmt"/>
      <line num="697" count="0" type="stmt"/>
      <line num="698" count="0" type="stmt"/>
      <line num="702" count="0" type="cond" truecount="0" falsecount="2"/>
      <line num="703" count="0" type="cond" truecount="0" falsecount="4"/>
      <line num="704" count="0" type="stmt"/>
      <line num="705" count="0" type="stmt"/>
      <line num="706" count="0" type="cond" truecount="0" falsecount="2"/>
      <line num="707" count="0" type="stmt"/>
      <line num="708" count="0" type="stmt"/>
      <line num="709" count="0" type="stmt"/>
      <line num="710" count="0" type="stmt"/>
      <line num="711" count="0" type="stmt"/>
      <line num="712" count="0" type="stmt"/>
      <line num="716" count="0" type="stmt"/>
      <line num="717" count="0" type="stmt"/>
      <line num="719" count="0" type="cond" truecount="0" falsecount="2"/>
      <line num="721" count="0" type="cond" truecount="0" falsecount="2"/>
      <line num="722" count="0" type="stmt"/>
      <line num="723" count="0" type="cond" truecount="0" falsecount="2"/>
      <line num="724" count="0" type="stmt"/>
      <line num="725" count="0" type="cond" truecount="0" falsecount="5"/>
      <line num="730" count="0" type="stmt"/>
      <line num="748" count="0" type="cond" truecount="0" falsecount="2"/>
      <line num="749" count="0" type="stmt"/>
      <line num="754" count="0" type="cond" truecount="0" falsecount="2"/>
      <line num="755" count="0" type="stmt"/>
      <line num="756" count="0" type="stmt"/>
      <line num="777" count="266" type="stmt"/>
      <line num="778" count="266" type="stmt"/>
      <line num="779" count="266" type="stmt"/>
      <line num="780" count="266" type="stmt"/>
      <line num="781" count="266" type="stmt"/>
      <line num="782" count="266" type="stmt"/>
      <line num="783" count="266" type="stmt"/>
      <line num="784" count="266" type="stmt"/>
      <line num="785" count="266" type="stmt"/>
      <line num="786" count="266" type="stmt"/>
      <line num="787" count="266" type="stmt"/>
      <line num="788" count="266" type="stmt"/>
      <line num="789" count="266" type="stmt"/>
      <line num="790" count="266" type="stmt"/>
      <line num="791" count="266" type="stmt"/>
      <line num="792" count="266" type="stmt"/>
      <line num="793" count="266" type="stmt"/>
      <line num="794" count="266" type="stmt"/>
      <line num="795" count="266" type="stmt"/>
      <line num="796" count="266" type="stmt"/>
      <line num="797" count="266" type="stmt"/>
      <line num="798" count="266" type="stmt"/>
      <line num="799" count="266" type="cond" truecount="3" falsecount="0"/>
      <line num="804" count="266" type="cond" truecount="2" falsecount="0"/>
      <line num="807" count="266" type="stmt"/>
      <line num="808" count="266" type="cond" truecount="1" falsecount="1"/>
      <line num="809" count="266" type="stmt"/>
      <line num="810" count="266" type="stmt"/>
      <line num="811" count="266" type="stmt"/>
      <line num="812" count="266" type="stmt"/>
      <line num="813" count="200" type="cond" truecount="1" falsecount="1"/>
      <line num="814" count="247" type="stmt"/>
      <line num="815" count="247" type="cond" truecount="2" falsecount="0"/>
      <line num="818" count="266" type="stmt"/>
      <line num="821" count="266" type="stmt"/>
      <line num="823" count="266" type="cond" truecount="2" falsecount="0"/>
      <line num="824" count="4" type="stmt"/>
      <line num="827" count="262" type="cond" truecount="1" falsecount="1"/>
      <line num="828" count="0" type="stmt"/>
      <line num="831" count="262" type="cond" truecount="2" falsecount="0"/>
      <line num="832" count="258" type="stmt"/>
      <line num="835" count="4" type="cond" truecount="3" falsecount="1"/>
      <line num="836" count="0" type="stmt"/>
      <line num="839" count="4" type="stmt"/>
      <line num="841" count="266" type="cond" truecount="4" falsecount="0"/>
      <line num="845" count="266" type="stmt"/>
      <line num="846" count="266" type="stmt"/>
      <line num="847" count="266" type="stmt"/>
      <line num="848" count="266" type="stmt"/>
      <line num="849" count="266" type="stmt"/>
      <line num="850" count="266" type="stmt"/>
      <line num="851" count="200" type="cond" truecount="7" falsecount="0"/>
      <line num="852" count="4" type="stmt"/>
      <line num="853" count="0" type="stmt"/>
      <line num="854" count="0" type="stmt"/>
      <line num="855" count="0" type="stmt"/>
      <line num="856" count="0" type="stmt"/>
      <line num="857" count="0" type="stmt"/>
      <line num="858" count="0" type="stmt"/>
      <line num="859" count="0" type="stmt"/>
      <line num="860" count="0" type="stmt"/>
      <line num="863" count="4" type="stmt"/>
      <line num="867" count="266" type="stmt"/>
      <line num="878" count="266" type="cond" truecount="5" falsecount="0"/>
      <line num="886" count="266" type="cond" truecount="1" falsecount="1"/>
      <line num="887" count="266" type="stmt"/>
      <line num="888" count="266" type="cond" truecount="2" falsecount="0"/>
      <line num="889" count="266" type="stmt"/>
      <line num="890" count="266" type="stmt"/>
      <line num="891" count="266" type="stmt"/>
      <line num="892" count="266" type="stmt"/>
      <line num="893" count="266" type="stmt"/>
      <line num="894" count="266" type="cond" truecount="2" falsecount="0"/>
      <line num="895" count="266" type="cond" truecount="4" falsecount="0"/>
      <line num="899" count="266" type="stmt"/>
      <line num="900" count="266" type="cond" truecount="1" falsecount="1"/>
      <line num="901" count="266" type="stmt"/>
      <line num="904" count="266" type="stmt"/>
      <line num="905" count="266" type="stmt"/>
      <line num="906" count="266" type="stmt"/>
      <line num="907" count="266" type="stmt"/>
      <line num="908" count="266" type="cond" truecount="2" falsecount="0"/>
      <line num="911" count="266" type="stmt"/>
      <line num="912" count="200" type="cond" truecount="4" falsecount="0"/>
      <line num="913" count="1" type="stmt"/>
      <line num="914" count="1" type="cond" truecount="2" falsecount="2"/>
      <line num="915" count="0" type="stmt"/>
      <line num="916" count="0" type="stmt"/>
      <line num="917" count="0" type="stmt"/>
      <line num="919" count="0" type="stmt"/>
      <line num="923" count="266" type="stmt"/>
      <line num="924" count="201" type="cond" truecount="3" falsecount="2"/>
      <line num="925" count="0" type="stmt"/>
      <line num="926" count="0" type="stmt"/>
      <line num="931" count="266" type="stmt"/>
      <line num="936" count="266" type="stmt"/>
      <line num="942" count="266" type="stmt"/>
      <line num="944" count="266" type="cond" truecount="2" falsecount="0"/>
      <line num="948" count="266" type="cond" truecount="2" falsecount="0"/>
      <line num="949" count="266" type="stmt"/>
      <line num="956" count="266" type="stmt"/>
      <line num="964" count="266" type="cond" truecount="2" falsecount="0"/>
      <line num="965" count="266" type="cond" truecount="2" falsecount="0"/>
      <line num="968" count="266" type="cond" truecount="2" falsecount="0"/>
      <line num="969" count="266" type="cond" truecount="2" falsecount="0"/>
      <line num="972" count="266" type="cond" truecount="3" falsecount="0"/>
      <line num="973" count="266" type="cond" truecount="2" falsecount="0"/>
      <line num="974" count="266" type="cond" truecount="2" falsecount="0"/>
      <line num="975" count="266" type="cond" truecount="2" falsecount="0"/>
      <line num="976" count="266" type="cond" truecount="4" falsecount="0"/>
      <line num="977" count="266" type="cond" truecount="5" falsecount="0"/>
      <line num="978" count="266" type="cond" truecount="5" falsecount="0"/>
      <line num="981" count="266" type="cond" truecount="4" falsecount="0"/>
      <line num="982" count="266" type="cond" truecount="4" falsecount="0"/>
      <line num="983" count="266" type="cond" truecount="3" falsecount="0"/>
      <line num="984" count="266" type="cond" truecount="4" falsecount="0"/>
      <line num="985" count="266" type="cond" truecount="4" falsecount="0"/>
      <line num="986" count="266" type="cond" truecount="3" falsecount="0"/>
      <line num="987" count="266" type="cond" truecount="3" falsecount="0"/>
      <line num="990" count="266" type="cond" truecount="2" falsecount="0"/>
      <line num="991" count="266" type="cond" truecount="2" falsecount="0"/>
      <line num="992" count="266" type="cond" truecount="2" falsecount="0"/>
      <line num="993" count="266" type="cond" truecount="2" falsecount="0"/>
      <line num="994" count="266" type="cond" truecount="2" falsecount="0"/>
      <line num="995" count="266" type="cond" truecount="2" falsecount="0"/>
      <line num="996" count="266" type="cond" truecount="2" falsecount="0"/>
      <line num="997" count="266" type="cond" truecount="2" falsecount="0"/>
      <line num="998" count="266" type="cond" truecount="2" falsecount="0"/>
      <line num="999" count="266" type="cond" truecount="2" falsecount="0"/>
      <line num="1000" count="266" type="cond" truecount="2" falsecount="0"/>
      <line num="1001" count="266" type="cond" truecount="2" falsecount="0"/>
      <line num="1002" count="266" type="cond" truecount="2" falsecount="0"/>
      <line num="1005" count="266" type="cond" truecount="2" falsecount="0"/>
      <line num="1006" count="266" type="cond" truecount="2" falsecount="0"/>
      <line num="1007" count="266" type="cond" truecount="2" falsecount="0"/>
      <line num="1008" count="266" type="cond" truecount="2" falsecount="0"/>
      <line num="1009" count="266" type="cond" truecount="2" falsecount="0"/>
      <line num="1010" count="266" type="cond" truecount="2" falsecount="0"/>
      <line num="1011" count="266" type="cond" truecount="2" falsecount="0"/>
      <line num="1012" count="266" type="cond" truecount="2" falsecount="0"/>
      <line num="1013" count="266" type="cond" truecount="2" falsecount="0"/>
      <line num="1014" count="266" type="cond" truecount="2" falsecount="0"/>
      <line num="1015" count="266" type="cond" truecount="2" falsecount="0"/>
      <line num="1016" count="266" type="cond" truecount="5" falsecount="0"/>
      <line num="1017" count="266" type="cond" truecount="5" falsecount="0"/>
      <line num="1020" count="266" type="cond" truecount="2" falsecount="0"/>
      <line num="1021" count="266" type="cond" truecount="2" falsecount="0"/>
      <line num="1022" count="266" type="cond" truecount="2" falsecount="0"/>
      <line num="1023" count="266" type="cond" truecount="2" falsecount="0"/>
      <line num="1026" count="266" type="cond" truecount="2" falsecount="0"/>
      <line num="1027" count="266" type="stmt"/>
      <line num="1028" count="266" type="cond" truecount="2" falsecount="0"/>
      <line num="1030" count="266" type="stmt"/>
      <line num="1044" count="1" type="cond" truecount="3" falsecount="1"/>
      <line num="1064" count="0" type="stmt"/>
      <line num="1212" count="266" type="stmt"/>
      <line num="1213" count="266" type="stmt"/>
      <line num="1214" count="266" type="cond" truecount="4" falsecount="0"/>
      <line num="1215" count="4" type="cond" truecount="2" falsecount="0"/>
      <line num="1218" count="266" type="stmt"/>
      <line num="1230" count="266" type="stmt"/>
      <line num="1231" count="266" type="cond" truecount="4" falsecount="0"/>
      <line num="1232" count="1" type="stmt"/>
      <line num="1240" count="1" type="cond" truecount="1" falsecount="1"/>
      <line num="1241" count="266" type="stmt"/>
      <line num="1258" count="0" type="stmt"/>
      <line num="1267" count="259" type="stmt"/>
      <line num="1280" count="259" type="cond" truecount="1" falsecount="1"/>
      <line num="1281" count="259" type="stmt"/>
      <line num="1290" count="259" type="cond" truecount="1" falsecount="1"/>
      <line num="1292" count="259" type="cond" truecount="1" falsecount="1"/>
      <line num="1293" count="259" type="stmt"/>
      <line num="1294" count="3" type="cond" truecount="1" falsecount="1"/>
      <line num="1295" count="3" type="stmt"/>
      <line num="1296" count="66" type="cond" truecount="4" falsecount="0"/>
      <line num="1297" count="1" type="stmt"/>
      <line num="1298" count="1" type="cond" truecount="1" falsecount="1"/>
      <line num="1299" count="1" type="stmt"/>
      <line num="1305" count="259" type="cond" truecount="2" falsecount="0"/>
      <line num="1306" count="38" type="cond" truecount="2" falsecount="0"/>
      <line num="1307" count="38" type="cond" truecount="2" falsecount="0"/>
      <line num="1308" count="38" type="cond" truecount="2" falsecount="0"/>
      <line num="1309" count="30" type="cond" truecount="5" falsecount="0"/>
      <line num="1310" count="30" type="cond" truecount="3" falsecount="2"/>
      <line num="1313" count="259" type="stmt"/>
      <line num="1315" count="259" type="stmt"/>
      <line num="1318" count="1554" type="stmt"/>
      <line num="1319" count="1554" type="stmt"/>
      <line num="1320" count="1554" type="stmt"/>
      <line num="1391" count="345" type="cond" truecount="2" falsecount="0"/>
      <line num="1392" count="2" type="cond" truecount="1" falsecount="3"/>
      <line num="1395" count="345" type="cond" truecount="3" falsecount="3"/>
      <line num="1396" count="345" type="stmt"/>
      <line num="1397" count="345" type="cond" truecount="2" falsecount="0"/>
      <line num="1398" count="345" type="cond" truecount="2" falsecount="0"/>
      <line num="1399" count="345" type="cond" truecount="3" falsecount="0"/>
      <line num="1400" count="345" type="stmt"/>
      <line num="1401" count="345" type="cond" truecount="2" falsecount="0"/>
      <line num="1402" count="344" type="cond" truecount="2" falsecount="0"/>
      <line num="1403" count="1" type="cond" truecount="1" falsecount="1"/>
      <line num="1404" count="1" type="stmt"/>
      <line num="1405" count="1" type="cond" truecount="1" falsecount="4"/>
      <line num="1406" count="1" type="cond" truecount="1" falsecount="1"/>
      <line num="1408" count="0" type="stmt"/>
      <line num="1410" count="345" type="stmt"/>
      <line num="1428" count="342" type="stmt"/>
      <line num="1429" count="342" type="stmt"/>
      <line num="1435" count="342" type="stmt"/>
      <line num="1438" count="342" type="cond" truecount="1" falsecount="1"/>
      <line num="1439" count="342" type="cond" truecount="1" falsecount="1"/>
      <line num="1446" count="1" type="stmt"/>
      <line num="1479" count="10" type="stmt"/>
      <line num="1480" count="10" type="cond" truecount="4" falsecount="0"/>
      <line num="1481" count="1" type="stmt"/>
      <line num="1482" count="1" type="stmt"/>
      <line num="1487" count="1" type="cond" truecount="1" falsecount="1"/>
      <line num="1488" count="10" type="stmt"/>
      <line num="1542" count="261" type="stmt"/>
      <line num="1543" count="261" type="stmt"/>
      <line num="1544" count="261" type="cond" truecount="1" falsecount="1"/>
      <line num="1545" count="261" type="cond" truecount="3" falsecount="0"/>
      <line num="1546" count="261" type="cond" truecount="3" falsecount="0"/>
      <line num="1547" count="261" type="cond" truecount="2" falsecount="0"/>
      <line num="1548" count="261" type="stmt"/>
      <line num="1615" count="2" type="stmt"/>
      <line num="1616" count="2" type="stmt"/>
      <line num="1617" count="2" type="stmt"/>
      <line num="1618" count="2" type="cond" truecount="1" falsecount="1"/>
      <line num="1619" count="2" type="cond" truecount="2" falsecount="0"/>
      <line num="1620" count="1" type="cond" truecount="1" falsecount="1"/>
      <line num="1621" count="0" type="cond" truecount="0" falsecount="2"/>
      <line num="1622" count="0" type="stmt"/>
      <line num="1631" count="7" type="cond" truecount="1" falsecount="1"/>
      <line num="1632" count="7" type="cond" truecount="2" falsecount="0"/>
      <line num="1633" count="1" type="stmt"/>
      <line num="1635" count="6" type="cond" truecount="2" falsecount="0"/>
      <line num="1636" count="3" type="stmt"/>
      <line num="1638" count="3" type="cond" truecount="2" falsecount="0"/>
      <line num="1639" count="1" type="stmt"/>
      <line num="1641" count="2" type="stmt"/>
      <line num="1673" count="1" type="cond" truecount="3" falsecount="1"/>
      <line num="1705" count="4" type="cond" truecount="2" falsecount="0"/>
      <line num="1712" count="4" type="cond" truecount="3" falsecount="1"/>
      <line num="1738" count="1" type="cond" truecount="3" falsecount="1"/>
      <line num="1759" count="1" type="cond" truecount="1" falsecount="1"/>
      <line num="1766" count="1" type="cond" truecount="3" falsecount="1"/>
      <line num="1787" count="3" type="cond" truecount="2" falsecount="0"/>
      <line num="1794" count="2" type="cond" truecount="3" falsecount="1"/>
      <line num="1833" count="16" type="cond" truecount="6" falsecount="0"/>
      <line num="1847" count="0" type="cond" truecount="2" falsecount="2"/>
      <line num="1848" count="0" type="cond" truecount="2" falsecount="2"/>
      <line num="1852" count="0" type="cond" truecount="2" falsecount="2"/>
      <line num="1860" count="0" type="cond" truecount="2" falsecount="2"/>
      <line num="1871" count="4" type="stmt"/>
      <line num="1894" count="38" type="cond" truecount="2" falsecount="0"/>
      <line num="1895" count="37" type="stmt"/>
      <line num="1896" count="37" type="cond" truecount="8" falsecount="0"/>
      <line num="1897" count="38" type="cond" truecount="8" falsecount="0"/>
      <line num="1898" count="38" type="stmt"/>
      <line num="1899" count="38" type="cond" truecount="2" falsecount="0"/>
      <line num="1900" count="37" type="stmt"/>
      <line num="1901" count="38" type="stmt"/>
      <line num="1902" count="38" type="stmt"/>
      <line num="1907" count="60" type="cond" truecount="2" falsecount="0"/>
      <line num="2020" count="1" type="stmt"/>
      <line num="2051" count="0" type="stmt"/>
      <line num="2052" count="1" type="stmt"/>
      <line num="2064" count="1" type="stmt"/>
      <line num="2067" count="0" type="stmt"/>
      <line num="2100" count="20" type="cond" truecount="1" falsecount="1"/>
      <line num="2101" count="20" type="cond" truecount="2" falsecount="0"/>
      <line num="2102" count="20" type="stmt"/>
      <line num="2103" count="2" type="stmt"/>
      <line num="2109" count="0" type="stmt"/>
      <line num="2110" count="5" type="stmt"/>
      <line num="2125" count="28" type="stmt"/>
      <line num="2132" count="5" type="stmt"/>
      <line num="2145" count="0" type="stmt"/>
      <line num="2157" count="1" type="stmt"/>
      <line num="2163" count="1" type="stmt"/>
      <line num="2169" count="1" type="stmt"/>
      <line num="2176" count="231" type="cond" truecount="3" falsecount="0"/>
      <line num="2177" count="231" type="cond" truecount="1" falsecount="1"/>
      <line num="2178" count="231" type="cond" truecount="2" falsecount="0"/>
      <line num="2179" count="231" type="cond" truecount="4" falsecount="0"/>
      <line num="2182" count="231" type="cond" truecount="3" falsecount="1"/>
      <line num="2185" count="231" type="stmt"/>
      <line num="2203" count="16" type="cond" truecount="2" falsecount="0"/>
      <line num="2207" count="1" type="cond" truecount="1" falsecount="1"/>
      <line num="2208" count="10" type="stmt"/>
      <line num="2243" count="78" type="stmt"/>
      <line num="2252" count="7" type="cond" truecount="2" falsecount="0"/>
      <line num="2273" count="0" type="stmt"/>
      <line num="2286" count="1" type="stmt"/>
      <line num="2287" count="1" type="stmt"/>
      <line num="2288" count="1" type="stmt"/>
      <line num="2289" count="1" type="stmt"/>
      <line num="2290" count="1" type="cond" truecount="1" falsecount="1"/>
      <line num="2312" count="1" type="stmt"/>
      <line num="2328" count="0" type="stmt"/>
      <line num="2329" count="0" type="stmt"/>
      <line num="2330" count="0" type="cond" truecount="0" falsecount="2"/>
      <line num="2331" count="0" type="stmt"/>
      <line num="2332" count="0" type="cond" truecount="0" falsecount="2"/>
      <line num="2346" count="0" type="stmt"/>
      <line num="2347" count="0" type="stmt"/>
      <line num="2348" count="0" type="cond" truecount="0" falsecount="2"/>
      <line num="2349" count="0" type="stmt"/>
      <line num="2350" count="0" type="cond" truecount="0" falsecount="2"/>
      <line num="2357" count="1" type="cond" truecount="3" falsecount="1"/>
      <line num="2358" count="1" type="stmt"/>
      <line num="2359" count="1" type="cond" truecount="1" falsecount="1"/>
      <line num="2360" count="0" type="stmt"/>
      <line num="2366" count="1" type="stmt"/>
      <line num="2381" count="1" type="cond" truecount="1" falsecount="1"/>
      <line num="2382" count="1" type="stmt"/>
      <line num="2383" count="1" type="cond" truecount="1" falsecount="1"/>
      <line num="2388" count="1" type="cond" truecount="1" falsecount="1"/>
      <line num="2393" count="1" type="stmt"/>
      <line num="2394" count="1" type="stmt"/>
      <line num="2443" count="1" type="stmt"/>
      <line num="2447" count="6" type="stmt"/>
      <line num="2448" count="6" type="stmt"/>
      <line num="2460" count="1" type="stmt"/>
      <line num="2507" count="2" type="cond" truecount="2" falsecount="0"/>
      <line num="2518" count="0" type="stmt"/>
      <line num="2519" count="1" type="stmt"/>
      <line num="2536" count="1" type="stmt"/>
      <line num="2560" count="6" type="cond" truecount="2" falsecount="0"/>
      <line num="2571" count="2" type="stmt"/>
      <line num="2572" count="0" type="stmt"/>
      <line num="2595" count="0" type="stmt"/>
      <line num="2614" count="6" type="stmt"/>
      <line num="2617" count="6" type="stmt"/>
      <line num="2618" count="6" type="stmt"/>
      <line num="2621" count="6" type="cond" truecount="2" falsecount="0"/>
      <line num="2622" count="6" type="stmt"/>
      <line num="2628" count="6" type="stmt"/>
      <line num="2629" count="6" type="stmt"/>
      <line num="2630" count="6" type="cond" truecount="2" falsecount="0"/>
      <line num="2643" count="6" type="stmt"/>
      <line num="2644" count="6" type="cond" truecount="1" falsecount="1"/>
      <line num="2645" count="6" type="stmt"/>
      <line num="2646" count="6" type="stmt"/>
      <line num="2647" count="6" type="cond" truecount="4" falsecount="1"/>
      <line num="2648" count="6" type="cond" truecount="1" falsecount="1"/>
      <line num="2649" count="6" type="stmt"/>
      <line num="2650" count="6" type="stmt"/>
      <line num="2651" count="6" type="stmt"/>
      <line num="2655" count="6" type="stmt"/>
      <line num="2656" count="6" type="cond" truecount="2" falsecount="0"/>
      <line num="2657" count="6" type="cond" truecount="2" falsecount="1"/>
      <line num="2658" count="6" type="cond" truecount="2" falsecount="0"/>
      <line num="2660" count="6" type="cond" truecount="2" falsecount="0"/>
      <line num="2665" count="6" type="cond" truecount="2" falsecount="0"/>
      <line num="2666" count="6" type="cond" truecount="2" falsecount="0"/>
      <line num="2667" count="6" type="cond" truecount="2" falsecount="0"/>
      <line num="2668" count="6" type="cond" truecount="2" falsecount="0"/>
      <line num="2670" count="6" type="stmt"/>
      <line num="2735" count="1" type="stmt"/>
      <line num="2739" count="0" type="stmt"/>
      <line num="2740" count="1" type="stmt"/>
      <line num="2748" count="0" type="stmt"/>
      <line num="2757" count="1" type="stmt"/>
      <line num="2761" count="0" type="stmt"/>
      <line num="2769" count="0" type="stmt"/>
      <line num="2783" count="3" type="stmt"/>
      <line num="2784" count="3" type="stmt"/>
      <line num="2785" count="3" type="stmt"/>
      <line num="2786" count="3" type="cond" truecount="2" falsecount="0"/>
      <line num="2788" count="3" type="stmt"/>
      <line num="2789" count="3" type="cond" truecount="2" falsecount="0"/>
      <line num="2790" count="3" type="stmt"/>
      <line num="2927" count="0" type="stmt"/>
      <line num="2942" count="266" type="cond" truecount="2" falsecount="0"/>
      <line num="2943" count="266" type="cond" truecount="2" falsecount="0"/>
      <line num="2944" count="266" type="cond" truecount="3" falsecount="0"/>
      <line num="2947" count="266" type="cond" truecount="2" falsecount="0"/>
      <line num="2948" count="266" type="cond" truecount="2" falsecount="0"/>
      <line num="2949" count="266" type="stmt"/>
      <line num="2950" count="266" type="stmt"/>
      <line num="2951" count="266" type="stmt"/>
      <line num="2952" count="266" type="stmt"/>
      <line num="2953" count="266" type="stmt"/>
      <line num="2954" count="266" type="cond" truecount="2" falsecount="0"/>
      <line num="2955" count="266" type="cond" truecount="4" falsecount="0"/>
      <line num="2956" count="266" type="stmt"/>
      <line num="3017" count="9" type="stmt"/>
      <line num="3021" count="1" type="stmt"/>
      <line num="3063" count="4" type="stmt"/>
      <line num="3064" count="4" type="stmt"/>
      <line num="3088" count="266" type="stmt"/>
      <line num="3089" count="266" type="stmt"/>
      <line num="3090" count="266" type="cond" truecount="5" falsecount="0"/>
      <line num="3091" count="4" type="cond" truecount="2" falsecount="0"/>
      <line num="3094" count="266" type="stmt"/>
      <line num="3115" count="266" type="stmt"/>
      <line num="3116" count="266" type="stmt"/>
      <line num="3117" count="266" type="stmt"/>
      <line num="3118" count="266" type="stmt"/>
      <line num="3119" count="266" type="stmt"/>
      <line num="3120" count="266" type="cond" truecount="6" falsecount="0"/>
      <line num="3121" count="2" type="stmt"/>
      <line num="3126" count="2" type="cond" truecount="3" falsecount="1"/>
      <line num="3127" count="266" type="stmt"/>
      <line num="3175" count="266" type="stmt"/>
      <line num="3176" count="266" type="cond" truecount="2" falsecount="0"/>
      <line num="3177" count="2" type="stmt"/>
      <line num="3178" count="2" type="stmt"/>
      <line num="3179" count="1" type="cond" truecount="3" falsecount="1"/>
      <line num="3181" count="1" type="stmt"/>
      <line num="3182" count="1" type="stmt"/>
      <line num="3183" count="1" type="cond" truecount="1" falsecount="1"/>
      <line num="3184" count="1" type="stmt"/>
      <line num="3185" count="1" type="cond" truecount="1" falsecount="2"/>
      <line num="3186" count="1" type="stmt"/>
      <line num="3187" count="1" type="stmt"/>
      <line num="3188" count="6" type="stmt"/>
      <line num="3189" count="1" type="stmt"/>
      <line num="3190" count="1" type="stmt"/>
      <line num="3192" count="0" type="stmt"/>
      <line num="3195" count="0" type="stmt"/>
      <line num="3198" count="1" type="stmt"/>
      <line num="3203" count="3" type="stmt"/>
      <line num="3204" count="3" type="stmt"/>
      <line num="3208" count="1" type="cond" truecount="2" falsecount="0"/>
      <line num="3258" count="5" type="stmt"/>
      <line num="3259" count="5" type="stmt"/>
      <line num="3260" count="5" type="cond" truecount="2" falsecount="0"/>
      <line num="3261" count="5" type="cond" truecount="2" falsecount="0"/>
      <line num="3262" count="5" type="cond" truecount="2" falsecount="0"/>
      <line num="3263" count="5" type="cond" truecount="2" falsecount="0"/>
      <line num="3268" count="5" type="cond" truecount="2" falsecount="0"/>
      <line num="3270" count="5" type="cond" truecount="2" falsecount="0"/>
      <line num="3276" count="5" type="cond" truecount="2" falsecount="0"/>
      <line num="3284" count="5" type="stmt"/>
    </file>
  </project>
</coverage>
