{"/Users/farhankhan/Shopify_Returns/returnpromax-1/app/routes/app.returns.$id.tsx": {"path":"/Users/farhankhan/Shopify_Returns/returnpromax-1/app/routes/app.returns.$id.tsx","statementMap":{"0":{"start":{"line":22,"column":2},"end":{"line":22,"column":null}},"1":{"start":{"line":22,"column":17},"end":{"line":22,"column":null}},"2":{"start":{"line":23,"column":2},"end":{"line":23,"column":null}},"3":{"start":{"line":23,"column":29},"end":{"line":23,"column":null}},"4":{"start":{"line":24,"column":2},"end":{"line":24,"column":null}},"5":{"start":{"line":24,"column":55},"end":{"line":24,"column":null}},"6":{"start":{"line":25,"column":2},"end":{"line":29,"column":null}},"7":{"start":{"line":26,"column":14},"end":{"line":26,"column":null}},"8":{"start":{"line":27,"column":14},"end":{"line":27,"column":null}},"9":{"start":{"line":28,"column":4},"end":{"line":28,"column":null}},"10":{"start":{"line":30,"column":2},"end":{"line":30,"column":null}},"11":{"start":{"line":51,"column":8},"end":{"line":51,"column":null}},"12":{"start":{"line":52,"column":8},"end":{"line":52,"column":null}},"13":{"start":{"line":53,"column":8},"end":{"line":53,"column":null}},"14":{"start":{"line":54,"column":18},"end":{"line":54,"column":null}},"15":{"start":{"line":55,"column":8},"end":{"line":55,"column":null}},"16":{"start":{"line":58,"column":25},"end":{"line":58,"column":null}},"17":{"start":{"line":59,"column":31},"end":{"line":59,"column":null}},"18":{"start":{"line":61,"column":21},"end":{"line":62,"column":null}},"19":{"start":{"line":62,"column":4},"end":{"line":62,"column":null}},"20":{"start":{"line":62,"column":18},"end":{"line":62,"column":93}},"21":{"start":{"line":64,"column":19},"end":{"line":66,"column":null}},"22":{"start":{"line":68,"column":13},"end":{"line":69,"column":null}},"23":{"start":{"line":69,"column":5},"end":{"line":69,"column":null}},"24":{"start":{"line":70,"column":18},"end":{"line":71,"column":null}},"25":{"start":{"line":71,"column":5},"end":{"line":71,"column":null}},"26":{"start":{"line":72,"column":18},"end":{"line":73,"column":null}},"27":{"start":{"line":73,"column":5},"end":{"line":73,"column":null}},"28":{"start":{"line":74,"column":21},"end":{"line":75,"column":null}},"29":{"start":{"line":75,"column":5},"end":{"line":75,"column":null}},"30":{"start":{"line":76,"column":16},"end":{"line":77,"column":null}},"31":{"start":{"line":77,"column":5},"end":{"line":77,"column":null}},"32":{"start":{"line":78,"column":15},"end":{"line":79,"column":null}},"33":{"start":{"line":79,"column":5},"end":{"line":79,"column":null}},"34":{"start":{"line":81,"column":2},"end":{"line":81,"column":null}},"35":{"start":{"line":81,"column":67},"end":{"line":81,"column":null}},"36":{"start":{"line":85,"column":2},"end":{"line":88,"column":null}},"37":{"start":{"line":86,"column":4},"end":{"line":86,"column":null}},"38":{"start":{"line":86,"column":29},"end":{"line":86,"column":null}},"39":{"start":{"line":87,"column":4},"end":{"line":87,"column":null}},"40":{"start":{"line":95,"column":29},"end":{"line":95,"column":null}},"41":{"start":{"line":96,"column":2},"end":{"line":96,"column":null}},"42":{"start":{"line":96,"column":49},"end":{"line":96,"column":null}},"43":{"start":{"line":97,"column":2},"end":{"line":97,"column":null}},"44":{"start":{"line":97,"column":110},"end":{"line":97,"column":null}},"45":{"start":{"line":98,"column":2},"end":{"line":99,"column":null}},"46":{"start":{"line":99,"column":4},"end":{"line":99,"column":null}},"47":{"start":{"line":100,"column":2},"end":{"line":100,"column":null}},"48":{"start":{"line":100,"column":113},"end":{"line":100,"column":null}},"49":{"start":{"line":101,"column":2},"end":{"line":102,"column":null}},"50":{"start":{"line":102,"column":4},"end":{"line":102,"column":null}},"51":{"start":{"line":103,"column":2},"end":{"line":104,"column":null}},"52":{"start":{"line":104,"column":4},"end":{"line":104,"column":null}},"53":{"start":{"line":105,"column":2},"end":{"line":106,"column":null}},"54":{"start":{"line":106,"column":4},"end":{"line":106,"column":null}},"55":{"start":{"line":107,"column":2},"end":{"line":108,"column":null}},"56":{"start":{"line":108,"column":4},"end":{"line":108,"column":null}},"57":{"start":{"line":109,"column":2},"end":{"line":110,"column":null}},"58":{"start":{"line":110,"column":4},"end":{"line":110,"column":null}},"59":{"start":{"line":111,"column":2},"end":{"line":111,"column":null}},"60":{"start":{"line":111,"column":24},"end":{"line":111,"column":null}},"61":{"start":{"line":112,"column":2},"end":{"line":112,"column":null}},"62":{"start":{"line":112,"column":25},"end":{"line":112,"column":null}},"63":{"start":{"line":113,"column":2},"end":{"line":113,"column":null}},"64":{"start":{"line":113,"column":25},"end":{"line":113,"column":null}},"65":{"start":{"line":114,"column":2},"end":{"line":114,"column":null}},"66":{"start":{"line":114,"column":24},"end":{"line":114,"column":null}},"67":{"start":{"line":115,"column":2},"end":{"line":115,"column":null}},"68":{"start":{"line":115,"column":44},"end":{"line":115,"column":null}},"69":{"start":{"line":116,"column":2},"end":{"line":116,"column":null}},"70":{"start":{"line":120,"column":2},"end":{"line":120,"column":null}},"71":{"start":{"line":120,"column":39},"end":{"line":120,"column":null}},"72":{"start":{"line":121,"column":10},"end":{"line":121,"column":null}},"73":{"start":{"line":122,"column":2},"end":{"line":122,"column":null}},"74":{"start":{"line":123,"column":2},"end":{"line":123,"column":null}},"75":{"start":{"line":124,"column":2},"end":{"line":124,"column":null}},"76":{"start":{"line":124,"column":10},"end":{"line":124,"column":null}},"77":{"start":{"line":125,"column":2},"end":{"line":125,"column":null}},"78":{"start":{"line":125,"column":35},"end":{"line":125,"column":50}},"79":{"start":{"line":146,"column":2},"end":{"line":146,"column":null}},"80":{"start":{"line":146,"column":13},"end":{"line":146,"column":null}},"81":{"start":{"line":147,"column":16},"end":{"line":154,"column":null}},"82":{"start":{"line":155,"column":2},"end":{"line":155,"column":null}},"83":{"start":{"line":159,"column":2},"end":{"line":159,"column":null}},"84":{"start":{"line":159,"column":39},"end":{"line":159,"column":null}},"85":{"start":{"line":160,"column":12},"end":{"line":160,"column":null}},"86":{"start":{"line":161,"column":2},"end":{"line":161,"column":null}},"87":{"start":{"line":161,"column":16},"end":{"line":161,"column":null}},"88":{"start":{"line":162,"column":2},"end":{"line":169,"column":null}},"89":{"start":{"line":163,"column":4},"end":{"line":165,"column":null}},"90":{"start":{"line":164,"column":6},"end":{"line":164,"column":null}},"91":{"start":{"line":166,"column":4},"end":{"line":166,"column":null}},"92":{"start":{"line":168,"column":4},"end":{"line":168,"column":null}},"93":{"start":{"line":172,"column":22},"end":{"line":758,"column":null}},"94":{"start":{"line":173,"column":2},"end":{"line":757,"column":null}},"95":{"start":{"line":174,"column":15},"end":{"line":174,"column":null}},"96":{"start":{"line":175,"column":4},"end":{"line":175,"column":null}},"97":{"start":{"line":175,"column":13},"end":{"line":175,"column":null}},"98":{"start":{"line":177,"column":31},"end":{"line":177,"column":null}},"99":{"start":{"line":178,"column":17},"end":{"line":178,"column":null}},"100":{"start":{"line":179,"column":4},"end":{"line":179,"column":null}},"101":{"start":{"line":179,"column":15},"end":{"line":179,"column":null}},"102":{"start":{"line":182,"column":4},"end":{"line":193,"column":null}},"103":{"start":{"line":183,"column":6},"end":{"line":189,"column":null}},"104":{"start":{"line":191,"column":6},"end":{"line":191,"column":null}},"105":{"start":{"line":192,"column":6},"end":{"line":192,"column":null}},"106":{"start":{"line":195,"column":4},"end":{"line":195,"column":null}},"107":{"start":{"line":195,"column":21},"end":{"line":195,"column":null}},"108":{"start":{"line":198,"column":4},"end":{"line":214,"column":null}},"109":{"start":{"line":199,"column":6},"end":{"line":213,"column":null}},"110":{"start":{"line":200,"column":14},"end":{"line":200,"column":null}},"111":{"start":{"line":202,"column":8},"end":{"line":204,"column":null}},"112":{"start":{"line":203,"column":10},"end":{"line":203,"column":null}},"113":{"start":{"line":205,"column":14},"end":{"line":205,"column":null}},"114":{"start":{"line":206,"column":8},"end":{"line":209,"column":null}},"115":{"start":{"line":210,"column":8},"end":{"line":210,"column":null}},"116":{"start":{"line":216,"column":27},"end":{"line":216,"column":null}},"117":{"start":{"line":217,"column":124},"end":{"line":217,"column":null}},"118":{"start":{"line":218,"column":27},"end":{"line":218,"column":null}},"119":{"start":{"line":220,"column":31},"end":{"line":220,"column":null}},"120":{"start":{"line":221,"column":4},"end":{"line":226,"column":null}},"121":{"start":{"line":227,"column":10},"end":{"line":227,"column":null}},"122":{"start":{"line":228,"column":4},"end":{"line":279,"column":null}},"123":{"start":{"line":229,"column":6},"end":{"line":278,"column":null}},"124":{"start":{"line":231,"column":22},"end":{"line":231,"column":null}},"125":{"start":{"line":232,"column":26},"end":{"line":232,"column":null}},"126":{"start":{"line":233,"column":8},"end":{"line":235,"column":null}},"127":{"start":{"line":234,"column":10},"end":{"line":234,"column":null}},"128":{"start":{"line":238,"column":8},"end":{"line":265,"column":null}},"129":{"start":{"line":239,"column":29},"end":{"line":239,"column":null}},"130":{"start":{"line":240,"column":10},"end":{"line":240,"column":null}},"131":{"start":{"line":240,"column":43},"end":{"line":240,"column":null}},"132":{"start":{"line":241,"column":10},"end":{"line":241,"column":null}},"133":{"start":{"line":241,"column":65},"end":{"line":241,"column":null}},"134":{"start":{"line":242,"column":10},"end":{"line":245,"column":null}},"135":{"start":{"line":243,"column":18},"end":{"line":243,"column":null}},"136":{"start":{"line":244,"column":12},"end":{"line":244,"column":null}},"137":{"start":{"line":244,"column":23},"end":{"line":244,"column":null}},"138":{"start":{"line":246,"column":10},"end":{"line":246,"column":null}},"139":{"start":{"line":248,"column":33},"end":{"line":248,"column":null}},"140":{"start":{"line":249,"column":10},"end":{"line":264,"column":null}},"141":{"start":{"line":250,"column":28},"end":{"line":252,"column":null}},"142":{"start":{"line":251,"column":34},"end":{"line":251,"column":85}},"143":{"start":{"line":253,"column":12},"end":{"line":260,"column":null}},"144":{"start":{"line":253,"column":25},"end":{"line":253,"column":28}},"145":{"start":{"line":254,"column":24},"end":{"line":254,"column":null}},"146":{"start":{"line":255,"column":14},"end":{"line":259,"column":null}},"147":{"start":{"line":256,"column":16},"end":{"line":256,"column":null}},"148":{"start":{"line":257,"column":16},"end":{"line":257,"column":null}},"149":{"start":{"line":258,"column":16},"end":{"line":258,"column":null}},"150":{"start":{"line":261,"column":12},"end":{"line":263,"column":null}},"151":{"start":{"line":262,"column":14},"end":{"line":262,"column":null}},"152":{"start":{"line":268,"column":8},"end":{"line":275,"column":null}},"153":{"start":{"line":269,"column":10},"end":{"line":274,"column":null}},"154":{"start":{"line":270,"column":52},"end":{"line":270,"column":null}},"155":{"start":{"line":271,"column":12},"end":{"line":271,"column":null}},"156":{"start":{"line":271,"column":67},"end":{"line":271,"column":null}},"157":{"start":{"line":272,"column":12},"end":{"line":272,"column":null}},"158":{"start":{"line":273,"column":12},"end":{"line":273,"column":null}},"159":{"start":{"line":277,"column":8},"end":{"line":277,"column":null}},"160":{"start":{"line":283,"column":32},"end":{"line":283,"column":null}},"161":{"start":{"line":284,"column":4},"end":{"line":323,"column":null}},"162":{"start":{"line":285,"column":49},"end":{"line":285,"column":null}},"163":{"start":{"line":287,"column":6},"end":{"line":299,"column":null}},"164":{"start":{"line":288,"column":21},"end":{"line":288,"column":null}},"165":{"start":{"line":289,"column":21},"end":{"line":289,"column":null}},"166":{"start":{"line":290,"column":8},"end":{"line":290,"column":null}},"167":{"start":{"line":290,"column":46},"end":{"line":290,"column":null}},"168":{"start":{"line":291,"column":8},"end":{"line":291,"column":null}},"169":{"start":{"line":291,"column":65},"end":{"line":291,"column":null}},"170":{"start":{"line":292,"column":8},"end":{"line":292,"column":null}},"171":{"start":{"line":292,"column":101},"end":{"line":292,"column":null}},"172":{"start":{"line":293,"column":8},"end":{"line":293,"column":null}},"173":{"start":{"line":293,"column":83},"end":{"line":293,"column":null}},"174":{"start":{"line":294,"column":8},"end":{"line":294,"column":null}},"175":{"start":{"line":294,"column":92},"end":{"line":294,"column":null}},"176":{"start":{"line":295,"column":8},"end":{"line":295,"column":null}},"177":{"start":{"line":295,"column":95},"end":{"line":295,"column":null}},"178":{"start":{"line":296,"column":8},"end":{"line":296,"column":null}},"179":{"start":{"line":296,"column":95},"end":{"line":296,"column":null}},"180":{"start":{"line":297,"column":8},"end":{"line":297,"column":null}},"181":{"start":{"line":297,"column":95},"end":{"line":297,"column":null}},"182":{"start":{"line":298,"column":8},"end":{"line":298,"column":null}},"183":{"start":{"line":298,"column":80},"end":{"line":298,"column":null}},"184":{"start":{"line":301,"column":6},"end":{"line":314,"column":null}},"185":{"start":{"line":302,"column":14},"end":{"line":302,"column":null}},"186":{"start":{"line":303,"column":8},"end":{"line":313,"column":null}},"187":{"start":{"line":304,"column":10},"end":{"line":304,"column":null}},"188":{"start":{"line":304,"column":89},"end":{"line":304,"column":null}},"189":{"start":{"line":305,"column":10},"end":{"line":305,"column":null}},"190":{"start":{"line":305,"column":100},"end":{"line":305,"column":null}},"191":{"start":{"line":306,"column":10},"end":{"line":306,"column":null}},"192":{"start":{"line":306,"column":136},"end":{"line":306,"column":null}},"193":{"start":{"line":307,"column":10},"end":{"line":307,"column":null}},"194":{"start":{"line":307,"column":120},"end":{"line":307,"column":null}},"195":{"start":{"line":308,"column":10},"end":{"line":308,"column":null}},"196":{"start":{"line":308,"column":132},"end":{"line":308,"column":null}},"197":{"start":{"line":309,"column":10},"end":{"line":309,"column":null}},"198":{"start":{"line":309,"column":136},"end":{"line":309,"column":null}},"199":{"start":{"line":310,"column":10},"end":{"line":310,"column":null}},"200":{"start":{"line":310,"column":136},"end":{"line":310,"column":null}},"201":{"start":{"line":311,"column":10},"end":{"line":311,"column":null}},"202":{"start":{"line":311,"column":136},"end":{"line":311,"column":null}},"203":{"start":{"line":312,"column":10},"end":{"line":312,"column":null}},"204":{"start":{"line":312,"column":116},"end":{"line":312,"column":null}},"205":{"start":{"line":315,"column":6},"end":{"line":322,"column":null}},"206":{"start":{"line":316,"column":8},"end":{"line":321,"column":null}},"207":{"start":{"line":317,"column":10},"end":{"line":317,"column":null}},"208":{"start":{"line":318,"column":10},"end":{"line":318,"column":null}},"209":{"start":{"line":327,"column":4},"end":{"line":337,"column":null}},"210":{"start":{"line":328,"column":12},"end":{"line":328,"column":null}},"211":{"start":{"line":329,"column":6},"end":{"line":336,"column":null}},"212":{"start":{"line":330,"column":8},"end":{"line":335,"column":null}},"213":{"start":{"line":331,"column":10},"end":{"line":331,"column":null}},"214":{"start":{"line":332,"column":11},"end":{"line":332,"column":null}},"215":{"start":{"line":340,"column":4},"end":{"line":352,"column":null}},"216":{"start":{"line":341,"column":6},"end":{"line":351,"column":null}},"217":{"start":{"line":342,"column":22},"end":{"line":342,"column":null}},"218":{"start":{"line":343,"column":31},"end":{"line":343,"column":null}},"219":{"start":{"line":344,"column":8},"end":{"line":348,"column":null}},"220":{"start":{"line":346,"column":10},"end":{"line":346,"column":null}},"221":{"start":{"line":347,"column":10},"end":{"line":347,"column":null}},"222":{"start":{"line":354,"column":10},"end":{"line":354,"column":null}},"223":{"start":{"line":355,"column":10},"end":{"line":355,"column":null}},"224":{"start":{"line":360,"column":30},"end":{"line":360,"column":null}},"225":{"start":{"line":361,"column":4},"end":{"line":365,"column":null}},"226":{"start":{"line":362,"column":6},"end":{"line":364,"column":null}},"227":{"start":{"line":363,"column":15},"end":{"line":363,"column":null}},"228":{"start":{"line":369,"column":33},"end":{"line":369,"column":null}},"229":{"start":{"line":370,"column":35},"end":{"line":372,"column":null}},"230":{"start":{"line":371,"column":6},"end":{"line":371,"column":null}},"231":{"start":{"line":371,"column":22},"end":{"line":371,"column":90}},"232":{"start":{"line":371,"column":90},"end":{"line":371,"column":130}},"233":{"start":{"line":371,"column":140},"end":{"line":371,"column":154}},"234":{"start":{"line":373,"column":32},"end":{"line":373,"column":null}},"235":{"start":{"line":373,"column":74},"end":{"line":373,"column":100}},"236":{"start":{"line":374,"column":35},"end":{"line":374,"column":null}},"237":{"start":{"line":375,"column":27},"end":{"line":375,"column":null}},"238":{"start":{"line":376,"column":4},"end":{"line":463,"column":null}},"239":{"start":{"line":377,"column":6},"end":{"line":462,"column":null}},"240":{"start":{"line":378,"column":37},"end":{"line":378,"column":null}},"241":{"start":{"line":379,"column":8},"end":{"line":459,"column":null}},"242":{"start":{"line":380,"column":29},"end":{"line":383,"column":null}},"243":{"start":{"line":384,"column":10},"end":{"line":458,"column":null}},"244":{"start":{"line":385,"column":18},"end":{"line":385,"column":null}},"245":{"start":{"line":386,"column":12},"end":{"line":457,"column":null}},"246":{"start":{"line":388,"column":38},"end":{"line":391,"column":null}},"247":{"start":{"line":393,"column":16},"end":{"line":394,"column":null}},"248":{"start":{"line":398,"column":58},"end":{"line":398,"column":null}},"249":{"start":{"line":399,"column":14},"end":{"line":403,"column":null}},"250":{"start":{"line":400,"column":36},"end":{"line":400,"column":null}},"251":{"start":{"line":401,"column":16},"end":{"line":401,"column":null}},"252":{"start":{"line":402,"column":16},"end":{"line":402,"column":null}},"253":{"start":{"line":406,"column":37},"end":{"line":412,"column":null}},"254":{"start":{"line":407,"column":22},"end":{"line":407,"column":null}},"255":{"start":{"line":408,"column":16},"end":{"line":408,"column":null}},"256":{"start":{"line":410,"column":27},"end":{"line":410,"column":null}},"257":{"start":{"line":411,"column":16},"end":{"line":411,"column":null}},"258":{"start":{"line":414,"column":14},"end":{"line":452,"column":null}},"259":{"start":{"line":415,"column":35},"end":{"line":415,"column":null}},"260":{"start":{"line":416,"column":30},"end":{"line":416,"column":null}},"261":{"start":{"line":417,"column":32},"end":{"line":417,"column":null}},"262":{"start":{"line":418,"column":38},"end":{"line":418,"column":null}},"263":{"start":{"line":420,"column":33},"end":{"line":420,"column":null}},"264":{"start":{"line":421,"column":32},"end":{"line":421,"column":null}},"265":{"start":{"line":422,"column":30},"end":{"line":422,"column":null}},"266":{"start":{"line":423,"column":35},"end":{"line":423,"column":null}},"267":{"start":{"line":424,"column":22},"end":{"line":424,"column":null}},"268":{"start":{"line":425,"column":22},"end":{"line":425,"column":null}},"269":{"start":{"line":426,"column":32},"end":{"line":426,"column":null}},"270":{"start":{"line":428,"column":35},"end":{"line":428,"column":null}},"271":{"start":{"line":428,"column":56},"end":{"line":428,"column":171}},"272":{"start":{"line":428,"column":72},"end":{"line":428,"column":120}},"273":{"start":{"line":428,"column":120},"end":{"line":428,"column":146}},"274":{"start":{"line":428,"column":156},"end":{"line":428,"column":169}},"275":{"start":{"line":429,"column":31},"end":{"line":429,"column":null}},"276":{"start":{"line":429,"column":48},"end":{"line":429,"column":170}},"277":{"start":{"line":429,"column":64},"end":{"line":429,"column":112}},"278":{"start":{"line":429,"column":112},"end":{"line":429,"column":145}},"279":{"start":{"line":429,"column":155},"end":{"line":429,"column":168}},"280":{"start":{"line":430,"column":16},"end":{"line":432,"column":null}},"281":{"start":{"line":431,"column":18},"end":{"line":431,"column":null}},"282":{"start":{"line":434,"column":61},"end":{"line":434,"column":null}},"283":{"start":{"line":435,"column":16},"end":{"line":435,"column":null}},"284":{"start":{"line":435,"column":22},"end":{"line":435,"column":110}},"285":{"start":{"line":435,"column":54},"end":{"line":435,"column":110}},"286":{"start":{"line":437,"column":36},"end":{"line":446,"column":null}},"287":{"start":{"line":448,"column":16},"end":{"line":448,"column":null}},"288":{"start":{"line":449,"column":16},"end":{"line":449,"column":null}},"289":{"start":{"line":449,"column":51},"end":{"line":449,"column":null}},"290":{"start":{"line":450,"column":16},"end":{"line":450,"column":null}},"291":{"start":{"line":451,"column":16},"end":{"line":451,"column":null}},"292":{"start":{"line":451,"column":27},"end":{"line":451,"column":null}},"293":{"start":{"line":454,"column":14},"end":{"line":456,"column":null}},"294":{"start":{"line":455,"column":16},"end":{"line":455,"column":null}},"295":{"start":{"line":465,"column":4},"end":{"line":478,"column":null}},"296":{"start":{"line":466,"column":6},"end":{"line":477,"column":null}},"297":{"start":{"line":467,"column":19},"end":{"line":467,"column":null}},"298":{"start":{"line":468,"column":8},"end":{"line":476,"column":null}},"299":{"start":{"line":469,"column":16},"end":{"line":469,"column":null}},"300":{"start":{"line":470,"column":10},"end":{"line":475,"column":null}},"301":{"start":{"line":471,"column":12},"end":{"line":471,"column":null}},"302":{"start":{"line":472,"column":28},"end":{"line":472,"column":null}},"303":{"start":{"line":473,"column":12},"end":{"line":473,"column":null}},"304":{"start":{"line":474,"column":12},"end":{"line":474,"column":null}},"305":{"start":{"line":481,"column":10},"end":{"line":481,"column":null}},"306":{"start":{"line":482,"column":4},"end":{"line":494,"column":null}},"307":{"start":{"line":484,"column":6},"end":{"line":493,"column":null}},"308":{"start":{"line":485,"column":8},"end":{"line":485,"column":null}},"309":{"start":{"line":487,"column":8},"end":{"line":492,"column":null}},"310":{"start":{"line":489,"column":10},"end":{"line":491,"column":null}},"311":{"start":{"line":490,"column":19},"end":{"line":490,"column":null}},"312":{"start":{"line":496,"column":10},"end":{"line":496,"column":null}},"313":{"start":{"line":497,"column":10},"end":{"line":497,"column":null}},"314":{"start":{"line":500,"column":10},"end":{"line":502,"column":null}},"315":{"start":{"line":501,"column":45},"end":{"line":501,"column":null}},"316":{"start":{"line":505,"column":4},"end":{"line":510,"column":null}},"317":{"start":{"line":506,"column":6},"end":{"line":509,"column":null}},"318":{"start":{"line":507,"column":8},"end":{"line":507,"column":null}},"319":{"start":{"line":508,"column":9},"end":{"line":508,"column":null}},"320":{"start":{"line":513,"column":4},"end":{"line":518,"column":null}},"321":{"start":{"line":514,"column":6},"end":{"line":517,"column":null}},"322":{"start":{"line":515,"column":8},"end":{"line":515,"column":null}},"323":{"start":{"line":516,"column":9},"end":{"line":516,"column":null}},"324":{"start":{"line":521,"column":10},"end":{"line":521,"column":null}},"325":{"start":{"line":522,"column":10},"end":{"line":522,"column":null}},"326":{"start":{"line":525,"column":4},"end":{"line":531,"column":null}},"327":{"start":{"line":526,"column":6},"end":{"line":530,"column":null}},"328":{"start":{"line":527,"column":8},"end":{"line":529,"column":null}},"329":{"start":{"line":528,"column":11},"end":{"line":528,"column":null}},"330":{"start":{"line":533,"column":29},"end":{"line":535,"column":null}},"331":{"start":{"line":537,"column":40},"end":{"line":537,"column":null}},"332":{"start":{"line":538,"column":47},"end":{"line":538,"column":null}},"333":{"start":{"line":539,"column":49},"end":{"line":539,"column":null}},"334":{"start":{"line":540,"column":29},"end":{"line":540,"column":null}},"335":{"start":{"line":541,"column":30},"end":{"line":541,"column":null}},"336":{"start":{"line":542,"column":31},"end":{"line":542,"column":null}},"337":{"start":{"line":543,"column":29},"end":{"line":543,"column":null}},"338":{"start":{"line":544,"column":25},"end":{"line":544,"column":null}},"339":{"start":{"line":546,"column":25},"end":{"line":546,"column":null}},"340":{"start":{"line":547,"column":4},"end":{"line":547,"column":null}},"341":{"start":{"line":548,"column":4},"end":{"line":548,"column":null}},"342":{"start":{"line":550,"column":38},"end":{"line":550,"column":null}},"343":{"start":{"line":551,"column":31},"end":{"line":551,"column":null}},"344":{"start":{"line":552,"column":35},"end":{"line":552,"column":null}},"345":{"start":{"line":554,"column":4},"end":{"line":571,"column":null}},"346":{"start":{"line":555,"column":28},"end":{"line":555,"column":null}},"347":{"start":{"line":556,"column":6},"end":{"line":560,"column":null}},"348":{"start":{"line":557,"column":8},"end":{"line":559,"column":null}},"349":{"start":{"line":558,"column":10},"end":{"line":558,"column":null}},"350":{"start":{"line":562,"column":26},"end":{"line":562,"column":null}},"351":{"start":{"line":563,"column":6},"end":{"line":566,"column":null}},"352":{"start":{"line":564,"column":8},"end":{"line":564,"column":null}},"353":{"start":{"line":565,"column":8},"end":{"line":565,"column":null}},"354":{"start":{"line":568,"column":6},"end":{"line":568,"column":null}},"355":{"start":{"line":569,"column":6},"end":{"line":569,"column":null}},"356":{"start":{"line":570,"column":6},"end":{"line":570,"column":null}},"357":{"start":{"line":573,"column":25},"end":{"line":573,"column":null}},"358":{"start":{"line":574,"column":10},"end":{"line":575,"column":null}},"359":{"start":{"line":574,"column":77},"end":{"line":574,"column":97}},"360":{"start":{"line":578,"column":320},"end":{"line":578,"column":null}},"361":{"start":{"line":579,"column":4},"end":{"line":581,"column":null}},"362":{"start":{"line":580,"column":6},"end":{"line":580,"column":null}},"363":{"start":{"line":580,"column":38},"end":{"line":580,"column":null}},"364":{"start":{"line":584,"column":4},"end":{"line":631,"column":null}},"365":{"start":{"line":585,"column":26},"end":{"line":585,"column":null}},"366":{"start":{"line":586,"column":24},"end":{"line":587,"column":null}},"367":{"start":{"line":586,"column":57},"end":{"line":587,"column":null}},"368":{"start":{"line":589,"column":24},"end":{"line":589,"column":null}},"369":{"start":{"line":590,"column":26},"end":{"line":590,"column":null}},"370":{"start":{"line":591,"column":29},"end":{"line":591,"column":null}},"371":{"start":{"line":592,"column":31},"end":{"line":592,"column":null}},"372":{"start":{"line":594,"column":6},"end":{"line":630,"column":null}},"373":{"start":{"line":595,"column":8},"end":{"line":629,"column":null}},"374":{"start":{"line":596,"column":10},"end":{"line":628,"column":null}},"375":{"start":{"line":597,"column":29},"end":{"line":603,"column":null}},"376":{"start":{"line":604,"column":26},"end":{"line":604,"column":null}},"377":{"start":{"line":605,"column":49},"end":{"line":608,"column":null}},"378":{"start":{"line":606,"column":87},"end":{"line":606,"column":91}},"379":{"start":{"line":607,"column":93},"end":{"line":607,"column":97}},"380":{"start":{"line":609,"column":12},"end":{"line":613,"column":null}},"381":{"start":{"line":610,"column":14},"end":{"line":610,"column":null}},"382":{"start":{"line":611,"column":14},"end":{"line":611,"column":null}},"383":{"start":{"line":612,"column":14},"end":{"line":612,"column":null}},"384":{"start":{"line":614,"column":12},"end":{"line":618,"column":null}},"385":{"start":{"line":615,"column":15},"end":{"line":615,"column":null}},"386":{"start":{"line":616,"column":15},"end":{"line":616,"column":null}},"387":{"start":{"line":617,"column":14},"end":{"line":617,"column":null}},"388":{"start":{"line":619,"column":12},"end":{"line":627,"column":null}},"389":{"start":{"line":621,"column":14},"end":{"line":626,"column":null}},"390":{"start":{"line":622,"column":16},"end":{"line":625,"column":null}},"391":{"start":{"line":634,"column":4},"end":{"line":663,"column":null}},"392":{"start":{"line":635,"column":31},"end":{"line":641,"column":null}},"393":{"start":{"line":642,"column":49},"end":{"line":642,"column":null}},"394":{"start":{"line":643,"column":6},"end":{"line":659,"column":null}},"395":{"start":{"line":644,"column":21},"end":{"line":644,"column":null}},"396":{"start":{"line":645,"column":8},"end":{"line":651,"column":null}},"397":{"start":{"line":646,"column":10},"end":{"line":650,"column":null}},"398":{"start":{"line":648,"column":14},"end":{"line":648,"column":null}},"399":{"start":{"line":648,"column":21},"end":{"line":648,"column":null}},"400":{"start":{"line":652,"column":8},"end":{"line":658,"column":null}},"401":{"start":{"line":653,"column":10},"end":{"line":657,"column":null}},"402":{"start":{"line":655,"column":14},"end":{"line":655,"column":null}},"403":{"start":{"line":655,"column":21},"end":{"line":655,"column":null}},"404":{"start":{"line":660,"column":6},"end":{"line":662,"column":null}},"405":{"start":{"line":661,"column":8},"end":{"line":661,"column":null}},"406":{"start":{"line":666,"column":54},"end":{"line":666,"column":null}},"407":{"start":{"line":669,"column":26},"end":{"line":669,"column":null}},"408":{"start":{"line":670,"column":72},"end":{"line":700,"column":null}},"409":{"start":{"line":688,"column":8},"end":{"line":688,"column":null}},"410":{"start":{"line":688,"column":27},"end":{"line":688,"column":null}},"411":{"start":{"line":689,"column":8},"end":{"line":698,"column":null}},"412":{"start":{"line":690,"column":62},"end":{"line":690,"column":null}},"413":{"start":{"line":691,"column":10},"end":{"line":691,"column":null}},"414":{"start":{"line":691,"column":29},"end":{"line":691,"column":null}},"415":{"start":{"line":692,"column":10},"end":{"line":692,"column":null}},"416":{"start":{"line":692,"column":44},"end":{"line":692,"column":null}},"417":{"start":{"line":693,"column":10},"end":{"line":693,"column":null}},"418":{"start":{"line":693,"column":37},"end":{"line":693,"column":null}},"419":{"start":{"line":694,"column":26},"end":{"line":696,"column":null}},"420":{"start":{"line":695,"column":75},"end":{"line":695,"column":108}},"421":{"start":{"line":697,"column":10},"end":{"line":697,"column":null}},"422":{"start":{"line":698,"column":18},"end":{"line":698,"column":32}},"423":{"start":{"line":702,"column":29},"end":{"line":702,"column":null}},"424":{"start":{"line":703,"column":25},"end":{"line":703,"column":null}},"425":{"start":{"line":704,"column":39},"end":{"line":704,"column":null}},"426":{"start":{"line":705,"column":40},"end":{"line":705,"column":null}},"427":{"start":{"line":706,"column":4},"end":{"line":713,"column":null}},"428":{"start":{"line":707,"column":24},"end":{"line":707,"column":null}},"429":{"start":{"line":708,"column":23},"end":{"line":708,"column":null}},"430":{"start":{"line":709,"column":6},"end":{"line":709,"column":null}},"431":{"start":{"line":710,"column":6},"end":{"line":710,"column":null}},"432":{"start":{"line":711,"column":18},"end":{"line":711,"column":null}},"433":{"start":{"line":712,"column":6},"end":{"line":712,"column":null}},"434":{"start":{"line":716,"column":43},"end":{"line":716,"column":null}},"435":{"start":{"line":717,"column":4},"end":{"line":728,"column":null}},"436":{"start":{"line":719,"column":6},"end":{"line":719,"column":null}},"437":{"start":{"line":721,"column":6},"end":{"line":727,"column":null}},"438":{"start":{"line":722,"column":24},"end":{"line":722,"column":null}},"439":{"start":{"line":723,"column":8},"end":{"line":726,"column":null}},"440":{"start":{"line":724,"column":25},"end":{"line":724,"column":null}},"441":{"start":{"line":725,"column":10},"end":{"line":725,"column":null}},"442":{"start":{"line":730,"column":4},"end":{"line":752,"column":null}},"443":{"start":{"line":748,"column":8},"end":{"line":749,"column":null}},"444":{"start":{"line":748,"column":14},"end":{"line":748,"column":138}},"445":{"start":{"line":749,"column":16},"end":{"line":749,"column":27}},"446":{"start":{"line":754,"column":4},"end":{"line":754,"column":null}},"447":{"start":{"line":754,"column":33},"end":{"line":754,"column":null}},"448":{"start":{"line":755,"column":4},"end":{"line":755,"column":null}},"449":{"start":{"line":756,"column":4},"end":{"line":756,"column":null}},"450":{"start":{"line":777,"column":2},"end":{"line":777,"column":null}},"451":{"start":{"line":778,"column":8},"end":{"line":778,"column":null}},"452":{"start":{"line":779,"column":8},"end":{"line":779,"column":null}},"453":{"start":{"line":780,"column":32},"end":{"line":780,"column":null}},"454":{"start":{"line":781,"column":20},"end":{"line":781,"column":null}},"455":{"start":{"line":782,"column":38},"end":{"line":782,"column":null}},"456":{"start":{"line":783,"column":36},"end":{"line":783,"column":null}},"457":{"start":{"line":784,"column":46},"end":{"line":784,"column":null}},"458":{"start":{"line":785,"column":8},"end":{"line":785,"column":null}},"459":{"start":{"line":786,"column":42},"end":{"line":786,"column":null}},"460":{"start":{"line":787,"column":38},"end":{"line":787,"column":null}},"461":{"start":{"line":788,"column":46},"end":{"line":788,"column":null}},"462":{"start":{"line":789,"column":58},"end":{"line":789,"column":null}},"463":{"start":{"line":790,"column":52},"end":{"line":790,"column":null}},"464":{"start":{"line":791,"column":58},"end":{"line":791,"column":null}},"465":{"start":{"line":792,"column":44},"end":{"line":792,"column":null}},"466":{"start":{"line":793,"column":48},"end":{"line":793,"column":null}},"467":{"start":{"line":794,"column":44},"end":{"line":794,"column":null}},"468":{"start":{"line":795,"column":38},"end":{"line":795,"column":null}},"469":{"start":{"line":796,"column":38},"end":{"line":796,"column":null}},"470":{"start":{"line":797,"column":40},"end":{"line":797,"column":null}},"471":{"start":{"line":798,"column":58},"end":{"line":798,"column":null}},"472":{"start":{"line":799,"column":50},"end":{"line":799,"column":null}},"473":{"start":{"line":804,"column":30},"end":{"line":806,"column":null}},"474":{"start":{"line":807,"column":48},"end":{"line":807,"column":null}},"475":{"start":{"line":808,"column":52},"end":{"line":808,"column":null}},"476":{"start":{"line":809,"column":32},"end":{"line":809,"column":null}},"477":{"start":{"line":810,"column":40},"end":{"line":810,"column":null}},"478":{"start":{"line":811,"column":44},"end":{"line":811,"column":null}},"479":{"start":{"line":812,"column":8},"end":{"line":817,"column":null}},"480":{"start":{"line":813,"column":4},"end":{"line":816,"column":null}},"481":{"start":{"line":814,"column":17},"end":{"line":814,"column":null}},"482":{"start":{"line":815,"column":6},"end":{"line":815,"column":null}},"483":{"start":{"line":818,"column":20},"end":{"line":818,"column":null}},"484":{"start":{"line":821,"column":8},"end":{"line":840,"column":null}},"485":{"start":{"line":823,"column":4},"end":{"line":825,"column":null}},"486":{"start":{"line":824,"column":6},"end":{"line":824,"column":null}},"487":{"start":{"line":827,"column":4},"end":{"line":829,"column":null}},"488":{"start":{"line":828,"column":6},"end":{"line":828,"column":null}},"489":{"start":{"line":831,"column":4},"end":{"line":833,"column":null}},"490":{"start":{"line":832,"column":6},"end":{"line":832,"column":null}},"491":{"start":{"line":835,"column":4},"end":{"line":837,"column":null}},"492":{"start":{"line":836,"column":6},"end":{"line":836,"column":null}},"493":{"start":{"line":839,"column":4},"end":{"line":839,"column":null}},"494":{"start":{"line":841,"column":19},"end":{"line":843,"column":null}},"495":{"start":{"line":845,"column":20},"end":{"line":845,"column":null}},"496":{"start":{"line":846,"column":22},"end":{"line":846,"column":null}},"497":{"start":{"line":847,"column":22},"end":{"line":847,"column":null}},"498":{"start":{"line":848,"column":25},"end":{"line":848,"column":null}},"499":{"start":{"line":849,"column":30},"end":{"line":849,"column":null}},"500":{"start":{"line":850,"column":2},"end":{"line":865,"column":null}},"501":{"start":{"line":851,"column":4},"end":{"line":864,"column":null}},"502":{"start":{"line":852,"column":16},"end":{"line":862,"column":null}},"503":{"start":{"line":853,"column":8},"end":{"line":861,"column":null}},"504":{"start":{"line":854,"column":23},"end":{"line":854,"column":null}},"505":{"start":{"line":855,"column":10},"end":{"line":855,"column":null}},"506":{"start":{"line":856,"column":10},"end":{"line":856,"column":null}},"507":{"start":{"line":857,"column":10},"end":{"line":857,"column":null}},"508":{"start":{"line":858,"column":10},"end":{"line":858,"column":null}},"509":{"start":{"line":859,"column":10},"end":{"line":859,"column":null}},"510":{"start":{"line":860,"column":10},"end":{"line":860,"column":null}},"511":{"start":{"line":863,"column":6},"end":{"line":863,"column":null}},"512":{"start":{"line":863,"column":19},"end":{"line":863,"column":null}},"513":{"start":{"line":867,"column":12},"end":{"line":872,"column":null}},"514":{"start":{"line":878,"column":23},"end":{"line":883,"column":null}},"515":{"start":{"line":886,"column":27},"end":{"line":886,"column":null}},"516":{"start":{"line":887,"column":22},"end":{"line":887,"column":null}},"517":{"start":{"line":888,"column":20},"end":{"line":888,"column":null}},"518":{"start":{"line":889,"column":21},"end":{"line":889,"column":null}},"519":{"start":{"line":890,"column":21},"end":{"line":890,"column":null}},"520":{"start":{"line":891,"column":22},"end":{"line":891,"column":null}},"521":{"start":{"line":892,"column":21},"end":{"line":892,"column":null}},"522":{"start":{"line":893,"column":24},"end":{"line":893,"column":null}},"523":{"start":{"line":894,"column":8},"end":{"line":894,"column":null}},"524":{"start":{"line":895,"column":29},"end":{"line":898,"column":null}},"525":{"start":{"line":899,"column":26},"end":{"line":899,"column":null}},"526":{"start":{"line":900,"column":27},"end":{"line":900,"column":null}},"527":{"start":{"line":901,"column":25},"end":{"line":901,"column":null}},"528":{"start":{"line":904,"column":35},"end":{"line":904,"column":null}},"529":{"start":{"line":905,"column":35},"end":{"line":905,"column":null}},"530":{"start":{"line":906,"column":30},"end":{"line":906,"column":null}},"531":{"start":{"line":907,"column":34},"end":{"line":907,"column":null}},"532":{"start":{"line":908,"column":33},"end":{"line":908,"column":null}},"533":{"start":{"line":911,"column":2},"end":{"line":920,"column":null}},"534":{"start":{"line":912,"column":4},"end":{"line":912,"column":null}},"535":{"start":{"line":912,"column":64},"end":{"line":912,"column":null}},"536":{"start":{"line":913,"column":20},"end":{"line":913,"column":null}},"537":{"start":{"line":914,"column":4},"end":{"line":914,"column":null}},"538":{"start":{"line":914,"column":43},"end":{"line":914,"column":null}},"539":{"start":{"line":915,"column":14},"end":{"line":918,"column":null}},"540":{"start":{"line":916,"column":6},"end":{"line":916,"column":null}},"541":{"start":{"line":916,"column":26},"end":{"line":916,"column":31}},"542":{"start":{"line":917,"column":6},"end":{"line":917,"column":null}},"543":{"start":{"line":919,"column":4},"end":{"line":919,"column":null}},"544":{"start":{"line":919,"column":17},"end":{"line":919,"column":null}},"545":{"start":{"line":923,"column":2},"end":{"line":928,"column":null}},"546":{"start":{"line":924,"column":4},"end":{"line":927,"column":null}},"547":{"start":{"line":925,"column":6},"end":{"line":925,"column":null}},"548":{"start":{"line":926,"column":6},"end":{"line":926,"column":null}},"549":{"start":{"line":931,"column":41},"end":{"line":935,"column":null}},"550":{"start":{"line":936,"column":32},"end":{"line":939,"column":null}},"551":{"start":{"line":942,"column":35},"end":{"line":942,"column":null}},"552":{"start":{"line":944,"column":29},"end":{"line":946,"column":null}},"553":{"start":{"line":948,"column":30},"end":{"line":948,"column":null}},"554":{"start":{"line":949,"column":23},"end":{"line":955,"column":null}},"555":{"start":{"line":956,"column":23},"end":{"line":962,"column":null}},"556":{"start":{"line":964,"column":8},"end":{"line":964,"column":null}},"557":{"start":{"line":965,"column":23},"end":{"line":965,"column":null}},"558":{"start":{"line":968,"column":22},"end":{"line":968,"column":null}},"559":{"start":{"line":968,"column":45},"end":{"line":968,"column":71}},"560":{"start":{"line":969,"column":33},"end":{"line":969,"column":null}},"561":{"start":{"line":969,"column":56},"end":{"line":969,"column":82}},"562":{"start":{"line":972,"column":24},"end":{"line":972,"column":null}},"563":{"start":{"line":973,"column":25},"end":{"line":973,"column":null}},"564":{"start":{"line":974,"column":29},"end":{"line":974,"column":null}},"565":{"start":{"line":975,"column":32},"end":{"line":975,"column":null}},"566":{"start":{"line":976,"column":31},"end":{"line":976,"column":null}},"567":{"start":{"line":977,"column":28},"end":{"line":977,"column":null}},"568":{"start":{"line":978,"column":26},"end":{"line":978,"column":null}},"569":{"start":{"line":981,"column":23},"end":{"line":981,"column":null}},"570":{"start":{"line":982,"column":24},"end":{"line":982,"column":null}},"571":{"start":{"line":983,"column":31},"end":{"line":983,"column":null}},"572":{"start":{"line":984,"column":28},"end":{"line":984,"column":null}},"573":{"start":{"line":985,"column":32},"end":{"line":985,"column":null}},"574":{"start":{"line":986,"column":25},"end":{"line":986,"column":null}},"575":{"start":{"line":987,"column":27},"end":{"line":987,"column":null}},"576":{"start":{"line":990,"column":24},"end":{"line":990,"column":null}},"577":{"start":{"line":991,"column":30},"end":{"line":991,"column":null}},"578":{"start":{"line":992,"column":32},"end":{"line":992,"column":null}},"579":{"start":{"line":993,"column":31},"end":{"line":993,"column":null}},"580":{"start":{"line":994,"column":24},"end":{"line":994,"column":null}},"581":{"start":{"line":995,"column":24},"end":{"line":995,"column":null}},"582":{"start":{"line":996,"column":21},"end":{"line":996,"column":null}},"583":{"start":{"line":997,"column":29},"end":{"line":997,"column":null}},"584":{"start":{"line":998,"column":24},"end":{"line":998,"column":null}},"585":{"start":{"line":999,"column":24},"end":{"line":999,"column":null}},"586":{"start":{"line":1000,"column":21},"end":{"line":1000,"column":null}},"587":{"start":{"line":1001,"column":29},"end":{"line":1001,"column":null}},"588":{"start":{"line":1002,"column":25},"end":{"line":1002,"column":null}},"589":{"start":{"line":1005,"column":24},"end":{"line":1005,"column":null}},"590":{"start":{"line":1006,"column":30},"end":{"line":1006,"column":null}},"591":{"start":{"line":1007,"column":30},"end":{"line":1007,"column":null}},"592":{"start":{"line":1008,"column":26},"end":{"line":1008,"column":null}},"593":{"start":{"line":1009,"column":24},"end":{"line":1009,"column":null}},"594":{"start":{"line":1010,"column":24},"end":{"line":1010,"column":null}},"595":{"start":{"line":1011,"column":21},"end":{"line":1011,"column":null}},"596":{"start":{"line":1012,"column":31},"end":{"line":1012,"column":null}},"597":{"start":{"line":1013,"column":24},"end":{"line":1013,"column":null}},"598":{"start":{"line":1014,"column":21},"end":{"line":1014,"column":null}},"599":{"start":{"line":1015,"column":29},"end":{"line":1015,"column":null}},"600":{"start":{"line":1016,"column":30},"end":{"line":1016,"column":null}},"601":{"start":{"line":1017,"column":28},"end":{"line":1017,"column":null}},"602":{"start":{"line":1020,"column":24},"end":{"line":1020,"column":null}},"603":{"start":{"line":1021,"column":32},"end":{"line":1021,"column":null}},"604":{"start":{"line":1022,"column":28},"end":{"line":1022,"column":null}},"605":{"start":{"line":1023,"column":26},"end":{"line":1023,"column":null}},"606":{"start":{"line":1026,"column":14},"end":{"line":1026,"column":null}},"607":{"start":{"line":1027,"column":18},"end":{"line":1027,"column":null}},"608":{"start":{"line":1028,"column":24},"end":{"line":1028,"column":null}},"609":{"start":{"line":1030,"column":2},"end":{"line":3253,"column":null}},"610":{"start":{"line":1044,"column":24},"end":{"line":1044,"column":212}},"611":{"start":{"line":1044,"column":40},"end":{"line":1044,"column":71}},"612":{"start":{"line":1044,"column":71},"end":{"line":1044,"column":182}},"613":{"start":{"line":1044,"column":192},"end":{"line":1044,"column":210}},"614":{"start":{"line":1064,"column":53},"end":{"line":1064,"column":70}},"615":{"start":{"line":1064,"column":70},"end":{"line":1064,"column":96}},"616":{"start":{"line":1212,"column":28},"end":{"line":1212,"column":null}},"617":{"start":{"line":1213,"column":28},"end":{"line":1213,"column":null}},"618":{"start":{"line":1214,"column":16},"end":{"line":1214,"column":null}},"619":{"start":{"line":1214,"column":41},"end":{"line":1214,"column":null}},"620":{"start":{"line":1215,"column":31},"end":{"line":1217,"column":null}},"621":{"start":{"line":1218,"column":16},"end":{"line":1226,"column":null}},"622":{"start":{"line":1230,"column":28},"end":{"line":1230,"column":null}},"623":{"start":{"line":1231,"column":16},"end":{"line":1231,"column":null}},"624":{"start":{"line":1231,"column":41},"end":{"line":1231,"column":null}},"625":{"start":{"line":1232,"column":128},"end":{"line":1239,"column":null}},"626":{"start":{"line":1240,"column":28},"end":{"line":1240,"column":null}},"627":{"start":{"line":1241,"column":16},"end":{"line":1253,"column":null}},"628":{"start":{"line":1258,"column":59},"end":{"line":1258,"column":85}},"629":{"start":{"line":1267,"column":63},"end":{"line":1278,"column":null}},"630":{"start":{"line":1280,"column":18},"end":{"line":1280,"column":null}},"631":{"start":{"line":1281,"column":34},"end":{"line":1288,"column":null}},"632":{"start":{"line":1290,"column":12},"end":{"line":1290,"column":null}},"633":{"start":{"line":1290,"column":18},"end":{"line":1290,"column":118}},"634":{"start":{"line":1290,"column":128},"end":{"line":1290,"column":158}},"635":{"start":{"line":1292,"column":24},"end":{"line":1292,"column":null}},"636":{"start":{"line":1293,"column":12},"end":{"line":1303,"column":null}},"637":{"start":{"line":1294,"column":20},"end":{"line":1294,"column":null}},"638":{"start":{"line":1295,"column":14},"end":{"line":1302,"column":null}},"639":{"start":{"line":1296,"column":16},"end":{"line":1301,"column":null}},"640":{"start":{"line":1297,"column":30},"end":{"line":1297,"column":null}},"641":{"start":{"line":1298,"column":18},"end":{"line":1300,"column":null}},"642":{"start":{"line":1299,"column":20},"end":{"line":1299,"column":null}},"643":{"start":{"line":1305,"column":12},"end":{"line":1311,"column":null}},"644":{"start":{"line":1306,"column":20},"end":{"line":1306,"column":null}},"645":{"start":{"line":1307,"column":29},"end":{"line":1307,"column":null}},"646":{"start":{"line":1308,"column":14},"end":{"line":1308,"column":null}},"647":{"start":{"line":1308,"column":27},"end":{"line":1308,"column":null}},"648":{"start":{"line":1309,"column":14},"end":{"line":1309,"column":null}},"649":{"start":{"line":1309,"column":99},"end":{"line":1309,"column":null}},"650":{"start":{"line":1310,"column":14},"end":{"line":1310,"column":null}},"651":{"start":{"line":1310,"column":101},"end":{"line":1310,"column":null}},"652":{"start":{"line":1313,"column":31},"end":{"line":1313,"column":null}},"653":{"start":{"line":1315,"column":12},"end":{"line":1368,"column":null}},"654":{"start":{"line":1318,"column":31},"end":{"line":1318,"column":null}},"655":{"start":{"line":1319,"column":34},"end":{"line":1319,"column":null}},"656":{"start":{"line":1320,"column":18},"end":{"line":1365,"column":null}},"657":{"start":{"line":1391,"column":26},"end":{"line":1394,"column":null}},"658":{"start":{"line":1392,"column":22},"end":{"line":1393,"column":null}},"659":{"start":{"line":1395,"column":38},"end":{"line":1395,"column":null}},"660":{"start":{"line":1396,"column":34},"end":{"line":1396,"column":null}},"661":{"start":{"line":1397,"column":37},"end":{"line":1397,"column":null}},"662":{"start":{"line":1398,"column":38},"end":{"line":1398,"column":null}},"663":{"start":{"line":1399,"column":38},"end":{"line":1399,"column":null}},"664":{"start":{"line":1400,"column":26},"end":{"line":1409,"column":null}},"665":{"start":{"line":1401,"column":22},"end":{"line":1401,"column":null}},"666":{"start":{"line":1401,"column":44},"end":{"line":1401,"column":null}},"667":{"start":{"line":1402,"column":22},"end":{"line":1402,"column":null}},"668":{"start":{"line":1402,"column":56},"end":{"line":1402,"column":null}},"669":{"start":{"line":1403,"column":22},"end":{"line":1407,"column":null}},"670":{"start":{"line":1404,"column":36},"end":{"line":1404,"column":null}},"671":{"start":{"line":1405,"column":34},"end":{"line":1405,"column":null}},"672":{"start":{"line":1406,"column":24},"end":{"line":1406,"column":null}},"673":{"start":{"line":1408,"column":22},"end":{"line":1408,"column":null}},"674":{"start":{"line":1410,"column":20},"end":{"line":1460,"column":null}},"675":{"start":{"line":1428,"column":44},"end":{"line":1428,"column":null}},"676":{"start":{"line":1429,"column":96},"end":{"line":1434,"column":null}},"677":{"start":{"line":1435,"column":73},"end":{"line":1437,"column":null}},"678":{"start":{"line":1438,"column":44},"end":{"line":1438,"column":null}},"679":{"start":{"line":1439,"column":30},"end":{"line":1439,"column":null}},"680":{"start":{"line":1446,"column":78},"end":{"line":1446,"column":null}},"681":{"start":{"line":1479,"column":32},"end":{"line":1479,"column":null}},"682":{"start":{"line":1480,"column":20},"end":{"line":1480,"column":null}},"683":{"start":{"line":1480,"column":45},"end":{"line":1480,"column":null}},"684":{"start":{"line":1481,"column":59},"end":{"line":1481,"column":null}},"685":{"start":{"line":1482,"column":82},"end":{"line":1486,"column":null}},"686":{"start":{"line":1487,"column":32},"end":{"line":1487,"column":null}},"687":{"start":{"line":1488,"column":20},"end":{"line":1496,"column":null}},"688":{"start":{"line":1542,"column":25},"end":{"line":1542,"column":null}},"689":{"start":{"line":1543,"column":32},"end":{"line":1543,"column":null}},"690":{"start":{"line":1544,"column":34},"end":{"line":1544,"column":null}},"691":{"start":{"line":1545,"column":34},"end":{"line":1545,"column":null}},"692":{"start":{"line":1546,"column":36},"end":{"line":1546,"column":null}},"693":{"start":{"line":1547,"column":37},"end":{"line":1547,"column":null}},"694":{"start":{"line":1548,"column":14},"end":{"line":1881,"column":null}},"695":{"start":{"line":1615,"column":26},"end":{"line":1622,"column":null}},"696":{"start":{"line":1616,"column":46},"end":{"line":1616,"column":null}},"697":{"start":{"line":1617,"column":41},"end":{"line":1617,"column":null}},"698":{"start":{"line":1618,"column":28},"end":{"line":1618,"column":null}},"699":{"start":{"line":1618,"column":43},"end":{"line":1618,"column":null}},"700":{"start":{"line":1619,"column":28},"end":{"line":1619,"column":null}},"701":{"start":{"line":1619,"column":47},"end":{"line":1619,"column":null}},"702":{"start":{"line":1620,"column":28},"end":{"line":1620,"column":null}},"703":{"start":{"line":1620,"column":50},"end":{"line":1620,"column":null}},"704":{"start":{"line":1621,"column":28},"end":{"line":1621,"column":null}},"705":{"start":{"line":1622,"column":36},"end":{"line":1622,"column":56}},"706":{"start":{"line":1631,"column":32},"end":{"line":1631,"column":null}},"707":{"start":{"line":1632,"column":26},"end":{"line":1634,"column":null}},"708":{"start":{"line":1633,"column":28},"end":{"line":1633,"column":null}},"709":{"start":{"line":1635,"column":26},"end":{"line":1637,"column":null}},"710":{"start":{"line":1636,"column":28},"end":{"line":1636,"column":null}},"711":{"start":{"line":1638,"column":26},"end":{"line":1640,"column":null}},"712":{"start":{"line":1639,"column":28},"end":{"line":1639,"column":null}},"713":{"start":{"line":1641,"column":26},"end":{"line":1641,"column":null}},"714":{"start":{"line":1673,"column":150},"end":{"line":1673,"column":313}},"715":{"start":{"line":1673,"column":156},"end":{"line":1673,"column":272}},"716":{"start":{"line":1673,"column":282},"end":{"line":1673,"column":311}},"717":{"start":{"line":1705,"column":28},"end":{"line":1715,"column":null}},"718":{"start":{"line":1712,"column":101},"end":{"line":1712,"column":256}},"719":{"start":{"line":1712,"column":107},"end":{"line":1712,"column":229}},"720":{"start":{"line":1712,"column":239},"end":{"line":1712,"column":254}},"721":{"start":{"line":1738,"column":157},"end":{"line":1738,"column":320}},"722":{"start":{"line":1738,"column":163},"end":{"line":1738,"column":279}},"723":{"start":{"line":1738,"column":289},"end":{"line":1738,"column":318}},"724":{"start":{"line":1759,"column":28},"end":{"line":1769,"column":null}},"725":{"start":{"line":1766,"column":101},"end":{"line":1766,"column":256}},"726":{"start":{"line":1766,"column":107},"end":{"line":1766,"column":229}},"727":{"start":{"line":1766,"column":239},"end":{"line":1766,"column":254}},"728":{"start":{"line":1787,"column":24},"end":{"line":1796,"column":null}},"729":{"start":{"line":1794,"column":100},"end":{"line":1794,"column":261}},"730":{"start":{"line":1794,"column":106},"end":{"line":1794,"column":231}},"731":{"start":{"line":1794,"column":241},"end":{"line":1794,"column":259}},"732":{"start":{"line":1833,"column":291},"end":{"line":1833,"column":306}},"733":{"start":{"line":1847,"column":285},"end":{"line":1847,"column":368}},"734":{"start":{"line":1847,"column":368},"end":{"line":1847,"column":467}},"735":{"start":{"line":1847,"column":387},"end":{"line":1847,"column":408}},"736":{"start":{"line":1847,"column":408},"end":{"line":1847,"column":436}},"737":{"start":{"line":1847,"column":436},"end":{"line":1847,"column":465}},"738":{"start":{"line":1848,"column":295},"end":{"line":1848,"column":378}},"739":{"start":{"line":1848,"column":378},"end":{"line":1848,"column":484}},"740":{"start":{"line":1848,"column":397},"end":{"line":1848,"column":418}},"741":{"start":{"line":1848,"column":418},"end":{"line":1848,"column":453}},"742":{"start":{"line":1848,"column":453},"end":{"line":1848,"column":482}},"743":{"start":{"line":1852,"column":196},"end":{"line":1852,"column":279}},"744":{"start":{"line":1852,"column":279},"end":{"line":1852,"column":379}},"745":{"start":{"line":1852,"column":298},"end":{"line":1852,"column":319}},"746":{"start":{"line":1852,"column":319},"end":{"line":1852,"column":348}},"747":{"start":{"line":1852,"column":348},"end":{"line":1852,"column":377}},"748":{"start":{"line":1860,"column":328},"end":{"line":1860,"column":411}},"749":{"start":{"line":1860,"column":411},"end":{"line":1860,"column":521}},"750":{"start":{"line":1860,"column":430},"end":{"line":1860,"column":451}},"751":{"start":{"line":1860,"column":451},"end":{"line":1860,"column":490}},"752":{"start":{"line":1860,"column":490},"end":{"line":1860,"column":519}},"753":{"start":{"line":1871,"column":57},"end":{"line":1871,"column":84}},"754":{"start":{"line":1871,"column":79},"end":{"line":1871,"column":81}},"755":{"start":{"line":1894,"column":20},"end":{"line":1894,"column":null}},"756":{"start":{"line":1894,"column":29},"end":{"line":1894,"column":null}},"757":{"start":{"line":1895,"column":37},"end":{"line":1895,"column":null}},"758":{"start":{"line":1896,"column":40},"end":{"line":1896,"column":null}},"759":{"start":{"line":1897,"column":40},"end":{"line":1897,"column":null}},"760":{"start":{"line":1898,"column":68},"end":{"line":1898,"column":null}},"761":{"start":{"line":1899,"column":20},"end":{"line":1899,"column":null}},"762":{"start":{"line":1899,"column":26},"end":{"line":1899,"column":113}},"763":{"start":{"line":1899,"column":46},"end":{"line":1899,"column":113}},"764":{"start":{"line":1899,"column":123},"end":{"line":1899,"column":141}},"765":{"start":{"line":1900,"column":41},"end":{"line":1900,"column":null}},"766":{"start":{"line":1901,"column":44},"end":{"line":1901,"column":null}},"767":{"start":{"line":1902,"column":20},"end":{"line":1981,"column":null}},"768":{"start":{"line":1907,"column":108},"end":{"line":1907,"column":123}},"769":{"start":{"line":2020,"column":39},"end":{"line":2020,"column":null}},"770":{"start":{"line":2051,"column":64},"end":{"line":2051,"column":null}},"771":{"start":{"line":2052,"column":59},"end":{"line":2052,"column":80}},"772":{"start":{"line":2064,"column":57},"end":{"line":2064,"column":91}},"773":{"start":{"line":2067,"column":113},"end":{"line":2067,"column":null}},"774":{"start":{"line":2100,"column":28},"end":{"line":2100,"column":null}},"775":{"start":{"line":2101,"column":43},"end":{"line":2101,"column":null}},"776":{"start":{"line":2102,"column":22},"end":{"line":2105,"column":null}},"777":{"start":{"line":2103,"column":117},"end":{"line":2103,"column":144}},"778":{"start":{"line":2109,"column":72},"end":{"line":2109,"column":null}},"779":{"start":{"line":2110,"column":67},"end":{"line":2110,"column":88}},"780":{"start":{"line":2125,"column":34},"end":{"line":2139,"column":null}},"781":{"start":{"line":2132,"column":119},"end":{"line":2132,"column":157}},"782":{"start":{"line":2145,"column":87},"end":{"line":2145,"column":115}},"783":{"start":{"line":2157,"column":117},"end":{"line":2157,"column":142}},"784":{"start":{"line":2163,"column":72},"end":{"line":2163,"column":105}},"785":{"start":{"line":2169,"column":87},"end":{"line":2169,"column":113}},"786":{"start":{"line":2169,"column":113},"end":{"line":2169,"column":134}},"787":{"start":{"line":2176,"column":43},"end":{"line":2176,"column":null}},"788":{"start":{"line":2177,"column":45},"end":{"line":2177,"column":null}},"789":{"start":{"line":2178,"column":24},"end":{"line":2178,"column":null}},"790":{"start":{"line":2179,"column":44},"end":{"line":2181,"column":null}},"791":{"start":{"line":2182,"column":42},"end":{"line":2184,"column":null}},"792":{"start":{"line":2185,"column":18},"end":{"line":2493,"column":null}},"793":{"start":{"line":2203,"column":134},"end":{"line":2203,"column":162}},"794":{"start":{"line":2207,"column":74},"end":{"line":2207,"column":129}},"795":{"start":{"line":2207,"column":100},"end":{"line":2207,"column":129}},"796":{"start":{"line":2208,"column":67},"end":{"line":2208,"column":88}},"797":{"start":{"line":2243,"column":34},"end":{"line":2262,"column":null}},"798":{"start":{"line":2252,"column":138},"end":{"line":2252,"column":188}},"799":{"start":{"line":2273,"column":53},"end":{"line":2273,"column":null}},"800":{"start":{"line":2286,"column":40},"end":{"line":2286,"column":null}},"801":{"start":{"line":2287,"column":51},"end":{"line":2287,"column":null}},"802":{"start":{"line":2288,"column":53},"end":{"line":2288,"column":null}},"803":{"start":{"line":2289,"column":40},"end":{"line":2289,"column":null}},"804":{"start":{"line":2290,"column":40},"end":{"line":2290,"column":null}},"805":{"start":{"line":2312,"column":57},"end":{"line":2312,"column":null}},"806":{"start":{"line":2328,"column":56},"end":{"line":2328,"column":null}},"807":{"start":{"line":2329,"column":46},"end":{"line":2329,"column":null}},"808":{"start":{"line":2330,"column":57},"end":{"line":2330,"column":null}},"809":{"start":{"line":2331,"column":64},"end":{"line":2331,"column":null}},"810":{"start":{"line":2332,"column":46},"end":{"line":2332,"column":null}},"811":{"start":{"line":2346,"column":56},"end":{"line":2346,"column":null}},"812":{"start":{"line":2347,"column":46},"end":{"line":2347,"column":null}},"813":{"start":{"line":2348,"column":59},"end":{"line":2348,"column":null}},"814":{"start":{"line":2349,"column":64},"end":{"line":2349,"column":null}},"815":{"start":{"line":2350,"column":46},"end":{"line":2350,"column":null}},"816":{"start":{"line":2357,"column":46},"end":{"line":2357,"column":null}},"817":{"start":{"line":2358,"column":53},"end":{"line":2358,"column":null}},"818":{"start":{"line":2359,"column":40},"end":{"line":2365,"column":null}},"819":{"start":{"line":2360,"column":42},"end":{"line":2363,"column":null}},"820":{"start":{"line":2366,"column":40},"end":{"line":2366,"column":null}},"821":{"start":{"line":2381,"column":30},"end":{"line":2381,"column":null}},"822":{"start":{"line":2381,"column":56},"end":{"line":2381,"column":null}},"823":{"start":{"line":2382,"column":47},"end":{"line":2382,"column":null}},"824":{"start":{"line":2383,"column":48},"end":{"line":2387,"column":null}},"825":{"start":{"line":2388,"column":53},"end":{"line":2392,"column":null}},"826":{"start":{"line":2393,"column":50},"end":{"line":2393,"column":null}},"827":{"start":{"line":2394,"column":30},"end":{"line":2414,"column":null}},"828":{"start":{"line":2443,"column":53},"end":{"line":2443,"column":null}},"829":{"start":{"line":2447,"column":65},"end":{"line":2447,"column":75}},"830":{"start":{"line":2448,"column":38},"end":{"line":2450,"column":null}},"831":{"start":{"line":2460,"column":87},"end":{"line":2460,"column":116}},"832":{"start":{"line":2507,"column":37},"end":{"line":2507,"column":null}},"833":{"start":{"line":2518,"column":72},"end":{"line":2518,"column":null}},"834":{"start":{"line":2519,"column":67},"end":{"line":2519,"column":88}},"835":{"start":{"line":2536,"column":87},"end":{"line":2536,"column":121}},"836":{"start":{"line":2560,"column":37},"end":{"line":2560,"column":null}},"837":{"start":{"line":2571,"column":72},"end":{"line":2571,"column":null}},"838":{"start":{"line":2572,"column":67},"end":{"line":2572,"column":88}},"839":{"start":{"line":2595,"column":87},"end":{"line":2595,"column":118}},"840":{"start":{"line":2614,"column":40},"end":{"line":2614,"column":null}},"841":{"start":{"line":2617,"column":37},"end":{"line":2617,"column":null}},"842":{"start":{"line":2618,"column":38},"end":{"line":2620,"column":null}},"843":{"start":{"line":2621,"column":36},"end":{"line":2621,"column":null}},"844":{"start":{"line":2622,"column":35},"end":{"line":2622,"column":null}},"845":{"start":{"line":2628,"column":58},"end":{"line":2628,"column":null}},"846":{"start":{"line":2629,"column":18},"end":{"line":2631,"column":null}},"847":{"start":{"line":2630,"column":20},"end":{"line":2630,"column":null}},"848":{"start":{"line":2630,"column":54},"end":{"line":2630,"column":null}},"849":{"start":{"line":2643,"column":62},"end":{"line":2643,"column":null}},"850":{"start":{"line":2644,"column":33},"end":{"line":2644,"column":null}},"851":{"start":{"line":2645,"column":18},"end":{"line":2653,"column":null}},"852":{"start":{"line":2645,"column":31},"end":{"line":2645,"column":50}},"853":{"start":{"line":2646,"column":31},"end":{"line":2646,"column":null}},"854":{"start":{"line":2647,"column":20},"end":{"line":2647,"column":null}},"855":{"start":{"line":2647,"column":112},"end":{"line":2647,"column":null}},"856":{"start":{"line":2648,"column":20},"end":{"line":2648,"column":null}},"857":{"start":{"line":2648,"column":41},"end":{"line":2648,"column":null}},"858":{"start":{"line":2649,"column":20},"end":{"line":2652,"column":null}},"859":{"start":{"line":2650,"column":22},"end":{"line":2650,"column":null}},"860":{"start":{"line":2651,"column":22},"end":{"line":2651,"column":null}},"861":{"start":{"line":2655,"column":31},"end":{"line":2655,"column":null}},"862":{"start":{"line":2656,"column":36},"end":{"line":2656,"column":null}},"863":{"start":{"line":2657,"column":35},"end":{"line":2657,"column":null}},"864":{"start":{"line":2658,"column":37},"end":{"line":2658,"column":null}},"865":{"start":{"line":2660,"column":40},"end":{"line":2664,"column":null}},"866":{"start":{"line":2665,"column":35},"end":{"line":2665,"column":null}},"867":{"start":{"line":2666,"column":34},"end":{"line":2666,"column":null}},"868":{"start":{"line":2667,"column":38},"end":{"line":2667,"column":null}},"869":{"start":{"line":2668,"column":36},"end":{"line":2668,"column":null}},"870":{"start":{"line":2670,"column":18},"end":{"line":2730,"column":null}},"871":{"start":{"line":2735,"column":115},"end":{"line":2735,"column":141}},"872":{"start":{"line":2739,"column":72},"end":{"line":2739,"column":null}},"873":{"start":{"line":2740,"column":67},"end":{"line":2740,"column":88}},"874":{"start":{"line":2748,"column":76},"end":{"line":2748,"column":109}},"875":{"start":{"line":2757,"column":97},"end":{"line":2757,"column":132}},"876":{"start":{"line":2761,"column":98},"end":{"line":2761,"column":134}},"877":{"start":{"line":2769,"column":87},"end":{"line":2769,"column":114}},"878":{"start":{"line":2783,"column":206},"end":{"line":2783,"column":null}},"879":{"start":{"line":2784,"column":18},"end":{"line":2787,"column":null}},"880":{"start":{"line":2785,"column":33},"end":{"line":2785,"column":null}},"881":{"start":{"line":2786,"column":20},"end":{"line":2786,"column":null}},"882":{"start":{"line":2786,"column":29},"end":{"line":2786,"column":null}},"883":{"start":{"line":2788,"column":45},"end":{"line":2788,"column":null}},"884":{"start":{"line":2789,"column":39},"end":{"line":2789,"column":null}},"885":{"start":{"line":2790,"column":18},"end":{"line":2831,"column":null}},"886":{"start":{"line":2927,"column":24},"end":{"line":2933,"column":null}},"887":{"start":{"line":2942,"column":29},"end":{"line":2942,"column":null}},"888":{"start":{"line":2943,"column":30},"end":{"line":2943,"column":null}},"889":{"start":{"line":2944,"column":28},"end":{"line":2946,"column":null}},"890":{"start":{"line":2947,"column":28},"end":{"line":2947,"column":null}},"891":{"start":{"line":2948,"column":31},"end":{"line":2948,"column":null}},"892":{"start":{"line":2949,"column":32},"end":{"line":2949,"column":null}},"893":{"start":{"line":2950,"column":32},"end":{"line":2950,"column":null}},"894":{"start":{"line":2951,"column":32},"end":{"line":2951,"column":null}},"895":{"start":{"line":2952,"column":27},"end":{"line":2952,"column":null}},"896":{"start":{"line":2953,"column":32},"end":{"line":2953,"column":null}},"897":{"start":{"line":2954,"column":37},"end":{"line":2954,"column":null}},"898":{"start":{"line":2955,"column":29},"end":{"line":2955,"column":null}},"899":{"start":{"line":2956,"column":14},"end":{"line":3057,"column":null}},"900":{"start":{"line":3017,"column":57},"end":{"line":3017,"column":86}},"901":{"start":{"line":3017,"column":81},"end":{"line":3017,"column":83}},"902":{"start":{"line":3021,"column":141},"end":{"line":3021,"column":null}},"903":{"start":{"line":3063,"column":25},"end":{"line":3063,"column":null}},"904":{"start":{"line":3064,"column":14},"end":{"line":3082,"column":null}},"905":{"start":{"line":3088,"column":26},"end":{"line":3088,"column":null}},"906":{"start":{"line":3089,"column":26},"end":{"line":3089,"column":null}},"907":{"start":{"line":3090,"column":14},"end":{"line":3090,"column":null}},"908":{"start":{"line":3090,"column":53},"end":{"line":3090,"column":null}},"909":{"start":{"line":3091,"column":29},"end":{"line":3093,"column":null}},"910":{"start":{"line":3094,"column":14},"end":{"line":3109,"column":null}},"911":{"start":{"line":3115,"column":25},"end":{"line":3115,"column":null}},"912":{"start":{"line":3116,"column":30},"end":{"line":3116,"column":null}},"913":{"start":{"line":3117,"column":28},"end":{"line":3117,"column":null}},"914":{"start":{"line":3118,"column":31},"end":{"line":3118,"column":null}},"915":{"start":{"line":3119,"column":31},"end":{"line":3119,"column":null}},"916":{"start":{"line":3120,"column":14},"end":{"line":3120,"column":null}},"917":{"start":{"line":3120,"column":64},"end":{"line":3120,"column":null}},"918":{"start":{"line":3121,"column":83},"end":{"line":3125,"column":null}},"919":{"start":{"line":3126,"column":25},"end":{"line":3126,"column":null}},"920":{"start":{"line":3127,"column":14},"end":{"line":3159,"column":null}},"921":{"start":{"line":3175,"column":35},"end":{"line":3175,"column":null}},"922":{"start":{"line":3176,"column":16},"end":{"line":3176,"column":null}},"923":{"start":{"line":3176,"column":32},"end":{"line":3176,"column":null}},"924":{"start":{"line":3177,"column":91},"end":{"line":3177,"column":null}},"925":{"start":{"line":3178,"column":16},"end":{"line":3178,"column":null}},"926":{"start":{"line":3178,"column":22},"end":{"line":3178,"column":53}},"927":{"start":{"line":3178,"column":63},"end":{"line":3178,"column":76}},"928":{"start":{"line":3179,"column":16},"end":{"line":3179,"column":null}},"929":{"start":{"line":3179,"column":65},"end":{"line":3179,"column":null}},"930":{"start":{"line":3181,"column":36},"end":{"line":3197,"column":null}},"931":{"start":{"line":3182,"column":18},"end":{"line":3196,"column":null}},"932":{"start":{"line":3183,"column":20},"end":{"line":3193,"column":null}},"933":{"start":{"line":3184,"column":44},"end":{"line":3184,"column":null}},"934":{"start":{"line":3185,"column":35},"end":{"line":3185,"column":null}},"935":{"start":{"line":3186,"column":36},"end":{"line":3186,"column":null}},"936":{"start":{"line":3187,"column":34},"end":{"line":3187,"column":null}},"937":{"start":{"line":3188,"column":22},"end":{"line":3188,"column":null}},"938":{"start":{"line":3188,"column":35},"end":{"line":3188,"column":38}},"939":{"start":{"line":3188,"column":61},"end":{"line":3188,"column":null}},"940":{"start":{"line":3189,"column":35},"end":{"line":3189,"column":null}},"941":{"start":{"line":3190,"column":22},"end":{"line":3190,"column":null}},"942":{"start":{"line":3192,"column":22},"end":{"line":3192,"column":null}},"943":{"start":{"line":3195,"column":20},"end":{"line":3195,"column":null}},"944":{"start":{"line":3198,"column":16},"end":{"line":3233,"column":null}},"945":{"start":{"line":3203,"column":40},"end":{"line":3203,"column":null}},"946":{"start":{"line":3204,"column":24},"end":{"line":3229,"column":null}},"947":{"start":{"line":3208,"column":43},"end":{"line":3208,"column":null}},"948":{"start":{"line":3258,"column":8},"end":{"line":3258,"column":null}},"949":{"start":{"line":3259,"column":8},"end":{"line":3259,"column":null}},"950":{"start":{"line":3260,"column":16},"end":{"line":3260,"column":null}},"951":{"start":{"line":3261,"column":16},"end":{"line":3261,"column":null}},"952":{"start":{"line":3262,"column":16},"end":{"line":3262,"column":null}},"953":{"start":{"line":3263,"column":23},"end":{"line":3267,"column":null}},"954":{"start":{"line":3268,"column":21},"end":{"line":3268,"column":null}},"955":{"start":{"line":3270,"column":18},"end":{"line":3274,"column":null}},"956":{"start":{"line":3276,"column":22},"end":{"line":3282,"column":null}},"957":{"start":{"line":3284,"column":2},"end":{"line":3301,"column":null}}},"fnMap":{"0":{"name":"safeStr","decl":{"start":{"line":21,"column":9},"end":{"line":21,"column":17}},"loc":{"start":{"line":21,"column":37},"end":{"line":31,"column":null}},"line":21},"1":{"name":"computeAdminReturnState","decl":{"start":{"line":44,"column":9},"end":{"line":44,"column":null}},"loc":{"start":{"line":50,"column":22},"end":{"line":117,"column":null}},"line":50},"2":{"name":"(anonymous_2)","decl":{"start":{"line":61,"column":21},"end":{"line":61,"column":22}},"loc":{"start":{"line":62,"column":4},"end":{"line":62,"column":null}},"line":62},"3":{"name":"(anonymous_3)","decl":{"start":{"line":62,"column":17},"end":{"line":62,"column":18}},"loc":{"start":{"line":62,"column":18},"end":{"line":62,"column":93}},"line":62},"4":{"name":"(anonymous_4)","decl":{"start":{"line":68,"column":13},"end":{"line":68,"column":14}},"loc":{"start":{"line":69,"column":5},"end":{"line":69,"column":null}},"line":69},"5":{"name":"(anonymous_5)","decl":{"start":{"line":70,"column":18},"end":{"line":70,"column":19}},"loc":{"start":{"line":71,"column":5},"end":{"line":71,"column":null}},"line":71},"6":{"name":"(anonymous_6)","decl":{"start":{"line":72,"column":18},"end":{"line":72,"column":19}},"loc":{"start":{"line":73,"column":5},"end":{"line":73,"column":null}},"line":73},"7":{"name":"(anonymous_7)","decl":{"start":{"line":74,"column":21},"end":{"line":74,"column":22}},"loc":{"start":{"line":75,"column":5},"end":{"line":75,"column":null}},"line":75},"8":{"name":"(anonymous_8)","decl":{"start":{"line":76,"column":16},"end":{"line":76,"column":17}},"loc":{"start":{"line":77,"column":5},"end":{"line":77,"column":null}},"line":77},"9":{"name":"(anonymous_9)","decl":{"start":{"line":78,"column":15},"end":{"line":78,"column":16}},"loc":{"start":{"line":79,"column":5},"end":{"line":79,"column":null}},"line":79},"10":{"name":"humanizeFyndSku","decl":{"start":{"line":119,"column":9},"end":{"line":119,"column":25}},"loc":{"start":{"line":119,"column":65},"end":{"line":126,"column":null}},"line":119},"11":{"name":"(anonymous_11)","decl":{"start":{"line":125,"column":28},"end":{"line":125,"column":29}},"loc":{"start":{"line":125,"column":35},"end":{"line":125,"column":50}},"line":125},"12":{"name":"formatAddress","decl":{"start":{"line":145,"column":9},"end":{"line":145,"column":23}},"loc":{"start":{"line":145,"column":79},"end":{"line":156,"column":null}},"line":145},"13":{"name":"formatMoney","decl":{"start":{"line":158,"column":9},"end":{"line":158,"column":21}},"loc":{"start":{"line":158,"column":114},"end":{"line":170,"column":null}},"line":158},"14":{"name":"(anonymous_14)","decl":{"start":{"line":172,"column":22},"end":{"line":172,"column":29}},"loc":{"start":{"line":172,"column":73},"end":{"line":758,"column":null}},"line":172},"15":{"name":"(anonymous_15)","decl":{"start":{"line":251,"column":33},"end":{"line":251,"column":34}},"loc":{"start":{"line":251,"column":34},"end":{"line":251,"column":85}},"line":251},"16":{"name":"(anonymous_16)","decl":{"start":{"line":363,"column":8},"end":{"line":363,"column":9}},"loc":{"start":{"line":363,"column":15},"end":{"line":363,"column":null}},"line":363},"17":{"name":"(anonymous_17)","decl":{"start":{"line":370,"column":66},"end":{"line":370,"column":72}},"loc":{"start":{"line":370,"column":72},"end":{"line":372,"column":7}},"line":370},"18":{"name":"(anonymous_18)","decl":{"start":{"line":373,"column":69},"end":{"line":373,"column":74}},"loc":{"start":{"line":373,"column":74},"end":{"line":373,"column":100}},"line":373},"19":{"name":"(anonymous_19)","decl":{"start":{"line":406,"column":55},"end":{"line":406,"column":56}},"loc":{"start":{"line":406,"column":62},"end":{"line":409,"column":15}},"line":406},"20":{"name":"(anonymous_20)","decl":{"start":{"line":409,"column":38},"end":{"line":409,"column":39}},"loc":{"start":{"line":409,"column":45},"end":{"line":412,"column":15}},"line":409},"21":{"name":"(anonymous_21)","decl":{"start":{"line":428,"column":48},"end":{"line":428,"column":54}},"loc":{"start":{"line":428,"column":54},"end":{"line":428,"column":174}},"line":428},"22":{"name":"(anonymous_22)","decl":{"start":{"line":429,"column":40},"end":{"line":429,"column":46}},"loc":{"start":{"line":429,"column":46},"end":{"line":429,"column":173}},"line":429},"23":{"name":"(anonymous_23)","decl":{"start":{"line":490,"column":12},"end":{"line":490,"column":13}},"loc":{"start":{"line":490,"column":19},"end":{"line":490,"column":null}},"line":490},"24":{"name":"(anonymous_24)","decl":{"start":{"line":501,"column":6},"end":{"line":501,"column":7}},"loc":{"start":{"line":501,"column":45},"end":{"line":501,"column":null}},"line":501},"25":{"name":"(anonymous_25)","decl":{"start":{"line":574,"column":70},"end":{"line":574,"column":71}},"loc":{"start":{"line":574,"column":77},"end":{"line":574,"column":97}},"line":574},"26":{"name":"(anonymous_26)","decl":{"start":{"line":586,"column":24},"end":{"line":586,"column":25}},"loc":{"start":{"line":586,"column":57},"end":{"line":587,"column":null}},"line":586},"27":{"name":"(anonymous_27)","decl":{"start":{"line":606,"column":81},"end":{"line":606,"column":87}},"loc":{"start":{"line":606,"column":87},"end":{"line":606,"column":91}},"line":606},"28":{"name":"(anonymous_28)","decl":{"start":{"line":607,"column":87},"end":{"line":607,"column":93}},"loc":{"start":{"line":607,"column":93},"end":{"line":607,"column":97}},"line":607},"29":{"name":"(anonymous_29)","decl":{"start":{"line":647,"column":74},"end":{"line":647,"column":75}},"loc":{"start":{"line":647,"column":81},"end":{"line":649,"column":13}},"line":647},"30":{"name":"(anonymous_30)","decl":{"start":{"line":649,"column":21},"end":{"line":649,"column":27}},"loc":{"start":{"line":649,"column":27},"end":{"line":649,"column":29}},"line":649},"31":{"name":"(anonymous_31)","decl":{"start":{"line":654,"column":72},"end":{"line":654,"column":73}},"loc":{"start":{"line":654,"column":79},"end":{"line":656,"column":13}},"line":654},"32":{"name":"(anonymous_32)","decl":{"start":{"line":656,"column":21},"end":{"line":656,"column":27}},"loc":{"start":{"line":656,"column":27},"end":{"line":656,"column":29}},"line":656},"33":{"name":"(anonymous_33)","decl":{"start":{"line":687,"column":7},"end":{"line":687,"column":19}},"loc":{"start":{"line":687,"column":19},"end":{"line":699,"column":9}},"line":687},"34":{"name":"(anonymous_34)","decl":{"start":{"line":695,"column":67},"end":{"line":695,"column":68}},"loc":{"start":{"line":695,"column":75},"end":{"line":695,"column":108}},"line":695},"35":{"name":"(anonymous_35)","decl":{"start":{"line":747,"column":37},"end":{"line":747,"column":43}},"loc":{"start":{"line":747,"column":43},"end":{"line":750,"column":9}},"line":747},"36":{"name":"ReturnDetail","decl":{"start":{"line":760,"column":24},"end":{"line":760,"column":39}},"loc":{"start":{"line":760,"column":39},"end":{"line":3255,"column":null}},"line":760},"37":{"name":"(anonymous_37)","decl":{"start":{"line":812,"column":34},"end":{"line":812,"column":40}},"loc":{"start":{"line":812,"column":40},"end":{"line":817,"column":5}},"line":812},"38":{"name":"(anonymous_38)","decl":{"start":{"line":813,"column":43},"end":{"line":813,"column":44}},"loc":{"start":{"line":813,"column":56},"end":{"line":816,"column":7}},"line":813},"39":{"name":"(anonymous_39)","decl":{"start":{"line":821,"column":26},"end":{"line":821,"column":32}},"loc":{"start":{"line":821,"column":32},"end":{"line":840,"column":5}},"line":821},"40":{"name":"(anonymous_40)","decl":{"start":{"line":850,"column":12},"end":{"line":850,"column":18}},"loc":{"start":{"line":850,"column":18},"end":{"line":865,"column":5}},"line":850},"41":{"name":"(anonymous_41)","decl":{"start":{"line":852,"column":27},"end":{"line":852,"column":33}},"loc":{"start":{"line":852,"column":33},"end":{"line":862,"column":9}},"line":852},"42":{"name":"(anonymous_42)","decl":{"start":{"line":853,"column":24},"end":{"line":853,"column":25}},"loc":{"start":{"line":853,"column":34},"end":{"line":861,"column":11}},"line":853},"43":{"name":"(anonymous_43)","decl":{"start":{"line":863,"column":13},"end":{"line":863,"column":19}},"loc":{"start":{"line":863,"column":19},"end":{"line":863,"column":null}},"line":863},"44":{"name":"(anonymous_44)","decl":{"start":{"line":911,"column":12},"end":{"line":911,"column":18}},"loc":{"start":{"line":911,"column":18},"end":{"line":920,"column":5}},"line":911},"45":{"name":"(anonymous_45)","decl":{"start":{"line":915,"column":25},"end":{"line":915,"column":31}},"loc":{"start":{"line":915,"column":31},"end":{"line":918,"column":7}},"line":915},"46":{"name":"(anonymous_46)","decl":{"start":{"line":916,"column":19},"end":{"line":91
[...]
33:2020:39":84,"s:2020:39:2020:Infinity":769,"b:2050:13:2050:Infinity:2051:14:2075:Infinity":720,"f:2051:58:2051:64":85,"s:2051:64:2051:Infinity":770,"f:2052:52:2052:53":86,"s:2052:59:2052:80":771,"b:2057:31:2057:62:2057:62:2057:66":721,"f:2064:51:2064:57":87,"s:2064:57:2064:91":772,"f:2067:107:2067:113":88,"s:2067:113:2067:Infinity":773,"b:2079:13:2079:40:2079:40:2079:Infinity:2080:14:2087:Infinity":722,"b:2094:17:2094:Infinity:2095:18:2173:Infinity":723,"f:2099:22:2099:28":89,"s:2100:28:2100:Infinity":774,"b:2100:46:2100:75:2100:75:2100:79":724,"s:2101:43:2101:Infinity":775,"b:2101:60:2101:81:2101:81:2101:Infinity":725,"s:2102:22:2105:Infinity":776,"f:2103:111:2103:117":90,"s:2103:117:2103:144":777,"b:2108:21:2108:Infinity:2109:22:2154:Infinity":726,"f:2109:66:2109:72":91,"s:2109:72:2109:Infinity":778,"f:2110:60:2110:61":92,"s:2110:67:2110:88":779,"b:2111:125:2111:146:2111:146:2111:163":727,"b:2111:61:2111:90:2111:90:2111:94":728,"b:2114:64:2114:95:2114:95:2114:100":729,"f:2124:48:2124:49":93,"s:2125:34:2139:Infinity":780,"b:2128:87:2128:96:2128:96:2128:Infinity":730,"b:2129:83:2129:113:2129:113:2129:Infinity":731,"f:2132:113:2132:119":94,"s:2132:119:2132:157":781,"b:2134:131:2134:143:2134:143:2134:153":732,"f:2145:81:2145:87":95,"s:2145:87:2145:115":782,"b:2149:60:2149:78:2149:78:2149:Infinity":733,"b:2157:22:2159:Infinity:2161:22:2171:Infinity":734,"f:2157:111:2157:117":96,"s:2157:117:2157:142":783,"b:2158:90:2158:110:2158:110:2158:Infinity":735,"b:2158:26:2158:55:2158:55:2158:59":736,"f:2163:65:2163:66":97,"s:2163:72:2163:105":784,"b:2167:82:2167:110:2167:110:2167:132":737,"f:2169:79:2169:85":98,"s:2169:87:2169:113":785,"s:2169:113:2169:134":786,"b:2175:18:2175:32:2175:32:2175:48:2175:48:2175:63:2175:63:2175:83:2175:64:2495:Infinity":738,"f:2175:83:2175:89":99,"s:2176:43:2176:Infinity":787,"b:2176:46:2176:72:2176:72:2176:101:2176:101:2176:Infinity":739,"s:2177:45:2177:Infinity":788,"b:2177:45:2177:77:2177:77:2177:Infinity":740,"s:2178:24:2178:Infinity":789,"b:2178:50:2178:71:2178:71:2178:75":741,"s:2179:44:2181:Infinity":790,"b:2179:44:2179:Infinity:2180:23:2180:Infinity:2181:24:2181:51:2181:51:2181:Infinity":742,"s:2182:42:2184:Infinity":791,"b:2183:22:2183:Infinity:2184:22:2184:Infinity":743,"b:2182:42:2182:62:2182:62:2182:Infinity":744,"s:2185:18:2493:Infinity":792,"b:2187:21:2187:Infinity:2188:22:2201:Infinity":745,"b:2194:26:2194:Infinity:2196:26:2196:Infinity":746,"b:2198:25:2198:44:2198:44:2198:Infinity:2199:26:2199:Infinity":747,"b:2203:72:2203:100:2203:100:2203:119":748,"f:2203:128:2203:134":100,"s:2203:134:2203:162":793,"b:2206:21:2206:Infinity:2207:22:2491:Infinity":749,"f:2207:66:2207:72":101,"b:2207:74:2207:129:undefined:undefined:undefined:undefined":750,"s:2207:74:2207:129":794,"s:2207:100:2207:129":795,"f:2208:60:2208:61":102,"s:2208:67:2208:88":796,"b:2212:56:2212:87:2212:87:2212:91":751,"b:2216:29:2216:Infinity:2217:30:2222:Infinity":752,"b:2231:31:2231:Infinity:2232:32:2235:Infinity":753,"b:2239:110:2239:143:2239:143:2239:191":754,"b:2241:102:2241:135:2241:135:2241:186":755,"f:2242:39:2242:40":103,"s:2243:34:2262:Infinity":797,"b:2245:59:2245:75:2245:75:2245:Infinity":756,"b:2247:60:2247:67:2247:67:2247:Infinity":757,"b:2248:82:2248:91:2248:91:2248:Infinity":758,"b:2249:78:2249:108:2249:108:2249:Infinity":759,"f:2252:132:2252:138":104,"s:2252:138:2252:188":798,"b:2252:138:2252:155:2252:155:2252:188":760,"b:2254:126:2254:138:2254:138:2254:149":761,"b:2256:41:2256:73:2256:73:2256:Infinity:2257:42:2257:Infinity":762,"b:2265:31:2265:Infinity:2266:32:2370:Infinity":763,"f:2273:47:2273:53":105,"s:2273:53:2273:Infinity":799,"b:2276:81:2276:93:2276:93:2276:Infinity":764,"b:2277:76:2277:85:2277:85:2277:Infinity":765,"f:2285:47:2285:53":106,"s:2286:40:2286:Infinity":800,"s:2287:51:2287:Infinity":801,"s:2288:53:2288:Infinity":802,"s:2289:40:2289:Infinity":803,"s:2290:40:2290:Infinity":804,"b:2290:71:2290:89:2290:89:2290:95":766,"b:2294:77:2294:89:2294:89:2294:Infinity":767,"b:2295:72:2295:81:2295:81:2295:Infinity":768,"b:2303:36:2315:Infinity:2317:36:2368:Infinity":769,"f:2312:50:2312:51":107,"s:2312:57:2312:Infinity":805,"f:2327:54:2327:55":108,"s:2328:56:2328:Infinity":806,"s:2329:46:2329:Infinity":807,"s:2330:57:2330:Infinity":808,"b:2330:57:2330:74:2330:74:2330:Infinity":770,"s:2331:64:2331:Infinity":809,"s:2332:46:2332:Infinity":810,"b:2332:82:2332:105:2332:105:2332:111":771,"f:2345:54:2345:55":109,"s:2346:56:2346:Infinity":811,"s:2347:46:2347:Infinity":812,"s:2348:59:2348:Infinity":813,"b:2348:59:2348:76:2348:76:2348:Infinity":772,"s:2349:64:2349:Infinity":814,"s:2350:46:2350:Infinity":815,"b:2350:80:2350:103:2350:103:2350:109":773,"f:2356:40:2356:46":110,"s:2357:46:2357:Infinity":816,"b:2357:53:2357:82:2357:82:2357:88":774,"b:2357:88:2357:119:2357:119:2357:Infinity":775,"s:2358:53:2358:Infinity":817,"b:2359:40:2365:Infinity:undefined:undefined:undefined:undefined":776,"s:2359:40:2365:Infinity":818,"s:2360:42:2363:Infinity":819,"s:2366:40:2366:Infinity":820,"b:2372:31:2372:Infinity:2373:32:2375:Infinity":777,"b:2380:29:2380:52:2380:52:2380:92:2380:92:2380:126:2380:114:2416:Infinity":778,"f:2380:126:2380:132":111,"b:2381:30:2381:Infinity:undefined:undefined:undefined:undefined":779,"s:2381:30:2381:Infinity":821,"s:2381:56:2381:Infinity":822,"s:2382:47:2382:Infinity":823,"s:2383:48:2387:Infinity":824,"b:2384:35:2386:Infinity:2387:34:2387:Infinity":780,"b:2385:37:2385:Infinity:2386:36:2386:Infinity":781,"b:2385:37:2385:66:2385:66:2385:Infinity":782,"s:2388:53:2392:Infinity":825,"b:2389:35:2391:Infinity:2392:34:2392:Infinity":783,"b:2390:36:2390:Infinity:2391:36:2391:Infinity":784,"s:2393:50:2393:Infinity":826,"s:2394:30:2414:Infinity":827,"b:2419:29:2419:47:2419:47:2419:Infinity:2420:30:2454:Infinity":785,"b:2425:33:2425:Infinity:2426:34:2431:Infinity":786,"b:2428:37:2428:Infinity:2429:38:2429:Infinity":787,"b:2434:34:2439:Infinity:2441:34:2452:Infinity":788,"f:2443:46:2443:47":112,"s:2443:53:2443:Infinity":828,"f:2447:58:2447:59":113,"s:2447:65:2447:75":829,"f:2447:81:2447:82":114,"s:2448:38:2450:Infinity":830,"b:2449:86:2449:108:2449:108:2449:Infinity":789,"f:2460:81:2460:87":115,"s:2460:87:2460:116":831,"b:2464:60:2464:68:2464:68:2466:Infinity":790,"b:2465:37:2465:Infinity:2466:37:2466:Infinity":791,"b:2465:37:2465:62:2465:62:2465:86:2465:86:2465:Infinity":792,"b:2466:37:2466:59:2466:59:2466:Infinity":793,"b:2468:79:2468:101:2468:101:2468:Infinity":794,"b:2469:74:2469:86:2469:86:2469:Infinity":795,"b:2470:105:2470:139:2470:139:2470:Infinity":796,"b:2470:47:2470:79:2470:79:2470:105":797,"b:2470:105:2470:134:2470:134:2470:139":798,"b:2471:107:2471:143:2471:143:2471:Infinity":799,"b:2471:49:2471:81:2471:81:2471:107":800,"b:2471:107:2471:138:2471:138:2471:143":801,"b:2472:131:2474:36:2474:36:2474:Infinity":802,"b:2472:36:2472:59:2472:59:2472:99:2472:99:2472:131":803,"b:2473:69:2473:136:2473:136:2473:Infinity":804,"b:2478:34:2481:Infinity:2483:34:2485:Infinity":805,"b:2483:69:2483:Infinity:2484:34:2485:Infinity":806,"b:2484:73:2484:Infinity:2485:34:2485:Infinity":807,"b:2496:18:2496:32:2496:32:2496:48:2496:48:2496:63:2496:63:2496:Infinity:2497:18:2499:Infinity":808,"b:2498:81:2498:112:2498:112:2498:117":809,"b:2501:18:2501:32:2501:32:2501:48:2501:48:2501:95:2501:95:2501:126:2501:126:2501:Infinity:2502:18:2552:Infinity":810,"b:2506:32:2506:60:2506:60:2506:Infinity":811,"f:2507:31:2507:37":116,"s:2507:37:2507:Infinity":832,"b:2507:37:2507:66:2507:66:2507:Infinity":812,"b:2512:21:2512:Infinity:2513:22:2515:Infinity":813,"b:2517:21:2517:Infinity:2518:22:2550:Infinity":814,"f:2518:66:2518:72":117,"s:2518:72:2518:Infinity":833,"f:2519:60:2519:61":118,"s:2519:67:2519:88":834,"b:2523:116:2523:147:2523:147:2523:152":815,"b:2528:29:2528:Infinity:2529:30:2531:Infinity":816,"f:2536:81:2536:87":119,"s:2536:87:2536:121":835,"b:2541:34:2544:Infinity:2545:36:2545:Infinity":817,"b:2554:18:2554:32:2554:32:2554:48:2554:48:2554:92:2554:92:2554:123:2554:123:2554:Infinity:2555:18:2611:Infinity":818,"b:2559:32:2559:60:2559:60:2559:Infinity":819,"f:2560:31:2560:37":120,"s:2560:37:2560:Infinity":836,"b:2560:37:2560:63:2560:63:2560:Infinity":820,"b:2565:21:2565:Infinity:2566:22:2568:Infinity":821,"b:2570:21:2570:Infinity:2571:22:2609:Infinity":822,"f:2571:66:2571:72":121,"s:2571:72:2571:Infinity":837,"f:2572:60:2572:61":122,"s:2572:67:2572:88":838,"b:2576:102:2576:133:2576:133:2576:138":823,"b:2578:30:2578:Infinity:2579:30:2582:Infinity":824,"b:2587:29:2587:Infinity:2588:30:2590:Infinity":825,"f:2595:81:2595:87":123,"s:2595:87:2595:118":839,"b:2600:34:2603:Infinity:2604:36:2604:Infinity":826,"b:2613:17:2613:48:2613:28:2732:Infinity":827,"f:2613:48:2613:54":124,"s:2614:40:2614:Infinity":840,"s:2617:37:2617:Infinity":841,"s:2618:38:2620:Infinity":842,"s:2621:36:2621:Infinity":843,"b:2621:49:2621:66:2621:66:2621:Infinity":828,"s:2622:35:2622:Infinity":844,"s:2628:58:2628:Infinity":845,"s:2629:18:2631:Infinity":846,"b:2630:20:2630:Infinity:undefined:undefined:undefined:undefined":829,"s:2630:20:2630:Infinity":847,"s:2630:54:2630:Infinity":848,"s:2643:62:2643:Infinity":849,"s:2644:33:2644:Infinity":850,"b:2644:68:2644:88:2644:88:2644:Infinity":830,"s:2645:18:2653:Infinity":851,"s:2645:31:2645:50":852,"s:2646:31:2646:Infinity":853,"b:2647:20:2647:Infinity:undefined:undefined:undefined:undefined":831,"s:2647:20:2647:Infinity":854,"b:2647:24:2647:32:2647:32:2647:71:2647:71:2647:112":832,"s:2647:112:2647:Infinity":855,"b:2648:20:2648:Infinity:undefined:undefined:undefined:undefined":833,"s:2648:20:2648:Infinity":856,"s:2648:41:2648:Infinity":857,"s:2649:20:2652:Infinity":858,"s:2650:22:2650:Infinity":859,"s:2651:22:2651:Infinity":860,"s:2655:31:2655:Infinity":861,"s:2656:36:2656:Infinity":862,"b:2656:84:2656:112:2656:112:2656:Infinity":834,"s:2657:35:2657:Infinity":863,"b:2657:35:2657:63:2657:63:2657:86:2657:86:2657:Infinity":835,"s:2658:37:2658:Infinity":864,"b:2658:37:2658:67:2658:67:2658:Infinity":836,"s:2660:40:2664:Infinity":865,"b:2661:22:2661:Infinity:2662:22:2664:Infinity":837,"b:2663:24:2663:Infinity:2664:24:2664:Infinity":838,"s:2665:35:2665:Infinity":866,"b:2665:48:2665:64:2665:64:2665:Infinity":839,"s:2666:34:2666:Infinity":867,"b:2666:63:2666:75:2666:75:2666:Infinity":840,"s:2667:38:2667:Infinity":868,"b:2667:67:2667:79:2667:79:2667:Infinity":841,"s:2668:36:2668:Infinity":869,"b:2668:65:2668:77:2668:77:2668:Infinity":842,"s:2670:18:2730:Infinity":870,"b:2675:31:2675:Infinity:2676:31:2676:Infinity":843,"b:2682:25:2682:Infinity:2683:26:2686:Infinity":844,"b:2688:25:2688:46:2688:46:2688:Infinity:2689:26:2694:Infinity":845,"b:2690:80:2690:98:2690:98:2690:121":846,"b:2696:25:2696:61:2696:61:2696:96:2696:96:2696:Infinity:2697:26:2699:Infinity":847,"b:2701:25:2701:61:2701:61:2701:Infinity:2702:26:2704:Infinity":848,"b:2706:25:2706:Infinity:2707:26:2709:Infinity":849,"b:2708:85:2708:91:2708:91:2708:Infinity":850,"b:2715:102:2715:114:2715:114:2715:125":851,"b:2719:25:2719:Infinity:2720:26:2727:Infinity":852,"b:2733:17:2733:Infinity:2734:18:2780:Infinity":853,"f:2735:109:2735:115":125,"s:2735:115:2735:141":871,"b:2738:21:2738:Infinity:2739:22:2778:Infinity":854,"f:2739:66:2739:72":126,"s:2739:72:2739:Infinity":872,"f:2740:60:2740:61":127,"s:2740:67:2740:88":873,"b:2744:68:2744:99:2744:99:2744:104":855,"f:2748:69:2748:70":128,"s:2748:76:2748:109":874,"f:2757:90:2757:91":129,"s:2757:97:2757:132":875,"f:2761:91:2761:92":130,"s:2761:98:2761:134":876,"f:2769:81:2769:87":131,"s:2769:87:2769:114":877,"b:2773:60:2773:78:2773:78:2773:Infinity":856,"b:2782:17:2782:32:2782:17:2833:Infinity":857,"f:2782:32:2782:38":132,"s:2783:206:2783:Infinity":878,"s:2784:18:2787:Infinity":879,"s:2785:33:2785:Infinity":880,"b:2786:20:2786:Infinity:undefined:undefined:undefined:undefined":858,"s:2786:20:2786:Infinity":881,"s:2786:29:2786:Infinity":882,"s:2788:45:2788:Infinity":883,"s:2789:39:2789:Infinity":884,"b:2789:39:2789:72:2789:72:2789:Infinity":859,"s:2790:18:2831:Infinity":885,"b:2792:110:2792:115:2792:115:2792:117":860,"b:2796:23:2796:Infinity:2797:24:2829:Infinity":861,"b:2798:27:2798:Infinity:2799:28:2804:Infinity":862,"b:2802:64:2802:87:2802:87:2802:101":863,"b:2806:27:2806:43:2806:43:2806:Infinity:2807:28:2810:Infinity":864,"b:2812:27:2812:Infinity:2813:28:2816:Infinity":865,"b:2815:90:2815:104:2815:104:2815:110":866,"b:2818:27:2818:Infinity:2819:28:2822:Infinity":867,"b:2821:98:2821:108:2821:108:2821:245":868,"b:2821:147:2821:156:2821:156:2821:245":869,"b:2821:204:2821:227:2821:227:2821:245":870,"b:2824:27:2824:Infinity:2825:28:2827:Infinity":871,"b:2842:73:2842:104:2842:104:2842:108":872,"b:2854:21:2854:Infinity:2855:22:2855:Infinity":873,"b:2864:26:2869:94:2869:94:2869:Infinity":874,"b:2871:24:2871:53:2871:53:2871:63":875,"b:2874:19:2874:64:2874:64:2874:Infinity:2875:20:2878:Infinity":876,"b:2885:78:2885:90:2885:90:2885:138":877,"b:2885:116:2885:128:2885:128:2885:138":878,"b:2886:23:2886:50:2886:50:2886:Infinity":879,"b:2890:120:2890:134:2890:134:2890:140":880,"b:2891:125:2891:139:2891:139:2891:145":881,"b:2892:18:2892:39:2892:39:2892:Infinity:2893:18:2896:Infinity":882,"b:2894:21:2894:42:2894:42:2894:Infinity":883,"b:2895:21:2895:41:2895:41:2895:Infinity":884,"b:2902:13:2902:Infinity:2903:14:2937:Infinity":885,"b:2905:55:2905:67:2905:67:2905:Infinity":886,"b:2906:51:2906:73:2906:73:2906:Infinity":887,"b:2910:19:2910:Infinity:2911:20:2913:Infinity":888,"b:2916:78:2916:90:2916:90:2916:101":889,"b:2917:86:2917:97:2917:97:2917:107":890,"b:2919:17:2919:Infinity:2920:18:2922:Infinity":891,"b:2924:17:2924:Infinity:2925:18:2935:Infinity":892,"f:2926:59:2926:60":133,"s:2927:24:2933:Infinity":886,"b:2928:61:2928:85:2928:85:2928:117":893,"b:2930:102:2930:116:2930:116:2930:122":894,"f:2941:14:2941:20":134,"s:2942:29:2942:Infinity":887,"b:2942:29:2942:52:2942:52:2942:Infinity":895,"s:2943:30:2943:Infinity":888,"b:2943:30:2943:90:2943:90:2943:Infinity":896,"s:2944:28:2946:Infinity":889,"b:2944:28:2944:Infinity:2945:19:2945:Infinity:2946:20:2946:Infinity":897,"b:2946:52:2946:160:2946:160:2946:Infinity":898,"s:2947:28:2947:Infinity":890,"b:2947:28:2947:55:2947:55:2947:Infinity":899,"s:2948:31:2948:Infinity":891,"b:2948:31:2948:61:2948:61:2948:Infinity":900,"s:2949:32:2949:Infinity":892,"s:2950:32:2950:Infinity":893,"s:2951:32:2951:Infinity":894,"s:2952:27:2952:Infinity":895,"s:2953:32:2953:Infinity":896,"s:2954:37:2954:Infinity":897,"b:2954:40:2954:53:2954:53:2954:Infinity":901,"s:2955:29:2955:Infinity":898,"b:2955:32:2955:42:2955:42:2955:52:2955:52:2955:61:2955:61:2955:Infinity":902,"s:2956:14:3057:Infinity":899,"b:2958:127:2958:132:2958:132:2958:134":903,"b:2960:21:2960:Infinity:2961:22:2963:Infinity":904,"b:2961:128:2961:140:2961:140:2961:151":905,"b:2961:185:2961:197:2961:197:2961:208":906,"b:2967:20:2967:Infinity:2969:20:3005:Infinity":907,"b:2970:23:2970:Infinity:2971:24:2974:Infinity":908,"b:2976:23:2976:Infinity:2977:24:2980:Infinity":909,"b:2982:23:2982:Infinity:2983:24:2986:Infinity":910,"b:2988:24:2988:33:2988:33:2988:Infinity:2989:24:2992:Infinity":911,"b:2994:23:2994:Infinity:2995:24:3003:Infinity":912,"b:2999:30:2999:39:2999:39:2999:52:2999:52:2999:61:2999:61:2999:Infinity":913,"b:3000:29:3000:41:3000:41:3000:Infinity":914,"b:3001:29:3001:42:3001:42:3001:Infinity":915,"b:3007:19:3007:37:3007:37:3007:64:3007:64:3007:91:3007:91:3007:Infinity:3008:20:3013:Infinity":916,"b:3011:25:3011:52:3011:52:3011:Infinity":917,"f:3017:51:3017:57":135,"s:3017:57:3017:86":900,"f:3017:76:3017:81":136,"s:3017:81:3017:83":901,"b:3018:41:3018:52:3018:52:3018:Infinity":918,"b:3020:21:3020:Infinity:3021:22:3054:Infinity":919,"f:3021:135:3021:141":137,"s:3021:141:3021:Infinity":902,"b:3026:85:3026:98:3026:98:3026:102":920,"b:3030:85:3030:98:3030:98:3030:102":921,"b:3034:81:3034:108:3034:108:3034:112":922,"b:3038:85:3038:98:3038:98:3038:102":923,"b:3042:80:3042:88:3042:88:3042:92":924,"b:3046:84:3046:114:3046:114:3046:118":925,"b:3051:83:3051:96:3051:96:3051:100":926,"b:3062:14:3062:73:3062:56:3084:Infinity":927,"f:3062:73:3062:79":138,"s:3063:25:3063:Infinity":903,"s:3064:14:3082:Infinity":904,"b:3071:21:3071:45:3071:45:3071:Infinity":928,"b:3072:21:3072:46:3072:46:3072:Infinity":929,"b:3073:21:3073:Infinity:3074:22:3076:Infinity":930,"f:3087:14:3087:20":139,"s:3088:26:3088:Infinity":905,"s:3089:26:3089:Infinity":906,"b:3090:14:3090:Infinity:undefined:undefined:undefined:undefined":931,"s:3090:14:3090:Infinity":907,"b:3090:18:3090:25:3090:25:3090:41:3090:41:3090:53":932,"s:3090:53:3090:Infinity":908,"s:3091:29:3093:Infinity":909,"b:3091:49:3091:Infinity:3092:18:3093:Infinity":933,"b:3092:34:3092:Infinity:3093:18:3093:Infinity":934,"s:3094:14:3109:Infinity":910,"f:3114:14:3114:20":140,"s:3115:25:3115:Infinity":911,"s:3116:30:3116:Infinity":912,"s:3117:28:3117:Infinity":913,"s:3118:31:3118:Infinity":914,"s:3119:31:3119:Infinity":915,"b:3120:14:3120:Infinity:undefined:undefined:undefined:undefined":935,"s:3120:14:3120:Infinity":916,"b:3120:18:3120:30:3120:30:3120:40:3120:40:3120:53:3120:53:3120:64":936,"s:3120:64:3120:Infinity":917,"s:3121:83:3125:Infinity":918,"s:3126:25:3126:Infinity":919,"b:3126:25:3126:57:3126:57:3126:Infinity":937,"b:3126:39:3126:50:3126:50:3126:52":938,"s:3127:14:3159:Infinity":920,"b:3131:21:3131:Infinity:3132:22:3134:Infinity":939,"b:3138:21:3138:Infinity:3139:22:3142:Infinity":940,"b:3144:21:3144:Infinity:3145:22:3148:Infinity":941,"b:3150:21:3150:Infinity:3151:22:3156:Infinity":942,"b:3166:15:3166:Infinity:3167:16:3172:Infinity":943,"b:3170:22:3170:50:3170:50:3170:54":944,"f:3174:16:3174:22":141,"s:3175:35:3175:Infinity":921,"b:3176:16:3176:Infinity:undefined:undefined:undefined:undefined":945,"s:3176:16:3176:Infinity":922,"s:3176:32:3176:Infinity":923,"s:3177:91:3177:Infinity":924,"s:3178:16:3178:Infinity":925,"s:3178:22:3178:53":926,"s:3178:63:3178:76":927,"b:3179:16:3179:Infinity:undefined:undefined:undefined:undefined":946,"s:3179:16:3179:Infinity":928,"b:3179:20:3179:45:3179:45:3179:65":947,"s:3179:65:3179:Infinity":929,"s:3181:36:3197:Infinity":930,"f:3181:36:3181:37":142,"s:3182:18:3196:Infinity":931,"b:3183:20:3193:Infinity:3191:27:3193:Infinity":948,"s:3183:20:3193:Infinity":932,"s:3184:44:3184:Infinity":933,"s:3185:35:3185:Infinity":934,"b:3185:35:3185:47:3185:47:3185:84:3185:84:3185:Infinity":949,"s:3186:36:3186:Infinity":935,"s:3187:34:3187:Infinity":936,"s:3188:22:3188:Infinity":937,"s:3188:35:3188:38":938,"s:3188:61:3188:Infinity":939,"s:3189:35:3189:Infinity":940,"s:3190:22:3190:Infinity":941,"s:3192:22:3192:Infinity":942,"s:3195:20:3195:Infinity":943,"s:3198:16:3233:Infinity":944,"f:3202:33:3202:34":143,"s:3203:40:3203:Infinity":945,"s:3204:24:3229:Infinity":946,"f:3208:37:3208:43":144,"s:3208:43:3208:Infinity":947,"b:3208:43:3208:56:3208:56:3208:Infinity":950,"b:3209:38:3209:48:3209:48:3209:67":951,"b:3213:30:3218:Infinity:3220:30:3224:Infinity":952,"b:3222:37:3222:47:3222:47:3222:Infinity":953,"b:3227:31:3227:41:3227:41:3227:Infinity":954,"b:3239:52:3239:77:3239:77:3239:81":955,"b:3246:65:3246:137:3246:137:3246:141":956,"f:3257:16:3257:32":145,"s:3258:8:3258:Infinity":948,"s:3259:8:3259:Infinity":949,"s:3260:16:3260:Infinity":950,"b:3260:16:3260:30:3260:30:3260:Infinity":957,"s:3261:16:3261:Infinity":951,"b:3261:16:3261:30:3261:30:3261:Infinity":958,"s:3262:16:3262:Infinity":952,"b:3262:16:3262:30:3262:30:3262:Infinity":959,"s:3263:23:3267:Infinity":953,"b:3264:7:3264:Infinity:3265:6:3267:Infinity":960,"b:3264:7:3264:21:3264:21:3264:Infinity":961,"b:3266:8:3266:Infinity:3267:8:3267:Infinity":962,"s:3268:21:3268:Infinity":954,"b:3268:46:3268:60:3268:60:3268:Infinity":963,"s:3270:18:3274:Infinity":955,"b:3271:6:3271:Infinity:3272:6:3274:Infinity":964,"b:3273:8:3273:Infinity:3274:8:3274:Infinity":965,"s:3276:22:3282:Infinity":956,"b:3277:6:3277:Infinity:3278:6:3282:Infinity":966,"b:3279:8:3279:Infinity:3280:8:3282:Infinity":967,"b:3279:43:3279:58:3279:58:3279:Infinity":968,"b:3281:10:3281:Infinity:3282:10:3282:Infinity":969,"s:3284:2:3301:Infinity":957,"b:3288:9:3288:19:3288:19:3288:29:3288:29:3288:Infinity:3289:10:3295:Infinity":970,"b:3292:50:3292:65:3292:65:3292:Infinity":971,"b:3293:28:3293:50:3293:50:3293:Infinity":972}}}
}
